Logging to: es_robust_20260526_102856.log

============================================================
🛡️  ES ROBUST BOT — SCALP ROBUST MODE
   • 10 contract(s) max
   • MACD momentum filter
   • 5m trend alignment filter
   • Session low short filter
   • Trailing stop enabled
   • SL: ~8 pts | TP: ~12 pts | Trail activates: +6 pts
   • Session: 8:30–12:00 CT only
   • Client ID: 11
============================================================
✓ Connected to IBKR (paper) - clientId=11
✓ Front-month contract: ESM6 expiry=20260618

============================================================
Loading historical data for indicator warm-up...
============================================================
→ Fetching historical bars (1 D, 1 min)...
✓ Loaded 2129 historical bars

Processing 2129 historical bars...
  📊 5m warmup: 425 bars built | trend: strong_bullish | buffer: 4 bar(s) carried over

Indicators ready!
  Bars loaded: 2129
  Last price: 7548.50
  Trend: strong_bullish
  RSI: 50.7
  ATR: 2.52
  MACD: 1.95 / Signal: 2.20
  MA: 7548.68 / 7543.62 / 7541.89
  5m Trend: strong_bullish

------------------------------------------------------------
Account Value: $1,041,475.08
Buying Power: $4,154,383.65
Current Position: 0 contracts
------------------------------------------------------------

============================================================
Starting live 1-minute bar stream...
Strategy is now ACTIVE (client ID: 11)
============================================================

→ Subscribed to 5-second real-time bars (aggregating to 1 min)

[2026-05-26 09:28] O:7548.50 H:7548.75 L:7548.25 C:7548.75 V:565.0
  📈 Trend: sideways (raw: strong_bullish) | 🌍 Regime: trending_bullish
  🗺️  Grid: 0.080% | 🔺 7551.00 🔻 7548.00
  📡 RSI: 56.9 | MACD: 1.74 (prev: 1.95) | ATR: 2.38
  📊 Filled: 0 | Pending: 0 | 5m: strong_bullish
  🚫 5m trend mismatch: 1m=sideways vs 5m=strong_bullish
  💰 Daily P&L: $+0.00

[2026-05-26 09:29] O:7548.75 H:7549.75 L:7546.75 C:7549.75 V:2826.0
  📈 Trend: strong_bullish | 🌍 Regime: trending_bullish
  🗺️  Grid: 0.080% | 🔺 7548.75 🔻 7548.25
  📡 RSI: 58.2 | MACD: 1.64 (prev: 1.74) | ATR: 2.46
  📊 Filled: 0 | Pending: 0 | 5m: strong_bullish
  💰 Daily P&L: $+0.00

[2026-05-26 09:30] O:7549.50 H:7551.75 L:7549.00 C:7550.25 V:2811.0
  📈 Trend: strong_bullish | 🌍 Regime: trending_bullish
  🗺️  Grid: 0.080% | 🔺 7549.75 🔻 7546.75
  📡 RSI: 60.3 | MACD: 1.58 (prev: 1.64) | ATR: 2.52
  📊 Filled: 0 | Pending: 0 | 5m: strong_bullish
  💰 Daily P&L: $+0.00

[2026-05-26 09:31] O:7550.00 H:7550.75 L:7548.25 C:7549.00 V:1647.0
  📈 Trend: strong_bullish | 🌍 Regime: trending_bullish
  🗺️  Grid: 0.080% | 🔺 7551.75 🔻 7549.00
  📡 RSI: 48.4 | MACD: 1.41 (prev: 1.58) | ATR: 2.46
  📊 Filled: 0 | Pending: 0 | 5m: strong_bullish
  💰 Daily P&L: $+0.00

[2026-05-26 09:32] O:7549.00 H:7550.25 L:7547.25 C:7549.50 V:4006.0
  📈 Trend: strong_bullish | 🌍 Regime: trending_bullish
  🗺️  Grid: 0.080% | 🔺 7550.75 🔻 7548.25
  📡 RSI: 49.2 | MACD: 1.31 (prev: 1.41) | ATR: 2.55
  📊 Filled: 0 | Pending: 0 | 5m: strong_bullish
  💰 Daily P&L: $+0.00

[2026-05-26 09:33] O:7549.50 H:7550.25 L:7547.50 C:7548.75 V:2258.0
  📈 Trend: strong_bullish | 🌍 Regime: trending_bullish
  🗺️  Grid: 0.080% | 🔺 7550.25 🔻 7547.25
  📡 RSI: 42.6 | MACD: 1.15 (prev: 1.31) | ATR: 2.54
  📊 Filled: 0 | Pending: 0 | 5m: strong_bullish
  💰 Daily P&L: $+0.00

[2026-05-26 09:34] O:7548.75 H:7549.50 L:7547.50 C:7548.00 V:2417.0
  📈 Trend: strong_bullish | 🌍 Regime: trending_bullish
  🗺️  Grid: 0.080% | 🔺 7550.25 🔻 7547.50
  📡 RSI: 44.1 | MACD: 0.96 (prev: 1.15) | ATR: 2.45
  📊 Filled: 0 | Pending: 0 | 5m: strong_bullish
  💰 Daily P&L: $+0.00

[2026-05-26 09:35] O:7547.75 H:7553.75 L:7547.50 C:7553.50 V:4197.0
  📈 Trend: strong_bullish | 🌍 Regime: trending_bullish
  🗺️  Grid: 0.080% | 🔺 7549.50 🔻 7547.50
  📡 RSI: 55.4 | MACD: 1.23 (prev: 0.96) | ATR: 2.68
  📊 Filled: 0 | Pending: 0 | 5m: strong_bullish
  💰 Daily P&L: $+0.00

[2026-05-26 09:36] O:7553.50 H:7555.25 L:7553.00 C:7553.75 V:4828.0
  📈 Trend: strong_bullish | 🌍 Regime: trending_bullish
  🗺️  Grid: 0.080% | 🔺 7553.75 🔻 7547.50
  📡 RSI: 60.0 | MACD: 1.45 (prev: 1.23) | ATR: 2.66
  📊 Filled: 0 | Pending: 0 | 5m: strong_bullish
  💰 Daily P&L: $+0.00

[2026-05-26 09:37] O:7553.50 H:7554.75 L:7553.00 C:7554.25 V:1999.0
  📈 Trend: strong_bullish | 🌍 Regime: trending_bullish
  🗺️  Grid: 0.080% | 🔺 7555.25 🔻 7553.00
  📡 RSI: 64.7 | MACD: 1.65 (prev: 1.45) | ATR: 2.61
  📊 Filled: 0 | Pending: 0 | 5m: strong_bullish
  💰 Daily P&L: $+0.00

[2026-05-26 09:38] O:7554.50 H:7554.50 L:7551.75 C:7553.00 V:2594.0
  📈 Trend: strong_bullish | 🌍 Regime: trending_bullish
  🗺️  Grid: 0.080% | 🔺 7554.75 🔻 7553.00
  📡 RSI: 56.1 | MACD: 1.68 (prev: 1.65) | ATR: 2.62
  📊 Filled: 0 | Pending: 0 | 5m: strong_bullish
  💰 Daily P&L: $+0.00

[2026-05-26 09:39] O:7553.00 H:7553.25 L:7551.00 C:7551.25 V:1982.0
  📈 Trend: strong_bullish | 🌍 Regime: trending_bullish
  🗺️  Grid: 0.080% | 🔺 7554.50 🔻 7551.75
  📡 RSI: 48.6 | MACD: 1.55 (prev: 1.68) | ATR: 2.66
  📊 Filled: 0 | Pending: 0 | 5m: strong_bullish
  💰 Daily P&L: $+0.00

[2026-05-26 09:40] O:7551.25 H:7555.25 L:7551.00 C:7555.00 V:2629.0
  📈 Trend: strong_bullish | 🌍 Regime: trending_bullish
  🗺️  Grid: 0.080% | 🔺 7553.25 🔻 7551.00
  📡 RSI: 61.2 | MACD: 1.73 (prev: 1.55) | ATR: 2.79
  📊 Filled: 0 | Pending: 0 | 5m: strong_bullish
  💰 Daily P&L: $+0.00

[2026-05-26 09:41] O:7554.75 H:7555.25 L:7553.50 C:7554.00 V:1602.0
  📈 Trend: strong_bullish | 🌍 Regime: trending_bullish
  🗺️  Grid: 0.080% | 🔺 7555.25 🔻 7551.00
  📡 RSI: 64.5 | MACD: 1.77 (prev: 1.73) | ATR: 2.70
  📊 Filled: 0 | Pending: 0 | 5m: strong_bullish
  💰 Daily P&L: $+0.00

[2026-05-26 09:42] O:7554.00 H:7554.75 L:7553.50 C:7553.75 V:1573.0
  📈 Trend: strong_bullish | 🌍 Regime: trending_bullish
  🗺️  Grid: 0.080% | 🔺 7555.25 🔻 7553.50
  📡 RSI: 63.2 | MACD: 1.76 (prev: 1.77) | ATR: 2.75
  📊 Filled: 0 | Pending: 0 | 5m: strong_bullish
  💰 Daily P&L: $+0.00

[2026-05-26 09:43] O:7553.50 H:7554.00 L:7552.75 C:7553.75 V:1951.0
  📈 Trend: strong_bullish | 🌍 Regime: trending_bullish
  🗺️  Grid: 0.080% | 🔺 7554.75 🔻 7553.50
  📡 RSI: 61.1 | MACD: 1.74 (prev: 1.76) | ATR: 2.62
  📊 Filled: 0 | Pending: 0 | 5m: strong_bullish
  💰 Daily P&L: $+0.00

[2026-05-26 09:44] O:7553.75 H:7554.50 L:7552.50 C:7554.25 V:1693.0
  📈 Trend: strong_bullish | 🌍 Regime: trending_bullish
  🗺️  Grid: 0.080% | 🔺 7554.00 🔻 7552.75
  📡 RSI: 61.1 | MACD: 1.74 (prev: 1.74) | ATR: 2.57
  📊 Filled: 0 | Pending: 0 | 5m: strong_bullish
  💰 Daily P&L: $+0.00

[2026-05-26 09:45] O:7554.25 H:7554.50 L:7553.25 C:7554.25 V:1741.0
  📈 Trend: strong_bullish | 🌍 Regime: trending_bullish
  🗺️  Grid: 0.080% | 🔺 7554.50 🔻 7552.50
  📡 RSI: 65.7 | MACD: 1.72 (prev: 1.74) | ATR: 2.48
  📊 Filled: 0 | Pending: 0 | 5m: strong_bullish
  💰 Daily P&L: $+0.00

[2026-05-26 09:46] O:7554.25 H:7554.75 L:7552.50 C:7553.75 V:1761.0
  📈 Trend: strong_bullish | 🌍 Regime: trending_bullish
  🗺️  Grid: 0.080% | 🔺 7554.50 🔻 7553.25
  📡 RSI: 62.7 | MACD: 1.64 (prev: 1.72) | ATR: 2.43
  📊 Filled: 0 | Pending: 0 | 5m: strong_bullish
  💰 Daily P&L: $+0.00

[2026-05-26 09:47] O:7553.75 H:7554.00 L:7552.50 C:7552.75 V:2318.0
  📈 Trend: strong_bullish | 🌍 Regime: trending_bullish
  🗺️  Grid: 0.080% | 🔺 7554.75 🔻 7552.50
  📡 RSI: 61.8 | MACD: 1.48 (prev: 1.64) | ATR: 2.34
  📊 Filled: 0 | Pending: 0 | 5m: strong_bullish
  💰 Daily P&L: $+0.00

[2026-05-26 09:48] O:7552.50 H:7553.25 L:7551.25 C:7551.50 V:2522.0
  📈 Trend: strong_bullish | 🌍 Regime: trending_bullish
  🗺️  Grid: 0.080% | 🔺 7554.00 🔻 7552.50
  📡 RSI: 60.0 | MACD: 1.24 (prev: 1.48) | ATR: 2.34
  📊 Filled: 0 | Pending: 0 | 5m: strong_bullish
  💰 Daily P&L: $+0.00

[2026-05-26 09:49] O:7551.50 H:7552.75 L:7551.00 C:7551.00 V:1805.0
  📈 Trend: strong_bullish | 🌍 Regime: trending_bullish
  🗺️  Grid: 0.080% | 🔺 7553.25 🔻 7551.25
  📡 RSI: 40.0 | MACD: 1.00 (prev: 1.24) | ATR: 2.02
  📊 Filled: 0 | Pending: 0 | 5m: strong_bullish
  💰 Daily P&L: $+0.00

[2026-05-26 09:50] O:7551.00 H:7553.50 L:7550.50 C:7552.75 V:2032.0
  📈 Trend: strong_bullish | 🌍 Regime: trending_bullish
  🗺️  Grid: 0.080% | 🔺 7552.75 🔻 7551.00
  📡 RSI: 46.4 | MACD: 0.94 (prev: 1.00) | ATR: 2.07
  📊 Filled: 0 | Pending: 0 | 5m: strong_bullish
  💰 Daily P&L: $+0.00

[2026-05-26 09:51] O:7552.75 H:7554.25 L:7552.75 C:7552.75 V:1588.0
  📈 Trend: strong_bullish | 🌍 Regime: trending_bullish
  🗺️  Grid: 0.080% | 🔺 7553.50 🔻 7550.50
  📡 RSI: 44.4 | MACD: 0.88 (prev: 0.94) | ATR: 2.05
  📊 Filled: 0 | Pending: 0 | 5m: strong_bullish
  💰 Daily P&L: $+0.00

[2026-05-26 09:52] O:7553.00 H:7553.25 L:7551.25 C:7551.50 V:1513.0
  📈 Trend: strong_bullish | 🌍 Regime: trending_bullish
  🗺️  Grid: 0.080% | 🔺 7554.25 🔻 7552.75
  📡 RSI: 44.4 | MACD: 0.72 (prev: 0.88) | ATR: 2.00
  📊 Filled: 0 | Pending: 0 | 5m: strong_bullish
  💰 Daily P&L: $+0.00

[2026-05-26 09:53] O:7551.75 H:7552.00 L:7549.75 C:7550.75 V:2142.0
  📈 Trend: strong_bullish | 🌍 Regime: trending_bullish
  🗺️  Grid: 0.080% | 🔺 7553.25 🔻 7551.25
  📡 RSI: 48.0 | MACD: 0.53 (prev: 0.72) | ATR: 2.00
  📊 Filled: 0 | Pending: 0 | 5m: strong_bullish
  💰 Daily P&L: $+0.00

[2026-05-26 09:54] O:7550.75 H:7551.00 L:7548.00 C:7549.25 V:2165.0
  📈 Trend: strong_bullish (raw: moderate_bullish) | 🌍 Regime: trending_bullish
  🗺️  Grid: 0.080% | 🔺 7552.00 🔻 7549.75
  📡 RSI: 22.0 | MACD: 0.26 (prev: 0.53) | ATR: 1.91
  📊 Filled: 0 | Pending: 0 | 5m: strong_bullish
  💰 Daily P&L: $+0.00

[2026-05-26 09:55] O:7549.50 H:7549.75 L:7547.50 C:7548.25 V:1989.0
  📈 Trend: moderate_bullish | 🌍 Regime: trending_bullish
  🗺️  Grid: 0.080% | 🔺 7551.00 🔻 7548.00
  📡 RSI: 22.0 | MACD: -0.04 (prev: 0.26) | ATR: 1.95
  📊 Filled: 0 | Pending: 0 | 5m: strong_bullish
  💰 Daily P&L: $+0.00

[2026-05-26 09:56] O:7548.25 H:7548.75 L:7547.00 C:7548.25 V:2345.0
  📈 Trend: moderate_bullish | 🌍 Regime: trending_bullish
  🗺️  Grid: 0.080% | 🔺 7549.75 🔻 7547.50
  📡 RSI: 22.5 | MACD: -0.27 (prev: -0.04) | ATR: 1.98
  📊 Filled: 0 | Pending: 0 | 5m: strong_bullish
  💰 Daily P&L: $+0.00

[2026-05-26 09:57] O:7548.25 H:7548.50 L:7545.75 C:7547.25 V:2642.0
  📈 Trend: moderate_bullish | 🌍 Regime: trending_bullish
  🗺️  Grid: 0.080% | 🔺 7548.75 🔻 7547.00
  📡 RSI: 20.5 | MACD: -0.53 (prev: -0.27) | ATR: 2.09
  📊 Filled: 0 | Pending: 0 | 5m: strong_bullish
  💰 Daily P&L: $+0.00

[2026-05-26 09:58] O:7547.25 H:7549.25 L:7545.75 C:7548.75 V:3315.0
  📈 Trend: moderate_bullish | 🌍 Regime: trending_bullish
  🗺️  Grid: 0.080% | 🔺 7548.50 🔻 7545.75
  📡 RSI: 27.1 | MACD: -0.61 (prev: -0.53) | ATR: 2.20
  📊 Filled: 0 | Pending: 0 | 5m: strong_bullish
  🚫 Long blocked: price 7548.75 is 6.5 pts below session high 7555.25 (limit: 10.0 pts, window: 2.0 hrs)
  💰 Daily P&L: $+0.00

[2026-05-26 09:59] O:7548.75 H:7549.25 L:7547.50 C:7547.75 V:2017.0
  📈 Trend: moderate_bullish | 🌍 Regime: trending_bullish
  🗺️  Grid: 0.080% | 🔺 7549.25 🔻 7545.75
  📡 RSI: 25.0 | MACD: -0.74 (prev: -0.61) | ATR: 2.23
  📊 Filled: 0 | Pending: 0 | 5m: strong_bullish
  💰 Daily P&L: $+0.00

[2026-05-26 10:00] O:7548.00 H:7548.75 L:7546.00 C:7546.50 V:3075.0
  📈 Trend: moderate_bullish | 🌍 Regime: trending_bullish
  🗺️  Grid: 0.080% | 🔺 7549.25 🔻 7547.50
  📡 RSI: 23.6 | MACD: -0.94 (prev: -0.74) | ATR: 2.27
  📊 Filled: 0 | Pending: 0 | 5m: strong_bullish
  💰 Daily P&L: $+0.00

[2026-05-26 10:01] O:7546.25 H:7546.50 L:7543.25 C:7543.25 V:3790.0
  📈 Trend: moderate_bullish | 🌍 Regime: trending_bullish
  🗺️  Grid: 0.080% | 🔺 7548.75 🔻 7546.00
  📡 RSI: 20.3 | MACD: -1.34 (prev: -0.94) | ATR: 2.39
  📊 Filled: 0 | Pending: 0 | 5m: strong_bullish
  💰 Daily P&L: $+0.00

[2026-05-26 10:02] O:7543.50 H:7543.75 L:7541.00 C:7541.75 V:4428.0
  📈 Trend: moderate_bullish (raw: strong_bearish) | 🌍 Regime: trending_bearish
  🗺️  Grid: 0.080% | 🔺 7546.50 🔻 7543.25
  📡 RSI: 20.0 | MACD: -1.76 (prev: -1.34) | ATR: 2.45
  📊 Filled: 0 | Pending: 0 | 5m: strong_bullish
  💰 Daily P&L: $+0.00

[2026-05-26 10:03] O:7541.75 H:7543.75 L:7540.00 C:7543.00 V:4459.0
  📈 Trend: strong_bearish | 🌍 Regime: trending_bearish
  🗺️  Grid: 0.080% | 🔺 7543.75 🔻 7541.00
  📡 RSI: 26.5 | MACD: -1.97 (prev: -1.76) | ATR: 2.59
  📊 Filled: 0 | Pending: 0 | 5m: strong_bullish
  🚫 5m trend mismatch: 1m=strong_bearish vs 5m=strong_bullish
  💰 Daily P&L: $+0.00

[2026-05-26 10:04] O:7543.25 H:7543.50 L:7540.75 C:7541.50 V:3145.0
  📈 Trend: strong_bearish | 🌍 Regime: trending_bearish
  🗺️  Grid: 0.080% | 🔺 7543.75 🔻 7540.00
  📡 RSI: 16.4 | MACD: -2.23 (prev: -1.97) | ATR: 2.57
  📊 Filled: 0 | Pending: 0 | 5m: strong_bullish
  🚫 5m trend mismatch: 1m=strong_bearish vs 5m=strong_bullish
  💰 Daily P&L: $+0.00

[2026-05-26 10:05] O:7541.50 H:7543.50 L:7540.75 C:7541.75 V:2843.0
  📈 Trend: strong_bearish | 🌍 Regime: trending_bearish
  🗺️  Grid: 0.080% | 🔺 7543.50 🔻 7540.75
  📡 RSI: 17.6 | MACD: -2.39 (prev: -2.23) | ATR: 2.66
  📊 Filled: 0 | Pending: 0 | 5m: strong_bullish
  🚫 5m trend mismatch: 1m=strong_bearish vs 5m=strong_bullish
  💰 Daily P&L: $+0.00

[2026-05-26 10:06] O:7541.75 H:7542.25 L:7540.00 C:7540.75 V:3486.0
  📈 Trend: strong_bearish | 🌍 Regime: trending_bearish
  🗺️  Grid: 0.080% | 🔺 7543.50 🔻 7540.75
  📡 RSI: 17.9 | MACD: -2.56 (prev: -2.39) | ATR: 2.68
  📊 Filled: 0 | Pending: 0 | 5m: strong_bullish
  🚫 5m trend mismatch: 1m=strong_bearish vs 5m=strong_bullish
  💰 Daily P&L: $+0.00

[2026-05-26 10:07] O:7540.50 H:7540.75 L:7537.25 C:7540.50 V:4046.0
  📈 Trend: strong_bearish | 🌍 Regime: trending_bearish
  🗺️  Grid: 0.080% | 🔺 7542.25 🔻 7540.00
  📡 RSI: 18.5 | MACD: -2.69 (prev: -2.56) | ATR: 2.77
  📊 Filled: 0 | Pending: 0 | 5m: strong_bullish
  🚫 5m trend mismatch: 1m=strong_bearish vs 5m=strong_bullish
  💰 Daily P&L: $+0.00

[2026-05-26 10:08] O:7540.25 H:7543.25 L:7539.75 C:7542.50 V:3902.0
  📈 Trend: strong_bearish | 🌍 Regime: trending_bearish
  🗺️  Grid: 0.080% | 🔺 7540.75 🔻 7537.25
  📡 RSI: 29.9 | MACD: -2.61 (prev: -2.69) | ATR: 2.80
  📊 Filled: 0 | Pending: 0 | 5m: strong_bullish
  🚫 5m trend mismatch: 1m=strong_bearish vs 5m=strong_bullish
  💰 Daily P&L: $+0.00

[2026-05-26 10:09] O:7542.50 H:7543.00 L:7541.25 C:7542.75 V:2451.0
  📈 Trend: strong_bearish | 🌍 Regime: trending_bearish
  🗺️  Grid: 0.080% | 🔺 7543.25 🔻 7539.75
  📡 RSI: 32.8 | MACD: -2.49 (prev: -2.61) | ATR: 2.77
  📊 Filled: 0 | Pending: 0 | 5m: strong_bullish
  🚫 5m trend mismatch: 1m=strong_bearish vs 5m=strong_bullish
  💰 Daily P&L: $+0.00

[2026-05-26 10:10] O:7542.50 H:7543.50 L:7539.25 C:7539.25 V:3355.0
  📈 Trend: strong_bearish | 🌍 Regime: trending_bearish
  🗺️  Grid: 0.080% | 🔺 7543.00 🔻 7541.25
  📡 RSI: 26.9 | MACD: -2.64 (prev: -2.49) | ATR: 2.95
  📊 Filled: 0 | Pending: 0 | 5m: strong_bullish
  🚫 5m trend mismatch: 1m=strong_bearish vs 5m=strong_bullish
  💰 Daily P&L: $+0.00

[2026-05-26 10:11] O:7539.25 H:7540.50 L:7538.75 C:7539.00 V:2699.0
  📈 Trend: strong_bearish | 🌍 Regime: trending_bearish
  🗺️  Grid: 0.080% | 🔺 7543.50 🔻 7539.25
  📡 RSI: 28.0 | MACD: -2.76 (prev: -2.64) | ATR: 2.88
  📊 Filled: 0 | Pending: 0 | 5m: strong_bullish
  🚫 5m trend mismatch: 1m=strong_bearish vs 5m=strong_bullish
  💰 Daily P&L: $+0.00

[2026-05-26 10:12] O:7539.00 H:7540.75 L:7538.75 C:7540.25 V:3119.0
  📈 Trend: strong_bearish | 🌍 Regime: trending_bearish
  🗺️  Grid: 0.080% | 🔺 7540.50 🔻 7538.75
  📡 RSI: 27.0 | MACD: -2.71 (prev: -2.76) | ATR: 2.77
  📊 Filled: 0 | Pending: 0 | 5m: strong_bullish
  🚫 5m trend mismatch: 1m=strong_bearish vs 5m=strong_bullish
  💰 Daily P&L: $+0.00

[2026-05-26 10:13] O:7540.25 H:7540.25 L:7538.50 C:7539.75 V:2231.0
  📈 Trend: strong_bearish | 🌍 Regime: trending_bearish
  🗺️  Grid: 0.080% | 🔺 7540.75 🔻 7538.75
  📡 RSI: 27.8 | MACD: -2.69 (prev: -2.71) | ATR: 2.77
  📊 Filled: 0 | Pending: 0 | 5m: strong_bullish
  🚫 5m trend mismatch: 1m=strong_bearish vs 5m=strong_bullish
  💰 Daily P&L: $+0.00

[2026-05-26 10:14] O:7539.50 H:7540.25 L:7538.75 C:7539.50 V:1951.0
  📈 Trend: strong_bearish | 🌍 Regime: trending_bearish
  🗺️  Grid: 0.080% | 🔺 7540.25 🔻 7538.50
  📡 RSI: 29.4 | MACD: -2.66 (prev: -2.69) | ATR: 2.68
  📊 Filled: 0 | Pending: 0 | 5m: strong_bullish
  🚫 5m trend mismatch: 1m=strong_bearish vs 5m=strong_bullish
  💰 Daily P&L: $+0.00

[2026-05-26 10:15] O:7539.50 H:7539.50 L:7537.00 C:7537.25 V:3034.0
  📈 Trend: strong_bearish | 🌍 Regime: trending_bearish
  🗺️  Grid: 0.080% | 🔺 7540.25 🔻 7538.75
  📡 RSI: 31.2 | MACD: -2.79 (prev: -2.66) | ATR: 2.62
  📊 Filled: 0 | Pending: 0 | 5m: strong_bullish
  🚫 5m trend mismatch: 1m=strong_bearish vs 5m=strong_bullish
  💰 Daily P&L: $+0.00

[2026-05-26 10:16] O:7537.25 H:7537.25 L:7536.00 C:7536.25 V:3056.0
  📈 Trend: strong_bearish | 🌍 Regime: trending_bearish
  🗺️  Grid: 0.080% | 🔺 7539.50 🔻 7537.00
  📡 RSI: 32.3 | MACD: -2.93 (prev: -2.79) | ATR: 2.52
  📊 Filled: 0 | Pending: 0 | 5m: strong_bullish
  🚫 5m trend mismatch: 1m=strong_bearish vs 5m=strong_bullish
  💰 Daily P&L: $+0.00

[2026-05-26 10:17] O:7536.00 H:7537.25 L:7534.00 C:7534.50 V:3819.0
  📈 Trend: strong_bearish | 🌍 Regime: trending_bearish
  🗺️  Grid: 0.080% | 🔺 7537.25 🔻 7536.00
  📡 RSI: 23.4 | MACD: -3.15 (prev: -2.93) | ATR: 2.48
  📊 Filled: 0 | Pending: 0 | 5m: strong_bullish
  🚫 5m trend mismatch: 1m=strong_bearish vs 5m=strong_bullish
  💰 Daily P&L: $+0.00

[2026-05-26 10:18] O:7534.25 H:7536.75 L:7534.25 C:7536.50 V:2805.0
  📈 Trend: strong_bearish | 🌍 Regime: trending_bearish
  🗺️  Grid: 0.080% | 🔺 7537.25 🔻 7534.00
  📡 RSI: 34.8 | MACD: -3.13 (prev: -3.15) | ATR: 2.46
  📊 Filled: 0 | Pending: 0 | 5m: moderate_bullish
  🚫 5m trend mismatch: 1m=strong_bearish vs 5m=moderate_bullish
  💰 Daily P&L: $+0.00

[2026-05-26 10:19] O:7536.50 H:7539.00 L:7535.75 C:7537.50 V:2919.0
  📈 Trend: strong_bearish | 🌍 Regime: trending_bearish
  🗺️  Grid: 0.080% | 🔺 7536.75 🔻 7534.25
  📡 RSI: 37.7 | MACD: -3.00 (prev: -3.13) | ATR: 2.50
  📊 Filled: 0 | Pending: 0 | 5m: moderate_bullish
  🚫 5m trend mismatch: 1m=strong_bearish vs 5m=moderate_bullish
  💰 Daily P&L: $+0.00

[2026-05-26 10:20] O:7537.50 H:7538.25 L:7534.00 C:7535.00 V:3341.0
  📈 Trend: strong_bearish | 🌍 Regime: trending_bearish
  🗺️  Grid: 0.080% | 🔺 7539.00 🔻 7535.75
  📡 RSI: 34.7 | MACD: -3.06 (prev: -3.00) | ATR: 2.64
  📊 Filled: 0 | Pending: 0 | 5m: moderate_bullish
  🚫 5m trend mismatch: 1m=strong_bearish vs 5m=moderate_bullish
  💰 Daily P&L: $+0.00

[2026-05-26 10:21] O:7535.00 H:7535.50 L:7534.25 C:7534.50 V:2608.0
  📈 Trend: strong_bearish | 🌍 Regime: trending_bearish
  🗺️  Grid: 0.080% | 🔺 7538.25 🔻 7534.00
  📡 RSI: 34.2 | MACD: -3.11 (prev: -3.06) | ATR: 2.48
  📊 Filled: 0 | Pending: 0 | 5m: moderate_bullish
  🚫 5m trend mismatch: 1m=strong_bearish vs 5m=moderate_bullish
  💰 Daily P&L: $+0.00

[2026-05-26 10:22] O:7534.50 H:7535.50 L:7533.50 C:7534.50 V:2647.0
  📈 Trend: strong_bearish | 🌍 Regime: trending_bearish
  🗺️  Grid: 0.080% | 🔺 7535.50 🔻 7534.25
  📡 RSI: 26.5 | MACD: -3.12 (prev: -3.11) | ATR: 2.38
  📊 Filled: 0 | Pending: 0 | 5m: moderate_bullish
  🚫 5m trend mismatch: 1m=strong_bearish vs 5m=moderate_bullish
  💰 Daily P&L: $+0.00

[2026-05-26 10:23] O:7534.50 H:7535.75 L:7534.00 C:7534.50 V:2239.0
  📈 Trend: strong_bearish | 🌍 Regime: trending_bearish
  🗺️  Grid: 0.080% | 🔺 7535.50 🔻 7533.50
  📡 RSI: 25.4 | MACD: -3.09 (prev: -3.12) | ATR: 2.38
  📊 Filled: 0 | Pending: 0 | 5m: moderate_bullish
  🚫 5m trend mismatch: 1m=strong_bearish vs 5m=moderate_bullish
  💰 Daily P&L: $+0.00

[2026-05-26 10:24] O:7534.50 H:7536.00 L:7533.25 C:7535.25 V:2911.0
  📈 Trend: strong_bearish (raw: moderate_bearish) | 🌍 Regime: trending_bearish
  🗺️  Grid: 0.080% | 🔺 7535.75 🔻 7534.00
  📡 RSI: 35.7 | MACD: -2.97 (prev: -3.09) | ATR: 2.27
  📊 Filled: 0 | Pending: 0 | 5m: moderate_bullish
  🚫 5m trend mismatch: 1m=strong_bearish vs 5m=moderate_bullish
  💰 Daily P&L: $+0.00

[2026-05-26 10:25] O:7535.25 H:7537.00 L:7534.75 C:7537.00 V:2701.0
  📈 Trend: moderate_bearish | 🌍 Regime: trending_bearish
  🗺️  Grid: 0.080% | 🔺 7536.00 🔻 7533.25
  📡 RSI: 43.5 | MACD: -2.70 (prev: -2.97) | ATR: 2.30
  📊 Filled: 0 | Pending: 0 | 5m: moderate_bullish
  🚫 5m trend mismatch: 1m=moderate_bearish vs 5m=moderate_bullish
  💰 Daily P&L: $+0.00

[2026-05-26 10:26] O:7537.00 H:7537.75 L:7536.00 C:7536.25 V:2015.0
  📈 Trend: moderate_bearish | 🌍 Regime: trending_bearish
  🗺️  Grid: 0.080% | 🔺 7537.00 🔻 7534.75
  📡 RSI: 36.7 | MACD: -2.52 (prev: -2.70) | ATR: 2.29
  📊 Filled: 0 | Pending: 0 | 5m: moderate_bullish
  🚫 5m trend mismatch: 1m=moderate_bearish vs 5m=moderate_bullish
  💰 Daily P&L: $+0.00

[2026-05-26 10:27] O:7536.25 H:7537.00 L:7532.50 C:7532.75 V:2632.0
  📈 Trend: moderate_bearish | 🌍 Regime: trending_bearish
  🗺️  Grid: 0.080% | 🔺 7537.75 🔻 7536.00
  📡 RSI: 30.6 | MACD: -2.63 (prev: -2.52) | ATR: 2.48
  📊 Filled: 0 | Pending: 0 | 5m: moderate_bullish
  🚫 5m trend mismatch: 1m=moderate_bearish vs 5m=moderate_bullish
  💰 Daily P&L: $+0.00

[2026-05-26 10:28] O:7532.75 H:7535.00 L:7532.00 C:7532.50 V:2514.0
  📈 Trend: moderate_bearish | 🌍 Regime: trending_bearish
  🗺️  Grid: 0.080% | 🔺 7537.00 🔻 7532.50
  📡 RSI: 30.6 | MACD: -2.71 (prev: -2.63) | ATR: 2.59
  📊 Filled: 0 | Pending: 0 | 5m: moderate_bullish
  🚫 5m trend mismatch: 1m=moderate_bearish vs 5m=moderate_bullish
  💰 Daily P&L: $+0.00

[2026-05-26 10:29] O:7532.50 H:7533.25 L:7530.75 C:7532.00 V:3324.0
  📈 Trend: moderate_bearish | 🌍 Regime: trending_bearish
  🗺️  Grid: 0.080% | 🔺 7535.00 🔻 7532.00
  📡 RSI: 33.8 | MACD: -2.78 (prev: -2.71) | ATR: 2.59
  📊 Filled: 0 | Pending: 0 | 5m: moderate_bullish
  🚫 5m trend mismatch: 1m=moderate_bearish vs 5m=moderate_bullish
  💰 Daily P&L: $+0.00

[2026-05-26 10:30] O:7532.00 H:7533.75 L:7528.75 C:7530.75 V:4315.0
  📈 Trend: moderate_bearish (raw: strong_bearish) | 🌍 Regime: trending_bearish
  🗺️  Grid: 0.080% | 🔺 7533.25 🔻 7530.75
  📡 RSI: 33.3 | MACD: -2.90 (prev: -2.78) | ATR: 2.86
  📊 Filled: 0 | Pending: 0 | 5m: moderate_bullish
  🚫 5m trend mismatch: 1m=moderate_bearish vs 5m=moderate_bullish
  💰 Daily P&L: $+0.00

[2026-05-26 10:31] O:7530.75 H:7532.25 L:7529.75 C:7530.25 V:2752.0
  📈 Trend: strong_bearish | 🌍 Regime: trending_bearish
  🗺️  Grid: 0.080% | 🔺 7533.75 🔻 7528.75
  📡 RSI: 36.1 | MACD: -3.00 (prev: -2.90) | ATR: 2.80
  📊 Filled: 0 | Pending: 0 | 5m: moderate_bullish
  🚫 5m trend mismatch: 1m=strong_bearish vs 5m=moderate_bullish
  💰 Daily P&L: $+0.00

[2026-05-26 10:32] O:7530.25 H:7533.00 L:7529.75 C:7530.75 V:2587.0
  📈 Trend: strong_bearish | 🌍 Regime: trending_bearish
  🗺️  Grid: 0.080% | 🔺 7532.25 🔻 7529.75
  📡 RSI: 29.1 | MACD: -3.01 (prev: -3.00) | ATR: 2.86
  📊 Filled: 0 | Pending: 0 | 5m: moderate_bullish
  🚫 5m trend mismatch: 1m=strong_bearish vs 5m=moderate_bullish
  💰 Daily P&L: $+0.00

[2026-05-26 10:33] O:7531.00 H:7532.50 L:7530.75 C:7532.25 V:1944.0
  📈 Trend: strong_bearish | 🌍 Regime: trending_bearish
  🗺️  Grid: 0.080% | 🔺 7533.00 🔻 7529.75
  📡 RSI: 31.6 | MACD: -2.86 (prev: -3.01) | ATR: 2.75
  📊 Filled: 0 | Pending: 0 | 5m: moderate_bullish
  🚫 5m trend mismatch: 1m=strong_bearish vs 5m=moderate_bullish
  💰 Daily P&L: $+0.00

[2026-05-26 10:34] O:7532.25 H:7533.50 L:7531.75 C:7532.00 V:2290.0
  📈 Trend: strong_bearish | 🌍 Regime: trending_bearish
  🗺️  Grid: 0.080% | 🔺 7532.50 🔻 7530.75
  📡 RSI: 37.5 | MACD: -2.73 (prev: -2.86) | ATR: 2.57
  📊 Filled: 0 | Pending: 0 | 5m: moderate_bullish
  🚫 5m trend mismatch: 1m=strong_bearish vs 5m=moderate_bullish
  💰 Daily P&L: $+0.00

[2026-05-26 10:35] O:7531.75 H:7533.50 L:7531.25 C:7532.75 V:2241.0
  📈 Trend: strong_bearish | 🌍 Regime: trending_bearish
  🗺️  Grid: 0.080% | 🔺 7533.50 🔻 7531.75
  📡 RSI: 42.9 | MACD: -2.53 (prev: -2.73) | ATR: 2.64
  📊 Filled: 0 | Pending: 0 | 5m: moderate_bullish
  🚫 5m trend mismatch: 1m=strong_bearish vs 5m=moderate_bullish
  💰 Daily P&L: $+0.00

[2026-05-26 10:36] O:7532.50 H:7532.75 L:7525.25 C:7525.50 V:4461.0
  📈 Trend: strong_bearish | 🌍 Regime: trending_bearish
  🗺️  Grid: 0.080% | 🔺 7533.50 🔻 7531.25
  📡 RSI: 26.9 | MACD: -2.93 (prev: -2.53) | ATR: 3.04
  📊 Filled: 0 | Pending: 0 | 5m: moderate_bullish
  🚫 5m trend mismatch: 1m=strong_bearish vs 5m=moderate_bullish
  💰 Daily P&L: $+0.00

[2026-05-26 10:37] O:7525.50 H:7528.75 L:7525.25 C:7528.25 V:3348.0
  📈 Trend: strong_bearish | 🌍 Regime: trending_bearish
  🗺️  Grid: 0.080% | 🔺 7532.75 🔻 7525.25
  📡 RSI: 36.0 | MACD: -2.99 (prev: -2.93) | ATR: 3.16
  📊 Filled: 0 | Pending: 0 | 5m: moderate_bullish
  🚫 5m trend mismatch: 1m=strong_bearish vs 5m=moderate_bullish
  💰 Daily P&L: $+0.00

[2026-05-26 10:38] O:7528.00 H:7530.25 L:7527.50 C:7530.00 V:2188.0
  📈 Trend: strong_bearish | 🌍 Regime: trending_bearish
  🗺️  Grid: 0.080% | 🔺 7528.75 🔻 7525.25
  📡 RSI: 38.7 | MACD: -2.87 (prev: -2.99) | ATR: 3.16
  📊 Filled: 0 | Pending: 0 | 5m: moderate_bullish
  🚫 5m trend mismatch: 1m=strong_bearish vs 5m=moderate_bullish
  💰 Daily P&L: $+0.00

[2026-05-26 10:39] O:7529.75 H:7532.00 L:7529.50 C:7532.00 V:1857.0
  📈 Trend: strong_bearish | 🌍 Regime: trending_bearish
  🗺️  Grid: 0.080% | 🔺 7530.25 🔻 7527.50
  📡 RSI: 39.4 | MACD: -2.57 (prev: -2.87) | ATR: 3.18
  📊 Filled: 0 | Pending: 0 | 5m: moderate_bullish
  🚫 5m trend mismatch: 1m=strong_bearish vs 5m=moderate_bullish
  💰 Daily P&L: $+0.00

[2026-05-26 10:40] O:7532.00 H:7532.50 L:7528.50 C:7529.25 V:3464.0
  📈 Trend: strong_bearish | 🌍 Regime: trending_bearish
  🗺️  Grid: 0.080% | 🔺 7532.00 🔻 7529.50
  📡 RSI: 36.3 | MACD: -2.54 (prev: -2.57) | ATR: 3.34
  📊 Filled: 0 | Pending: 0 | 5m: moderate_bullish
  🚫 5m trend mismatch: 1m=strong_bearish vs 5m=moderate_bullish
  💰 Daily P&L: $+0.00

[2026-05-26 10:41] O:7529.50 H:7531.50 L:7528.75 C:7531.00 V:1818.0
  📈 Trend: strong_bearish | 🌍 Regime: trending_bearish
  🗺️  Grid: 0.080% | 🔺 7532.50 🔻 7528.50
  📡 RSI: 46.3 | MACD: -2.34 (prev: -2.54) | ATR: 3.21
  📊 Filled: 0 | Pending: 0 | 5m: moderate_bullish
  🚫 5m trend mismatch: 1m=strong_bearish vs 5m=moderate_bullish
  💰 Daily P&L: $+0.00

[2026-05-26 10:42] O:7530.75 H:7531.50 L:7527.75 C:7528.75 V:3455.0
  📈 Trend: strong_bearish | 🌍 Regime: trending_bearish
  🗺️  Grid: 0.080% | 🔺 7531.50 🔻 7528.75
  📡 RSI: 42.7 | MACD: -2.33 (prev: -2.34) | ATR: 3.27
  📊 Filled: 0 | Pending: 0 | 5m: moderate_bullish
  🚫 5m trend mismatch: 1m=strong_bearish vs 5m=moderate_bullish
  💰 Daily P&L: $+0.00

[2026-05-26 10:43] O:7529.00 H:7529.00 L:7526.75 C:7527.75 V:2264.0
  📈 Trend: strong_bearish | 🌍 Regime: trending_bearish
  🗺️  Grid: 0.080% | 🔺 7531.50 🔻 7527.75
  📡 RSI: 41.9 | MACD: -2.38 (prev: -2.33) | ATR: 3.25
  📊 Filled: 0 | Pending: 0 | 5m: moderate_bullish
  🚫 5m trend mismatch: 1m=strong_bearish vs 5m=moderate_bullish
  💰 Daily P&L: $+0.00

[2026-05-26 10:44] O:7527.75 H:7528.25 L:7526.00 C:7527.25 V:1850.0
  📈 Trend: strong_bearish | 🌍 Regime: trending_bearish
  🗺️  Grid: 0.080% | 🔺 7529.00 🔻 7526.75
  📡 RSI: 43.1 | MACD: -2.44 (prev: -2.38) | ATR: 3.05
  📊 Filled: 0 | Pending: 0 | 5m: moderate_bullish
  🚫 5m trend mismatch: 1m=strong_bearish vs 5m=moderate_bullish
  💰 Daily P&L: $+0.00

[2026-05-26 10:45] O:7527.25 H:7527.75 L:7524.00 C:7527.00 V:4110.0
  📈 Trend: strong_bearish | 🌍 Regime: trending_bearish
  🗺️  Grid: 0.080% | 🔺 7528.25 🔻 7526.00
  📡 RSI: 43.6 | MACD: -2.47 (prev: -2.44) | ATR: 3.14
  📊 Filled: 0 | Pending: 0 | 5m: moderate_bullish
  🚫 5m trend mismatch: 1m=strong_bearish vs 5m=moderate_bullish
  💰 Daily P&L: $+0.00

[2026-05-26 10:46] O:7527.00 H:7527.00 L:7523.00 C:7525.50 V:3317.0
  📈 Trend: strong_bearish | 🌍 Regime: trending_bearish
  🗺️  Grid: 0.080% | 🔺 7527.75 🔻 7524.00
  📡 RSI: 40.0 | MACD: -2.59 (prev: -2.47) | ATR: 3.20
  📊 Filled: 0 | Pending: 0 | 5m: moderate_bullish
  🚫 5m trend mismatch: 1m=strong_bearish vs 5m=moderate_bullish
  💰 Daily P&L: $+0.00

[2026-05-26 10:47] O:7525.50 H:7527.50 L:7525.00 C:7525.75 V:2022.0
  📈 Trend: strong_bearish | 🌍 Regime: trending_bearish
  🗺️  Grid: 0.080% | 🔺 7527.00 🔻 7523.00
  📡 RSI: 37.0 | MACD: -2.63 (prev: -2.59) | ATR: 3.25
  📊 Filled: 0 | Pending: 0 | 5m: moderate_bullish
  🚫 5m trend mismatch: 1m=strong_bearish vs 5m=moderate_bullish
  💰 Daily P&L: $+0.00

[2026-05-26 10:48] O:7526.00 H:7527.75 L:7525.75 C:7526.00 V:2281.0
  📈 Trend: strong_bearish | 🌍 Regime: trending_bearish
  🗺️  Grid: 0.080% | 🔺 7527.50 🔻 7525.00
  📡 RSI: 38.0 | MACD: -2.61 (prev: -2.63) | ATR: 3.27
  📊 Filled: 0 | Pending: 0 | 5m: moderate_bullish
  🚫 5m trend mismatch: 1m=strong_bearish vs 5m=moderate_bullish
  💰 Daily P&L: $+0.00

[2026-05-26 10:49] O:7526.00 H:7526.25 L:7523.50 C:7524.50 V:3020.0
  📈 Trend: strong_bearish | 🌍 Regime: trending_bearish
  🗺️  Grid: 0.080% | 🔺 7527.75 🔻 7525.75
  📡 RSI: 34.0 | MACD: -2.69 (prev: -2.61) | ATR: 3.30
  📊 Filled: 0 | Pending: 0 | 5m: moderate_bullish
  🚫 5m trend mismatch: 1m=strong_bearish vs 5m=moderate_bullish
  💰 Daily P&L: $+0.00

[2026-05-26 10:50] O:7524.25 H:7525.25 L:7522.25 C:7524.50 V:3076.0
  📈 Trend: strong_bearish | 🌍 Regime: trending_bearish
  🗺️  Grid: 0.080% | 🔺 7526.25 🔻 7523.50
  📡 RSI: 47.3 | MACD: -2.72 (prev: -2.69) | ATR: 2.98
  📊 Filled: 0 | Pending: 0 | 5m: moderate_bullish
  🚫 5m trend mismatch: 1m=strong_bearish vs 5m=moderate_bullish
  💰 Daily P&L: $+0.00

[2026-05-26 10:51] O:7524.25 H:7525.75 L:7523.25 C:7524.00 V:2736.0
  📈 Trend: strong_bearish | 🌍 Regime: trending_bearish
  🗺️  Grid: 0.080% | 🔺 7525.25 🔻 7522.25
  📡 RSI: 36.9 | MACD: -2.75 (prev: -2.72) | ATR: 2.91
  📊 Filled: 0 | Pending: 0 | 5m: moderate_bullish
  🚫 5m trend mismatch: 1m=strong_bearish vs 5m=moderate_bullish
  💰 Daily P&L: $+0.00

[2026-05-26 10:52] O:7524.00 H:7524.25 L:7522.25 C:7523.25 V:2537.0
  📈 Trend: strong_bearish | 🌍 Regime: trending_bearish
  🗺️  Grid: 0.080% | 🔺 7525.75 🔻 7523.25
  📡 RSI: 27.9 | MACD: -2.81 (prev: -2.75) | ATR: 2.86
  📊 Filled: 0 | Pending: 0 | 5m: moderate_bullish
  🚫 5m trend mismatch: 1m=strong_bearish vs 5m=moderate_bullish
  💰 Daily P&L: $+0.00

[2026-05-26 10:53] O:7523.50 H:7523.50 L:7520.50 C:7520.50 V:4219.0
  📈 Trend: strong_bearish | 🌍 Regime: trending_bearish
  🗺️  Grid: 0.080% | 🔺 7524.25 🔻 7522.25
  📡 RSI: 14.1 | MACD: -3.04 (prev: -2.81) | ATR: 2.89
  📊 Filled: 0 | Pending: 0 | 5m: strong_bearish
  💰 Daily P&L: $+0.00

[2026-05-26 10:54] O:7520.75 H:7521.50 L:7517.25 C:7518.75 V:4514.0
  📈 Trend: strong_bearish | 🌍 Regime: trending_bearish
  🗺️  Grid: 0.080% | 🔺 7523.50 🔻 7520.50
  📡 RSI: 15.0 | MACD: -3.32 (prev: -3.04) | ATR: 2.91
  📊 Filled: 0 | Pending: 0 | 5m: strong_bearish
  💰 Daily P&L: $+0.00

[2026-05-26 10:55] O:7518.75 H:7521.25 L:7517.25 C:7518.00 V:4300.0
  📈 Trend: strong_bearish | 🌍 Regime: trending_bearish
  🗺️  Grid: 0.080% | 🔺 7521.50 🔻 7517.25
  📡 RSI: 3.6 | MACD: -3.57 (prev: -3.32) | ATR: 3.00
  📊 Filled: 0 | Pending: 0 | 5m: strong_bearish
  💰 Daily P&L: $+0.00

[2026-05-26 10:56] O:7518.00 H:7519.75 L:7517.00 C:7519.00 V:3384.0
  📈 Trend: strong_bearish | 🌍 Regime: trending_bearish
  🗺️  Grid: 0.080% | 🔺 7521.25 🔻 7517.25
  📡 RSI: 11.8 | MACD: -3.64 (prev: -3.57) | ATR: 2.93
  📊 Filled: 0 | Pending: 0 | 5m: strong_bearish
  💰 Daily P&L: $+0.00

[2026-05-26 10:57] O:7519.00 H:7522.00 L:7518.00 C:7521.25 V:2877.0
  📈 Trend: strong_bearish | 🌍 Regime: trending_bearish
  🗺️  Grid: 0.080% | 🔺 7519.75 🔻 7517.00
  📡 RSI: 26.8 | MACD: -3.47 (prev: -3.64) | ATR: 3.05
  📊 Filled: 0 | Pending: 0 | 5m: strong_bearish
  💰 Daily P&L: $+0.00

[2026-05-26 10:58] O:7521.25 H:7524.00 L:7520.50 C:7523.25 V:2654.0
  📈 Trend: strong_bearish | 🌍 Regime: trending_bearish
  🗺️  Grid: 0.080% | 🔺 7522.00 🔻 7518.00
  📡 RSI: 37.1 | MACD: -3.14 (prev: -3.47) | ATR: 3.14
  📊 Filled: 0 | Pending: 0 | 5m: strong_bearish
  💰 Daily P&L: $+0.00

[2026-05-26 10:59] O:7523.25 H:7523.75 L:7522.50 C:7523.25 V:2509.0
  📈 Trend: strong_bearish | 🌍 Regime: trending_bearish
  🗺️  Grid: 0.080% | 🔺 7524.00 🔻 7520.50
  📡 RSI: 37.7 | MACD: -2.85 (prev: -3.14) | ATR: 2.96
  📊 Filled: 0 | Pending: 0 | 5m: strong_bearish
  💰 Daily P&L: $+0.00

[2026-05-26 11:00] O:7523.00 H:7525.25 L:7523.00 C:7523.50 V:3220.0
  📈 Trend: strong_bearish | 🌍 Regime: trending_bearish
  🗺️  Grid: 0.080% | 🔺 7523.75 🔻 7522.50
  📡 RSI: 42.9 | MACD: -2.57 (prev: -2.85) | ATR: 2.84
  📊 Filled: 0 | Pending: 0 | 5m: strong_bearish
  💰 Daily P&L: $+0.00

[2026-05-26 11:01] O:7523.50 H:7527.25 L:7523.50 C:7527.25 V:2902.0
  📈 Trend: strong_bearish | 🌍 Regime: trending_bearish
  🗺️  Grid: 0.080% | 🔺 7525.25 🔻 7523.00
  📡 RSI: 54.3 | MACD: -2.02 (prev: -2.57) | ATR: 2.93
  📊 Filled: 0 | Pending: 0 | 5m: strong_bearish
  💰 Daily P&L: $+0.00

[2026-05-26 11:02] O:7527.00 H:7527.75 L:7525.50 C:7527.25 V:2672.0
  📈 Trend: strong_bearish | 🌍 Regime: trending_bearish
  🗺️  Grid: 0.080% | 🔺 7527.25 🔻 7523.50
  📡 RSI: 53.6 | MACD: -1.57 (prev: -2.02) | ATR: 2.95
  📊 Filled: 0 | Pending: 0 | 5m: strong_bearish
  💰 Daily P&L: $+0.00

[2026-05-26 11:03] O:7527.50 H:7527.75 L:7526.25 C:7527.50 V:1326.0
  📈 Trend: strong_bearish (raw: moderate_bearish) | 🌍 Regime: trending_bearish
  🗺️  Grid: 0.080% | 🔺 7527.75 🔻 7525.50
  📡 RSI: 59.4 | MACD: -1.17 (prev: -1.57) | ATR: 2.86
  📊 Filled: 0 | Pending: 0 | 5m: strong_bearish
  💰 Daily P&L: $+0.00

[2026-05-26 11:04] O:7527.25 H:7527.50 L:7525.25 C:7525.75 V:1688.0
  📈 Trend: strong_bearish | 🌍 Regime: trending_bearish
  🗺️  Grid: 0.080% | 🔺 7527.75 🔻 7526.25
  📡 RSI: 53.5 | MACD: -0.99 (prev: -1.17) | ATR: 2.80
  📊 Filled: 0 | Pending: 0 | 5m: strong_bearish
  💰 Daily P&L: $+0.00

[2026-05-26 11:05] O:7525.75 H:7527.00 L:7525.50 C:7527.00 V:1387.0
  📈 Trend: strong_bearish (raw: moderate_bearish) | 🌍 Regime: trending_bearish
  🗺️  Grid: 0.080% | 🔺 7527.50 🔻 7525.25
  📡 RSI: 58.1 | MACD: -0.74 (prev: -0.99) | ATR: 2.73
  📊 Filled: 0 | Pending: 0 | 5m: strong_bearish
  💰 Daily P&L: $+0.00

[2026-05-26 11:06] O:7527.00 H:7527.50 L:7523.00 C:7523.25 V:2116.0
  📈 Trend: strong_bearish | 🌍 Regime: ranging
  🗺️  Grid: 0.080% | 🔺 7527.00 🔻 7525.50
  📡 RSI: 50.0 | MACD: -0.83 (prev: -0.74) | ATR: 2.91
  📊 Filled: 0 | Pending: 0 | 5m: strong_bearish
  🔲 Regime: RANGING | Range pos: 40% | RSI: 50.0
  💰 Daily P&L: $+0.00

[2026-05-26 11:07] O:7523.25 H:7524.25 L:7522.75 C:7523.50 V:1309.0
  📈 Trend: strong_bearish | 🌍 Regime: ranging
  🗺️  Grid: 0.080% | 🔺 7527.50 🔻 7523.00
  📡 RSI: 57.9 | MACD: -0.87 (prev: -0.83) | ATR: 2.80
  📊 Filled: 0 | Pending: 0 | 5m: strong_bearish
  🔲 Regime: RANGING | Range pos: 42% | RSI: 57.9
  💰 Daily P&L: $+0.00

[2026-05-26 11:08] O:7523.25 H:7523.25 L:7521.50 C:7522.00 V:1602.0
  📈 Trend: strong_bearish | 🌍 Regime: ranging
  🗺️  Grid: 0.080% | 🔺 7524.25 🔻 7522.75
  📡 RSI: 58.7 | MACD: -1.02 (prev: -0.87) | ATR: 2.64
  📊 Filled: 0 | Pending: 0 | 5m: strong_bearish
  🔲 Regime: RANGING | Range pos: 32% | RSI: 58.7
  💰 Daily P&L: $+0.00

[2026-05-26 11:09] O:7522.25 H:7523.00 L:7521.75 C:7522.25 V:1457.0
  📈 Trend: strong_bearish | 🌍 Regime: ranging
  🗺️  Grid: 0.080% | 🔺 7523.25 🔻 7521.50
  📡 RSI: 61.6 | MACD: -1.10 (prev: -1.02) | ATR: 2.45
  📊 Filled: 0 | Pending: 0 | 5m: strong_bearish
  🔲 Regime: RANGING | Range pos: 34% | RSI: 61.6
  💰 Daily P&L: $+0.00

[2026-05-26 11:10] O:7522.25 H:7522.50 L:7520.00 C:7521.00 V:1840.0
  📈 Trend: strong_bearish | 🌍 Regime: ranging
  🗺️  Grid: 0.080% | 🔺 7523.00 🔻 7521.75
  📡 RSI: 55.4 | MACD: -1.25 (prev: -1.10) | ATR: 2.43
  📊 Filled: 0 | Pending: 0 | 5m: strong_bearish
  🔲 Regime: RANGING | Range pos: 28% | RSI: 55.4
  💰 Daily P&L: $+0.00

[2026-05-26 11:11] O:7520.75 H:7521.75 L:7519.75 C:7521.75 V:1579.0
  📈 Trend: strong_bearish | 🌍 Regime: ranging
  🗺️  Grid: 0.080% | 🔺 7522.50 🔻 7520.00
  📡 RSI: 51.5 | MACD: -1.29 (prev: -1.25) | ATR: 2.29
  📊 Filled: 0 | Pending: 0 | 5m: strong_bearish
  🔲 Regime: RANGING | Range pos: 33% | RSI: 51.5
  💰 Daily P&L: $+0.00

[2026-05-26 11:12] O:7521.75 H:7523.75 L:7521.50 C:7522.25 V:1672.0
  📈 Trend: strong_bearish (raw: moderate_bearish) | 🌍 Regime: ranging
  🗺️  Grid: 0.080% | 🔺 7521.75 🔻 7519.75
  📡 RSI: 46.8 | MACD: -1.27 (prev: -1.29) | ATR: 2.20
  📊 Filled: 0 | Pending: 0 | 5m: strong_bearish
  🔲 Regime: RANGING | Range pos: 44% | RSI: 46.8
  💰 Daily P&L: $+0.00

[2026-05-26 11:13] O:7522.50 H:7525.00 L:7522.50 C:7524.50 V:1922.0
  📈 Trend: moderate_bearish | 🌍 Regime: ranging
  🗺️  Grid: 0.080% | 🔺 7523.75 🔻 7521.50
  📡 RSI: 53.5 | MACD: -1.06 (prev: -1.27) | ATR: 2.30
  📊 Filled: 0 | Pending: 0 | 5m: strong_bearish
  🔲 Regime: RANGING | Range pos: 67% | RSI: 53.5
  💰 Daily P&L: $+0.00

[2026-05-26 11:14] O:7524.50 H:7524.50 L:7521.75 C:7522.50 V:1695.0
  📈 Trend: moderate_bearish | 🌍 Regime: ranging
  🗺️  Grid: 0.080% | 🔺 7525.00 🔻 7522.50
  📡 RSI: 47.4 | MACD: -1.04 (prev: -1.06) | ATR: 2.34
  📊 Filled: 0 | Pending: 0 | 5m: strong_bearish
  🔲 Regime: RANGING | Range pos: 51% | RSI: 47.4
  💰 Daily P&L: $+0.00

[2026-05-26 11:15] O:7522.50 H:7524.50 L:7522.00 C:7522.00 V:1138.0
  📈 Trend: moderate_bearish | 🌍 Regime: ranging
  🗺️  Grid: 0.080% | 🔺 7524.50 🔻 7521.75
  📡 RSI: 33.8 | MACD: -1.06 (prev: -1.04) | ATR: 2.25
  📊 Filled: 0 | Pending: 0 | 5m: strong_bearish
  🔲 Regime: RANGING | Range pos: 47% | RSI: 33.8
  💰 Daily P&L: $+0.00

[2026-05-26 11:16] O:7522.00 H:7524.50 L:7521.50 C:7524.25 V:1404.0
  📈 Trend: moderate_bearish | 🌍 Regime: ranging
  🗺️  Grid: 0.080% | 🔺 7524.50 🔻 7522.00
  📡 RSI: 41.9 | MACD: -0.88 (prev: -1.06) | ATR: 2.30
  📊 Filled: 0 | Pending: 0 | 5m: strong_bearish
  🔲 Regime: RANGING | Range pos: 67% | RSI: 41.9
  💰 Daily P&L: $+0.00

[2026-05-26 11:17] O:7524.50 H:7525.50 L:7524.25 C:7525.25 V:1310.0
  📈 Trend: moderate_bearish | 🌍 Regime: ranging
  🗺️  Grid: 0.080% | 🔺 7524.50 🔻 7521.50
  📡 RSI: 44.2 | MACD: -0.65 (prev: -0.88) | ATR: 2.29
  📊 Filled: 0 | Pending: 0 | 5m: strong_bearish
  🔲 Regime: RANGING | Range pos: 77% | RSI: 44.2
  💰 Daily P&L: $+0.00

[2026-05-26 11:18] O:7525.50 H:7527.00 L:7524.50 C:7525.50 V:1613.0
  📈 Trend: moderate_bearish | 🌍 Regime: ranging
  🗺️  Grid: 0.080% | 🔺 7525.50 🔻 7524.25
  📡 RSI: 49.3 | MACD: -0.44 (prev: -0.65) | ATR: 2.30
  📊 Filled: 0 | Pending: 0 | 5m: strong_bearish
  🔲 Regime: RANGING | Range pos: 79% | RSI: 49.3
  💰 Daily P&L: $+0.00

[2026-05-26 11:19] O:7525.50 H:7527.25 L:7525.00 C:7526.50 V:1008.0
  📈 Trend: moderate_bearish | 🌍 Regime: ranging
  🗺️  Grid: 0.080% | 🔺 7527.00 🔻 7524.50
  📡 RSI: 48.6 | MACD: -0.19 (prev: -0.44) | ATR: 2.36
  📊 Filled: 0 | Pending: 0 | 5m: strong_bearish
  🔲 Regime: RANGING | Range pos: 88% | RSI: 48.6
  💰 Daily P&L: $+0.00

[2026-05-26 11:20] O:7526.75 H:7527.25 L:7525.00 C:7526.00 V:1532.0
  📈 Trend: moderate_bearish (raw: strong_bearish) | 🌍 Regime: ranging
  🗺️  Grid: 0.080% | 🔺 7527.25 🔻 7525.00
  📡 RSI: 59.6 | MACD: -0.04 (prev: -0.19) | ATR: 2.20
  📊 Filled: 0 | Pending: 0 | 5m: strong_bearish
  🔲 Regime: RANGING | Range pos: 84% | RSI: 59.6
  💰 Daily P&L: $+0.00

[2026-05-26 11:21] O:7526.00 H:7526.75 L:7525.00 C:7526.50 V:950.0
  📈 Trend: strong_bearish | 🌍 Regime: ranging
  🗺️  Grid: 0.080% | 🔺 7527.25 🔻 7525.00
  📡 RSI: 60.3 | MACD: 0.13 (prev: -0.04) | ATR: 2.21
  📊 Filled: 0 | Pending: 0 | 5m: strong_bearish
  🔲 Regime: RANGING | Range pos: 88% | RSI: 60.3
  💰 Daily P&L: $+0.00

[2026-05-26 11:22] O:7526.50 H:7528.00 L:7526.50 C:7527.00 V:1395.0
  📈 Trend: strong_bearish | 🌍 Regime: ranging
  🗺️  Grid: 0.080% | 🔺 7526.75 🔻 7525.00
  📡 RSI: 68.5 | MACD: 0.29 (prev: 0.13) | ATR: 2.18
  📊 Filled: 0 | Pending: 0 | 5m: strong_bearish
  🔲 Regime: RANGING | Range pos: 91% | RSI: 68.5
  💰 Daily P&L: $+0.00

[2026-05-26 11:23] O:7527.00 H:7528.50 L:7526.25 C:7527.00 V:1383.0
  📈 Trend: strong_bearish (raw: moderate_bullish) | 🌍 Regime: ranging
  🗺️  Grid: 0.080% | 🔺 7528.00 🔻 7526.50
  📡 RSI: 67.9 | MACD: 0.42 (prev: 0.29) | ATR: 2.25
  📊 Filled: 0 | Pending: 0 | 5m: strong_bearish
  🔲 Regime: RANGING | Range pos: 87% | RSI: 67.9
  💰 Daily P&L: $+0.00

[2026-05-26 11:24] O:7527.00 H:7527.75 L:7526.50 C:7527.75 V:1318.0
  📈 Trend: moderate_bullish | 🌍 Regime: ranging
  🗺️  Grid: 0.080% | 🔺 7528.50 🔻 7526.25
  📡 RSI: 76.5 | MACD: 0.57 (prev: 0.42) | ATR: 2.16
  📊 Filled: 0 | Pending: 0 | 5m: strong_bearish
  🔲 Regime: RANGING | Range pos: 93% | RSI: 76.5
  🚫 Raw trend blocks RANGING SHORT | raw: moderate_bullish
  💰 Daily P&L: $+0.00

[2026-05-26 11:25] O:7528.00 H:7529.25 L:7527.25 C:7529.00 V:1662.0
  📈 Trend: moderate_bullish | 🌍 Regime: trending_bullish
  🗺️  Grid: 0.080% | 🔺 7527.75 🔻 7526.50
  📡 RSI: 77.4 | MACD: 0.79 (prev: 0.57) | ATR: 2.16
  📊 Filled: 0 | Pending: 0 | 5m: strong_bearish
  🚫 5m trend mismatch: 1m=moderate_bullish vs 5m=strong_bearish
  💰 Daily P&L: $+0.00

[2026-05-26 11:26] O:7529.25 H:7529.50 L:7528.50 C:7529.25 V:1755.0
  📈 Trend: moderate_bullish | 🌍 Regime: trending_bullish
  🗺️  Grid: 0.080% | 🔺 7529.25 🔻 7527.25
  📡 RSI: 76.9 | MACD: 0.97 (prev: 0.79) | ATR: 2.07
  📊 Filled: 0 | Pending: 0 | 5m: strong_bearish
  🚫 5m trend mismatch: 1m=moderate_bullish vs 5m=strong_bearish
  💰 Daily P&L: $+0.00

[2026-05-26 11:27] O:7529.25 H:7530.00 L:7528.75 C:7529.25 V:1410.0
  📈 Trend: moderate_bullish | 🌍 Regime: trending_bullish
  🗺️  Grid: 0.080% | 🔺 7529.50 🔻 7528.50
  📡 RSI: 72.1 | MACD: 1.10 (prev: 0.97) | ATR: 1.96
  📊 Filled: 0 | Pending: 0 | 5m: strong_bearish
  🚫 5m trend mismatch: 1m=moderate_bullish vs 5m=strong_bearish
  💰 Daily P&L: $+0.00

[2026-05-26 11:28] O:7529.25 H:7530.25 L:7528.25 C:7529.75 V:1388.0
  📈 Trend: moderate_bullish (raw: strong_bullish) | 🌍 Regime: trending_bullish
  🗺️  Grid: 0.080% | 🔺 7530.00 🔻 7528.75
  📡 RSI: 89.2 | MACD: 1.22 (prev: 1.10) | ATR: 1.91
  📊 Filled: 0 | Pending: 0 | 5m: strong_bearish
  🚫 5m trend mismatch: 1m=moderate_bullish vs 5m=strong_bearish
  💰 Daily P&L: $+0.00

[2026-05-26 11:29] O:7530.00 H:7531.25 L:7530.00 C:7530.75 V:1329.0
  📈 Trend: strong_bullish | 🌍 Regime: trending_bullish
  🗺️  Grid: 0.080% | 🔺 7530.25 🔻 7528.25
  📡 RSI: 94.9 | MACD: 1.39 (prev: 1.22) | ATR: 1.84
  📊 Filled: 0 | Pending: 0 | 5m: strong_bearish
  🚫 5m trend mismatch: 1m=strong_bullish vs 5m=strong_bearish
  💰 Daily P&L: $+0.00

[2026-05-26 11:30] O:7531.00 H:7532.50 L:7530.25 C:7532.25 V:1847.0
  📈 Trend: strong_bullish | 🌍 Regime: trending_bullish
  🗺️  Grid: 0.080% | 🔺 7531.25 🔻 7530.00
  📡 RSI: 94.4 | MACD: 1.63 (prev: 1.39) | ATR: 1.79
  📊 Filled: 0 | Pending: 0 | 5m: strong_bearish
  🚫 5m trend mismatch: 1m=strong_bullish vs 5m=strong_bearish
  💰 Daily P&L: $+0.00

[2026-05-26 11:31] O:7532.25 H:7532.75 L:7531.25 C:7531.25 V:1638.0
  📈 Trend: strong_bullish | 🌍 Regime: trending_bullish
  🗺️  Grid: 0.080% | 🔺 7532.50 🔻 7530.25
  📡 RSI: 83.3 | MACD: 1.71 (prev: 1.63) | ATR: 1.80
  📊 Filled: 0 | Pending: 0 | 5m: strong_bearish
  🚫 5m trend mismatch: 1m=strong_bullish vs 5m=strong_bearish
  💰 Daily P&L: $+0.00

[2026-05-26 11:32] O:7531.50 H:7532.75 L:7531.50 C:7532.50 V:2240.0
  📈 Trend: strong_bullish | 🌍 Regime: trending_bullish
  🗺️  Grid: 0.080% | 🔺 7532.75 🔻 7531.25
  📡 RSI: 85.0 | MACD: 1.86 (prev: 1.71) | ATR: 1.73
  📊 Filled: 0 | Pending: 0 | 5m: strong_bearish
  🚫 5m trend mismatch: 1m=strong_bullish vs 5m=strong_bearish
  💰 Daily P&L: $+0.00

[2026-05-26 11:33] O:7532.50 H:7534.00 L:7531.50 C:7532.50 V:4222.0
  📈 Trend: strong_bullish | 🌍 Regime: trending_bullish
  🗺️  Grid: 0.080% | 🔺 7532.75 🔻 7531.50
  📡 RSI: 83.3 | MACD: 1.95 (prev: 1.86) | ATR: 1.75
  📊 Filled: 0 | Pending: 0 | 5m: moderate_bearish
  🚫 5m trend mismatch: 1m=strong_bullish vs 5m=moderate_bearish
  💰 Daily P&L: $+0.00

[2026-05-26 11:34] O:7532.50 H:7533.50 L:7532.00 C:7533.25 V:1427.0
  📈 Trend: strong_bullish | 🌍 Regime: trending_bullish
  🗺️  Grid: 0.080% | 🔺 7534.00 🔻 7531.50
  📡 RSI: 89.2 | MACD: 2.06 (prev: 1.95) | ATR: 1.70
  📊 Filled: 0 | Pending: 0 | 5m: moderate_bearish
  🚫 5m trend mismatch: 1m=strong_bullish vs 5m=moderate_bearish
  💰 Daily P&L: $+0.00

[2026-05-26 11:35] O:7533.25 H:7534.00 L:7532.75 C:7533.25 V:1603.0
  📈 Trend: strong_bullish | 🌍 Regime: trending_bullish
  🗺️  Grid: 0.080% | 🔺 7533.50 🔻 7532.00
  📡 RSI: 88.6 | MACD: 2.13 (prev: 2.06) | ATR: 1.66
  📊 Filled: 0 | Pending: 0 | 5m: moderate_bearish
  🚫 5m trend mismatch: 1m=strong_bullish vs 5m=moderate_bearish
  💰 Daily P&L: $+0.00

[2026-05-26 11:36] O:7533.50 H:7533.75 L:7532.25 C:7532.50 V:1020.0
  📈 Trend: strong_bullish | 🌍 Regime: trending_bullish
  🗺️  Grid: 0.080% | 🔺 7534.00 🔻 7532.75
  📡 RSI: 80.6 | MACD: 2.09 (prev: 2.13) | ATR: 1.66
  📊 Filled: 0 | Pending: 0 | 5m: moderate_bearish
  🚫 5m trend mismatch: 1m=strong_bullish vs 5m=moderate_bearish
  💰 Daily P&L: $+0.00

[2026-05-26 11:37] O:7532.50 H:7533.00 L:7530.50 C:7531.25 V:1801.0
  📈 Trend: strong_bullish | 🌍 Regime: trending_bullish
  🗺️  Grid: 0.080% | 🔺 7533.75 🔻 7532.25
  📡 RSI: 70.7 | MACD: 1.94 (prev: 2.09) | ATR: 1.68
  📊 Filled: 0 | Pending: 0 | 5m: moderate_bearish
  🚫 5m trend mismatch: 1m=strong_bullish vs 5m=moderate_bearish
  💰 Daily P&L: $+0.00

[2026-05-26 11:38] O:7531.50 H:7533.00 L:7531.25 C:7532.50 V:906.0
  📈 Trend: strong_bullish | 🌍 Regime: trending_bullish
  🗺️  Grid: 0.080% | 🔺 7533.00 🔻 7530.50
  📡 RSI: 72.1 | MACD: 1.90 (prev: 1.94) | ATR: 1.71
  📊 Filled: 0 | Pending: 0 | 5m: moderate_bearish
  🚫 5m trend mismatch: 1m=strong_bullish vs 5m=moderate_bearish
  💰 Daily P&L: $+0.00

[2026-05-26 11:39] O:7532.75 H:7533.00 L:7530.50 C:7530.50 V:863.0
  📈 Trend: strong_bullish (raw: moderate_bullish) | 🌍 Regime: ranging
  🗺️  Grid: 0.080% | 🔺 7533.00 🔻 7531.25
  📡 RSI: 56.5 | MACD: 1.69 (prev: 1.90) | ATR: 1.75
  📊 Filled: 0 | Pending: 0 | 5m: moderate_bearish
  🔲 Regime: RANGING | Range pos: 75% | RSI: 56.5
  💰 Daily P&L: $+0.00

[2026-05-26 11:40] O:7530.50 H:7530.75 L:7528.00 C:7528.25 V:1913.0
  📈 Trend: moderate_bullish | 🌍 Regime: ranging
  🗺️  Grid: 0.080% | 🔺 7533.00 🔻 7530.50
  📡 RSI: 46.3 | MACD: 1.32 (prev: 1.69) | ATR: 1.88
  📊 Filled: 0 | Pending: 0 | 5m: moderate_bearish
  🔲 Regime: RANGING | Range pos: 60% | RSI: 46.3
  💰 Daily P&L: $+0.00

[2026-05-26 11:41] O:7528.00 H:7528.50 L:7526.75 C:7527.75 V:2014.0
  📈 Trend: moderate_bullish | 🌍 Regime: ranging
  🗺️  Grid: 0.080% | 🔺 7530.75 🔻 7528.00
  📡 RSI: 44.6 | MACD: 0.98 (prev: 1.32) | ATR: 1.91
  📊 Filled: 0 | Pending: 0 | 5m: moderate_bearish
  🔲 Regime: RANGING | Range pos: 50% | RSI: 44.6
  💰 Daily P&L: $+0.00

[2026-05-26 11:42] O:7528.00 H:7528.25 L:7527.00 C:7527.25 V:1006.0
  📈 Trend: moderate_bullish | 🌍 Regime: ranging
  🗺️  Grid: 0.080% | 🔺 7528.50 🔻 7526.75
  📡 RSI: 41.1 | MACD: 0.66 (prev: 0.98) | ATR: 1.86
  📊 Filled: 0 | Pending: 0 | 5m: moderate_bearish
  🔲 Regime: RANGING | Range pos: 46% | RSI: 41.1
  💰 Daily P&L: $+0.00

[2026-05-26 11:43] O:7527.25 H:7527.75 L:7526.00 C:7526.75 V:1454.0
  📈 Trend: moderate_bullish (raw: moderate_bearish) | 🌍 Regime: ranging
  🗺️  Grid: 0.080% | 🔺 7528.25 🔻 7527.00
  📡 RSI: 35.2 | MACD: 0.37 (prev: 0.66) | ATR: 1.88
  📊 Filled: 0 | Pending: 0 | 5m: moderate_bearish
  🔲 Regime: RANGING | Range pos: 42% | RSI: 35.2
  💰 Daily P&L: $+0.00

[2026-05-26 11:44] O:7526.75 H:7527.00 L:7525.50 C:7526.00 V:1333.0
  📈 Trend: moderate_bearish | 🌍 Regime: ranging
  🗺️  Grid: 0.080% | 🔺 7527.75 🔻 7526.00
  📡 RSI: 25.5 | MACD: 0.07 (prev: 0.37) | ATR: 1.82
  📊 Filled: 0 | Pending: 0 | 5m: moderate_bearish
  🔲 Regime: RANGING | Range pos: 36% | RSI: 25.5
  💰 Daily P&L: $+0.00

[2026-05-26 11:45] O:7526.00 H:7527.50 L:7524.75 C:7526.75 V:2374.0
  📈 Trend: moderate_bearish (raw: strong_bearish) | 🌍 Regime: ranging
  🗺️  Grid: 0.080% | 🔺 7527.00 🔻 7525.50
  📡 RSI: 32.0 | MACD: -0.10 (prev: 0.07) | ATR: 1.91
  📊 Filled: 0 | Pending: 0 | 5m: moderate_bearish
  🔲 Regime: RANGING | Range pos: 42% | RSI: 32.0
  💰 Daily P&L: $+0.00

[2026-05-26 11:46] O:7526.50 H:7527.75 L:7526.25 C:7527.50 V:1375.0
  📈 Trend: strong_bearish | 🌍 Regime: ranging
  🗺️  Grid: 0.080% | 🔺 7527.50 🔻 7524.75
  📡 RSI: 29.2 | MACD: -0.18 (prev: -0.10) | ATR: 1.91
  📊 Filled: 0 | Pending: 0 | 5m: moderate_bearish
  🔲 Regime: RANGING | Range pos: 33% | RSI: 29.2
  💰 Daily P&L: $+0.00

[2026-05-26 11:47] O:7527.25 H:7528.00 L:7525.25 C:7525.75 V:1389.0
  📈 Trend: strong_bearish | 🌍 Regime: ranging
  🗺️  Grid: 0.080% | 🔺 7527.75 🔻 7526.25
  📡 RSI: 25.5 | MACD: -0.37 (prev: -0.18) | ATR: 1.93
  📊 Filled: 0 | Pending: 0 | 5m: moderate_bearish
  🔲 Regime: RANGING | Range pos: 13% | RSI: 25.5
  🚫 Raw trend blocks RANGING LONG | raw: strong_bearish
  💰 Daily P&L: $+0.00

[2026-05-26 11:48] O:7525.50 H:7526.25 L:7522.00 C:7523.00 V:2604.0
  📈 Trend: strong_bearish | 🌍 Regime: ranging
  🗺️  Grid: 0.080% | 🔺 7528.00 🔻 7525.25
  📡 RSI: 17.5 | MACD: -0.74 (prev: -0.37) | ATR: 2.12
  📊 Filled: 0 | Pending: 0 | 5m: strong_bearish
  🔲 Regime: RANGING | Range pos: 8% | RSI: 17.5
  🚫 Raw trend blocks RANGING LONG | raw: strong_bearish
  💰 Daily P&L: $+0.00

[2026-05-26 11:49] O:7523.00 H:7524.00 L:7522.00 C:7522.00 V:1732.0
  📈 Trend: strong_bearish | 🌍 Regime: ranging
  🗺️  Grid: 0.080% | 🔺 7526.25 🔻 7522.00
  📡 RSI: 16.4 | MACD: -1.10 (prev: -0.74) | ATR: 2.18
  📊 Filled: 0 | Pending: 0 | 5m: strong_bearish
  🔲 Regime: RANGING | Range pos: 0% | RSI: 16.4
  🚫 Raw trend blocks RANGING LONG | raw: strong_bearish
  💰 Daily P&L: $+0.00

[2026-05-26 11:50] O:7522.25 H:7525.25 L:7522.00 C:7524.50 V:1714.0
  📈 Trend: strong_bearish | 🌍 Regime: trending_bearish
  🗺️  Grid: 0.080% | 🔺 7524.00 🔻 7522.00
  📡 RSI: 28.4 | MACD: -1.17 (prev: -1.10) | ATR: 2.30
  📊 Filled: 0 | Pending: 0 | 5m: strong_bearish
  💰 Daily P&L: $+0.00

[2026-05-26 11:51] O:7524.75 H:7525.25 L:7523.75 C:7524.75 V:1362.0
  📈 Trend: strong_bearish | 🌍 Regime: trending_bearish
  🗺️  Grid: 0.080% | 🔺 7525.25 🔻 7522.00
  📡 RSI: 31.4 | MACD: -1.20 (prev: -1.17) | ATR: 2.23
  📊 Filled: 0 | Pending: 0 | 5m: strong_bearish
  💰 Daily P&L: $+0.00

[2026-05-26 11:52] O:7524.75 H:7525.25 L:7522.75 C:7523.00 V:1741.0
  📈 Trend: strong_bearish | 🌍 Regime: trending_bearish
  🗺️  Grid: 0.080% | 🔺 7525.25 🔻 7523.75
  📡 RSI: 23.6 | MACD: -1.34 (prev: -1.20) | ATR: 2.29
  📊 Filled: 0 | Pending: 0 | 5m: strong_bearish
  💰 Daily P&L: $+0.00

[2026-05-26 11:53] O:7522.75 H:7523.75 L:7522.25 C:7523.75 V:1037.0
  📈 Trend: strong_bearish | 🌍 Regime: trending_bearish
  🗺️  Grid: 0.080% | 🔺 7525.25 🔻 7522.75
  📡 RSI: 29.9 | MACD: -1.38 (prev: -1.34) | ATR: 2.21
  📊 Filled: 0 | Pending: 0 | 5m: strong_bearish
  💰 Daily P&L: $+0.00

[2026-05-26 11:54] O:7523.75 H:7526.00 L:7523.50 C:7525.75 V:1484.0
  📈 Trend: strong_bearish | 🌍 Regime: trending_bearish
  🗺️  Grid: 0.080% | 🔺 7523.75 🔻 7522.25
  📡 RSI: 42.4 | MACD: -1.23 (prev: -1.38) | ATR: 2.20
  📊 Filled: 0 | Pending: 0 | 5m: strong_bearish
  💰 Daily P&L: $+0.00

[2026-05-26 11:55] O:7525.75 H:7526.25 L:7524.25 C:7525.25 V:1317.0
  📈 Trend: strong_bearish | 🌍 Regime: trending_bearish
  🗺️  Grid: 0.080% | 🔺 7526.00 🔻 7523.50
  📡 RSI: 42.4 | MACD: -1.14 (prev: -1.23) | ATR: 2.21
  📊 Filled: 0 | Pending: 0 | 5m: strong_bearish
  💰 Daily P&L: $+0.00

[2026-05-26 11:56] O:7525.25 H:7526.00 L:7524.50 C:7525.00 V:943.0
  📈 Trend: strong_bearish | 🌍 Regime: trending_bearish
  🗺️  Grid: 0.080% | 🔺 7526.25 🔻 7524.25
  📡 RSI: 43.1 | MACD: -1.08 (prev: -1.14) | ATR: 2.23
  📊 Filled: 0 | Pending: 0 | 5m: strong_bearish
  💰 Daily P&L: $+0.00

[2026-05-26 11:57] O:7525.25 H:7525.50 L:7523.50 C:7523.75 V:1280.0
  📈 Trend: strong_bearish | 🌍 Regime: trending_bearish
  🗺️  Grid: 0.080% | 🔺 7526.00 🔻 7524.50
  📡 RSI: 41.2 | MACD: -1.12 (prev: -1.08) | ATR: 2.25
  📊 Filled: 0 | Pending: 0 | 5m: strong_bearish
  💰 Daily P&L: $+0.00

[2026-05-26 11:58] O:7523.75 H:7524.50 L:7523.00 C:7523.75 V:865.0
  📈 Trend: strong_bearish | 🌍 Regime: trending_bearish
  🗺️  Grid: 0.080% | 🔺 7525.50 🔻 7523.50
  📡 RSI: 43.1 | MACD: -1.13 (prev: -1.12) | ATR: 2.25
  📊 Filled: 0 | Pending: 0 | 5m: strong_bearish
  💰 Daily P&L: $+0.00

[2026-05-26 11:59] O:7523.75 H:7524.00 L:7523.00 C:7523.50 V:834.0
  📈 Trend: strong_bearish | 🌍 Regime: trending_bearish
  🗺️  Grid: 0.080% | 🔺 7524.50 🔻 7523.00
  📡 RSI: 39.7 | MACD: -1.15 (prev: -1.13) | ATR: 2.12
  📊 Filled: 0 | Pending: 0 | 5m: strong_bearish
  💰 Daily P&L: $+0.00

[2026-05-26 12:00] O:7523.50 H:7526.50 L:7522.50 C:7526.25 V:1541.0
  📈 Trend: strong_bearish | 🌍 Regime: trending_bearish
  🗺️  Grid: 0.080% | 🔺 7524.00 🔻 7523.00
  📡 RSI: 46.5 | MACD: -0.94 (prev: -1.15) | ATR: 2.30
  📊 Filled: 0 | Pending: 0 | 5m: strong_bearish
  🕐 Outside session (12:00 CT) — no entries
  💰 Daily P&L: $+0.00

[2026-05-26 12:01] O:7526.50 H:7527.50 L:7526.50 C:7527.00 V:1402.0
  📈 Trend: strong_bearish | 🌍 Regime: ranging
  🗺️  Grid: 0.080% | 🔺 7526.50 🔻 7522.50
  📡 RSI: 53.7 | MACD: -0.70 (prev: -0.94) | ATR: 2.20
  📊 Filled: 0 | Pending: 0 | 5m: strong_bearish
  🕐 Outside session (12:01 CT) — no entries
  💰 Daily P&L: $+0.00

[2026-05-26 12:02] O:7527.00 H:7528.00 L:7526.50 C:7527.50 V:1473.0
  📈 Trend: strong_bearish (raw: moderate_bearish) | 🌍 Regime: ranging
  🗺️  Grid: 0.080% | 🔺 7527.50 🔻 7526.50
  📡 RSI: 65.5 | MACD: -0.46 (prev: -0.70) | ATR: 2.00
  📊 Filled: 0 | Pending: 0 | 5m: strong_bearish
  🕐 Outside session (12:02 CT) — no entries
  💰 Daily P&L: $+0.00

[2026-05-26 12:03] O:7527.25 H:7528.00 L:7526.00 C:7526.25 V:1493.0
  📈 Trend: moderate_bearish | 🌍 Regime: ranging
  🗺️  Grid: 0.080% | 🔺 7528.00 🔻 7526.50
  📡 RSI: 64.4 | MACD: -0.37 (prev: -0.46) | ATR: 2.00
  📊 Filled: 0 | Pending: 0 | 5m: strong_bearish
  🕐 Outside session (12:03 CT) — no entries
  💰 Daily P&L: $+0.00

[2026-05-26 12:04] O:7526.25 H:7526.25 L:7524.25 C:7524.75 V:1605.0
  📈 Trend: moderate_bearish (raw: strong_bearish) | 🌍 Regime: ranging
  🗺️  Grid: 0.080% | 🔺 7528.00 🔻 7526.00
  📡 RSI: 50.9 | MACD: -0.42 (prev: -0.37) | ATR: 1.91
  📊 Filled: 0 | Pending: 0 | 5m: strong_bearish
  🕐 Outside session (12:04 CT) — no entries
  💰 Daily P&L: $+0.00

[2026-05-26 12:05] O:7524.75 H:7525.50 L:7523.50 C:7524.25 V:1159.0
  📈 Trend: strong_bearish | 🌍 Regime: ranging
  🗺️  Grid: 0.080% | 🔺 7526.25 🔻 7524.25
  📡 RSI: 48.2 | MACD: -0.49 (prev: -0.42) | ATR: 1.95
  📊 Filled: 0 | Pending: 0 | 5m: strong_bearish
  🕐 Outside session (12:05 CT) — no entries
  💰 Daily P&L: $+0.00

[2026-05-26 12:06] O:7524.50 H:7525.75 L:7524.25 C:7525.25 V:1054.0
  📈 Trend: strong_bearish | 🌍 Regime: ranging
  🗺️  Grid: 0.080% | 🔺 7525.50 🔻 7523.50
  📡 RSI: 58.5 | MACD: -0.46 (prev: -0.49) | ATR: 1.88
  📊 Filled: 0 | Pending: 0 | 5m: strong_bearish
  🕐 Outside session (12:06 CT) — no entries
  💰 Daily P&L: $+0.00

[2026-05-26 12:07] O:7525.25 H:7526.50 L:7524.50 C:7524.75 V:975.0
  📈 Trend: strong_bearish (raw: moderate_bearish) | 🌍 Regime: ranging
  🗺️  Grid: 0.080% | 🔺 7525.75 🔻 7524.25
  📡 RSI: 53.8 | MACD: -0.47 (prev: -0.46) | ATR: 1.91
  📊 Filled: 0 | Pending: 0 | 5m: strong_bearish
  🕐 Outside session (12:07 CT) — no entries
  💰 Daily P&L: $+0.00

[2026-05-26 12:08] O:7524.75 H:7525.75 L:7523.75 C:7524.25 V:1191.0
  📈 Trend: moderate_bearish | 🌍 Regime: ranging
  🗺️  Grid: 0.080% | 🔺 7526.50 🔻 7524.50
  📡 RSI: 43.5 | MACD: -0.51 (prev: -0.47) | ATR: 1.88
  📊 Filled: 0 | Pending: 0 | 5m: strong_bearish
  🕐 Outside session (12:08 CT) — no entries
  💰 Daily P&L: $+0.00

[2026-05-26 12:09] O:7524.25 H:7525.00 L:7523.25 C:7524.75 V:925.0
  📈 Trend: moderate_bearish | 🌍 Regime: ranging
  🗺️  Grid: 0.080% | 🔺 7525.75 🔻 7523.75
  📡 RSI: 47.8 | MACD: -0.50 (prev: -0.51) | ATR: 1.86
  📊 Filled: 0 | Pending: 0 | 5m: strong_bearish
  🕐 Outside session (12:09 CT) — no entries
  💰 Daily P&L: $+0.00

[2026-05-26 12:10] O:7524.75 H:7525.25 L:7523.50 C:7525.25 V:1040.0
  📈 Trend: moderate_bearish | 🌍 Regime: ranging
  🗺️  Grid: 0.080% | 🔺 7525.00 🔻 7523.25
  📡 RSI: 51.1 | MACD: -0.44 (prev: -0.50) | ATR: 1.88
  📊 Filled: 0 | Pending: 0 | 5m: strong_bearish
  🕐 Outside session (12:10 CT) — no entries
  💰 Daily P&L: $+0.00

[2026-05-26 12:11] O:7525.00 H:7526.00 L:7524.50 C:7525.50 V:755.0
  📈 Trend: moderate_bearish | 🌍 Regime: ranging
  🗺️  Grid: 0.080% | 🔺 7525.25 🔻 7523.50
  📡 RSI: 58.1 | MACD: -0.38 (prev: -0.44) | ATR: 1.84
  📊 Filled: 0 | Pending: 0 | 5m: strong_bearish
  🕐 Outside session (12:11 CT) — no entries
  💰 Daily P&L: $+0.00

[2026-05-26 12:12] O:7525.50 H:7526.50 L:7525.25 C:7525.25 V:956.0
  📈 Trend: moderate_bearish | 🌍 Regime: ranging
  🗺️  Grid: 0.080% | 🔺 7526.00 🔻 7524.50
  📡 RSI: 56.8 | MACD: -0.34 (prev: -0.38) | ATR: 1.82
  📊 Filled: 0 | Pending: 0 | 5m: strong_bearish
  🕐 Outside session (12:12 CT) — no entries
  💰 Daily P&L: $+0.00

[2026-05-26 12:13] O:7525.50 H:7527.00 L:7525.50 C:7526.75 V:897.0
  📈 Trend: moderate_bearish | 🌍 Regime: ranging
  🗺️  Grid: 0.080% | 🔺 7526.50 🔻 7525.25
  📡 RSI: 63.3 | MACD: -0.18 (prev: -0.34) | ATR: 1.88
  📊 Filled: 0 | Pending: 0 | 5m: strong_bearish
  🕐 Outside session (12:13 CT) — no entries
  💰 Daily P&L: $+0.00

[2026-05-26 12:14] O:7527.00 H:7527.50 L:7526.25 C:7526.25 V:1079.0
  📈 Trend: moderate_bearish | 🌍 Regime: ranging
  🗺️  Grid: 0.080% | 🔺 7527.00 🔻 7525.50
  📡 RSI: 50.0 | MACD: -0.10 (prev: -0.18) | ATR: 1.68
  📊 Filled: 0 | Pending: 0 | 5m: strong_bearish
  🕐 Outside session (12:14 CT) — no entries
  💰 Daily P&L: $+0.00

[2026-05-26 12:15] O:7526.25 H:7526.75 L:7525.50 C:7526.00 V:779.0
  📈 Trend: moderate_bearish | 🌍 Regime: ranging
  🗺️  Grid: 0.080% | 🔺 7527.50 🔻 7526.25
  📡 RSI: 44.7 | MACD: -0.06 (prev: -0.10) | ATR: 1.68
  📊 Filled: 0 | Pending: 0 | 5m: strong_bearish
  🕐 Outside session (12:15 CT) — no entries
  💰 Daily P&L: $+0.00

[2026-05-26 12:16] O:7526.00 H:7526.25 L:7524.00 C:7524.25 V:1241.0
  📈 Trend: moderate_bearish | 🌍 Regime: ranging
  🗺️  Grid: 0.080% | 🔺 7526.75 🔻 7525.50
  📡 RSI: 34.9 | MACD: -0.16 (prev: -0.06) | ATR: 1.73
  📊 Filled: 0 | Pending: 0 | 5m: strong_bearish
  🕐 Outside session (12:16 CT) — no entries
  💰 Daily P&L: $+0.00

[2026-05-26 12:17] O:7524.25 H:7524.50 L:7523.25 C:7523.50 V:1146.0
  📈 Trend: moderate_bearish (raw: strong_bearish) | 🌍 Regime: ranging
  🗺️  Grid: 0.080% | 🔺 7526.25 🔻 7524.00
  📡 RSI: 36.6 | MACD: -0.30 (prev: -0.16) | ATR: 1.68
  📊 Filled: 0 | Pending: 0 | 5m: strong_bearish
  🕐 Outside session (12:17 CT) — no entries
  💰 Daily P&L: $+0.00

[2026-05-26 12:18] O:7523.50 H:7524.50 L:7523.25 C:7523.75 V:828.0
  📈 Trend: strong_bearish | 🌍 Regime: ranging
  🗺️  Grid: 0.080% | 🔺 7524.50 🔻 7523.25
  📡 RSI: 44.4 | MACD: -0.38 (prev: -0.30) | ATR: 1.62
  📊 Filled: 0 | Pending: 0 | 5m: strong_bearish
  🕐 Outside session (12:18 CT) — no entries
  💰 Daily P&L: $+0.00

[2026-05-26 12:19] O:7524.00 H:7524.50 L:7520.75 C:7521.25 V:2033.0
  📈 Trend: strong_bearish | 🌍 Regime: ranging
  🗺️  Grid: 0.080% | 🔺 7524.50 🔻 7523.25
  📡 RSI: 36.4 | MACD: -0.65 (prev: -0.38) | ATR: 1.75
  📊 Filled: 0 | Pending: 0 | 5m: strong_bearish
  🕐 Outside session (12:19 CT) — no entries
  💰 Daily P&L: $+0.00

[2026-05-26 12:20] O:7521.25 H:7522.75 L:7520.25 C:7522.50 V:1820.0
  📈 Trend: strong_bearish | 🌍 Regime: ranging
  🗺️  Grid: 0.080% | 🔺 7524.50 🔻 7520.75
  📡 RSI: 37.8 | MACD: -0.74 (prev: -0.65) | ATR: 1.82
  📊 Filled: 0 | Pending: 0 | 5m: strong_bearish
  🕐 Outside session (12:20 CT) — no entries
  💰 Daily P&L: $+0.00

[2026-05-26 12:21] O:7522.50 H:7523.75 L:7522.25 C:7523.00 V:1037.0
  📈 Trend: strong_bearish | 🌍 Regime: ranging
  🗺️  Grid: 0.080% | 🔺 7522.75 🔻 7520.25
  📡 RSI: 42.2 | MACD: -0.77 (prev: -0.74) | ATR: 1.79
  📊 Filled: 0 | Pending: 0 | 5m: strong_bearish
  🕐 Outside session (12:21 CT) — no entries
  💰 Daily P&L: $+0.00

[2026-05-26 12:22] O:7523.25 H:7523.75 L:7522.00 C:7522.25 V:1130.0
  📈 Trend: strong_bearish | 🌍 Regime: ranging
  🗺️  Grid: 0.080% | 🔺 7523.75 🔻 7522.25
  📡 RSI: 41.3 | MACD: -0.85 (prev: -0.77) | ATR: 1.77
  📊 Filled: 0 | Pending: 0 | 5m: strong_bearish
  🕐 Outside session (12:22 CT) — no entries
  💰 Daily P&L: $+0.00

[2026-05-26 12:23] O:7522.50 H:7522.75 L:7521.00 C:7521.00 V:1104.0
  📈 Trend: strong_bearish | 🌍 Regime: ranging
  🗺️  Grid: 0.080% | 🔺 7523.75 🔻 7522.00
  📡 RSI: 34.7 | MACD: -0.99 (prev: -0.85) | ATR: 1.77
  📊 Filled: 0 | Pending: 0 | 5m: strong_bearish
  🕐 Outside session (12:23 CT) — no entries
  💰 Daily P&L: $+0.00

[2026-05-26 12:24] O:7521.00 H:7521.25 L:7520.00 C:7520.75 V:1598.0
  📈 Trend: strong_bearish | 🌍 Regime: ranging
  🗺️  Grid: 0.080% | 🔺 7522.75 🔻 7521.00
  📡 RSI: 31.2 | MACD: -1.12 (prev: -0.99) | ATR: 1.73
  📊 Filled: 0 | Pending: 0 | 5m: strong_bearish
  🕐 Outside session (12:24 CT) — no entries
  💰 Daily P&L: $+0.00

[2026-05-26 12:25] O:7520.75 H:7521.00 L:7518.50 C:7519.25 V:2736.0
  📈 Trend: strong_bearish | 🌍 Regime: ranging
  🗺️  Grid: 0.080% | 🔺 7521.25 🔻 7520.00
  📡 RSI: 26.4 | MACD: -1.32 (prev: -1.12) | ATR: 1.80
  📊 Filled: 0 | Pending: 0 | 5m: strong_bearish
  🕐 Outside session (12:25 CT) — no entries
  💰 Daily P&L: $+0.00
→ Real-time bars cancelled
✓ Disconnected from IBKR
