2026-05-20 11:36:06 | ERROR    | unhandled exception during asyncio.run() shutdown
task: <Task finished name='Task-186' coro=<<async_generator_athrow without __name__>()> exception=ConnectionError('Not connected')>
Traceback (most recent call last):
  File "C:\Users\essel\Desktop\Coding\ES-Robust\broker.py", line 104, in stream_1m_bars
    yield bar
asyncio.exceptions.CancelledError

During handling of the above exception, another exception occurred:

Traceback (most recent call last):
  File "C:\Python312\Lib\asyncio\tasks.py", line 316, in __step_run_and_handle_result
    result = coro.throw(exc)
             ^^^^^^^^^^^^^^^
  File "C:\Users\essel\Desktop\Coding\ES-Robust\broker.py", line 107, in stream_1m_bars
    self.ib.cancelRealTimeBars(self._rt_bars)
  File "C:\Python312\Lib\site-packages\ib_insync\ib.py", line 1018, in cancelRealTimeBars
    self.client.cancelRealTimeBars(bars.reqId)
  File "C:\Python312\Lib\site-packages\ib_insync\client.py", line 791, in cancelRealTimeBars
    self.send(51, 1, reqId)
  File "C:\Python312\Lib\site-packages\ib_insync\client.py", line 238, in send
    raise ConnectionError('Not connected')
ConnectionError: Not connected
----------------
Account Value: $1,051,554.09
Buying Power: $4,192,477.79
Current Position: 0 contracts
------------------------------------------------------------

============================================================
Starting live 1-minute bar stream...
Strategy is now ACTIVE (client ID: 11)
============================================================

→ Subscribed to 5-second real-time bars (aggregating to 1 min)

[2026-05-20 07:36] O:7412.75 H:7414.25 L:7412.75 C:7414.25 V:126.0
  📈 Trend: sideways (raw: strong_bullish)
  🗺️  Grid: 0.080% | 🔺 7415.00 🔻 7412.75
  📡 RSI: 67.3 | MACD: 2.58 (prev: 2.54) | ATR: 2.86
  📊 Filled: 0 | Pending: 0 | 5m: sideways
  🕐 Outside session (07:36 CT) — no entries
  💰 Daily P&L: $+0.00

[2026-05-20 07:37] O:7414.00 H:7414.50 L:7411.75 C:7412.00 V:715.0
  📈 Trend: strong_bullish
  🗺️  Grid: 0.080% | 🔺 7414.25 🔻 7412.75
  📡 RSI: 57.7 | MACD: 2.40 (prev: 2.58) | ATR: 2.88
  📊 Filled: 0 | Pending: 0 | 5m: sideways
  🕐 Outside session (07:37 CT) — no entries
  💰 Daily P&L: $+0.00

[2026-05-20 07:38] O:7411.75 H:7412.25 L:7409.75 C:7409.75 V:366.0
  📈 Trend: strong_bullish
  🗺️  Grid: 0.080% | 🔺 7414.50 🔻 7411.75
  📡 RSI: 46.8 | MACD: 2.06 (prev: 2.40) | ATR: 2.77
  📊 Filled: 0 | Pending: 0 | 5m: sideways
  🕐 Outside session (07:38 CT) — no entries
  💰 Daily P&L: $+0.00

[2026-05-20 07:39] O:7409.75 H:7411.00 L:7409.50 C:7410.00 V:387.0
  📈 Trend: strong_bullish
  🗺️  Grid: 0.080% | 🔺 7412.25 🔻 7409.75
  📡 RSI: 52.3 | MACD: 1.78 (prev: 2.06) | ATR: 2.43
  📊 Filled: 0 | Pending: 0 | 5m: sideways
  🕐 Outside session (07:39 CT) — no entries
  💰 Daily P&L: $+0.00

[2026-05-20 07:40] O:7410.25 H:7410.75 L:7408.00 C:7408.75 V:408.0
  📈 Trend: strong_bullish
  🗺️  Grid: 0.080% | 🔺 7411.00 🔻 7409.50
  📡 RSI: 50.0 | MACD: 1.44 (prev: 1.78) | ATR: 2.52
  📊 Filled: 0 | Pending: 0 | 5m: sideways
  🕐 Outside session (07:40 CT) — no entries
  💰 Daily P&L: $+0.00

[2026-05-20 07:41] O:7408.75 H:7410.00 L:7408.00 C:7408.75 V:451.0
  📈 Trend: strong_bullish
  🗺️  Grid: 0.080% | 🔺 7410.75 🔻 7408.00
  📡 RSI: 45.1 | MACD: 1.16 (prev: 1.44) | ATR: 2.52
  📊 Filled: 0 | Pending: 0 | 5m: sideways
  🕐 Outside session (07:41 CT) — no entries
  💰 Daily P&L: $+0.00

[2026-05-20 07:42] O:7409.00 H:7409.50 L:7408.25 C:7408.75 V:329.0
  📈 Trend: strong_bullish
  🗺️  Grid: 0.080% | 🔺 7410.00 🔻 7408.00
  📡 RSI: 40.0 | MACD: 0.93 (prev: 1.16) | ATR: 2.43
  📊 Filled: 0 | Pending: 0 | 5m: sideways
  🕐 Outside session (07:42 CT) — no entries
  💰 Daily P&L: $+0.00

[2026-05-20 07:43] O:7408.75 H:7409.50 L:7408.25 C:7409.00 V:220.0
  📈 Trend: strong_bullish (raw: moderate_bullish)
  🗺️  Grid: 0.080% | 🔺 7409.50 🔻 7408.25
  📡 RSI: 45.6 | MACD: 0.76 (prev: 0.93) | ATR: 2.21
  📊 Filled: 0 | Pending: 0 | 5m: sideways
  🕐 Outside session (07:43 CT) — no entries
  💰 Daily P&L: $+0.00

[2026-05-20 07:44] O:7408.75 H:7409.25 L:7407.75 C:7407.75 V:199.0
  📈 Trend: moderate_bullish
  🗺️  Grid: 0.080% | 🔺 7409.50 🔻 7408.25
  📡 RSI: 42.5 | MACD: 0.52 (prev: 0.76) | ATR: 2.23
  📊 Filled: 0 | Pending: 0 | 5m: sideways
  🕐 Outside session (07:44 CT) — no entries
  💰 Daily P&L: $+0.00

[2026-05-20 07:45] O:7408.00 H:7409.00 L:7407.25 C:7409.00 V:232.0
  📈 Trend: moderate_bullish (raw: strong_bullish)
  🗺️  Grid: 0.080% | 🔺 7409.25 🔻 7407.75
  📡 RSI: 46.8 | MACD: 0.42 (prev: 0.52) | ATR: 2.23
  📊 Filled: 0 | Pending: 0 | 5m: sideways
  🕐 Outside session (07:45 CT) — no entries
  💰 Daily P&L: $+0.00

[2026-05-20 07:46] O:7409.00 H:7410.25 L:7408.50 C:7409.50 V:312.0
  📈 Trend: moderate_bullish
  🗺️  Grid: 0.080% | 🔺 7409.00 🔻 7407.25
  📡 RSI: 40.6 | MACD: 0.38 (prev: 0.42) | ATR: 2.09
  📊 Filled: 0 | Pending: 0 | 5m: sideways
  🕐 Outside session (07:46 CT) — no entries
  💰 Daily P&L: $+0.00

[2026-05-20 07:47] O:7409.50 H:7410.00 L:7409.00 C:7409.25 V:246.0
  📈 Trend: moderate_bullish
  🗺️  Grid: 0.080% | 🔺 7410.25 🔻 7408.50
  📡 RSI: 26.3 | MACD: 0.32 (prev: 0.38) | ATR: 1.89
  📊 Filled: 0 | Pending: 0 | 5m: sideways
  🕐 Outside session (07:47 CT) — no entries
  💰 Daily P&L: $+0.00

[2026-05-20 07:48] O:7409.25 H:7409.25 L:7408.25 C:7409.00 V:265.0
  📈 Trend: moderate_bullish
  🗺️  Grid: 0.080% | 🔺 7410.00 🔻 7409.00
  📡 RSI: 29.4 | MACD: 0.25 (prev: 0.32) | ATR: 1.77
  📊 Filled: 0 | Pending: 0 | 5m: sideways
  🕐 Outside session (07:48 CT) — no entries
  💰 Daily P&L: $+0.00

[2026-05-20 07:49] O:7409.00 H:7409.50 L:7407.75 C:7408.25 V:368.0
  📈 Trend: moderate_bullish
  🗺️  Grid: 0.080% | 🔺 7409.25 🔻 7408.25
  📡 RSI: 31.2 | MACD: 0.14 (prev: 0.25) | ATR: 1.73
  📊 Filled: 0 | Pending: 0 | 5m: sideways
  🕐 Outside session (07:49 CT) — no entries
  💰 Daily P&L: $+0.00

[2026-05-20 07:50] O:7408.25 H:7408.25 L:7406.25 C:7406.50 V:630.0
  📈 Trend: moderate_bullish
  🗺️  Grid: 0.080% | 🔺 7409.50 🔻 7407.75
  📡 RSI: 18.4 | MACD: -0.09 (prev: 0.14) | ATR: 1.77
  📊 Filled: 0 | Pending: 0 | 5m: sideways
  🕐 Outside session (07:50 CT) — no entries
  💰 Daily P&L: $+0.00

[2026-05-20 07:51] O:7406.50 H:7406.75 L:7404.75 C:7406.50 V:609.0
  📈 Trend: moderate_bullish
  🗺️  Grid: 0.080% | 🔺 7408.25 🔻 7406.25
  📡 RSI: 22.5 | MACD: -0.27 (prev: -0.09) | ATR: 1.71
  📊 Filled: 0 | Pending: 0 | 5m: sideways
  🕐 Outside session (07:51 CT) — no entries
  💰 Daily P&L: $+0.00

[2026-05-20 07:52] O:7406.25 H:7407.25 L:7405.75 C:7406.75 V:404.0
  📈 Trend: moderate_bullish
  🗺️  Grid: 0.080% | 🔺 7406.75 🔻 7404.75
  📡 RSI: 31.2 | MACD: -0.39 (prev: -0.27) | ATR: 1.64
  📊 Filled: 0 | Pending: 0 | 5m: sideways
  🕐 Outside session (07:52 CT) — no entries
  💰 Daily P&L: $+0.00

[2026-05-20 07:53] O:7407.00 H:7408.75 L:7406.25 C:7408.25 V:760.0
  📈 Trend: moderate_bullish
  🗺️  Grid: 0.080% | 🔺 7407.25 🔻 7405.75
  📡 RSI: 40.5 | MACD: -0.36 (prev: -0.39) | ATR: 1.71
  📊 Filled: 0 | Pending: 0 | 5m: sideways
  🕐 Outside session (07:53 CT) — no entries
  💰 Daily P&L: $+0.00

[2026-05-20 07:54] O:7408.25 H:7409.00 L:7407.50 C:7408.50 V:742.0
  📈 Trend: moderate_bullish
  🗺️  Grid: 0.080% | 🔺 7408.75 🔻 7406.25
  📡 RSI: 48.5 | MACD: -0.31 (prev: -0.36) | ATR: 1.62
  📊 Filled: 0 | Pending: 0 | 5m: sideways
  🕐 Outside session (07:54 CT) — no entries
  💰 Daily P&L: $+0.00

[2026-05-20 07:55] O:7408.50 H:7409.00 L:7406.00 C:7407.25 V:457.0
  📈 Trend: moderate_bullish
  🗺️  Grid: 0.080% | 🔺 7409.00 🔻 7407.50
  📡 RSI: 42.1 | MACD: -0.37 (prev: -0.31) | ATR: 1.70
  📊 Filled: 0 | Pending: 0 | 5m: sideways
  🕐 Outside session (07:55 CT) — no entries
  💰 Daily P&L: $+0.00

[2026-05-20 07:56] O:7407.25 H:7407.75 L:7405.75 C:7405.75 V:297.0
  📈 Trend: moderate_bullish
  🗺️  Grid: 0.080% | 🔺 7409.00 🔻 7406.00
  📡 RSI: 36.4 | MACD: -0.53 (prev: -0.37) | ATR: 1.75
  📊 Filled: 0 | Pending: 0 | 5m: sideways
  🕐 Outside session (07:56 CT) — no entries
  💰 Daily P&L: $+0.00

[2026-05-20 07:57] O:7405.75 H:7406.25 L:7405.25 C:7405.50 V:227.0
  📈 Trend: moderate_bullish
  🗺️  Grid: 0.080% | 🔺 7407.75 🔻 7405.75
  📡 RSI: 34.1 | MACD: -0.67 (prev: -0.53) | ATR: 1.73
  📊 Filled: 0 | Pending: 0 | 5m: sideways
  🕐 Outside session (07:57 CT) — no entries
  💰 Daily P&L: $+0.00

[2026-05-20 07:58] O:7405.50 H:7405.75 L:7403.25 C:7403.75 V:465.0
  📈 Trend: moderate_bullish (raw: strong_bearish)
  🗺️  Grid: 0.080% | 🔺 7406.25 🔻 7405.25
  📡 RSI: 32.6 | MACD: -0.91 (prev: -0.67) | ATR: 1.80
  📊 Filled: 0 | Pending: 0 | 5m: sideways
  🕐 Outside session (07:58 CT) — no entries
  💰 Daily P&L: $+0.00

[2026-05-20 07:59] O:7403.50 H:7403.75 L:7402.25 C:7402.50 V:348.0
  📈 Trend: strong_bearish
  🗺️  Grid: 0.080% | 🔺 7405.75 🔻 7403.25
  📡 RSI: 21.7 | MACD: -1.19 (prev: -0.91) | ATR: 1.79
  📊 Filled: 0 | Pending: 0 | 5m: sideways
  🕐 Outside session (07:59 CT) — no entries
  💰 Daily P&L: $+0.00

[2026-05-20 08:00] O:7402.50 H:7404.00 L:7401.50 C:7403.75 V:669.0
  📈 Trend: strong_bearish
  🗺️  Grid: 0.080% | 🔺 7403.75 🔻 7402.25
  📡 RSI: 26.5 | MACD: -1.30 (prev: -1.19) | ATR: 1.84
  📊 Filled: 0 | Pending: 0 | 5m: sideways
  🕐 Outside session (08:00 CT) — no entries
  💰 Daily P&L: $+0.00

[2026-05-20 08:01] O:7403.75 H:7404.00 L:7402.25 C:7402.50 V:473.0
  📈 Trend: strong_bearish
  🗺️  Grid: 0.080% | 🔺 7404.00 🔻 7401.50
  📡 RSI: 24.5 | MACD: -1.46 (prev: -1.30) | ATR: 1.89
  📊 Filled: 0 | Pending: 0 | 5m: sideways
  🕐 Outside session (08:01 CT) — no entries
  💰 Daily P&L: $+0.00

[2026-05-20 08:02] O:7402.50 H:7402.50 L:7401.00 C:7402.00 V:481.0
  📈 Trend: strong_bearish
  🗺️  Grid: 0.080% | 🔺 7404.00 🔻 7402.25
  📡 RSI: 24.1 | MACD: -1.62 (prev: -1.46) | ATR: 1.93
  📊 Filled: 0 | Pending: 0 | 5m: sideways
  🕐 Outside session (08:02 CT) — no entries
  💰 Daily P&L: $+0.00

[2026-05-20 08:03] O:7402.00 H:7402.50 L:7401.50 C:7402.00 V:529.0
  📈 Trend: strong_bearish
  🗺️  Grid: 0.080% | 🔺 7402.50 🔻 7401.00
  📡 RSI: 25.5 | MACD: -1.72 (prev: -1.62) | ATR: 1.88
  📊 Filled: 0 | Pending: 0 | 5m: sideways
  🕐 Outside session (08:03 CT) — no entries
  💰 Daily P&L: $+0.00

[2026-05-20 08:04] O:7401.75 H:7402.00 L:7401.50 C:7401.75 V:406.0
  📈 Trend: strong_bearish
  🗺️  Grid: 0.080% | 🔺 7402.50 🔻 7401.50
  📡 RSI: 28.9 | MACD: -1.80 (prev: -1.72) | ATR: 1.77
  📊 Filled: 0 | Pending: 0 | 5m: sideways
  🕐 Outside session (08:04 CT) — no entries
  💰 Daily P&L: $+0.00

[2026-05-20 08:05] O:7401.75 H:7403.25 L:7401.75 C:7402.75 V:300.0
  📈 Trend: strong_bearish
  🗺️  Grid: 0.080% | 🔺 7402.00 🔻 7401.50
  📡 RSI: 34.7 | MACD: -1.76 (prev: -1.80) | ATR: 1.73
  📊 Filled: 0 | Pending: 0 | 5m: sideways
  🕐 Outside session (08:05 CT) — no entries
  💰 Daily P&L: $+0.00

[2026-05-20 08:06] O:7402.75 H:7402.75 L:7401.00 C:7402.25 V:431.0
  📈 Trend: strong_bearish
  🗺️  Grid: 0.080% | 🔺 7403.25 🔻 7401.75
  📡 RSI: 32.0 | MACD: -1.75 (prev: -1.76) | ATR: 1.75
  📊 Filled: 0 | Pending: 0 | 5m: sideways
  🕐 Outside session (08:06 CT) — no entries
  💰 Daily P&L: $+0.00

[2026-05-20 08:07] O:7402.00 H:7402.75 L:7401.75 C:7401.75 V:304.0
  📈 Trend: strong_bearish
  🗺️  Grid: 0.080% | 🔺 7402.75 🔻 7401.00
  📡 RSI: 21.7 | MACD: -1.77 (prev: -1.75) | ATR: 1.64
  📊 Filled: 0 | Pending: 0 | 5m: sideways
  🕐 Outside session (08:07 CT) — no entries
  💰 Daily P&L: $+0.00

[2026-05-20 08:08] O:7401.50 H:7402.50 L:7401.00 C:7402.50 V:406.0
  📈 Trend: strong_bearish
  🗺️  Grid: 0.080% | 🔺 7402.75 🔻 7401.75
  📡 RSI: 25.0 | MACD: -1.70 (prev: -1.77) | ATR: 1.64
  📊 Filled: 0 | Pending: 0 | 5m: sideways
  🕐 Outside session (08:08 CT) — no entries
  💰 Daily P&L: $+0.00

[2026-05-20 08:09] O:7402.75 H:7403.50 L:7402.00 C:7402.25 V:368.0
  📈 Trend: strong_bearish
  🗺️  Grid: 0.080% | 🔺 7402.50 🔻 7401.00
  📡 RSI: 27.3 | MACD: -1.64 (prev: -1.70) | ATR: 1.54
  📊 Filled: 0 | Pending: 0 | 5m: sideways
  🕐 Outside session (08:09 CT) — no entries
  💰 Daily P&L: $+0.00

[2026-05-20 08:10] O:7402.25 H:7402.25 L:7401.50 C:7401.75 V:303.0
  📈 Trend: strong_bearish
  🗺️  Grid: 0.080% | 🔺 7403.50 🔻 7402.00
  📡 RSI: 30.0 | MACD: -1.62 (prev: -1.64) | ATR: 1.45
  📊 Filled: 0 | Pending: 0 | 5m: sideways
  🕐 Outside session (08:10 CT) — no entries
  💰 Daily P&L: $+0.00

[2026-05-20 08:11] O:7401.75 H:7402.75 L:7401.25 C:7401.25 V:318.0
  📈 Trend: strong_bearish
  🗺️  Grid: 0.080% | 🔺 7402.25 🔻 7401.50
  📡 RSI: 29.3 | MACD: -1.63 (prev: -1.62) | ATR: 1.48
  📊 Filled: 0 | Pending: 0 | 5m: sideways
  🕐 Outside session (08:11 CT) — no entries
  💰 Daily P&L: $+0.00

[2026-05-20 08:12] O:7401.25 H:7401.75 L:7400.00 C:7401.50 V:393.0
  📈 Trend: strong_bearish
  🗺️  Grid: 0.080% | 🔺 7402.75 🔻 7401.25
  📡 RSI: 37.1 | MACD: -1.59 (prev: -1.63) | ATR: 1.43
  📊 Filled: 0 | Pending: 0 | 5m: sideways
  🕐 Outside session (08:12 CT) — no entries
  💰 Daily P&L: $+0.00

[2026-05-20 08:13] O:7401.75 H:7402.50 L:7401.25 C:7402.25 V:265.0
  📈 Trend: strong_bearish (raw: moderate_bearish)
  🗺️  Grid: 0.080% | 🔺 7401.75 🔻 7400.00
  📡 RSI: 48.5 | MACD: -1.49 (prev: -1.59) | ATR: 1.41
  📊 Filled: 0 | Pending: 0 | 5m: sideways
  🕐 Outside session (08:13 CT) — no entries
  💰 Daily P&L: $+0.00

[2026-05-20 08:14] O:7402.00 H:7402.00 L:7400.75 C:7401.75 V:302.0
  📈 Trend: moderate_bearish
  🗺️  Grid: 0.080% | 🔺 7402.50 🔻 7401.25
  📡 RSI: 36.7 | MACD: -1.43 (prev: -1.49) | ATR: 1.34
  📊 Filled: 0 | Pending: 0 | 5m: sideways
  🕐 Outside session (08:14 CT) — no entries
  💰 Daily P&L: $+0.00

[2026-05-20 08:15] O:7401.50 H:7402.00 L:7400.50 C:7400.75 V:349.0
  📈 Trend: moderate_bearish
  🗺️  Grid: 0.080% | 🔺 7402.00 🔻 7400.75
  📡 RSI: 37.9 | MACD: -1.44 (prev: -1.43) | ATR: 1.32
  📊 Filled: 0 | Pending: 0 | 5m: sideways
  🕐 Outside session (08:15 CT) — no entries
  💰 Daily P&L: $+0.00

[2026-05-20 08:16] O:7400.50 H:7401.00 L:7399.50 C:7399.75 V:618.0
  📈 Trend: moderate_bearish
  🗺️  Grid: 0.080% | 🔺 7402.00 🔻 7400.50
  📡 RSI: 35.5 | MACD: -1.52 (prev: -1.44) | ATR: 1.32
  📊 Filled: 0 | Pending: 0 | 5m: sideways
  🕐 Outside session (08:16 CT) — no entries
  💰 Daily P&L: $+0.00

[2026-05-20 08:17] O:7399.75 H:7401.00 L:7399.75 C:7399.75 V:531.0
  📈 Trend: moderate_bearish (raw: strong_bearish)
  🗺️  Grid: 0.080% | 🔺 7401.00 🔻 7399.50
  📡 RSI: 35.5 | MACD: -1.56 (prev: -1.52) | ATR: 1.34
  📊 Filled: 0 | Pending: 0 | 5m: sideways
  🕐 Outside session (08:17 CT) — no entries
  💰 Daily P&L: $+0.00

[2026-05-20 08:18] O:7399.75 H:7400.00 L:7398.50 C:7399.75 V:633.0
  📈 Trend: strong_bearish
  🗺️  Grid: 0.080% | 🔺 7401.00 🔻 7399.75
  📡 RSI: 36.7 | MACD: -1.58 (prev: -1.56) | ATR: 1.41
  📊 Filled: 0 | Pending: 0 | 5m: sideways
  🕐 Outside session (08:18 CT) — no entries
  💰 Daily P&L: $+0.00

[2026-05-20 08:19] O:7399.75 H:7400.25 L:7399.25 C:7399.25 V:497.0
  📈 Trend: strong_bearish
  🗺️  Grid: 0.080% | 🔺 7400.00 🔻 7398.50
  📡 RSI: 25.0 | MACD: -1.61 (prev: -1.58) | ATR: 1.38
  📊 Filled: 0 | Pending: 0 | 5m: sideways
  🕐 Outside session (08:19 CT) — no entries
  💰 Daily P&L: $+0.00

[2026-05-20 08:20] O:7399.00 H:7401.50 L:7399.00 C:7401.50 V:888.0
  📈 Trend: strong_bearish (raw: moderate_bearish)
  🗺️  Grid: 0.080% | 🔺 7400.25 🔻 7399.25
  📡 RSI: 45.7 | MACD: -1.44 (prev: -1.61) | ATR: 1.43
  📊 Filled: 0 | Pending: 0 | 5m: sideways
  🕐 Outside session (08:20 CT) — no entries
  💰 Daily P&L: $+0.00

[2026-05-20 08:21] O:7401.50 H:7402.00 L:7400.50 C:7400.50 V:505.0
  📈 Trend: moderate_bearish
  🗺️  Grid: 0.080% | 🔺 7401.50 🔻 7399.00
  📡 RSI: 43.2 | MACD: -1.37 (prev: -1.44) | ATR: 1.46
  📊 Filled: 0 | Pending: 0 | 5m: sideways
  🕐 Outside session (08:21 CT) — no entries
  💰 Daily P&L: $+0.00

[2026-05-20 08:22] O:7400.50 H:7401.75 L:7400.50 C:7401.50 V:572.0
  📈 Trend: moderate_bearish
  🗺️  Grid: 0.080% | 🔺 7402.00 🔻 7400.50
  📡 RSI: 44.7 | MACD: -1.22 (prev: -1.37) | ATR: 1.45
  📊 Filled: 0 | Pending: 0 | 5m: sideways
  🕐 Outside session (08:22 CT) — no entries
  💰 Daily P&L: $+0.00

[2026-05-20 08:23] O:7401.50 H:7403.25 L:7401.25 C:7403.00 V:452.0
  📈 Trend: moderate_bearish (raw: moderate_bullish)
  🗺️  Grid: 0.080% | 🔺 7401.75 🔻 7400.50
  📡 RSI: 53.5 | MACD: -0.97 (prev: -1.22) | ATR: 1.48
  📊 Filled: 0 | Pending: 0 | 5m: sideways
  🕐 Outside session (08:23 CT) — no entries
  💰 Daily P&L: $+0.00

[2026-05-20 08:24] O:7403.00 H:7403.50 L:7401.50 C:7402.75 V:596.0
  📈 Trend: moderate_bearish
  🗺️  Grid: 0.080% | 🔺 7403.25 🔻 7401.25
  📡 RSI: 54.8 | MACD: -0.78 (prev: -0.97) | ATR: 1.57
  📊 Filled: 0 | Pending: 0 | 5m: sideways
  🕐 Outside session (08:24 CT) — no entries
  💰 Daily P&L: $+0.00

[2026-05-20 08:25] O:7402.50 H:7402.75 L:7401.25 C:7402.00 V:739.0
  📈 Trend: moderate_bearish
  🗺️  Grid: 0.080% | 🔺 7403.50 🔻 7401.50
  📡 RSI: 53.5 | MACD: -0.68 (prev: -0.78) | ATR: 1.57
  📊 Filled: 0 | Pending: 0 | 5m: sideways
  🕐 Outside session (08:25 CT) — no entries
  💰 Daily P&L: $+0.00

[2026-05-20 08:26] O:7402.00 H:7402.00 L:7399.00 C:7400.50 V:1522.0
  📈 Trend: moderate_bearish
  🗺️  Grid: 0.080% | 🔺 7402.75 🔻 7401.25
  📡 RSI: 45.8 | MACD: -0.72 (prev: -0.68) | ATR: 1.66
  📊 Filled: 0 | Pending: 0 | 5m: sideways
  🕐 Outside session (08:26 CT) — no entries
  💰 Daily P&L: $+0.00

[2026-05-20 08:27] O:7400.50 H:7401.25 L:7398.75 C:7399.50 V:940.0
  📈 Trend: moderate_bearish (raw: strong_bearish)
  🗺️  Grid: 0.080% | 🔺 7402.00 🔻 7399.00
  📡 RSI: 38.8 | MACD: -0.82 (prev: -0.72) | ATR: 1.75
  📊 Filled: 0 | Pending: 0 | 5m: sideways
  🕐 Outside session (08:27 CT) — no entries
  💰 Daily P&L: $+0.00

[2026-05-20 08:28] O:7399.25 H:7399.50 L:7396.00 C:7396.50 V:2243.0
  📈 Trend: strong_bearish
  🗺️  Grid: 0.080% | 🔺 7401.25 🔻 7398.75
  📡 RSI: 32.2 | MACD: -1.13 (prev: -0.82) | ATR: 1.89
  📊 Filled: 0 | Pending: 0 | 5m: sideways
  🕐 Outside session (08:28 CT) — no entries
  💰 Daily P&L: $+0.00

[2026-05-20 08:29] O:7396.50 H:7396.50 L:7393.50 C:7394.75 V:4388.0
  📈 Trend: strong_bearish
  🗺️  Grid: 0.080% | 🔺 7399.50 🔻 7396.00
  📡 RSI: 30.6 | MACD: -1.50 (prev: -1.13) | ATR: 2.00
  📊 Filled: 0 | Pending: 0 | 5m: sideways
  🕐 Outside session (08:29 CT) — no entries
  💰 Daily P&L: $+0.00

[2026-05-20 08:30] O:7394.75 H:7399.00 L:7392.75 C:7394.50 V:12480.0
  📈 Trend: strong_bearish
  🗺️  Grid: 0.080% | 🔺 7396.50 🔻 7393.50
  📡 RSI: 32.2 | MACD: -1.79 (prev: -1.50) | ATR: 2.34
  📊 Filled: 0 | Pending: 0 | 5m: sideways
  🕐 Outside session (08:30 CT) — no entries
  💰 Daily P&L: $+0.00

[2026-05-20 08:31] O:7394.50 H:7397.50 L:7391.00 C:7392.00 V:9388.0
  📈 Trend: strong_bearish
  🗺️  Grid: 0.080% | 🔺 7399.00 🔻 7392.75
  📡 RSI: 27.5 | MACD: -2.19 (prev: -1.79) | ATR: 2.71
  📊 Filled: 0 | Pending: 0 | 5m: sideways
  🕐 Outside session (08:31 CT) — no entries
  💰 Daily P&L: $+0.00

[2026-05-20 08:32] O:7391.75 H:7394.00 L:7389.00 C:7390.75 V:6084.0
  📈 Trend: strong_bearish
  🗺️  Grid: 0.080% | 🔺 7397.50 🔻 7391.00
  📡 RSI: 25.7 | MACD: -2.59 (prev: -2.19) | ATR: 2.96
  📊 Filled: 0 | Pending: 0 | 5m: sideways
  🕐 Outside session (08:32 CT) — no entries
  💰 Daily P&L: $+0.00

[2026-05-20 08:33] O:7390.75 H:7394.00 L:7390.75 C:7393.50 V:5562.0
  📈 Trend: strong_bearish
  🗺️  Grid: 0.080% | 🔺 7394.00 🔻 7389.00
  📡 RSI: 36.1 | MACD: -2.65 (prev: -2.59) | ATR: 3.12
  📊 Filled: 0 | Pending: 0 | 5m: sideways
  🕐 Outside session (08:33 CT) — no entries
  💰 Daily P&L: $+0.00

[2026-05-20 08:34] O:7393.50 H:7395.50 L:7392.50 C:7394.50 V:4334.0
  📈 Trend: strong_bearish
  🗺️  Grid: 0.080% | 🔺 7394.00 🔻 7390.75
  📡 RSI: 32.1 | MACD: -2.59 (prev: -2.65) | ATR: 3.16
  📊 Filled: 0 | Pending: 0 | 5m: sideways
  🕐 Outside session (08:34 CT) — no entries
  💰 Daily P&L: $+0.00

[2026-05-20 08:35] O:7394.50 H:7394.50 L:7383.25 C:7383.25 V:7169.0
  📈 Trend: strong_bearish
  🗺️  Grid: 0.080% | 🔺 7395.50 🔻 7392.50
  📡 RSI: 21.0 | MACD: -3.40 (prev: -2.59) | ATR: 3.86
  📊 Filled: 0 | Pending: 0 | 5m: sideways
  🕐 Outside session (08:35 CT) — no entries
  💰 Daily P&L: $+0.00

[2026-05-20 08:36] O:7383.25 H:7386.00 L:7380.75 C:7385.00 V:8164.0
  📈 Trend: strong_bearish
  🗺️  Grid: 0.080% | 🔺 7394.50 🔻 7383.25
  📡 RSI: 23.0 | MACD: -3.87 (prev: -3.40) | ATR: 4.14
  📊 Filled: 0 | Pending: 0 | 5m: sideways
  🕐 Outside session (08:36 CT) — no entries
  💰 Daily P&L: $+0.00

[2026-05-20 08:37] O:7385.00 H:7389.00 L:7381.50 C:7388.75 V:6672.0
  📈 Trend: strong_bearish
  🗺️  Grid: 0.080% | 🔺 7386.00 🔻 7380.75
  📡 RSI: 28.2 | MACD: -3.89 (prev: -3.87) | ATR: 4.54
  📊 Filled: 0 | Pending: 0 | 5m: sideways
  🕐 Outside session (08:37 CT) — no entries
  💰 Daily P&L: $+0.00

[2026-05-20 08:38] O:7388.75 H:7390.00 L:7383.50 C:7385.25 V:7402.0
  📈 Trend: strong_bearish
  🗺️  Grid: 0.080% | 🔺 7389.00 🔻 7381.50
  📡 RSI: 25.7 | MACD: -4.14 (prev: -3.89) | ATR: 4.86
  📊 Filled: 0 | Pending: 0 | 5m: sideways
  🕐 Outside session (08:38 CT) — no entries
  💰 Daily P&L: $+0.00

[2026-05-20 08:39] O:7385.25 H:7388.25 L:7384.25 C:7387.00 V:4199.0
  📈 Trend: strong_bearish
  🗺️  Grid: 0.082% | 🔺 7390.00 🔻 7383.50
  📡 RSI: 29.7 | MACD: -4.15 (prev: -4.14) | ATR: 5.04
  📊 Filled: 0 | Pending: 0 | 5m: sideways
  🕐 Outside session (08:39 CT) — no entries
  💰 Daily P&L: $+0.00

[2026-05-20 08:40] O:7387.00 H:7393.25 L:7384.50 C:7393.00 V:6601.0
  📈 Trend: strong_bearish
  🗺️  Grid: 0.088% | 🔺 7388.25 🔻 7384.25
  📡 RSI: 41.0 | MACD: -3.63 (prev: -4.15) | ATR: 5.45
  📊 Filled: 0 | Pending: 0 | 5m: sideways
  🕐 Outside session (08:40 CT) — no entries
  💰 Daily P&L: $+0.00

[2026-05-20 08:41] O:7393.00 H:7394.50 L:7389.00 C:7391.00 V:5486.0
  📈 Trend: strong_bearish
  🗺️  Grid: 0.092% | 🔺 7393.25 🔻 7384.50
  📡 RSI: 40.0 | MACD: -3.34 (prev: -3.63) | ATR: 5.66
  📊 Filled: 0 | Pending: 0 | 5m: sideways
  🕐 Outside session (08:41 CT) — no entries
  💰 Daily P&L: $+0.00

[2026-05-20 08:42] O:7390.75 H:7392.75 L:7390.00 C:7392.25 V:3232.0
  📈 Trend: strong_bearish
  🗺️  Grid: 0.091% | 🔺 7394.50 🔻 7389.00
  📡 RSI: 44.8 | MACD: -2.98 (prev: -3.34) | ATR: 5.61
  📊 Filled: 0 | Pending: 0 | 5m: sideways
  🕐 Outside session (08:42 CT) — no entries
  💰 Daily P&L: $+0.00

[2026-05-20 08:43] O:7392.25 H:7394.75 L:7391.50 C:7393.25 V:4037.0
  📈 Trend: strong_bearish
  🗺️  Grid: 0.091% | 🔺 7392.75 🔻 7390.00
  📡 RSI: 48.1 | MACD: -2.58 (prev: -2.98) | ATR: 5.62
  📊 Filled: 0 | Pending: 0 | 5m: sideways
  🕐 Outside session (08:43 CT) — no entries
  💰 Daily P&L: $+0.00

[2026-05-20 08:44] O:7393.25 H:7400.00 L:7389.50 C:7398.25 V:7065.0
  📈 Trend: strong_bearish
  🗺️  Grid: 0.096% | 🔺 7394.75 🔻 7391.50
  📡 RSI: 54.2 | MACD: -1.84 (prev: -2.58) | ATR: 5.93
  📊 Filled: 0 | Pending: 0 | 5m: sideways
  🕐 Outside session (08:44 CT) — no entries
  💰 Daily P&L: $+0.00

[2026-05-20 08:45] O:7398.00 H:7404.50 L:7397.75 C:7402.50 V:8111.0
  📈 Trend: strong_bearish (raw: moderate_bearish)
  🗺️  Grid: 0.096% | 🔺 7400.00 🔻 7389.50
  📡 RSI: 61.3 | MACD: -0.90 (prev: -1.84) | ATR: 5.95
  📊 Filled: 0 | Pending: 0 | 5m: sideways
  💰 Daily P&L: $+0.00

[2026-05-20 08:46] O:7402.75 H:7410.50 L:7402.25 C:7410.50 V:6218.0
  📈 Trend: strong_bearish (raw: moderate_bullish)
  🗺️  Grid: 0.100% | 🔺 7404.50 🔻 7397.75
  📡 RSI: 68.5 | MACD: 0.49 (prev: -0.90) | ATR: 6.18
  📊 Filled: 0 | Pending: 0 | 5m: sideways
  💰 Daily P&L: $+0.00

[2026-05-20 08:47] O:7410.50 H:7410.50 L:7405.50 C:7406.75 V:4652.0
  📈 Trend: moderate_bullish
  🗺️  Grid: 0.102% | 🔺 7410.50 🔻 7402.25
  📡 RSI: 62.2 | MACD: 1.27 (prev: 0.49) | ATR: 6.30
  📊 Filled: 0 | Pending: 0 | 5m: sideways
  💰 Daily P&L: $+0.00

[2026-05-20 08:48] O:7406.75 H:7408.00 L:7402.50 C:7402.75 V:4315.0
  📈 Trend: moderate_bullish
  🗺️  Grid: 0.105% | 🔺 7410.50 🔻 7405.50
  📡 RSI: 57.2 | MACD: 1.55 (prev: 1.27) | ATR: 6.48
  📊 Filled: 0 | Pending: 0 | 5m: sideways
  💰 Daily P&L: $+0.00

[2026-05-20 08:49] O:7402.50 H:7403.75 L:7397.25 C:7398.50 V:6479.0
  📈 Trend: moderate_bullish
  🗺️  Grid: 0.100% | 🔺 7408.00 🔻 7402.50
  📡 RSI: 65.2 | MACD: 1.41 (prev: 1.55) | ATR: 6.14
  📊 Filled: 0 | Pending: 0 | 5m: sideways
  💰 Daily P&L: $+0.00

[2026-05-20 08:50] O:7398.50 H:7404.00 L:7398.50 C:7399.00 V:5125.0
  📈 Trend: moderate_bullish
  🗺️  Grid: 0.100% | 🔺 7403.75 🔻 7397.25
  📡 RSI: 64.3 | MACD: 1.32 (prev: 1.41) | ATR: 6.16
  📊 Filled: 0 | Pending: 0 | 5m: sideways
  💰 Daily P&L: $+0.00

[2026-05-20 08:51] O:7398.75 H:7398.75 L:7391.25 C:7397.25 V:6342.0
  📈 Trend: moderate_bullish
  🗺️  Grid: 0.100% | 🔺 7404.00 🔻 7398.50
  📡 RSI: 59.0 | MACD: 1.10 (prev: 1.32) | ATR: 6.18
  📊 Filled: 0 | Pending: 0 | 5m: sideways
  💰 Daily P&L: $+0.00

[2026-05-20 08:52] O:7397.25 H:7401.50 L:7396.75 C:7401.25 V:4157.0
  📈 Trend: moderate_bullish
  🗺️  Grid: 0.098% | 🔺 7398.75 🔻 7391.25
  📡 RSI: 66.8 | MACD: 1.23 (prev: 1.10) | ATR: 6.05
  📊 Filled: 0 | Pending: 0 | 5m: sideways
  💰 Daily P&L: $+0.00

[2026-05-20 08:53] O:7401.25 H:7404.75 L:7401.00 C:7401.75 V:4256.0
  📈 Trend: moderate_bullish
  🗺️  Grid: 0.098% | 🔺 7401.50 🔻 7396.75
  📡 RSI: 65.9 | MACD: 1.36 (prev: 1.23) | ATR: 6.04
  📊 Filled: 0 | Pending: 0 | 5m: sideways
  💰 Daily P&L: $+0.00

[2026-05-20 08:54] O:7401.50 H:7403.00 L:7394.75 C:7398.00 V:4673.0
  📈 Trend: moderate_bullish
  🗺️  Grid: 0.097% | 🔺 7404.75 🔻 7401.00
  📡 RSI: 55.7 | MACD: 1.15 (prev: 1.36) | ATR: 6.00
  📊 Filled: 0 | Pending: 0 | 5m: sideways
  💰 Daily P&L: $+0.00

[2026-05-20 08:55] O:7398.25 H:7401.25 L:7395.00 C:7396.00 V:5058.0
  📈 Trend: moderate_bullish
  🗺️  Grid: 0.098% | 🔺 7403.00 🔻 7394.75
  📡 RSI: 55.7 | MACD: 0.81 (prev: 1.15) | ATR: 6.05
  📊 Filled: 0 | Pending: 0 | 5m: sideways
  💰 Daily P&L: $+0.00

[2026-05-20 08:56] O:7395.75 H:7398.75 L:7395.00 C:7397.25 V:3065.0
  📈 Trend: moderate_bullish (raw: moderate_bearish)
  🗺️  Grid: 0.099% | 🔺 7401.25 🔻 7395.00
  📡 RSI: 55.7 | MACD: 0.64 (prev: 0.81) | ATR: 6.12
  📊 Filled: 0 | Pending: 0 | 5m: sideways
  💰 Daily P&L: $+0.00

[2026-05-20 08:57] O:7397.00 H:7401.00 L:7396.75 C:7399.50 V:3270.0
  📈 Trend: moderate_bearish
  🗺️  Grid: 0.100% | 🔺 7398.75 🔻 7395.00
  📡 RSI: 56.9 | MACD: 0.67 (prev: 0.64) | ATR: 6.20
  📊 Filled: 0 | Pending: 0 | 5m: sideways
  💰 Daily P&L: $+0.00

[2026-05-20 08:58] O:7399.50 H:7400.25 L:7396.75 C:7398.50 V:2379.0
  📈 Trend: moderate_bearish (raw: moderate_bullish)
  🗺️  Grid: 0.092% | 🔺 7401.00 🔻 7396.75
  📡 RSI: 50.3 | MACD: 0.61 (prev: 0.67) | ATR: 5.70
  📊 Filled: 0 | Pending: 0 | 5m: sideways
  💰 Daily P&L: $+0.00

[2026-05-20 08:59] O:7398.50 H:7400.00 L:7397.00 C:7399.50 V:2380.0
  📈 Trend: moderate_bullish
  🗺️  Grid: 0.088% | 🔺 7400.25 🔻 7396.75
  📡 RSI: 46.1 | MACD: 0.64 (prev: 0.61) | ATR: 5.43
  📊 Filled: 0 | Pending: 0 | 5m: sideways
  💰 Daily P&L: $+0.00

[2026-05-20 09:00] O:7399.75 H:7401.00 L:7395.75 C:7397.50 V:4137.0
  📈 Trend: moderate_bullish
  🗺️  Grid: 0.085% | 🔺 7400.00 🔻 7397.00
  📡 RSI: 29.7 | MACD: 0.49 (prev: 0.64) | ATR: 5.21
  📊 Filled: 0 | Pending: 0 | 5m: sideways
  💰 Daily P&L: $+0.00

[2026-05-20 09:01] O:7397.50 H:7399.50 L:7392.50 C:7393.75 V:4283.0
  📈 Trend: moderate_bullish
  🗺️  Grid: 0.087% | 🔺 7401.00 🔻 7395.75
  📡 RSI: 29.7 | MACD: 0.07 (prev: 0.49) | ATR: 5.36
  📊 Filled: 0 | Pending: 0 | 5m: sideways
  💰 Daily P&L: $+0.00

[2026-05-20 09:02] O:7393.50 H:7394.50 L:7390.75 C:7391.75 V:4047.0
  📈 Trend: moderate_bullish (raw: strong_bearish)
  🗺️  Grid: 0.085% | 🔺 7399.50 🔻 7392.50
  📡 RSI: 31.7 | MACD: -0.42 (prev: 0.07) | ATR: 5.23
  📊 Filled: 0 | Pending: 0 | 5m: sideways
  💰 Daily P&L: $+0.00

[2026-05-20 09:03] O:7391.75 H:7393.75 L:7388.75 C:7390.00 V:4588.0
  📈 Trend: strong_bearish
  🗺️  Grid: 0.083% | 🔺 7394.50 🔻 7390.75
  📡 RSI: 34.5 | MACD: -0.94 (prev: -0.42) | ATR: 5.12
  📊 Filled: 0 | Pending: 0 | 5m: sideways
  💰 Daily P&L: $+0.00

[2026-05-20 09:04] O:7390.25 H:7391.75 L:7389.00 C:7389.75 V:3407.0
  📈 Trend: strong_bearish
  🗺️  Grid: 0.080% | 🔺 7393.75 🔻 7388.75
  📡 RSI: 33.0 | MACD: -1.35 (prev: -0.94) | ATR: 4.93
  📊 Filled: 0 | Pending: 0 | 5m: sideways
  💰 Daily P&L: $+0.00

[2026-05-20 09:05] O:7389.75 H:7389.75 L:7385.25 C:7386.25 V:4761.0
  📈 Trend: strong_bearish
  🗺️  Grid: 0.080% | 🔺 7391.75 🔻 7389.00
  📡 RSI: 31.0 | MACD: -1.94 (prev: -1.35) | ATR: 4.70
  📊 Filled: 0 | Pending: 0 | 5m: sideways
  💰 Daily P&L: $+0.00

[2026-05-20 09:06] O:7386.25 H:7390.00 L:7385.00 C:7389.75 V:3361.0
  📈 Trend: strong_bearish
  🗺️  Grid: 0.080% | 🔺 7389.75 🔻 7385.25
  📡 RSI: 29.8 | MACD: -2.10 (prev: -1.94) | ATR: 4.71
  📊 Filled: 0 | Pending: 0 | 5m: sideways
  💰 Daily P&L: $+0.00

[2026-05-20 09:07] O:7389.50 H:7391.25 L:7388.00 C:7390.00 V:2385.0
  📈 Trend: strong_bearish
  🗺️  Grid: 0.080% | 🔺 7390.00 🔻 7385.00
  📡 RSI: 29.2 | MACD: -2.18 (prev: -2.10) | ATR: 4.68
  📊 Filled: 0 | Pending: 0 | 5m: sideways
  💰 Daily P&L: $+0.00

[2026-05-20 09:08] O:7390.25 H:7391.25 L:7388.50 C:7389.75 V:2060.0
  📈 Trend: strong_bearish
  🗺️  Grid: 0.080% | 🔺 7391.25 🔻 7388.00
  📡 RSI: 33.3 | MACD: -2.24 (prev: -2.18) | ATR: 4.29
  📊 Filled: 0 | Pending: 0 | 5m: sideways
  💰 Daily P&L: $+0.00

[2026-05-20 09:09] O:7390.00 H:7390.75 L:7384.00 C:7385.50 V:3488.0
  📈 Trend: strong_bearish
  🗺️  Grid: 0.080% | 🔺 7391.25 🔻 7388.50
  📡 RSI: 30.6 | MACD: -2.60 (prev: -2.24) | ATR: 4.32
  📊 Filled: 0 | Pending: 0 | 5m: sideways
  💰 Daily P&L: $+0.00

[2026-05-20 09:10] O:7385.75 H:7388.00 L:7384.50 C:7384.75 V:2754.0
  📈 Trend: strong_bearish
  🗺️  Grid: 0.080% | 🔺 7390.75 🔻 7384.00
  📡 RSI: 26.4 | MACD: -2.91 (prev: -2.60) | ATR: 4.30
  📊 Filled: 0 | Pending: 0 | 5m: sideways
  💰 Daily P&L: $+0.00

[2026-05-20 09:11] O:7385.00 H:7385.25 L:7381.75 C:7382.50 V:4678.0
  📈 Trend: strong_bearish
  🗺️  Grid: 0.080% | 🔺 7388.00 🔻 7384.50
  📡 RSI: 17.9 | MACD: -3.30 (prev: -2.91) | ATR: 4.25
  📊 Filled: 0 | Pending: 0 | 5m: sideways
  💰 Daily P&L: $+0.00

[2026-05-20 09:12] O:7382.75 H:7383.75 L:7379.50 C:7380.75 V:5456.0
  📈 Trend: strong_bearish
  🗺️  Grid: 0.080% | 🔺 7385.25 🔻 7381.75
  📡 RSI: 17.4 | MACD: -3.71 (prev: -3.30) | ATR: 4.30
  📊 Filled: 0 | Pending: 0 | 5m: sideways
  💰 Daily P&L: $+0.00

[2026-05-20 09:13] O:7380.75 H:7380.75 L:7376.75 C:7380.00 V:5504.0
  📈 Trend: strong_bearish
  🗺️  Grid: 0.080% | 🔺 7383.75 🔻 7379.50
  📡 RSI: 13.9 | MACD: -4.05 (prev: -3.71) | ATR: 4.38
  📊 Filled: 0 | Pending: 0 | 5m: sideways
  💰 Daily P&L: $+0.00

[2026-05-20 09:14] O:7380.00 H:7397.75 L:7379.25 C:7391.25 V:19068.0
  📈 Trend: strong_bearish
  🗺️  Grid: 0.086% | 🔺 7380.75 🔻 7376.75
  📡 RSI: 41.4 | MACD: -3.37 (prev: -4.05) | ATR: 5.32
  📊 Filled: 0 | Pending: 0 | 5m: sideways
  💰 Daily P&L: $+0.00

[2026-05-20 09:15] O:7391.25 H:7400.75 L:7390.00 C:7400.00 V:9621.0
  📈 Trend: strong_bearish (raw: moderate_bearish)
  🗺️  Grid: 0.091% | 🔺 7397.75 🔻 7379.25
  📡 RSI: 57.6 | MACD: -2.10 (prev: -3.37) | ATR: 5.59
  📊 Filled: 0 | Pending: 0 | 5m: sideways
  💰 Daily P&L: $+0.00

[2026-05-20 09:16] O:7400.00 H:7418.75 L:7398.75 C:7418.50 V:16649.0
  📈 Trend: strong_bearish (raw: moderate_bullish)
  🗺️  Grid: 0.109% | 🔺 7400.75 🔻 7390.00
  📡 RSI: 73.2 | MACD: 0.39 (prev: -2.10) | ATR: 6.75
  📊 Filled: 0 | Pending: 0 | 5m: sideways
  💰 Daily P&L: $+0.00

[2026-05-20 09:17] O:7418.50 H:7423.75 L:7407.00 C:7408.50 V:13046.0
  📈 Trend: moderate_bullish
  🗺️  Grid: 0.123% | 🔺 7418.75 🔻 7398.75
  📡 RSI: 64.0 | MACD: 1.54 (prev: 0.39) | ATR: 7.59
  📊 Filled: 0 | Pending: 0 | 5m: sideways
  💰 Daily P&L: $+0.00

[2026-05-20 09:18] O:7408.25 H:7414.00 L:7407.00 C:7409.00 V:8509.0
  📈 Trend: moderate_bullish
  🗺️  Grid: 0.128% | 🔺 7423.75 🔻 7407.00
  📡 RSI: 64.5 | MACD: 2.47 (prev: 1.54) | ATR: 7.89
  📊 Filled: 0 | Pending: 0 | 5m: sideways
  💰 Daily P&L: $+0.00

[2026-05-20 09:19] O:7409.00 H:7414.25 L:7409.00 C:7411.50 V:7404.0
  📈 Trend: moderate_bullish
  🗺️  Grid: 0.129% | 🔺 7414.00 🔻 7407.00
  📡 RSI: 69.3 | MACD: 3.36 (prev: 2.47) | ATR: 7.95
  📊 Filled: 0 | Pending: 0 | 5m: sideways
  💰 Daily P&L: $+0.00

[2026-05-20 09:20] O:7411.75 H:7418.00 L:7411.00 C:7415.75 V:9676.0
  📈 Trend: moderate_bullish
  🗺️  Grid: 0.131% | 🔺 7414.25 🔻 7409.00
  📡 RSI: 69.7 | MACD: 4.37 (prev: 3.36) | ATR: 8.09
  📊 Filled: 0 | Pending: 0 | 5m: sideways
  💰 Daily P&L: $+0.00

[2026-05-20 09:21] O:7415.50 H:7419.00 L:7412.00 C:7418.50 V:7845.0
  📈 Trend: moderate_bullish
  🗺️  Grid: 0.135% | 🔺 7418.00 🔻 7411.00
  📡 RSI: 70.8 | MACD: 5.32 (prev: 4.37) | ATR: 8.36
  📊 Filled: 0 | Pending: 0 | 5m: sideways
  💰 Daily P&L: $+0.00

[2026-05-20 09:22] O:7418.50 H:7420.25 L:7416.50 C:7418.75 V:6754.0
  📈 Trend: moderate_bullish (raw: strong_bullish)
  🗺️  Grid: 0.136% | 🔺 7419.00 🔻 7412.00
  📡 RSI: 71.2 | MACD: 6.03 (prev: 5.32) | ATR: 8.43
  📊 Filled: 0 | Pending: 0 | 5m: sideways
  💰 Daily P&L: $+0.00

[2026-05-20 09:23] O:7418.75 H:7419.50 L:7411.00 C:7411.25 V:5925.0
  📈 Trend: strong_bullish
  🗺️  Grid: 0.138% | 🔺 7420.25 🔻 7416.50
  📡 RSI: 67.9 | MACD: 5.92 (prev: 6.03) | ATR: 8.55
  📊 Filled: 0 | Pending: 0 | 5m: sideways
  💰 Daily P&L: $+0.00

[2026-05-20 09:24] O:7411.25 H:7413.25 L:7405.00 C:7407.25 V:6221.0
  📈 Trend: strong_bullish
  🗺️  Grid: 0.144% | 🔺 7419.50 🔻 7411.00
  📡 RSI: 65.0 | MACD: 5.44 (prev: 5.92) | ATR: 8.89
  📊 Filled: 0 | Pending: 0 | 5m: sideways
  💰 Daily P&L: $+0.00

[2026-05-20 09:25] O:7407.50 H:7410.75 L:7403.25 C:7410.50 V:5719.0
  📈 Trend: strong_bullish
  🗺️  Grid: 0.149% | 🔺 7413.25 🔻 7405.00
  📡 RSI: 68.4 | MACD: 5.27 (prev: 5.44) | ATR: 9.18
  📊 Filled: 0 | Pending: 0 | 5m: sideways
  💰 Daily P&L: $+0.00

[2026-05-20 09:26] O:7410.50 H:7415.75 L:7409.75 C:7415.00 V:4676.0
  📈 Trend: strong_bullish
  🗺️  Grid: 0.151% | 🔺 7410.75 🔻 7403.25
  📡 RSI: 71.7 | MACD: 5.43 (prev: 5.27) | ATR: 9.30
  📊 Filled: 0 | Pending: 0 | 5m: sideways
  💰 Daily P&L: $+0.00

[2026-05-20 09:27] O:7414.75 H:7417.00 L:7414.00 C:7415.25 V:4304.0
  📈 Trend: strong_bullish
  🗺️  Grid: 0.149% | 🔺 7415.75 🔻 7409.75
  📡 RSI: 72.5 | MACD: 5.51 (prev: 5.43) | ATR: 9.23
  📊 Filled: 0 | Pending: 0 | 5m: sideways
  💰 Daily P&L: $+0.00

[2026-05-20 09:28] O:7415.00 H:7416.25 L:7412.25 C:7415.50 V:4997.0
  📈 Trend: strong_bullish
  🗺️  Grid: 0.133% | 🔺 7417.00 🔻 7414.00
  📡 RSI: 68.0 | MACD: 5.54 (prev: 5.51) | ATR: 8.20
  📊 Filled: 0 | Pending: 0 | 5m: sideways
  💰 Daily P&L: $+0.00

[2026-05-20 09:29] O:7415.50 H:7417.75 L:7413.50 C:7417.75 V:3927.0
  📈 Trend: strong_bullish
  🗺️  Grid: 0.125% | 🔺 7416.25 🔻 7412.25
  📡 RSI: 64.6 | MACD: 5.67 (prev: 5.54) | ATR: 7.73
  📊 Filled: 0 | Pending: 0 | 5m: sideways
  💰 Daily P&L: $+0.00

[2026-05-20 09:30] O:7417.50 H:7425.25 L:7417.50 C:7423.75 V:9808.0
  📈 Trend: strong_bullish
  🗺️  Grid: 0.111% | 🔺 7417.75 🔻 7413.50
  📡 RSI: 55.4 | MACD: 6.19 (prev: 5.67) | ATR: 6.86
  📊 Filled: 0 | Pending: 0 | 5m: sideways
  🚫 Long blocked: price 7423.75 is 1.5 pts below session high 7425.25 (limit: 10.0 pts, window: 2.0 hrs)
  💰 Daily P&L: $+0.00

[2026-05-20 09:31] O:7423.50 H:7427.25 L:7423.25 C:7425.50 V:6691.0
  📈 Trend: strong_bullish
  🗺️  Grid: 0.096% | 🔺 7425.25 🔻 7417.50
  📡 RSI: 71.2 | MACD: 6.67 (prev: 6.19) | ATR: 5.95
  📊 Filled: 0 | Pending: 0 | 5m: sideways
  💰 Daily P&L: $+0.00

[2026-05-20 09:32] O:7425.75 H:7428.75 L:7425.00 C:7425.50 V:6621.0
  📈 Trend: strong_bullish
  🗺️  Grid: 0.092% | 🔺 7427.25 🔻 7423.25
  📡 RSI: 70.9 | MACD: 6.97 (prev: 6.67) | ATR: 5.71
  📊 Filled: 0 | Pending: 0 | 5m: sideways
  💰 Daily P&L: $+0.00

[2026-05-20 09:33] O:7425.25 H:7427.25 L:7420.50 C:7420.75 V:7552.0
  📈 Trend: strong_bullish
  🗺️  Grid: 0.094% | 🔺 7428.75 🔻 7425.00
  📡 RSI: 61.1 | MACD: 6.74 (prev: 6.97) | ATR: 5.82
  📊 Filled: 0 | Pending: 0 | 5m: sideways
  💰 Daily P&L: $+0.00

[2026-05-20 09:34] O:7420.50 H:7424.00 L:7419.75 C:7420.50 V:4713.0
  📈 Trend: strong_bullish
  🗺️  Grid: 0.091% | 🔺 7427.25 🔻 7420.50
  📡 RSI: 56.3 | MACD: 6.47 (prev: 6.74) | ATR: 5.62
  📊 Filled: 0 | Pending: 0 | 5m: sideways
  💰 Daily P&L: $+0.00

[2026-05-20 09:35] O:7420.50 H:7422.75 L:7414.25 C:7416.50 V:6371.0
  📈 Trend: strong_bullish (raw: moderate_bullish)
  🗺️  Grid: 0.093% | 🔺 7424.00 🔻 7419.75
  📡 RSI: 47.4 | MACD: 5.86 (prev: 6.47) | ATR: 5.73
  📊 Filled: 0 | Pending: 0 | 5m: sideways
  💰 Daily P&L: $+0.00

[2026-05-20 09:36] O:7416.50 H:7420.75 L:7415.50 C:7419.75 V:4671.0
  📈 Trend: strong_bullish
  🗺️  Grid: 0.094% | 🔺 7422.75 🔻 7414.25
  📡 RSI: 51.2 | MACD: 5.58 (prev: 5.86) | ATR: 5.84
  📊 Filled: 0 | Pending: 0 | 5m: sideways
  💰 Daily P&L: $+0.00

[2026-05-20 09:37] O:7420.00 H:7420.75 L:7413.25 C:7413.75 V:6109.0
  📈 Trend: strong_bullish
  🗺️  Grid: 0.093% | 🔺 7420.75 🔻 7415.50
  📡 RSI: 53.1 | MACD: 4.81 (prev: 5.58) | ATR: 5.77
  📊 Filled: 0 | Pending: 0 | 5m: sideways
  💰 Daily P&L: $+0.00

[2026-05-20 09:38] O:7413.75 H:7418.25 L:7412.75 C:7417.75 V:3462.0
  📈 Trend: strong_bullish
  🗺️  Grid: 0.090% | 🔺 7420.75 🔻 7413.25
  📡 RSI: 63.0 | MACD: 4.48 (prev: 4.81) | ATR: 5.57
  📊 Filled: 0 | Pending: 0 | 5m: strong_bullish
  💰 Daily P&L: $+0.00

[2026-05-20 09:39] O:7417.75 H:7421.00 L:7417.50 C:7418.00 V:2912.0
  📈 Trend: strong_bullish
  🗺️  Grid: 0.086% | 🔺 7418.25 🔻 7412.75
  📡 RSI: 60.0 | MACD: 4.19 (prev: 4.48) | ATR: 5.29
  📊 Filled: 0 | Pending: 0 | 5m: strong_bullish
  💰 Daily P&L: $+0.00

[2026-05-20 09:40] O:7417.75 H:7419.75 L:7414.75 C:7418.50 V:3624.0
  📈 Trend: strong_bullish (raw: moderate_bullish)
  🗺️  Grid: 0.084% | 🔺 7421.00 🔻 7417.50
  📡 RSI: 55.2 | MACD: 3.95 (prev: 4.19) | ATR: 5.21
  📊 Filled: 0 | Pending: 0 | 5m: strong_bullish
  💰 Daily P&L: $+0.00

[2026-05-20 09:41] O:7418.75 H:7418.75 L:7415.25 C:7416.75 V:2724.0
  📈 Trend: moderate_bullish
  🗺️  Grid: 0.085% | 🔺 7419.75 🔻 7414.75
  📡 RSI: 52.1 | MACD: 3.58 (prev: 3.95) | ATR: 5.25
  📊 Filled: 0 | Pending: 0 | 5m: strong_bullish
  💰 Daily P&L: $+0.00

[2026-05-20 09:42] O:7416.75 H:7418.75 L:7415.50 C:7417.75 V:2901.0
  📈 Trend: moderate_bullish (raw: strong_bullish)
  🗺️  Grid: 0.084% | 🔺 7418.75 🔻 7415.25
  📡 RSI: 53.1 | MACD: 3.33 (prev: 3.58) | ATR: 5.20
  📊 Filled: 0 | Pending: 0 | 5m: strong_bullish
  💰 Daily P&L: $+0.00

[2026-05-20 09:43] O:7417.75 H:7419.25 L:7416.75 C:7417.75 V:2581.0
  📈 Trend: strong_bullish
  🗺️  Grid: 0.082% | 🔺 7418.75 🔻 7415.50
  📡 RSI: 50.0 | MACD: 3.09 (prev: 3.33) | ATR: 5.07
  📊 Filled: 0 | Pending: 0 | 5m: strong_bullish
  💰 Daily P&L: $+0.00

[2026-05-20 09:44] O:7417.75 H:7421.50 L:7417.50 C:7421.50 V:2624.0
  📈 Trend: strong_bullish
  🗺️  Grid: 0.080% | 🔺 7419.25 🔻 7416.75
  📡 RSI: 46.4 | MACD: 3.17 (prev: 3.09) | ATR: 4.80
  📊 Filled: 0 | Pending: 0 | 5m: strong_bullish
  🚫 Long blocked: price 7421.50 is 7.2 pts below session high 7428.75 (limit: 10.0 pts, window: 2.0 hrs)
  💰 Daily P&L: $+0.00

[2026-05-20 09:45] O:7421.50 H:7423.50 L:7417.25 C:7419.25 V:4687.0
  📈 Trend: strong_bullish
  🗺️  Grid: 0.080% | 🔺 7421.50 🔻 7417.50
  📡 RSI: 40.2 | MACD: 3.02 (prev: 3.17) | ATR: 4.96
  📊 Filled: 0 | Pending: 0 | 5m: strong_bullish
  💰 Daily P&L: $+0.00

[2026-05-20 09:46] O:7419.00 H:7420.75 L:7416.00 C:7417.75 V:3174.0
  📈 Trend: strong_bullish
  🗺️  Grid: 0.081% | 🔺 7423.50 🔻 7417.25
  📡 RSI: 38.3 | MACD: 2.74 (prev: 3.02) | ATR: 5.04
  📊 Filled: 0 | Pending: 0 | 5m: strong_bullish
  💰 Daily P&L: $+0.00

[2026-05-20 09:47] O:7418.00 H:7419.25 L:7414.50 C:7416.00 V:2756.0
  📈 Trend: strong_bullish
  🗺️  Grid: 0.080% | 🔺 7420.75 🔻 7416.00
  📡 RSI: 42.1 | MACD: 2.36 (prev: 2.74) | ATR: 4.89
  📊 Filled: 0 | Pending: 0 | 5m: strong_bullish
  💰 Daily P&L: $+0.00

[2026-05-20 09:48] O:7415.75 H:7421.50 L:7415.50 C:7421.00 V:2889.0
  📈 Trend: strong_bullish
  🗺️  Grid: 0.081% | 🔺 7419.25 🔻 7414.50
  📡 RSI: 50.7 | MACD: 2.43 (prev: 2.36) | ATR: 5.02
  📊 Filled: 0 | Pending: 0 | 5m: strong_bullish
  🚫 Long blocked: price 7421.00 is 7.8 pts below session high 7428.75 (limit: 10.0 pts, window: 2.0 hrs)
  💰 Daily P&L: $+0.00

[2026-05-20 09:49] O:7421.25 H:7421.75 L:7417.00 C:7418.75 V:3074.0
  📈 Trend: strong_bullish (raw: moderate_bullish)
  🗺️  Grid: 0.080% | 🔺 7421.50 🔻 7415.50
  📡 RSI: 53.4 | MACD: 2.28 (prev: 2.43) | ATR: 4.75
  📊 Filled: 0 | Pending: 0 | 5m: strong_bullish
  💰 Daily P&L: $+0.00

[2026-05-20 09:50] O:7419.00 H:7421.00 L:7417.25 C:7417.50 V:2728.0
  📈 Trend: moderate_bullish
  🗺️  Grid: 0.080% | 🔺 7421.75 🔻 7417.00
  📡 RSI: 46.4 | MACD: 2.03 (prev: 2.28) | ATR: 4.64
  📊 Filled: 0 | Pending: 0 | 5m: strong_bullish
  💰 Daily P&L: $+0.00

[2026-05-20 09:51] O:7417.75 H:7423.75 L:7417.50 C:7423.25 V:3517.0
  📈 Trend: moderate_bullish
  🗺️  Grid: 0.080% | 🔺 7421.00 🔻 7417.25
  📡 RSI: 65.3 | MACD: 2.27 (prev: 2.03) | ATR: 4.55
  📊 Filled: 0 | Pending: 0 | 5m: strong_bullish
  💰 Daily P&L: $+0.00

[2026-05-20 09:52] O:7423.25 H:7424.50 L:7422.50 C:7423.50 V:2990.0
  📈 Trend: moderate_bullish (raw: strong_bullish)
  🗺️  Grid: 0.080% | 🔺 7423.75 🔻 7417.50
  📡 RSI: 60.6 | MACD: 2.46 (prev: 2.27) | ATR: 4.30
  📊 Filled: 0 | Pending: 0 | 5m: strong_bullish
  💰 Daily P&L: $+0.00

[2026-05-20 09:53] O:7423.75 H:7426.75 L:7423.50 C:7426.50 V:3838.0
  📈 Trend: strong_bullish
  🗺️  Grid: 0.080% | 🔺 7424.50 🔻 7422.50
  📡 RSI: 64.2 | MACD: 2.82 (prev: 2.46) | ATR: 4.29
  📊 Filled: 0 | Pending: 0 | 5m: strong_bullish
  💰 Daily P&L: $+0.00

[2026-05-20 09:54] O:7426.25 H:7426.75 L:7425.50 C:7426.00 V:2260.0
  📈 Trend: strong_bullish
  🗺️  Grid: 0.080% | 🔺 7426.75 🔻 7423.50
  📡 RSI: 62.5 | MACD: 3.02 (prev: 2.82) | ATR: 4.02
  📊 Filled: 0 | Pending: 0 | 5m: strong_bullish
  💰 Daily P&L: $+0.00

[2026-05-20 09:55] O:7425.75 H:7431.00 L:7424.25 C:7429.75 V:5796.0
  📈 Trend: strong_bullish
  🗺️  Grid: 0.080% | 🔺 7426.75 🔻 7425.50
  📡 RSI: 70.3 | MACD: 3.45 (prev: 3.02) | ATR: 4.25
  📊 Filled: 0 | Pending: 0 | 5m: strong_bullish
  💰 Daily P&L: $+0.00

[2026-05-20 09:56] O:7429.50 H:7432.50 L:7429.25 C:7430.75 V:5090.0
  📈 Trend: strong_bullish
  🗺️  Grid: 0.080% | 🔺 7431.00 🔻 7424.25
  📡 RSI: 70.3 | MACD: 3.82 (prev: 3.45) | ATR: 4.25
  📊 Filled: 0 | Pending: 0 | 5m: strong_bullish
  💰 Daily P&L: $+0.00

[2026-05-20 09:57] O:7430.75 H:7432.75 L:7428.25 C:7432.00 V:4852.0
  📈 Trend: strong_bullish
  🗺️  Grid: 0.080% | 🔺 7432.50 🔻 7429.25
  📡 RSI: 71.4 | MACD: 4.17 (prev: 3.82) | ATR: 4.39
  📊 Filled: 0 | Pending: 0 | 5m: strong_bullish
  💰 Daily P&L: $+0.00

[2026-05-20 09:58] O:7432.00 H:7433.75 L:7428.50 C:7429.75 V:4988.0
  📈 Trend: strong_bullish
  🗺️  Grid: 0.080% | 🔺 7432.75 🔻 7428.25
  📡 RSI: 63.0 | MACD: 4.22 (prev: 4.17) | ATR: 4.48
  📊 Filled: 0 | Pending: 0 | 5m: strong_bullish
  💰 Daily P&L: $+0.00

[2026-05-20 09:59] O:7430.00 H:7432.75 L:7429.25 C:7430.75 V:3454.0
  📈 Trend: strong_bullish
  🗺️  Grid: 0.080% | 🔺 7433.75 🔻 7428.50
  📡 RSI: 68.9 | MACD: 4.29 (prev: 4.22) | ATR: 4.29
  📊 Filled: 0 | Pending: 0 | 5m: strong_bullish
  💰 Daily P&L: $+0.00

[2026-05-20 10:00] O:7430.75 H:7433.25 L:7429.75 C:7431.75 V:3729.0
  📈 Trend: strong_bullish
  🗺️  Grid: 0.080% | 🔺 7432.75 🔻 7429.25
  📡 RSI: 73.3 | MACD: 4.37 (prev: 4.29) | ATR: 4.20
  📊 Filled: 0 | Pending: 0 | 5m: strong_bullish
  💰 Daily P&L: $+0.00

[2026-05-20 10:01] O:7432.00 H:7433.50 L:7430.25 C:7433.00 V:2979.0
  📈 Trend: strong_bullish
  🗺️  Grid: 0.080% | 🔺 7433.25 🔻 7429.75
  📡 RSI: 78.8 | MACD: 4.49 (prev: 4.37) | ATR: 4.09
  📊 Filled: 0 | Pending: 0 | 5m: strong_bullish
  💰 Daily P&L: $+0.00

[2026-05-20 10:02] O:7432.75 H:7434.00 L:7429.75 C:7429.75 V:3220.0
  📈 Trend: strong_bullish
  🗺️  Grid: 0.080% | 🔺 7433.50 🔻 7430.25
  📡 RSI: 65.8 | MACD: 4.27 (prev: 4.49) | ATR: 3.96
  📊 Filled: 0 | Pending: 0 | 5m: strong_bullish
  💰 Daily P&L: $+0.00

[2026-05-20 10:03] O:7430.00 H:7430.25 L:7426.75 C:7427.00 V:4155.0
  📈 Trend: strong_bullish
  🗺️  Grid: 0.080% | 🔺 7434.00 🔻 7429.75
  📡 RSI: 64.6 | MACD: 3.83 (prev: 4.27) | ATR: 3.88
  📊 Filled: 0 | Pending: 0 | 5m: strong_bullish
  💰 Daily P&L: $+0.00

[2026-05-20 10:04] O:7427.25 H:7428.75 L:7426.25 C:7427.00 V:3452.0
  📈 Trend: strong_bullish
  🗺️  Grid: 0.080% | 🔺 7430.25 🔻 7426.75
  📡 RSI: 67.6 | MACD: 3.44 (prev: 3.83) | ATR: 3.79
  📊 Filled: 0 | Pending: 0 | 5m: strong_bullish
  💰 Daily P&L: $+0.00

[2026-05-20 10:05] O:7427.00 H:7428.75 L:7426.00 C:7428.75 V:2544.0
  📈 Trend: strong_bullish
  🗺️  Grid: 0.080% | 🔺 7428.75 🔻 7426.25
  📡 RSI: 62.0 | MACD: 3.24 (prev: 3.44) | ATR: 3.54
  📊 Filled: 0 | Pending: 0 | 5m: strong_bullish
  💰 Daily P&L: $+0.00

[2026-05-20 10:06] O:7428.50 H:7429.00 L:7425.75 C:7427.50 V:3194.0
  📈 Trend: strong_bullish
  🗺️  Grid: 0.080% | 🔺 7428.75 🔻 7426.00
  📡 RSI: 58.3 | MACD: 2.94 (prev: 3.24) | ATR: 3.62
  📊 Filled: 0 | Pending: 0 | 5m: strong_bullish
  💰 Daily P&L: $+0.00

[2026-05-20 10:07] O:7427.50 H:7428.75 L:7424.50 C:7425.50 V:2601.0
  📈 Trend: strong_bullish
  🗺️  Grid: 0.080% | 🔺 7429.00 🔻 7425.75
  📡 RSI: 47.8 | MACD: 2.52 (prev: 2.94) | ATR: 3.70
  📊 Filled: 0 | Pending: 0 | 5m: strong_bullish
  💰 Daily P&L: $+0.00

[2026-05-20 10:08] O:7425.25 H:7426.75 L:7424.50 C:7426.75 V:2573.0
  📈 Trend: strong_bullish
  🗺️  Grid: 0.080% | 🔺 7428.75 🔻 7424.50
  📡 RSI: 51.6 | MACD: 2.26 (prev: 2.52) | ATR: 3.77
  📊 Filled: 0 | Pending: 0 | 5m: strong_bullish
  💰 Daily P&L: $+0.00

[2026-05-20 10:09] O:7426.75 H:7428.00 L:7426.50 C:7427.50 V:1864.0
  📈 Trend: strong_bullish
  🗺️  Grid: 0.080% | 🔺 7426.75 🔻 7424.50
  📡 RSI: 44.6 | MACD: 2.08 (prev: 2.26) | ATR: 3.39
  📊 Filled: 0 | Pending: 0 | 5m: strong_bullish
  🚫 Long blocked: price 7427.50 is 6.5 pts below session high 7434.00 (limit: 10.0 pts, window: 2.0 hrs)
  💰 Daily P&L: $+0.00

[2026-05-20 10:10] O:7427.50 H:7427.75 L:7426.50 C:7427.00 V:1670.0
  📈 Trend: strong_bullish
  🗺️  Grid: 0.080% | 🔺 7428.00 🔻 7426.50
  📡 RSI: 40.7 | MACD: 1.89 (prev: 2.08) | ATR: 3.25
  📊 Filled: 0 | Pending: 0 | 5m: strong_bullish
  💰 Daily P&L: $+0.00

[2026-05-20 10:11] O:7427.25 H:7428.00 L:7426.25 C:7427.50 V:1353.0
  📈 Trend: strong_bullish
  🗺️  Grid: 0.080% | 🔺 7427.75 🔻 7426.50
  📡 RSI: 38.5 | MACD: 1.75 (prev: 1.89) | ATR: 3.05
  📊 Filled: 0 | Pending: 0 | 5m: strong_bullish
  💰 Daily P&L: $+0.00

[2026-05-20 10:12] O:7427.50 H:7427.75 L:7426.25 C:7426.75 V:1618.0
  📈 Trend: strong_bullish
  🗺️  Grid: 0.080% | 🔺 7428.00 🔻 7426.25
  📡 RSI: 41.7 | MACD: 1.56 (prev: 1.75) | ATR: 2.79
  📊 Filled: 0 | Pending: 0 | 5m: strong_bullish
  💰 Daily P&L: $+0.00

[2026-05-20 10:13] O:7426.50 H:7428.50 L:7426.50 C:7427.50 V:1666.0
  📈 Trend: strong_bullish
  🗺️  Grid: 0.080% | 🔺 7427.75 🔻 7426.25
  📡 RSI: 40.8 | MACD: 1.46 (prev: 1.56) | ATR: 2.68
  📊 Filled: 0 | Pending: 0 | 5m: strong_bullish
  💰 Daily P&L: $+0.00

[2026-05-20 10:14] O:7427.50 H:7427.75 L:7425.00 C:7426.50 V:2352.0
  📈 Trend: strong_bullish (raw: moderate_bullish)
  🗺️  Grid: 0.080% | 🔺 7428.50 🔻 7426.50
  📡 RSI: 35.2 | MACD: 1.28 (prev: 1.46) | ATR: 2.62
  📊 Filled: 0 | Pending: 0 | 5m: strong_bullish
  💰 Daily P&L: $+0.00

[2026-05-20 10:15] O:7426.50 H:7452.50 L:7426.50 C:7447.00 V:22569.0
  📈 Trend: strong_bullish
  🗺️  Grid: 0.080% | 🔺 7427.75 🔻 7425.00
  📡 RSI: 68.9 | MACD: 2.76 (prev: 1.28) | ATR: 4.25
  📊 Filled: 0 | Pending: 0 | 5m: strong_bullish
  💰 Daily P&L: $+0.00

[2026-05-20 10:16] O:7447.00 H:7458.00 L:7444.50 C:7455.00 V:20257.0
  📈 Trend: strong_bullish
  🗺️  Grid: 0.080% | 🔺 7452.50 🔻 7426.50
  📡 RSI: 80.2 | MACD: 4.53 (prev: 2.76) | ATR: 4.91
  📊 Filled: 0 | Pending: 0 | 5m: strong_bullish
  💰 Daily P&L: $+0.00

[2026-05-20 10:17] O:7454.75 H:7456.25 L:7439.50 C:7442.25 V:14483.0
  📈 Trend: strong_bullish
  🗺️  Grid: 0.094% | 🔺 7458.00 🔻 7444.50
  📡 RSI: 64.7 | MACD: 4.84 (prev: 4.53) | ATR: 5.86
  📊 Filled: 0 | Pending: 0 | 5m: strong_bullish
  💰 Daily P&L: $+0.00

[2026-05-20 10:18] O:7442.25 H:7443.00 L:7435.50 C:7440.00 V:8993.0
  📈 Trend: strong_bullish
  🗺️  Grid: 0.100% | 🔺 7456.25 🔻 7439.50
  📡 RSI: 62.0 | MACD: 4.86 (prev: 4.84) | ATR: 6.21
  📊 Filled: 0 | Pending: 0 | 5m: strong_bullish
  💰 Daily P&L: $+0.00

[2026-05-20 10:19] O:7440.00 H:7443.50 L:7438.25 C:7442.50 V:6774.0
  📈 Trend: strong_bullish
  🗺️  Grid: 0.103% | 🔺 7443.00 🔻 7435.50
  📡 RSI: 62.6 | MACD: 5.01 (prev: 4.86) | ATR: 6.39
  📊 Filled: 0 | Pending: 0 | 5m: strong_bullish
  💰 Daily P&L: $+0.00

[2026-05-20 10:20] O:7442.50 H:7446.25 L:7442.25 C:7445.50 V:6290.0
  📈 Trend: strong_bullish
  🗺️  Grid: 0.104% | 🔺 7443.50 🔻 7438.25
  📡 RSI: 65.9 | MACD: 5.31 (prev: 5.01) | ATR: 6.45
  📊 Filled: 0 | Pending: 0 | 5m: strong_bullish
  💰 Daily P&L: $+0.00

[2026-05-20 10:21] O:7445.25 H:7445.75 L:7441.75 C:7442.75 V:5612.0
  📈 Trend: strong_bullish
  🗺️  Grid: 0.104% | 🔺 7446.25 🔻 7442.25
  📡 RSI: 65.1 | MACD: 5.27 (prev: 5.31) | ATR: 6.43
  📊 Filled: 0 | Pending: 0 | 5m: strong_bullish
  💰 Daily P&L: $+0.00

[2026-05-20 10:22] O:7443.00 H:7444.25 L:7441.00 C:7442.25 V:3796.0
  📈 Trend: strong_bullish
  🗺️  Grid: 0.105% | 🔺 7445.75 🔻 7441.75
  📡 RSI: 63.7 | MACD: 5.14 (prev: 5.27) | ATR: 6.50
  📊 Filled: 0 | Pending: 0 | 5m: strong_bullish
  💰 Daily P&L: $+0.00

[2026-05-20 10:23] O:7442.25 H:7445.00 L:7439.25 C:7440.25 V:3632.0
  📈 Trend: strong_bullish
  🗺️  Grid: 0.110% | 🔺 7444.25 🔻 7441.00
  📡 RSI: 61.0 | MACD: 4.82 (prev: 5.14) | ATR: 6.80
  📊 Filled: 0 | Pending: 0 | 5m: strong_bullish
  💰 Daily P&L: $+0.00

[2026-05-20 10:24] O:7440.25 H:7441.50 L:7438.75 C:7440.50 V:3043.0
  📈 Trend: strong_bullish
  🗺️  Grid: 0.111% | 🔺 7445.00 🔻 7439.25
  📡 RSI: 61.7 | MACD: 4.53 (prev: 4.82) | ATR: 6.91
  📊 Filled: 0 | Pending: 0 | 5m: strong_bullish
  💰 Daily P&L: $+0.00

[2026-05-20 10:25] O:7440.50 H:7441.50 L:7437.25 C:7438.50 V:5012.0
  📈 Trend: strong_bullish
  🗺️  Grid: 0.114% | 🔺 7441.50 🔻 7438.75
  📡 RSI: 59.3 | MACD: 4.09 (prev: 4.53) | ATR: 7.09
  📊 Filled: 0 | Pending: 0 | 5m: strong_bullish
  💰 Daily P&L: $+0.00

[2026-05-20 10:26] O:7438.50 H:7439.00 L:7435.75 C:7437.00 V:4617.0
  📈 Trend: strong_bullish
  🗺️  Grid: 0.116% | 🔺 7441.50 🔻 7437.25
  📡 RSI: 58.6 | MACD: 3.58 (prev: 4.09) | ATR: 7.21
  📊 Filled: 0 | Pending: 0 | 5m: strong_bullish
  💰 Daily P&L: $+0.00

[2026-05-20 10:27] O:7437.00 H:7437.25 L:7433.25 C:7434.50 V:4852.0
  📈 Trend: strong_bullish
  🗺️  Grid: 0.119% | 🔺 7439.00 🔻 7435.75
  📡 RSI: 55.7 | MACD: 2.94 (prev: 3.58) | ATR: 7.36
  📊 Filled: 0 | Pending: 0 | 5m: strong_bullish
  💰 Daily P&L: $+0.00

[2026-05-20 10:28] O:7434.50 H:7436.50 L:7432.75 C:7434.00 V:4242.0
  📈 Trend: strong_bullish
  🗺️  Grid: 0.120% | 🔺 7437.25 🔻 7433.25
  📡 RSI: 56.1 | MACD: 2.37 (prev: 2.94) | ATR: 7.43
  📊 Filled: 0 | Pending: 0 | 5m: strong_bullish
  💰 Daily P&L: $+0.00

[2026-05-20 10:29] O:7434.00 H:7434.75 L:7430.00 C:7431.75 V:5403.0
  📈 Trend: strong_bullish
  🗺️  Grid: 0.095% | 🔺 7436.50 🔻 7432.75
  📡 RSI: 32.2 | MACD: 1.72 (prev: 2.37) | ATR: 5.91
  📊 Filled: 0 | Pending: 0 | 5m: strong_bullish
  💰 Daily P&L: $+0.00

[2026-05-20 10:30] O:7431.75 H:7435.00 L:7431.25 C:7434.75 V:4083.0
  📈 Trend: strong_bullish
  🗺️  Grid: 0.084% | 🔺 7434.75 🔻 7430.00
  📡 RSI: 23.2 | MACD: 1.42 (prev: 1.72) | ATR: 5.21
  📊 Filled: 0 | Pending: 0 | 5m: strong_bullish
  💰 Daily P&L: $+0.00

[2026-05-20 10:31] O:7435.00 H:7436.25 L:7432.75 C:7435.50 V:3038.0
  📈 Trend: strong_bullish
  🗺️  Grid: 0.080% | 🔺 7435.00 🔻 7431.25
  📡 RSI: 36.9 | MACD: 1.23 (prev: 1.42) | ATR: 4.27
  📊 Filled: 0 | Pending: 0 | 5m: strong_bullish
  ⏭️ MACD filter blocked LONG | MACD: 1.23 vs prev 1.42
  💰 Daily P&L: $+0.00

[2026-05-20 10:32] O:7435.50 H:7436.25 L:7433.75 C:7435.50 V:3175.0
  📈 Trend: strong_bullish
  🗺️  Grid: 0.080% | 🔺 7436.25 🔻 7432.75
  📡 RSI: 40.4 | MACD: 1.07 (prev: 1.23) | ATR: 3.91
  📊 Filled: 0 | Pending: 0 | 5m: strong_bullish
  💰 Daily P&L: $+0.00

[2026-05-20 10:33] O:7435.50 H:7437.00 L:7434.75 C:7436.25 V:2395.0
  📈 Trend: strong_bullish
  🗺️  Grid: 0.080% | 🔺 7436.25 🔻 7433.75
  📡 RSI: 35.6 | MACD: 1.00 (prev: 1.07) | ATR: 3.70
  📊 Filled: 0 | Pending: 0 | 5m: strong_bullish
  💰 Daily P&L: $+0.00

[2026-05-20 10:34] O:7436.00 H:7438.25 L:7435.50 C:7438.25 V:3608.0
  📈 Trend: strong_bullish (raw: moderate_bullish)
  🗺️  Grid: 0.080% | 🔺 7437.00 🔻 7434.75
  📡 RSI: 32.5 | MACD: 1.08 (prev: 1.00) | ATR: 3.61
  📊 Filled: 0 | Pending: 0 | 5m: strong_bullish
  📤 Limit BUY 10 @ 7438.25 submitted (ID: 189)
  📋 Order 189 status: Submitted
  ⬆️ LONG ORDER @ 7438.25 | Size: 1.00 | SL: 7431.00 | TP: 7449.00 [10cts]
     Reason: Grid Long (strong_bullish, RSI: 32.5)
     ⏳ Order 189 PENDING - awaiting fill confirmation
  💰 Daily P&L: $+0.00
  ✅ Fill: BOT 10.0 @ 7438.25
  📋 Order 189 status: Filled

Error: 'IBKRBroker' object has no attribute 'place_stop_market_order'
✓ Disconnected from IBKR
