2026-05-19 09:46:05 | ERROR    | Error 10147, reqId 176: OrderId 176 that needs to be cancelled is not found.
Logging to: es_robust_20260519_093052.log

============================================================
🛡️  ES ROBUST BOT — SCALP ROBUST MODE
   • 10 contract(s) max
   • MACD momentum filter
   • 5m trend alignment filter
   • Session low short filter
   • Trailing stop enabled
   • SL: ~8 pts | TP: ~12 pts | Trail activates: +6 pts
   • Session: 8:30–12:00 CT only
   • Client ID: 11
============================================================
✓ Connected to IBKR (paper) - clientId=11
✓ Front-month contract: ESM6 expiry=20260618

============================================================
Loading historical data for indicator warm-up...
============================================================
→ Fetching historical bars (1 D, 1 min)...
✓ Loaded 931 historical bars

Processing 931 historical bars...
  📊 5m warmup: 186 bars built | trend: sideways | buffer: 1 bar(s) carried over

Indicators ready!
  Bars loaded: 931
  Last price: 7389.50
  Trend: moderate_bearish
  RSI: 48.1
  ATR: 3.88
  MACD: -2.66 / Signal: -3.26
  MA: 7387.30 / 7394.86 / 7395.94
  5m Trend: sideways

------------------------------------------------------------
Account Value: $1,060,901.94
Buying Power: $4,233,073.94
Current Position: 0 contracts
------------------------------------------------------------

============================================================
Starting live 1-minute bar stream...
Strategy is now ACTIVE (client ID: 11)
============================================================

→ Subscribed to 5-second real-time bars (aggregating to 1 min)

[2026-05-19 08:30] O:7389.50 H:7390.00 L:7386.00 C:7386.25 V:1256.0
  📈 Trend: sideways (raw: strong_bearish)
  🗺️  Grid: 0.080% | 🔺 7392.25 🔻 7383.75
  📡 RSI: 43.1 | MACD: -2.44 (prev: -2.66) | ATR: 4.04
  📊 Filled: 0 | Pending: 0 | 5m: sideways
  💰 Daily P&L: $+0.00

[2026-05-19 08:31] O:7386.25 H:7387.25 L:7381.75 C:7382.25 V:9304.0
  📈 Trend: strong_bearish
  🗺️  Grid: 0.080% | 🔺 7390.00 🔻 7386.00
  📡 RSI: 38.2 | MACD: -2.56 (prev: -2.44) | ATR: 4.30
  📊 Filled: 0 | Pending: 0 | 5m: sideways
  📤 Limit SELL 10 @ 7382.25 submitted (ID: 171)
  📋 Order 171 status: PreSubmitted
  ✅ Fill: SLD 10.0 @ 7382.25
  📋 Order 171 status: Filled
  ⬇️ SHORT ORDER @ 7382.25 | Size: 1.00 | SL: 7391.00 | TP: 7369.00 [10cts]
     Reason: Grid Short (strong_bearish, RSI: 38.2)
     ⏳ Order 171 PENDING - awaiting fill confirmation
  💰 Daily P&L: $+0.00
  📤 Stop-Limit BUY 10 @ stop:7390.25 / lmt:7394.25 submitted (ID: 172)
  📋 Order 172 status: PreSubmitted
  📤 Limit BUY 10 @ 7370.25 submitted (ID: 173)
  ✅ FILL CONFIRMED: SHORT @ 7382.25 (order 171)
     📊 Bracket placed: SL #172 @ 7390.25 | TP #173 @ 7370.25
     Trail activates @ +6.0 pts

[2026-05-19 08:32] O:7382.25 H:7388.25 L:7380.50 C:7382.75 V:7234.0
  📈 Trend: strong_bearish
  🗺️  Grid: 0.080% | 🔺 7387.25 🔻 7381.75
  📡 RSI: 43.7 | MACD: -2.59 (prev: -2.56) | ATR: 4.61
  📊 Filled: 1 | Pending: 0 | 5m: sideways
  📍 SHORT @ 7382.25 | SL: 7390.25 | TP: 7370.25 | P&L: $-250.00 | +6.0 to trail
  💰 Daily P&L: $+0.00
  📋 Order 173 status: Submitted

[2026-05-19 08:33] O:7382.75 H:7388.50 L:7382.50 C:7387.00 V:5297.0
  📈 Trend: strong_bearish
  🗺️  Grid: 0.080% | 🔺 7388.25 🔻 7380.50
  📡 RSI: 58.5 | MACD: -2.25 (prev: -2.59) | ATR: 4.55
  📊 Filled: 1 | Pending: 0 | 5m: sideways
  📍 SHORT @ 7382.25 | SL: 7390.25 | TP: 7370.25 | P&L: $-2,375.00 | +4.2 to trail
  💰 Daily P&L: $+0.00

[2026-05-19 08:34] O:7387.25 H:7389.00 L:7384.25 C:7384.50 V:4951.0
  📈 Trend: strong_bearish
  🗺️  Grid: 0.080% | 🔺 7388.50 🔻 7382.50
  📡 RSI: 46.8 | MACD: -2.15 (prev: -2.25) | ATR: 4.39
  📊 Filled: 1 | Pending: 0 | 5m: sideways
  📍 SHORT @ 7382.25 | SL: 7390.25 | TP: 7370.25 | P&L: $-1,125.00 | +4.2 to trail
  💰 Daily P&L: $+0.00

[2026-05-19 08:35] O:7384.50 H:7385.00 L:7377.50 C:7383.75 V:8432.0
  📈 Trend: strong_bearish
  🗺️  Grid: 0.080% | 🔺 7389.00 🔻 7384.25
  📡 RSI: 46.0 | MACD: -2.11 (prev: -2.15) | ATR: 4.68
  📊 Filled: 1 | Pending: 0 | 5m: sideways
  📍 SHORT @ 7382.25 | SL: 7390.25 | TP: 7370.25 | P&L: $-750.00 | +4.2 to trail
  💰 Daily P&L: $+0.00
  ✅ Fill: BOT 10.0 @ 7392.25
  📋 Order 172 status: Filled

[2026-05-19 08:36] O:7383.75 H:7392.00 L:7383.75 C:7391.50 V:7923.0
  📈 Trend: strong_bearish (raw: moderate_bearish)
  🗺️  Grid: 0.082% | 🔺 7385.00 🔻 7377.50
  📡 RSI: 58.9 | MACD: -1.43 (prev: -2.11) | ATR: 5.04
  📊 Filled: 1 | Pending: 0 | 5m: sideways
  📍 SHORT @ 7382.25 | SL: 7390.25 | TP: 7370.25 | P&L: $-4,625.00 | +1.2 to trail
  📋 Order 173 status: PendingCancel
  📋 Order 173 status: Cancelled
  ❌ EXIT SHORT @ 7392.25 | Stop Loss
     P&L: -10.00 pts ($-5,000.00) | Daily: $-5,000.00
  ⏸️ Cooldown: 2 bar(s) remaining after exit
  💰 Daily P&L: $-5,000.00

[2026-05-19 08:37] O:7391.75 H:7395.25 L:7391.00 C:7393.00 V:8950.0
  📈 Trend: moderate_bearish
  🗺️  Grid: 0.082% | 🔺 7392.00 🔻 7383.75
  📡 RSI: 64.0 | MACD: -0.77 (prev: -1.43) | ATR: 5.05
  📊 Filled: 0 | Pending: 0 | 5m: sideways
  ⏸️ Cooldown: 1 bar(s) remaining after exit
  💰 Daily P&L: $-5,000.00

[2026-05-19 08:38] O:7393.00 H:7394.75 L:7391.00 C:7394.00 V:6663.0
  📈 Trend: moderate_bearish
  🗺️  Grid: 0.083% | 🔺 7395.25 🔻 7391.00
  📡 RSI: 66.9 | MACD: -0.16 (prev: -0.77) | ATR: 5.12
  📊 Filled: 0 | Pending: 0 | 5m: sideways
  💰 Daily P&L: $-5,000.00

[2026-05-19 08:39] O:7394.25 H:7396.00 L:7392.25 C:7393.25 V:5417.0
  📈 Trend: moderate_bearish (raw: moderate_bullish)
  🗺️  Grid: 0.085% | 🔺 7394.75 🔻 7391.00
  📡 RSI: 67.4 | MACD: 0.26 (prev: -0.16) | ATR: 5.21
  📊 Filled: 0 | Pending: 0 | 5m: sideways
  💰 Daily P&L: $-5,000.00

[2026-05-19 08:40] O:7393.00 H:7394.00 L:7385.50 C:7386.00 V:6850.0
  📈 Trend: moderate_bearish (raw: strong_bearish)
  🗺️  Grid: 0.092% | 🔺 7396.00 🔻 7392.25
  📡 RSI: 54.6 | MACD: 0.01 (prev: 0.26) | ATR: 5.66
  📊 Filled: 0 | Pending: 0 | 5m: sideways
  💰 Daily P&L: $-5,000.00

[2026-05-19 08:41] O:7386.00 H:7386.50 L:7379.50 C:7381.75 V:8200.0
  📈 Trend: strong_bearish
  🗺️  Grid: 0.097% | 🔺 7394.00 🔻 7385.50
  📡 RSI: 46.8 | MACD: -0.53 (prev: 0.01) | ATR: 5.95
  📊 Filled: 0 | Pending: 0 | 5m: sideways
  📤 Limit SELL 5 @ 7381.75 submitted (ID: 174)
  📋 Order 174 status: Submitted
  ⬇️ SHORT ORDER @ 7381.75 | Size: 1.00 | SL: 7390.50 | TP: 7368.50 [HIGH VOL ATR:5.95→5cts]
     Reason: Grid Short (strong_bearish, RSI: 46.8)
     ⏳ Order 174 PENDING - awaiting fill confirmation
  💰 Daily P&L: $-5,000.00
  ✅ Fill: SLD 4.0 @ 7381.75
  📋 Order 174 status: Submitted
  ✅ Fill: SLD 1.0 @ 7381.75
  📋 Order 174 status: Filled
  📤 Stop-Limit BUY 5 @ stop:7389.75 / lmt:7393.75 submitted (ID: 175)
  📋 Order 175 status: PreSubmitted
  📤 Limit BUY 5 @ 7369.75 submitted (ID: 176)
  📋 Order 176 status: Submitted
  ✅ FILL CONFIRMED: SHORT @ 7381.75 (order 174)
     📊 Bracket placed: SL #175 @ 7389.75 | TP #176 @ 7369.75
     Trail activates @ +6.0 pts

[2026-05-19 08:42] O:7381.75 H:7383.00 L:7377.25 C:7378.25 V:8614.0
  📈 Trend: strong_bearish
  🗺️  Grid: 0.099% | 🔺 7386.50 🔻 7379.50
  📡 RSI: 40.3 | MACD: -1.22 (prev: -0.53) | ATR: 6.09
  📊 Filled: 1 | Pending: 0 | 5m: sideways
  📍 SHORT @ 7381.75 | SL: 7389.75 | TP: 7369.75 | P&L: $+875.00 | +6.0 to trail
  💰 Daily P&L: $-5,000.00

[2026-05-19 08:43] O:7378.25 H:7381.25 L:7376.00 C:7378.25 V:6716.0
  📈 Trend: strong_bearish
  🗺️  Grid: 0.095% | 🔺 7383.00 🔻 7377.25
  📡 RSI: 36.4 | MACD: -1.75 (prev: -1.22) | ATR: 5.86
  📊 Filled: 1 | Pending: 0 | 5m: sideways
  📍 SHORT @ 7381.75 | SL: 7389.75 | TP: 7369.75 | P&L: $+875.00 | +1.5 to trail
  💰 Daily P&L: $-5,000.00

[2026-05-19 08:44] O:7378.00 H:7380.25 L:7373.50 C:7375.00 V:7167.0
  📈 Trend: strong_bearish
  🗺️  Grid: 0.098% | 🔺 7381.25 🔻 7376.00
  📡 RSI: 36.4 | MACD: -2.41 (prev: -1.75) | ATR: 6.05
  📊 Filled: 1 | Pending: 0 | 5m: sideways
  📍 SHORT @ 7381.75 | SL: 7389.75 | TP: 7369.75 | P&L: $+1,687.50 | +0.2 to trail
  ✏️ Stop order 175 modified → 7375.75 [confirmed]
  🔄 TRAILING ACTIVATED @ +8.25pts | Stop: 7389.75 → 7375.75
  💰 Daily P&L: $-5,000.00
  ✅ Fill: BOT 5.0 @ 7375.75
  📋 Order 175 status: Filled
  📋 Order 176 status: Cancelled

[2026-05-19 08:45] O:7375.00 H:7379.50 L:7373.50 C:7376.50 V:8170.0
  📈 Trend: strong_bearish
  🗺️  Grid: 0.099% | 🔺 7380.25 🔻 7373.50
  📡 RSI: 42.6 | MACD: -2.77 (prev: -2.41) | ATR: 6.09
  📊 Filled: 1 | Pending: 0 | 5m: sideways
  📍 SHORT @ 7381.75 | Trail: 7375.75 | TP: 7369.75 | P&L: $+1,312.50 | 🔒 Trailing
  ✅ EXIT SHORT @ 7375.75 | Trailing Stop
     P&L: +6.00 pts ($+1,500.00) | Daily: $-3,500.00
  ⏸️ Cooldown: 2 bar(s) remaining after exit
  💰 Daily P&L: $-3,500.00

[2026-05-19 08:46] O:7376.50 H:7377.25 L:7370.00 C:7370.25 V:8365.0
  📈 Trend: strong_bearish
  🗺️  Grid: 0.099% | 🔺 7379.50 🔻 7373.50
  📡 RSI: 36.0 | MACD: -3.53 (prev: -2.77) | ATR: 6.05
  📊 Filled: 0 | Pending: 0 | 5m: sideways
  ⏸️ Cooldown: 1 bar(s) remaining after exit
  💰 Daily P&L: $-3,500.00

[2026-05-19 08:47] O:7370.25 H:7385.75 L:7370.00 C:7383.50 V:10565.0
  📈 Trend: strong_bearish
  🗺️  Grid: 0.110% | 🔺 7377.25 🔻 7370.00
  📡 RSI: 46.7 | MACD: -3.02 (prev: -3.53) | ATR: 6.75
  📊 Filled: 0 | Pending: 0 | 5m: sideways
  💰 Daily P&L: $-3,500.00

[2026-05-19 08:48] O:7383.50 H:7386.50 L:7381.25 C:7385.25 V:7627.0
  📈 Trend: strong_bearish
  🗺️  Grid: 0.110% | 🔺 7385.75 🔻 7370.00
  📡 RSI: 50.7 | MACD: -2.45 (prev: -3.02) | ATR: 6.79
  📊 Filled: 0 | Pending: 0 | 5m: sideways
  💰 Daily P&L: $-3,500.00

[2026-05-19 08:49] O:7385.00 H:7392.50 L:7383.25 C:7384.75 V:9746.0
  📈 Trend: strong_bearish
  🗺️  Grid: 0.112% | 🔺 7386.50 🔻 7381.25
  📡 RSI: 51.0 | MACD: -2.01 (prev: -2.45) | ATR: 6.91
  📊 Filled: 0 | Pending: 0 | 5m: sideways
  💰 Daily P&L: $-3,500.00

[2026-05-19 08:50] O:7384.75 H:7387.50 L:7381.00 C:7384.75 V:6173.0
  📈 Trend: strong_bearish (raw: moderate_bearish)
  🗺️  Grid: 0.110% | 🔺 7392.50 🔻 7383.25
  📡 RSI: 42.5 | MACD: -1.65 (prev: -2.01) | ATR: 6.79
  📊 Filled: 0 | Pending: 0 | 5m: sideways
  💰 Daily P&L: $-3,500.00

[2026-05-19 08:51] O:7385.00 H:7390.75 L:7383.25 C:7390.25 V:5324.0
  📈 Trend: moderate_bearish
  🗺️  Grid: 0.114% | 🔺 7387.50 🔻 7381.00
  📡 RSI: 47.2 | MACD: -0.91 (prev: -1.65) | ATR: 7.02
  📊 Filled: 0 | Pending: 0 | 5m: sideways
  💰 Daily P&L: $-3,500.00

[2026-05-19 08:52] O:7390.50 H:7392.50 L:7386.75 C:7389.75 V:4804.0
  📈 Trend: moderate_bearish
  🗺️  Grid: 0.116% | 🔺 7390.75 🔻 7383.25
  📡 RSI: 45.6 | MACD: -0.35 (prev: -0.91) | ATR: 7.16
  📊 Filled: 0 | Pending: 0 | 5m: sideways
  💰 Daily P&L: $-3,500.00

[2026-05-19 08:53] O:7390.00 H:7392.50 L:7389.00 C:7390.75 V:4362.0
  📈 Trend: moderate_bearish (raw: moderate_bullish)
  🗺️  Grid: 0.116% | 🔺 7392.50 🔻 7386.75
  📡 RSI: 47.4 | MACD: 0.16 (prev: -0.35) | ATR: 7.14
  📊 Filled: 0 | Pending: 0 | 5m: sideways
  💰 Daily P&L: $-3,500.00

[2026-05-19 08:54] O:7391.00 H:7399.00 L:7390.50 C:7397.00 V:7760.0
  📈 Trend: moderate_bullish
  🗺️  Grid: 0.116% | 🔺 7392.50 🔻 7389.00
  📡 RSI: 61.6 | MACD: 1.06 (prev: 0.16) | ATR: 7.14
  📊 Filled: 0 | Pending: 0 | 5m: sideways
  🚫 Long blocked: price 7397.00 is 2.0 pts below session high 7399.00 (limit: 10.0 pts, window: 2.0 hrs)
  💰 Daily P&L: $-3,500.00

[2026-05-19 08:55] O:7397.00 H:7402.00 L:7396.50 C:7398.50 V:8616.0
  📈 Trend: moderate_bullish
  🗺️  Grid: 0.114% | 🔺 7399.00 🔻 7390.50
  📡 RSI: 68.7 | MACD: 1.88 (prev: 1.06) | ATR: 7.04
  📊 Filled: 0 | Pending: 0 | 5m: sideways
  💰 Daily P&L: $-3,500.00

[2026-05-19 08:56] O:7398.50 H:7400.00 L:7391.00 C:7393.50 V:7704.0
  📈 Trend: moderate_bullish
  🗺️  Grid: 0.118% | 🔺 7402.00 🔻 7396.50
  📡 RSI: 66.5 | MACD: 2.10 (prev: 1.88) | ATR: 7.27
  📊 Filled: 0 | Pending: 0 | 5m: sideways
  💰 Daily P&L: $-3,500.00

[2026-05-19 08:57] O:7393.50 H:7398.00 L:7391.75 C:7397.00 V:5047.0
  📈 Trend: moderate_bullish
  🗺️  Grid: 0.119% | 🔺 7400.00 🔻 7391.00
  📡 RSI: 68.8 | MACD: 2.52 (prev: 2.10) | ATR: 7.34
  📊 Filled: 0 | Pending: 0 | 5m: sideways
  💰 Daily P&L: $-3,500.00

[2026-05-19 08:58] O:7397.00 H:7398.00 L:7392.00 C:7395.50 V:4803.0
  📈 Trend: moderate_bullish
  🗺️  Grid: 0.118% | 🔺 7398.00 🔻 7391.75
  📡 RSI: 71.4 | MACD: 2.71 (prev: 2.52) | ATR: 7.29
  📊 Filled: 0 | Pending: 0 | 5m: sideways
  💰 Daily P&L: $-3,500.00

[2026-05-19 08:59] O:7395.50 H:7398.00 L:7391.75 C:7392.00 V:2704.0
  📈 Trend: moderate_bullish
  🗺️  Grid: 0.119% | 🔺 7398.00 🔻 7392.00
  📡 RSI: 65.5 | MACD: 2.54 (prev: 2.71) | ATR: 7.30
  📊 Filled: 0 | Pending: 0 | 5m: sideways
  💰 Daily P&L: $-3,500.00

[2026-05-19 09:00] O:7392.50 H:7393.00 L:7385.00 C:7386.25 V:6342.0
  📈 Trend: moderate_bullish
  🗺️  Grid: 0.120% | 🔺 7398.00 🔻 7391.75
  📡 RSI: 66.2 | MACD: 1.92 (prev: 2.54) | ATR: 7.36
  📊 Filled: 0 | Pending: 0 | 5m: sideways
  💰 Daily P&L: $-3,500.00

[2026-05-19 09:01] O:7386.00 H:7387.00 L:7382.75 C:7385.50 V:6288.0
  📈 Trend: moderate_bullish (raw: moderate_bearish)
  🗺️  Grid: 0.106% | 🔺 7393.00 🔻 7385.00
  📡 RSI: 52.7 | MACD: 1.36 (prev: 1.92) | ATR: 6.54
  📊 Filled: 0 | Pending: 0 | 5m: sideways
  💰 Daily P&L: $-3,500.00

[2026-05-19 09:02] O:7385.25 H:7387.00 L:7379.00 C:7379.75 V:7956.0
  📈 Trend: moderate_bullish
  🗺️  Grid: 0.109% | 🔺 7387.00 🔻 7382.75
  📡 RSI: 43.3 | MACD: 0.44 (prev: 1.36) | ATR: 6.73
  📊 Filled: 0 | Pending: 0 | 5m: sideways
  💰 Daily P&L: $-3,500.00

[2026-05-19 09:03] O:7379.50 H:7384.25 L:7378.75 C:7382.75 V:5402.0
  📈 Trend: moderate_bullish
  🗺️  Grid: 0.105% | 🔺 7387.00 🔻 7379.00
  📡 RSI: 47.7 | MACD: -0.04 (prev: 0.44) | ATR: 6.46
  📊 Filled: 0 | Pending: 0 | 5m: sideways
  💰 Daily P&L: $-3,500.00

[2026-05-19 09:04] O:7382.50 H:7390.00 L:7381.25 C:7388.75 V:8273.0
  📈 Trend: moderate_bullish
  🗺️  Grid: 0.108% | 🔺 7384.25 🔻 7378.75
  📡 RSI: 54.0 | MACD: 0.06 (prev: -0.04) | ATR: 6.62
  📊 Filled: 0 | Pending: 0 | 5m: sideways
  💰 Daily P&L: $-3,500.00

[2026-05-19 09:05] O:7388.75 H:7390.00 L:7377.50 C:7377.50 V:8010.0
  📈 Trend: moderate_bullish
  🗺️  Grid: 0.114% | 🔺 7390.00 🔻 7381.25
  📡 RSI: 38.5 | MACD: -0.76 (prev: 0.06) | ATR: 6.98
  📊 Filled: 0 | Pending: 0 | 5m: sideways
  💰 Daily P&L: $-3,500.00

[2026-05-19 09:06] O:7377.50 H:7383.25 L:7374.75 C:7378.00 V:9185.0
  📈 Trend: moderate_bullish (raw: strong_bearish)
  🗺️  Grid: 0.117% | 🔺 7390.00 🔻 7377.50
  📡 RSI: 39.4 | MACD: -1.36 (prev: -0.76) | ATR: 7.18
  📊 Filled: 0 | Pending: 0 | 5m: sideways
  💰 Daily P&L: $-3,500.00

[2026-05-19 09:07] O:7378.00 H:7379.50 L:7367.50 C:7370.00 V:8122.0
  📈 Trend: strong_bearish
  🗺️  Grid: 0.127% | 🔺 7383.25 🔻 7374.75
  📡 RSI: 33.3 | MACD: -2.44 (prev: -1.36) | ATR: 7.79
  📊 Filled: 0 | Pending: 0 | 5m: sideways
  💰 Daily P&L: $-3,500.00

[2026-05-19 09:08] O:7369.75 H:7371.75 L:7367.50 C:7368.75 V:6070.0
  📈 Trend: strong_bearish
  🗺️  Grid: 0.122% | 🔺 7379.50 🔻 7367.50
  📡 RSI: 25.3 | MACD: -3.37 (prev: -2.44) | ATR: 7.48
  📊 Filled: 0 | Pending: 0 | 5m: sideways
  💰 Daily P&L: $-3,500.00

[2026-05-19 09:09] O:7368.50 H:7373.25 L:7367.25 C:7372.25 V:6928.0
  📈 Trend: strong_bearish
  🗺️  Grid: 0.122% | 🔺 7371.75 🔻 7367.50
  📡 RSI: 27.8 | MACD: -3.77 (prev: -3.37) | ATR: 7.52
  📊 Filled: 0 | Pending: 0 | 5m: sideways
  💰 Daily P&L: $-3,500.00

[2026-05-19 09:10] O:7372.25 H:7376.50 L:7368.75 C:7376.25 V:6836.0
  📈 Trend: strong_bearish
  🗺️  Grid: 0.121% | 🔺 7373.25 🔻 7367.25
  📡 RSI: 35.2 | MACD: -3.73 (prev: -3.77) | ATR: 7.43
  📊 Filled: 0 | Pending: 0 | 5m: sideways
  💰 Daily P&L: $-3,500.00

[2026-05-19 09:11] O:7376.25 H:7378.00 L:7369.50 C:7375.75 V:7527.0
  📈 Trend: strong_bearish
  🗺️  Grid: 0.123% | 🔺 7376.50 🔻 7368.75
  📡 RSI: 30.8 | MACD: -3.69 (prev: -3.73) | ATR: 7.59
  📊 Filled: 0 | Pending: 0 | 5m: sideways
  💰 Daily P&L: $-3,500.00

[2026-05-19 09:12] O:7375.75 H:7377.00 L:7371.50 C:7376.50 V:6395.0
  📈 Trend: strong_bearish
  🗺️  Grid: 0.123% | 🔺 7378.00 🔻 7369.50
  📡 RSI: 32.6 | MACD: -3.56 (prev: -3.69) | ATR: 7.55
  📊 Filled: 0 | Pending: 0 | 5m: sideways
  💰 Daily P&L: $-3,500.00

[2026-05-19 09:13] O:7376.25 H:7377.75 L:7371.00 C:7372.25 V:5348.0
  📈 Trend: strong_bearish
  🗺️  Grid: 0.124% | 🔺 7377.00 🔻 7371.50
  📡 RSI: 32.1 | MACD: -3.76 (prev: -3.56) | ATR: 7.59
  📊 Filled: 0 | Pending: 0 | 5m: sideways
  💰 Daily P&L: $-3,500.00

[2026-05-19 09:14] O:7372.25 H:7372.50 L:7367.00 C:7368.00 V:6080.0
  📈 Trend: strong_bearish
  🗺️  Grid: 0.121% | 🔺 7377.75 🔻 7371.00
  📡 RSI: 33.0 | MACD: -4.21 (prev: -3.76) | ATR: 7.41
  📊 Filled: 0 | Pending: 0 | 5m: sideways
  💰 Daily P&L: $-3,500.00

[2026-05-19 09:15] O:7368.00 H:7370.25 L:7365.75 C:7367.00 V:5950.0
  📈 Trend: strong_bearish
  🗺️  Grid: 0.121% | 🔺 7372.50 🔻 7367.00
  📡 RSI: 32.9 | MACD: -4.59 (prev: -4.21) | ATR: 7.43
  📊 Filled: 0 | Pending: 0 | 5m: sideways
  💰 Daily P&L: $-3,500.00

[2026-05-19 09:16] O:7367.00 H:7368.50 L:7365.00 C:7367.50 V:4654.0
  📈 Trend: strong_bearish
  🗺️  Grid: 0.116% | 🔺 7370.25 🔻 7365.75
  📡 RSI: 37.4 | MACD: -4.80 (prev: -4.59) | ATR: 7.11
  📊 Filled: 0 | Pending: 0 | 5m: sideways
  💰 Daily P&L: $-3,500.00

[2026-05-19 09:17] O:7367.50 H:7370.50 L:7365.00 C:7366.50 V:5993.0
  📈 Trend: strong_bearish
  🗺️  Grid: 0.116% | 🔺 7368.50 🔻 7365.00
  📡 RSI: 32.6 | MACD: -4.99 (prev: -4.80) | ATR: 7.11
  📊 Filled: 0 | Pending: 0 | 5m: sideways
  💰 Daily P&L: $-3,500.00

[2026-05-19 09:18] O:7366.25 H:7368.75 L:7362.50 C:7367.25 V:6448.0
  📈 Trend: strong_bearish
  🗺️  Grid: 0.113% | 🔺 7370.50 🔻 7365.00
  📡 RSI: 24.1 | MACD: -5.02 (prev: -4.99) | ATR: 6.93
  📊 Filled: 0 | Pending: 0 | 5m: sideways
  💰 Daily P&L: $-3,500.00

[2026-05-19 09:19] O:7367.25 H:7368.75 L:7362.75 C:7364.25 V:5650.0
  📈 Trend: strong_bearish
  🗺️  Grid: 0.105% | 🔺 7368.75 🔻 7362.50
  📡 RSI: 30.1 | MACD: -5.23 (prev: -5.02) | ATR: 6.46
  📊 Filled: 0 | Pending: 0 | 5m: sideways
  💰 Daily P&L: $-3,500.00

[2026-05-19 09:20] O:7364.50 H:7366.75 L:7360.50 C:7361.25 V:6819.0
  📈 Trend: strong_bearish
  🗺️  Grid: 0.103% | 🔺 7368.75 🔻 7362.75
  📡 RSI: 26.6 | MACD: -5.57 (prev: -5.23) | ATR: 6.30
  📊 Filled: 0 | Pending: 0 | 5m: sideways
  💰 Daily P&L: $-3,500.00

[2026-05-19 09:21] O:7361.25 H:7362.25 L:7356.25 C:7357.25 V:8770.0
  📈 Trend: strong_bearish
  🗺️  Grid: 0.096% | 🔺 7366.75 🔻 7360.50
  📡 RSI: 29.9 | MACD: -6.09 (prev: -5.57) | ATR: 5.88
  📊 Filled: 0 | Pending: 0 | 5m: sideways
  💰 Daily P&L: $-3,500.00

[2026-05-19 09:22] O:7357.25 H:7360.75 L:7356.50 C:7360.75 V:5801.0
  📈 Trend: strong_bearish
  🗺️  Grid: 0.096% | 🔺 7362.25 🔻 7356.25
  📡 RSI: 38.2 | MACD: -6.15 (prev: -6.09) | ATR: 5.88
  📊 Filled: 0 | Pending: 0 | 5m: sideways
  💰 Daily P&L: $-3,500.00

[2026-05-19 09:23] O:7360.75 H:7365.00 L:7359.75 C:7362.50 V:7050.0
  📈 Trend: strong_bearish
  🗺️  Grid: 0.095% | 🔺 7360.75 🔻 7356.50
  📡 RSI: 34.9 | MACD: -5.99 (prev: -6.15) | ATR: 5.82
  📊 Filled: 0 | Pending: 0 | 5m: sideways
  💰 Daily P&L: $-3,500.00

[2026-05-19 09:24] O:7362.50 H:7366.25 L:7361.00 C:7366.00 V:6285.0
  📈 Trend: strong_bearish
  🗺️  Grid: 0.092% | 🔺 7365.00 🔻 7359.75
  📡 RSI: 33.9 | MACD: -5.52 (prev: -5.99) | ATR: 5.64
  📊 Filled: 0 | Pending: 0 | 5m: sideways
  💰 Daily P&L: $-3,500.00

[2026-05-19 09:25] O:7366.00 H:7367.00 L:7360.25 C:7362.00 V:6659.0
  📈 Trend: strong_bearish
  🗺️  Grid: 0.090% | 🔺 7366.25 🔻 7361.00
  📡 RSI: 30.5 | MACD: -5.40 (prev: -5.52) | ATR: 5.52
  📊 Filled: 0 | Pending: 0 | 5m: sideways
  💰 Daily P&L: $-3,500.00

[2026-05-19 09:26] O:7362.00 H:7367.75 L:7361.00 C:7365.50 V:5283.0
  📈 Trend: strong_bearish
  🗺️  Grid: 0.091% | 🔺 7367.00 🔻 7360.25
  📡 RSI: 35.5 | MACD: -4.97 (prev: -5.40) | ATR: 5.61
  📊 Filled: 0 | Pending: 0 | 5m: sideways
  💰 Daily P&L: $-3,500.00

[2026-05-19 09:27] O:7365.75 H:7369.25 L:7364.00 C:7368.50 V:5496.0
  📈 Trend: strong_bearish
  🗺️  Grid: 0.090% | 🔺 7367.75 🔻 7361.00
  📡 RSI: 44.9 | MACD: -4.34 (prev: -4.97) | ATR: 5.50
  📊 Filled: 0 | Pending: 0 | 5m: sideways
  💰 Daily P&L: $-3,500.00

[2026-05-19 09:28] O:7368.50 H:7370.00 L:7362.25 C:7363.00 V:6211.0
  📈 Trend: strong_bearish
  🗺️  Grid: 0.092% | 🔺 7369.25 🔻 7364.00
  📡 RSI: 43.4 | MACD: -4.23 (prev: -4.34) | ATR: 5.66
  📊 Filled: 0 | Pending: 0 | 5m: sideways
  ⏭️ MACD filter blocked SHORT | MACD: -4.23 vs prev -4.34
  💰 Daily P&L: $-3,500.00

[2026-05-19 09:29] O:7363.00 H:7365.25 L:7361.25 C:7363.25 V:4443.0
  📈 Trend: strong_bearish
  🗺️  Grid: 0.092% | 🔺 7370.00 🔻 7362.25
  📡 RSI: 45.0 | MACD: -4.08 (prev: -4.23) | ATR: 5.62
  📊 Filled: 0 | Pending: 0 | 5m: sideways
  💰 Daily P&L: $-3,500.00

[2026-05-19 09:30] O:7363.25 H:7366.25 L:7359.25 C:7366.25 V:7450.0
  📈 Trend: strong_bearish
  🗺️  Grid: 0.096% | 🔺 7365.25 🔻 7361.25
  📡 RSI: 48.4 | MACD: -3.67 (prev: -4.08) | ATR: 5.88
  📊 Filled: 0 | Pending: 0 | 5m: sideways
  💰 Daily P&L: $-3,500.00

[2026-05-19 09:31] O:7366.50 H:7372.50 L:7364.00 C:7369.50 V:6259.0
  📈 Trend: strong_bearish
  🗺️  Grid: 0.099% | 🔺 7366.25 🔻 7359.25
  📡 RSI: 53.6 | MACD: -3.06 (prev: -3.67) | ATR: 6.09
  📊 Filled: 0 | Pending: 0 | 5m: sideways
  💰 Daily P&L: $-3,500.00

[2026-05-19 09:32] O:7369.50 H:7370.75 L:7363.75 C:7365.00 V:4270.0
  📈 Trend: strong_bearish
  🗺️  Grid: 0.100% | 🔺 7372.50 🔻 7364.00
  📡 RSI: 47.5 | MACD: -2.89 (prev: -3.06) | ATR: 6.14
  📊 Filled: 0 | Pending: 0 | 5m: sideways
  💰 Daily P&L: $-3,500.00

[2026-05-19 09:33] O:7365.00 H:7365.50 L:7362.25 C:7365.25 V:3318.0
  📈 Trend: strong_bearish
  🗺️  Grid: 0.097% | 🔺 7370.75 🔻 7363.75
  📡 RSI: 51.2 | MACD: -2.72 (prev: -2.89) | ATR: 5.95
  📊 Filled: 0 | Pending: 0 | 5m: sideways
  💰 Daily P&L: $-3,500.00

[2026-05-19 09:34] O:7365.25 H:7366.25 L:7361.25 C:7361.75 V:3498.0
  📈 Trend: strong_bearish
  🗺️  Grid: 0.095% | 🔺 7365.50 🔻 7362.25
  📡 RSI: 50.6 | MACD: -2.82 (prev: -2.72) | ATR: 5.86
  📊 Filled: 0 | Pending: 0 | 5m: sideways
  📤 Limit SELL 5 @ 7361.75 submitted (ID: 177)
  📋 Order 177 status: PreSubmitted
  ✅ Fill: SLD 5.0 @ 7362.75
  📋 Order 177 status: Filled
  ⬇️ SHORT ORDER @ 7361.75 | Size: 1.00 | SL: 7370.50 | TP: 7348.50 [HIGH VOL ATR:5.86→5cts]
     Reason: Grid Short (strong_bearish, RSI: 50.6)
     ⏳ Order 177 PENDING - awaiting fill confirmation
  💰 Daily P&L: $-3,500.00
  📤 Stop-Limit BUY 5 @ stop:7370.75 / lmt:7374.75 submitted (ID: 178)
  📤 Limit BUY 5 @ 7350.75 submitted (ID: 179)
  📋 Order 178 status: PreSubmitted
  ✅ FILL CONFIRMED: SHORT @ 7362.75 (order 177)
     📊 Bracket placed: SL #178 @ 7370.75 | TP #179 @ 7350.75
     Trail activates @ +6.0 pts

[2026-05-19 09:35] O:7361.75 H:7364.25 L:7361.50 C:7364.00 V:3652.0
  📈 Trend: strong_bearish
  🗺️  Grid: 0.092% | 🔺 7366.25 🔻 7361.25
  📡 RSI: 58.1 | MACD: -2.70 (prev: -2.82) | ATR: 5.62
  📊 Filled: 1 | Pending: 0 | 5m: sideways
  📍 SHORT @ 7362.75 | SL: 7370.75 | TP: 7350.75 | P&L: $-312.50 | +6.0 to trail
  💰 Daily P&L: $-3,500.00
  📋 Order 179 status: Submitted

[2026-05-19 09:36] O:7364.00 H:7368.00 L:7363.00 C:7367.00 V:3505.0
  📈 Trend: strong_bearish (raw: moderate_bearish)
  🗺️  Grid: 0.092% | 🔺 7364.25 🔻 7361.50
  📡 RSI: 57.6 | MACD: -2.33 (prev: -2.70) | ATR: 5.68
  📊 Filled: 1 | Pending: 0 | 5m: sideways
  📍 SHORT @ 7362.75 | SL: 7370.75 | TP: 7350.75 | P&L: $-1,062.50 | +4.8 to trail
  💰 Daily P&L: $-3,500.00

[2026-05-19 09:37] O:7367.00 H:7368.00 L:7364.75 C:7367.75 V:2770.0
  📈 Trend: moderate_bearish
  🗺️  Grid: 0.090% | 🔺 7368.00 🔻 7363.00
  📡 RSI: 56.5 | MACD: -1.95 (prev: -2.33) | ATR: 5.54
  📊 Filled: 1 | Pending: 0 | 5m: sideways
  📍 SHORT @ 7362.75 | SL: 7370.75 | TP: 7350.75 | P&L: $-1,250.00 | +4.8 to trail
  💰 Daily P&L: $-3,500.00

[2026-05-19 09:38] O:7367.50 H:7369.75 L:7365.00 C:7369.25 V:5517.0
  📈 Trend: moderate_bearish
  🗺️  Grid: 0.090% | 🔺 7368.00 🔻 7364.75
  📡 RSI: 54.2 | MACD: -1.52 (prev: -1.95) | ATR: 5.50
  📊 Filled: 1 | Pending: 0 | 5m: strong_bearish
  📍 SHORT @ 7362.75 | SL: 7370.75 | TP: 7350.75 | P&L: $-1,625.00 | +4.8 to trail
  💰 Daily P&L: $-3,500.00
  ✅ Fill: BOT 5.0 @ 7371.0
  📋 Order 178 status: Filled

[2026-05-19 09:39] O:7369.25 H:7371.25 L:7367.50 C:7368.75 V:4005.0
  📈 Trend: moderate_bearish
  🗺️  Grid: 0.086% | 🔺 7369.75 🔻 7365.00
  📡 RSI: 59.7 | MACD: -1.20 (prev: -1.52) | ATR: 5.29
  📊 Filled: 1 | Pending: 0 | 5m: strong_bearish
  📍 SHORT @ 7362.75 | SL: 7370.75 | TP: 7350.75 | P&L: $-1,500.00 | +4.8 to trail
  📋 Order 179 status: PendingCancel
  📋 Order 179 status: Cancelled
  ❌ EXIT SHORT @ 7371.00 | Stop Loss
     P&L: -8.25 pts ($-2,062.50) | Daily: $-5,562.50
  ⏸️ Cooldown: 2 bar(s) remaining after exit
  💰 Daily P&L: $-5,562.50

[2026-05-19 09:40] O:7369.00 H:7372.00 L:7363.50 C:7369.75 V:4049.0
  📈 Trend: moderate_bearish
  🗺️  Grid: 0.088% | 🔺 7371.25 🔻 7367.50
  📡 RSI: 56.6 | MACD: -0.85 (prev: -1.20) | ATR: 5.41
  📊 Filled: 0 | Pending: 0 | 5m: strong_bearish
  ⏸️ Cooldown: 1 bar(s) remaining after exit
  💰 Daily P&L: $-5,562.50

[2026-05-19 09:41] O:7369.50 H:7372.00 L:7367.00 C:7370.25 V:4840.0
  📈 Trend: moderate_bearish
  🗺️  Grid: 0.088% | 🔺 7372.00 🔻 7363.50
  📡 RSI: 52.9 | MACD: -0.53 (prev: -0.85) | ATR: 5.39
  📊 Filled: 0 | Pending: 0 | 5m: strong_bearish
  💰 Daily P&L: $-5,562.50

[2026-05-19 09:42] O:7370.25 H:7374.00 L:7369.00 C:7371.75 V:4061.0
  📈 Trend: moderate_bearish
  🗺️  Grid: 0.085% | 🔺 7372.00 🔻 7367.00
  📡 RSI: 67.0 | MACD: -0.16 (prev: -0.53) | ATR: 5.20
  📊 Filled: 0 | Pending: 0 | 5m: strong_bearish
  💰 Daily P&L: $-5,562.50

[2026-05-19 09:43] O:7371.75 H:7373.50 L:7367.50 C:7367.75 V:4260.0
  📈 Trend: moderate_bearish
  🗺️  Grid: 0.087% | 🔺 7374.00 🔻 7369.00
  📡 RSI: 57.6 | MACD: -0.18 (prev: -0.16) | ATR: 5.34
  📊 Filled: 0 | Pending: 0 | 5m: strong_bearish
  🚫 Short blocked: price 7367.75 is 11.5 pts above session low 7356.25 (limit: 10.0 pts, window: 2.0 hrs)
  💰 Daily P&L: $-5,562.50

[2026-05-19 09:44] O:7367.75 H:7369.00 L:7364.75 C:7366.50 V:3483.0
  📈 Trend: moderate_bearish
  🗺️  Grid: 0.084% | 🔺 7373.50 🔻 7367.50
  📡 RSI: 50.5 | MACD: -0.30 (prev: -0.18) | ATR: 5.14
  📊 Filled: 0 | Pending: 0 | 5m: strong_bearish
  💰 Daily P&L: $-5,562.50

[2026-05-19 09:45] O:7366.50 H:7368.50 L:7361.25 C:7361.75 V:5020.0
  📈 Trend: moderate_bearish (raw: strong_bearish)
  🗺️  Grid: 0.082% | 🔺 7369.00 🔻 7364.75
  📡 RSI: 36.8 | MACD: -0.76 (prev: -0.30) | ATR: 5.05
  📊 Filled: 0 | Pending: 0 | 5m: strong_bearish
  💰 Daily P&L: $-5,562.50

[2026-05-19 09:46] O:7361.75 H:7362.75 L:7359.75 C:7360.75 V:3571.0
  📈 Trend: strong_bearish
  🗺️  Grid: 0.080% | 🔺 7368.50 🔻 7361.25
  📡 RSI: 41.7 | MACD: -1.20 (prev: -0.76) | ATR: 4.77
  📊 Filled: 0 | Pending: 0 | 5m: strong_bearish
  📤 Limit SELL 5 @ 7360.75 submitted (ID: 180)
  ⬇️ SHORT ORDER @ 7360.75 | Size: 1.00 | SL: 7369.50 | TP: 7347.50 [HIGH VOL ATR:4.77→5cts]
     Reason: Grid Short (strong_bearish, RSI: 41.7)
     ⏳ Order 180 PENDING - awaiting fill confirmation
  💰 Daily P&L: $-5,562.50
  📋 Order 180 status: Submitted
  ✅ Fill: SLD 5.0 @ 7360.75
  📋 Order 180 status: Filled
  📤 Stop-Limit BUY 5 @ stop:7368.75 / lmt:7372.75 submitted (ID: 181)
  📋 Order 181 status: PreSubmitted
  📤 Limit BUY 5 @ 7348.75 submitted (ID: 182)
  📋 Order 182 status: Submitted
  ✅ FILL CONFIRMED: SHORT @ 7360.75 (order 180)
     📊 Bracket placed: SL #181 @ 7368.75 | TP #182 @ 7348.75
     Trail activates @ +6.0 pts

[2026-05-19 09:47] O:7360.75 H:7361.00 L:7355.75 C:7357.00 V:4527.0
  📈 Trend: strong_bearish
  🗺️  Grid: 0.080% | 🔺 7362.75 🔻 7359.75
  📡 RSI: 35.9 | MACD: -1.83 (prev: -1.20) | ATR: 4.91
  📊 Filled: 1 | Pending: 0 | 5m: strong_bearish
  📍 SHORT @ 7360.75 | SL: 7368.75 | TP: 7348.75 | P&L: $+937.50 | +6.0 to trail
  💰 Daily P&L: $-5,562.50

[2026-05-19 09:48] O:7357.00 H:7358.50 L:7354.25 C:7358.50 V:4199.0
  📈 Trend: strong_bearish
  🗺️  Grid: 0.080% | 🔺 7361.00 🔻 7355.75
  📡 RSI: 44.0 | MACD: -2.18 (prev: -1.83) | ATR: 4.86
  📊 Filled: 1 | Pending: 0 | 5m: strong_bearish
  📍 SHORT @ 7360.75 | SL: 7368.75 | TP: 7348.75 | P&L: $+562.50 | +1.0 to trail
  ✏️ Stop order 181 modified → 7354.75 [confirmed]
  🔄 TRAILING ACTIVATED @ +6.50pts | Stop: 7368.75 → 7354.75
  💰 Daily P&L: $-5,562.50
  ✅ Fill: BOT 5.0 @ 7358.25
  📋 Order 181 status: Filled

[2026-05-19 09:49] O:7358.25 H:7360.75 L:7357.25 C:7358.25 V:3241.0
  📈 Trend: strong_bearish
  🗺️  Grid: 0.080% | 🔺 7358.50 🔻 7354.25
  📡 RSI: 38.6 | MACD: -2.45 (prev: -2.18) | ATR: 4.91
  📊 Filled: 1 | Pending: 0 | 5m: strong_bearish
  📍 SHORT @ 7360.75 | Trail: 7354.75 | TP: 7348.75 | P&L: $+625.00 | 🔒 Trailing
  📋 Order 182 status: PendingCancel
  📋 Order 182 status: Cancelled
  ✅ EXIT SHORT @ 7358.25 | Trailing Stop
     P&L: +2.50 pts ($+625.00) | Daily: $-4,937.50
  ⏸️ Cooldown: 2 bar(s) remaining after exit
  💰 Daily P&L: $-4,937.50

[2026-05-19 09:50] O:7358.25 H:7359.75 L:7356.25 C:7357.50 V:3567.0
  📈 Trend: strong_bearish
  🗺️  Grid: 0.080% | 🔺 7360.75 🔻 7357.25
  📡 RSI: 29.3 | MACD: -2.69 (prev: -2.45) | ATR: 4.80
  📊 Filled: 0 | Pending: 0 | 5m: strong_bearish
  ⏸️ Cooldown: 1 bar(s) remaining after exit
  💰 Daily P&L: $-4,937.50

[2026-05-19 09:51] O:7357.50 H:7359.00 L:7354.75 C:7357.50 V:3631.0
  📈 Trend: strong_bearish
  🗺️  Grid: 0.080% | 🔺 7359.75 🔻 7356.25
  📡 RSI: 27.0 | MACD: -2.85 (prev: -2.69) | ATR: 4.88
  📊 Filled: 0 | Pending: 0 | 5m: strong_bearish
  💰 Daily P&L: $-4,937.50

[2026-05-19 09:52] O:7357.50 H:7362.25 L:7356.50 C:7360.00 V:4250.0
  📈 Trend: strong_bearish
  🗺️  Grid: 0.081% | 🔺 7359.00 🔻 7354.75
  📡 RSI: 30.1 | MACD: -2.75 (prev: -2.85) | ATR: 4.95
  📊 Filled: 0 | Pending: 0 | 5m: strong_bearish
  💰 Daily P&L: $-4,937.50

[2026-05-19 09:53] O:7360.00 H:7361.25 L:7357.75 C:7359.75 V:2959.0
  📈 Trend: strong_bearish
  🗺️  Grid: 0.080% | 🔺 7362.25 🔻 7356.50
  📡 RSI: 30.4 | MACD: -2.65 (prev: -2.75) | ATR: 4.93
  📊 Filled: 0 | Pending: 0 | 5m: strong_bearish
  💰 Daily P&L: $-4,937.50

[2026-05-19 09:54] O:7359.75 H:7361.50 L:7357.50 C:7358.00 V:4384.0
  📈 Trend: strong_bearish
  🗺️  Grid: 0.080% | 🔺 7361.25 🔻 7357.75
  📡 RSI: 25.3 | MACD: -2.69 (prev: -2.65) | ATR: 4.61
  📊 Filled: 0 | Pending: 0 | 5m: strong_bearish
  💰 Daily P&L: $-4,937.50

[2026-05-19 09:55] O:7357.75 H:7362.00 L:7357.00 C:7360.75 V:3482.0
  📈 Trend: strong_bearish
  🗺️  Grid: 0.080% | 🔺 7361.50 🔻 7357.50
  📡 RSI: 31.7 | MACD: -2.46 (prev: -2.69) | ATR: 4.61
  📊 Filled: 0 | Pending: 0 | 5m: strong_bearish
  💰 Daily P&L: $-4,937.50

[2026-05-19 09:56] O:7360.75 H:7364.75 L:7359.50 C:7364.50 V:3210.0
  📈 Trend: strong_bearish
  🗺️  Grid: 0.080% | 🔺 7362.00 🔻 7357.00
  📡 RSI: 37.2 | MACD: -1.96 (prev: -2.46) | ATR: 4.62
  📊 Filled: 0 | Pending: 0 | 5m: strong_bearish
  💰 Daily P&L: $-4,937.50

[2026-05-19 09:57] O:7364.50 H:7369.75 L:7363.50 C:7368.75 V:4432.0
  📈 Trend: strong_bearish
  🗺️  Grid: 0.080% | 🔺 7364.75 🔻 7359.50
  📡 RSI: 51.8 | MACD: -1.21 (prev: -1.96) | ATR: 4.64
  📊 Filled: 0 | Pending: 0 | 5m: strong_bearish
  💰 Daily P&L: $-4,937.50

[2026-05-19 09:58] O:7368.50 H:7370.75 L:7367.25 C:7368.50 V:4286.0
  📈 Trend: strong_bearish
  🗺️  Grid: 0.080% | 🔺 7369.75 🔻 7363.50
  📡 RSI: 53.6 | MACD: -0.62 (prev: -1.21) | ATR: 4.59
  📊 Filled: 0 | Pending: 0 | 5m: strong_bearish
  💰 Daily P&L: $-4,937.50

[2026-05-19 09:59] O:7368.50 H:7371.00 L:7366.25 C:7370.75 V:3331.0
  📈 Trend: strong_bearish (raw: moderate_bullish)
  🗺️  Grid: 0.080% | 🔺 7370.75 🔻 7367.25
  📡 RSI: 68.0 | MACD: 0.02 (prev: -0.62) | ATR: 4.41
  📊 Filled: 0 | Pending: 0 | 5m: strong_bearish
  💰 Daily P&L: $-4,937.50

[2026-05-19 10:00] O:7370.75 H:7372.00 L:7369.25 C:7372.00 V:3558.0
  📈 Trend: moderate_bullish
  🗺️  Grid: 0.080% | 🔺 7371.00 🔻 7366.25
  📡 RSI: 72.3 | MACD: 0.63 (prev: 0.02) | ATR: 4.39
  📊 Filled: 0 | Pending: 0 | 5m: strong_bearish
  🚫 5m trend mismatch: 1m=moderate_bullish vs 5m=strong_bearish
  💰 Daily P&L: $-4,937.50

[2026-05-19 10:01] O:7371.75 H:7374.50 L:7367.25 C:7367.75 V:4833.0
  📈 Trend: moderate_bullish (raw: strong_bearish)
  🗺️  Grid: 0.080% | 🔺 7372.00 🔻 7369.25
  📡 RSI: 70.9 | MACD: 0.75 (prev: 0.63) | ATR: 4.54
  📊 Filled: 0 | Pending: 0 | 5m: strong_bearish
  🚫 5m trend mismatch: 1m=moderate_bullish vs 5m=strong_bearish
  💰 Daily P&L: $-4,937.50

[2026-05-19 10:02] O:7367.75 H:7373.75 L:7366.75 C:7371.75 V:3144.0
  📈 Trend: moderate_bullish
  🗺️  Grid: 0.080% | 🔺 7374.50 🔻 7367.25
  📡 RSI: 73.5 | MACD: 1.16 (prev: 0.75) | ATR: 4.73
  📊 Filled: 0 | Pending: 0 | 5m: strong_bearish
  🚫 5m trend mismatch: 1m=moderate_bullish vs 5m=strong_bearish
  💰 Daily P&L: $-4,937.50

[2026-05-19 10:03] O:7371.75 H:7374.25 L:7370.75 C:7372.25 V:3164.0
  📈 Trend: moderate_bullish
  🗺️  Grid: 0.080% | 🔺 7373.75 🔻 7366.75
  📡 RSI: 74.6 | MACD: 1.51 (prev: 1.16) | ATR: 4.73
  📊 Filled: 0 | Pending: 0 | 5m: strong_bearish
  🚫 5m trend mismatch: 1m=moderate_bullish vs 5m=strong_bearish
  💰 Daily P&L: $-4,937.50

[2026-05-19 10:04] O:7372.25 H:7375.00 L:7371.75 C:7373.00 V:3350.0
  📈 Trend: moderate_bullish
  🗺️  Grid: 0.080% | 🔺 7374.25 🔻 7370.75
  📡 RSI: 77.2 | MACD: 1.83 (prev: 1.51) | ATR: 4.71
  📊 Filled: 0 | Pending: 0 | 5m: strong_bearish
  🚫 5m trend mismatch: 1m=moderate_bullish vs 5m=strong_bearish
  💰 Daily P&L: $-4,937.50

[2026-05-19 10:05] O:7373.00 H:7374.00 L:7368.25 C:7369.50 V:4172.0
  📈 Trend: moderate_bullish
  🗺️  Grid: 0.080% | 🔺 7375.00 🔻 7371.75
  📡 RSI: 68.8 | MACD: 1.77 (prev: 1.83) | ATR: 4.82
  📊 Filled: 0 | Pending: 0 | 5m: strong_bearish
  🚫 5m trend mismatch: 1m=moderate_bullish vs 5m=strong_bearish
  💰 Daily P&L: $-4,937.50

[2026-05-19 10:06] O:7369.25 H:7373.25 L:7368.75 C:7372.75 V:3537.0
  📈 Trend: moderate_bullish
  🗺️  Grid: 0.080% | 🔺 7374.00 🔻 7368.25
  📡 RSI: 69.5 | MACD: 1.97 (prev: 1.77) | ATR: 4.73
  📊 Filled: 0 | Pending: 0 | 5m: strong_bearish
  🚫 5m trend mismatch: 1m=moderate_bullish vs 5m=strong_bearish
  💰 Daily P&L: $-4,937.50

[2026-05-19 10:07] O:7372.75 H:7373.25 L:7366.00 C:7366.75 V:4303.0
  📈 Trend: moderate_bullish (raw: strong_bullish)
  🗺️  Grid: 0.081% | 🔺 7373.25 🔻 7368.75
  📡 RSI: 59.1 | MACD: 1.63 (prev: 1.97) | ATR: 5.00
  📊 Filled: 0 | Pending: 0 | 5m: strong_bearish
  🚫 5m trend mismatch: 1m=moderate_bullish vs 5m=strong_bearish
  💰 Daily P&L: $-4,937.50

[2026-05-19 10:08] O:7366.75 H:7369.25 L:7365.50 C:7366.75 V:3876.0
  📈 Trend: strong_bullish
  🗺️  Grid: 0.081% | 🔺 7373.25 🔻 7366.00
  📡 RSI: 61.9 | MACD: 1.34 (prev: 1.63) | ATR: 4.98
  📊 Filled: 0 | Pending: 0 | 5m: strong_bearish
  🚫 5m trend mismatch: 1m=strong_bullish vs 5m=strong_bearish
  💰 Daily P&L: $-4,937.50

[2026-05-19 10:09] O:7366.75 H:7371.75 L:7366.00 C:7371.75 V:2861.0
  📈 Trend: strong_bullish
  🗺️  Grid: 0.082% | 🔺 7369.25 🔻 7365.50
  📡 RSI: 64.1 | MACD: 1.49 (prev: 1.34) | ATR: 5.04
  📊 Filled: 0 | Pending: 0 | 5m: strong_bearish
  🚫 5m trend mismatch: 1m=strong_bullish vs 5m=strong_bearish
  💰 Daily P&L: $-4,937.50

[2026-05-19 10:10] O:7371.50 H:7375.50 L:7371.50 C:7374.25 V:3845.0
  📈 Trend: strong_bullish
  🗺️  Grid: 0.080% | 🔺 7371.75 🔻 7366.00
  📡 RSI: 62.9 | MACD: 1.80 (prev: 1.49) | ATR: 4.95
  📊 Filled: 0 | Pending: 0 | 5m: strong_bearish
  🚫 5m trend mismatch: 1m=strong_bullish vs 5m=strong_bearish
  💰 Daily P&L: $-4,937.50

[2026-05-19 10:11] O:7374.25 H:7376.25 L:7372.50 C:7373.25 V:3249.0
  📈 Trend: strong_bullish
  🗺️  Grid: 0.080% | 🔺 7375.50 🔻 7371.50
  📡 RSI: 56.5 | MACD: 1.94 (prev: 1.80) | ATR: 4.77
  📊 Filled: 0 | Pending: 0 | 5m: strong_bearish
  🚫 5m trend mismatch: 1m=strong_bullish vs 5m=strong_bearish
  💰 Daily P&L: $-4,937.50
→ Real-time bars cancelled
✓ Disconnected from IBKR
