Logging to: es_robust_20260511_093220.log

============================================================
🛡️  ES ROBUST BOT — SCALP ROBUST MODE
   • 10 contract(s) max
   • MACD momentum filter
   • 5m trend alignment filter
   • Session low short filter
   • Trailing stop enabled
   • SL: ~8 pts | TP: ~12 pts | Trail activates: +6 pts
   • Session: 8:30–12:00 CT only
   • Client ID: 11
============================================================
✓ Connected to IBKR (paper) - clientId=11
✓ Front-month contract: ESM6 expiry=20260618

============================================================
Loading historical data for indicator warm-up...
============================================================
→ Fetching historical bars (1 D, 1 min)...
✓ Loaded 933 historical bars

Processing 933 historical bars...
  📊 5m warmup: 186 bars built | trend: sideways | buffer: 3 bar(s) carried over

Indicators ready!
  Bars loaded: 933
  Last price: 7420.00
  Trend: strong_bullish
  RSI: 74.3
  ATR: 1.89
  MACD: 1.55 / Signal: 0.85
  MA: 7412.75 / 7410.32 / 7412.94
  5m Trend: sideways

------------------------------------------------------------
Account Value: $1,050,905.25
Buying Power: $4,202,044.48
Current Position: 0 contracts
------------------------------------------------------------

============================================================
Starting live 1-minute bar stream...
Strategy is now ACTIVE (client ID: 11)
============================================================

→ Subscribed to 5-second real-time bars (aggregating to 1 min)

[2026-05-11 08:32] O:7420.00 H:7422.75 L:7418.75 C:7422.50 V:4905.0
  📈 Trend: sideways (raw: strong_bullish)
  🗺️  Grid: 0.080% | 🔺 7420.25 🔻 7419.00
  📡 RSI: 77.5 | MACD: 2.11 (prev: 1.55) | ATR: 2.12
  📊 Filled: 0 | Pending: 0 | 5m: sideways
  💰 Daily P&L: $+0.00

[2026-05-11 08:33] O:7422.25 H:7423.50 L:7421.75 C:7422.50 V:4802.0
  📈 Trend: strong_bullish
  🗺️  Grid: 0.080% | 🔺 7422.75 🔻 7418.75
  📡 RSI: 76.9 | MACD: 2.51 (prev: 2.11) | ATR: 2.20
  📊 Filled: 0 | Pending: 0 | 5m: sideways
  💰 Daily P&L: $+0.00

[2026-05-11 08:34] O:7422.50 H:7424.75 L:7422.25 C:7424.50 V:5006.0
  📈 Trend: strong_bullish
  🗺️  Grid: 0.080% | 🔺 7423.50 🔻 7421.75
  📡 RSI: 78.6 | MACD: 2.96 (prev: 2.51) | ATR: 2.30
  📊 Filled: 0 | Pending: 0 | 5m: sideways
  💰 Daily P&L: $+0.00

[2026-05-11 08:35] O:7424.75 H:7424.75 L:7420.75 C:7420.75 V:5396.0
  📈 Trend: strong_bullish
  🗺️  Grid: 0.080% | 🔺 7424.75 🔻 7422.25
  📡 RSI: 66.0 | MACD: 2.98 (prev: 2.96) | ATR: 2.52
  📊 Filled: 0 | Pending: 0 | 5m: sideways
  💰 Daily P&L: $+0.00

[2026-05-11 08:36] O:7421.00 H:7423.00 L:7419.50 C:7420.00 V:5086.0
  📈 Trend: strong_bullish
  🗺️  Grid: 0.080% | 🔺 7424.75 🔻 7420.75
  📡 RSI: 62.9 | MACD: 2.91 (prev: 2.98) | ATR: 2.68
  📊 Filled: 0 | Pending: 0 | 5m: sideways
  💰 Daily P&L: $+0.00

[2026-05-11 08:37] O:7419.75 H:7422.50 L:7419.75 C:7421.25 V:3087.0
  📈 Trend: strong_bullish
  🗺️  Grid: 0.080% | 🔺 7423.00 🔻 7419.50
  📡 RSI: 66.7 | MACD: 2.91 (prev: 2.91) | ATR: 2.80
  📊 Filled: 0 | Pending: 0 | 5m: sideways
  💰 Daily P&L: $+0.00

[2026-05-11 08:38] O:7421.50 H:7422.75 L:7419.75 C:7422.00 V:3672.0
  📈 Trend: strong_bullish
  🗺️  Grid: 0.080% | 🔺 7422.50 🔻 7419.75
  📡 RSI: 71.9 | MACD: 2.94 (prev: 2.91) | ATR: 2.86
  📊 Filled: 0 | Pending: 0 | 5m: sideways
  💰 Daily P&L: $+0.00

[2026-05-11 08:39] O:7422.25 H:7422.50 L:7420.25 C:7421.25 V:2876.0
  📈 Trend: strong_bullish
  🗺️  Grid: 0.080% | 🔺 7422.75 🔻 7419.75
  📡 RSI: 69.1 | MACD: 2.87 (prev: 2.94) | ATR: 2.93
  📊 Filled: 0 | Pending: 0 | 5m: sideways
  💰 Daily P&L: $+0.00

[2026-05-11 08:40] O:7421.50 H:7423.50 L:7420.50 C:7423.25 V:4258.0
  📈 Trend: strong_bullish
  🗺️  Grid: 0.080% | 🔺 7422.50 🔻 7420.25
  📡 RSI: 75.8 | MACD: 2.95 (prev: 2.87) | ATR: 2.98
  📊 Filled: 0 | Pending: 0 | 5m: sideways
  💰 Daily P&L: $+0.00

[2026-05-11 08:41] O:7423.25 H:7426.00 L:7422.50 C:7425.25 V:4030.0
  📈 Trend: strong_bullish
  🗺️  Grid: 0.080% | 🔺 7423.50 🔻 7420.50
  📡 RSI: 77.4 | MACD: 3.13 (prev: 2.95) | ATR: 3.12
  📊 Filled: 0 | Pending: 0 | 5m: sideways
  💰 Daily P&L: $+0.00

[2026-05-11 08:42] O:7425.50 H:7425.75 L:7423.75 C:7424.50 V:3060.0
  📈 Trend: strong_bullish
  🗺️  Grid: 0.080% | 🔺 7426.00 🔻 7422.50
  📡 RSI: 77.4 | MACD: 3.18 (prev: 3.13) | ATR: 3.14
  📊 Filled: 0 | Pending: 0 | 5m: sideways
  💰 Daily P&L: $+0.00

[2026-05-11 08:43] O:7424.75 H:7427.00 L:7424.25 C:7427.00 V:2849.0
  📈 Trend: strong_bullish
  🗺️  Grid: 0.080% | 🔺 7425.75 🔻 7423.75
  📡 RSI: 75.3 | MACD: 3.38 (prev: 3.18) | ATR: 2.96
  📊 Filled: 0 | Pending: 0 | 5m: sideways
  💰 Daily P&L: $+0.00

[2026-05-11 08:44] O:7427.00 H:7429.50 L:7426.50 C:7429.50 V:3762.0
  📈 Trend: strong_bullish
  🗺️  Grid: 0.080% | 🔺 7427.00 🔻 7424.25
  📡 RSI: 72.7 | MACD: 3.69 (prev: 3.38) | ATR: 2.80
  📊 Filled: 0 | Pending: 0 | 5m: sideways
  💰 Daily P&L: $+0.00

[2026-05-11 08:45] O:7429.50 H:7433.25 L:7429.00 C:7432.75 V:6988.0
  📈 Trend: strong_bullish
  🗺️  Grid: 0.080% | 🔺 7429.50 🔻 7426.50
  📡 RSI: 75.8 | MACD: 4.16 (prev: 3.69) | ATR: 3.02
  📊 Filled: 0 | Pending: 0 | 5m: sideways
  💰 Daily P&L: $+0.00

[2026-05-11 08:46] O:7433.00 H:7434.25 L:7432.00 C:7432.75 V:4593.0
  📈 Trend: strong_bullish
  🗺️  Grid: 0.080% | 🔺 7433.25 🔻 7429.00
  📡 RSI: 73.0 | MACD: 4.48 (prev: 4.16) | ATR: 2.89
  📊 Filled: 0 | Pending: 0 | 5m: sideways
  💰 Daily P&L: $+0.00

[2026-05-11 08:47] O:7433.00 H:7434.75 L:7432.75 C:7434.50 V:3637.0
  📈 Trend: strong_bullish
  🗺️  Grid: 0.080% | 🔺 7434.25 🔻 7432.00
  📡 RSI: 75.0 | MACD: 4.82 (prev: 4.48) | ATR: 2.91
  📊 Filled: 0 | Pending: 0 | 5m: sideways
  💰 Daily P&L: $+0.00

[2026-05-11 08:48] O:7434.25 H:7437.25 L:7433.75 C:7436.75 V:3836.0
  📈 Trend: strong_bullish
  🗺️  Grid: 0.080% | 🔺 7434.75 🔻 7432.75
  📡 RSI: 75.3 | MACD: 5.21 (prev: 4.82) | ATR: 2.98
  📊 Filled: 0 | Pending: 0 | 5m: sideways
  💰 Daily P&L: $+0.00

[2026-05-11 08:49] O:7436.75 H:7437.00 L:7433.25 C:7433.75 V:3593.0
  📈 Trend: strong_bullish
  🗺️  Grid: 0.080% | 🔺 7437.25 🔻 7433.75
  📡 RSI: 77.7 | MACD: 5.21 (prev: 5.21) | ATR: 2.96
  📊 Filled: 0 | Pending: 0 | 5m: sideways
  💰 Daily P&L: $+0.00

[2026-05-11 08:50] O:7433.75 H:7437.00 L:7433.50 C:7434.75 V:3368.0
  📈 Trend: strong_bullish
  🗺️  Grid: 0.080% | 🔺 7437.00 🔻 7433.25
  📡 RSI: 81.1 | MACD: 5.24 (prev: 5.21) | ATR: 2.96
  📊 Filled: 0 | Pending: 0 | 5m: sideways
  💰 Daily P&L: $+0.00

[2026-05-11 08:51] O:7434.50 H:7436.00 L:7433.00 C:7433.00 V:3520.0
  📈 Trend: strong_bullish
  🗺️  Grid: 0.080% | 🔺 7437.00 🔻 7433.50
  📡 RSI: 74.2 | MACD: 5.06 (prev: 5.24) | ATR: 2.98
  📊 Filled: 0 | Pending: 0 | 5m: sideways
  💰 Daily P&L: $+0.00

[2026-05-11 08:52] O:7433.25 H:7435.25 L:7432.75 C:7435.00 V:2815.0
  📈 Trend: strong_bullish
  🗺️  Grid: 0.080% | 🔺 7436.00 🔻 7433.00
  📡 RSI: 75.5 | MACD: 5.02 (prev: 5.06) | ATR: 2.95
  📊 Filled: 0 | Pending: 0 | 5m: sideways
  💰 Daily P&L: $+0.00

[2026-05-11 08:53] O:7435.00 H:7435.50 L:7433.00 C:7433.50 V:2754.0
  📈 Trend: strong_bullish
  🗺️  Grid: 0.080% | 🔺 7435.25 🔻 7432.75
  📡 RSI: 73.3 | MACD: 4.81 (prev: 5.02) | ATR: 2.96
  📊 Filled: 0 | Pending: 0 | 5m: sideways
  💰 Daily P&L: $+0.00

[2026-05-11 08:54] O:7433.50 H:7433.50 L:7430.00 C:7431.00 V:3952.0
  📈 Trend: strong_bullish
  🗺️  Grid: 0.080% | 🔺 7435.50 🔻 7433.00
  📡 RSI: 64.5 | MACD: 4.40 (prev: 4.81) | ATR: 3.00
  📊 Filled: 0 | Pending: 0 | 5m: sideways
  💰 Daily P&L: $+0.00

[2026-05-11 08:55] O:7431.00 H:7431.25 L:7429.00 C:7430.00 V:3993.0
  📈 Trend: strong_bullish
  🗺️  Grid: 0.080% | 🔺 7433.50 🔻 7430.00
  📡 RSI: 59.2 | MACD: 3.94 (prev: 4.40) | ATR: 2.91
  📊 Filled: 0 | Pending: 0 | 5m: sideways
  💰 Daily P&L: $+0.00

[2026-05-11 08:56] O:7430.00 H:7430.50 L:7429.00 C:7430.00 V:5524.0
  📈 Trend: strong_bullish
  🗺️  Grid: 0.080% | 🔺 7431.25 🔻 7429.00
  📡 RSI: 61.0 | MACD: 3.54 (prev: 3.94) | ATR: 2.88
  📊 Filled: 0 | Pending: 0 | 5m: sideways
  💰 Daily P&L: $+0.00

[2026-05-11 08:57] O:7430.25 H:7430.75 L:7429.50 C:7430.50 V:3067.0
  📈 Trend: strong_bullish
  🗺️  Grid: 0.080% | 🔺 7430.50 🔻 7429.00
  📡 RSI: 57.6 | MACD: 3.22 (prev: 3.54) | ATR: 2.77
  📊 Filled: 0 | Pending: 0 | 5m: sideways
  💰 Daily P&L: $+0.00

[2026-05-11 08:58] O:7430.75 H:7433.75 L:7430.25 C:7433.00 V:2995.0
  📈 Trend: strong_bullish
  🗺️  Grid: 0.080% | 🔺 7430.75 🔻 7429.50
  📡 RSI: 57.6 | MACD: 3.14 (prev: 3.22) | ATR: 2.80
  📊 Filled: 0 | Pending: 0 | 5m: sideways
  💰 Daily P&L: $+0.00

[2026-05-11 08:59] O:7433.00 H:7433.25 L:7430.00 C:7432.75 V:2616.0
  📈 Trend: strong_bullish
  🗺️  Grid: 0.080% | 🔺 7433.75 🔻 7430.25
  📡 RSI: 50.0 | MACD: 3.01 (prev: 3.14) | ATR: 2.73
  📊 Filled: 0 | Pending: 0 | 5m: sideways
  💰 Daily P&L: $+0.00

[2026-05-11 09:00] O:7432.50 H:7433.75 L:7430.75 C:7431.00 V:3003.0
  📈 Trend: strong_bullish
  🗺️  Grid: 0.080% | 🔺 7433.25 🔻 7430.00
  📡 RSI: 46.0 | MACD: 2.75 (prev: 3.01) | ATR: 2.79
  📊 Filled: 0 | Pending: 0 | 5m: sideways
  💰 Daily P&L: $+0.00

[2026-05-11 09:01] O:7431.00 H:7433.25 L:7431.00 C:7433.00 V:2643.0
  📈 Trend: strong_bullish
  🗺️  Grid: 0.080% | 🔺 7433.75 🔻 7430.75
  📡 RSI: 46.6 | MACD: 2.66 (prev: 2.75) | ATR: 2.80
  📊 Filled: 0 | Pending: 0 | 5m: sideways
  💰 Daily P&L: $+0.00

[2026-05-11 09:02] O:7433.00 H:7433.50 L:7431.25 C:7431.75 V:2629.0
  📈 Trend: strong_bullish
  🗺️  Grid: 0.080% | 🔺 7433.25 🔻 7431.00
  📡 RSI: 38.1 | MACD: 2.47 (prev: 2.66) | ATR: 2.71
  📊 Filled: 0 | Pending: 0 | 5m: sideways
  💰 Daily P&L: $+0.00

[2026-05-11 09:03] O:7431.50 H:7432.25 L:7431.00 C:7431.75 V:2393.0
  📈 Trend: strong_bullish
  🗺️  Grid: 0.080% | 🔺 7433.50 🔻 7431.25
  📡 RSI: 44.4 | MACD: 2.29 (prev: 2.47) | ATR: 2.54
  📊 Filled: 0 | Pending: 0 | 5m: sideways
  💰 Daily P&L: $+0.00

[2026-05-11 09:04] O:7431.75 H:7433.00 L:7431.00 C:7431.50 V:1817.0
  📈 Trend: strong_bullish (raw: moderate_bullish)
  🗺️  Grid: 0.080% | 🔺 7432.25 🔻 7431.00
  📡 RSI: 40.6 | MACD: 2.10 (prev: 2.29) | ATR: 2.43
  📊 Filled: 0 | Pending: 0 | 5m: sideways
  💰 Daily P&L: $+0.00

[2026-05-11 09:05] O:7431.50 H:7432.50 L:7430.50 C:7432.50 V:2117.0
  📈 Trend: moderate_bullish
  🗺️  Grid: 0.080% | 🔺 7433.00 🔻 7431.00
  📡 RSI: 48.5 | MACD: 2.01 (prev: 2.10) | ATR: 2.36
  📊 Filled: 0 | Pending: 0 | 5m: sideways
  💰 Daily P&L: $+0.00

[2026-05-11 09:06] O:7432.25 H:7433.00 L:7431.75 C:7431.75 V:1876.0
  📈 Trend: moderate_bullish
  🗺️  Grid: 0.080% | 🔺 7432.50 🔻 7430.50
  📡 RSI: 39.3 | MACD: 1.85 (prev: 2.01) | ATR: 2.27
  📊 Filled: 0 | Pending: 0 | 5m: sideways
  💰 Daily P&L: $+0.00

[2026-05-11 09:07] O:7431.50 H:7434.75 L:7431.50 C:7434.00 V:3123.0
  📈 Trend: moderate_bullish
  🗺️  Grid: 0.080% | 🔺 7433.00 🔻 7431.75
  📡 RSI: 51.6 | MACD: 1.89 (prev: 1.85) | ATR: 2.32
  📊 Filled: 0 | Pending: 0 | 5m: sideways
  💰 Daily P&L: $+0.00

[2026-05-11 09:08] O:7434.00 H:7434.50 L:7433.25 C:7433.25 V:1691.0
  📈 Trend: moderate_bullish
  🗺️  Grid: 0.080% | 🔺 7434.75 🔻 7431.50
  📡 RSI: 57.9 | MACD: 1.84 (prev: 1.89) | ATR: 2.16
  📊 Filled: 0 | Pending: 0 | 5m: sideways
  💰 Daily P&L: $+0.00

[2026-05-11 09:09] O:7433.25 H:7433.75 L:7432.75 C:7433.50 V:1669.0
  📈 Trend: moderate_bullish
  🗺️  Grid: 0.080% | 🔺 7434.50 🔻 7433.25
  📡 RSI: 63.0 | MACD: 1.80 (prev: 1.84) | ATR: 2.07
  📊 Filled: 0 | Pending: 0 | 5m: sideways
  💰 Daily P&L: $+0.00

[2026-05-11 09:10] O:7433.75 H:7434.00 L:7432.50 C:7433.75 V:1942.0
  📈 Trend: moderate_bullish (raw: strong_bullish)
  🗺️  Grid: 0.080% | 🔺 7433.75 🔻 7432.75
  📡 RSI: 63.6 | MACD: 1.76 (prev: 1.80) | ATR: 2.07
  📊 Filled: 0 | Pending: 0 | 5m: sideways
  💰 Daily P&L: $+0.00

[2026-05-11 09:11] O:7433.75 H:7433.75 L:7431.25 C:7432.75 V:2278.0
  📈 Trend: moderate_bullish
  🗺️  Grid: 0.080% | 🔺 7434.00 🔻 7432.50
  📡 RSI: 57.9 | MACD: 1.64 (prev: 1.76) | ATR: 2.16
  📊 Filled: 0 | Pending: 0 | 5m: sideways
  💰 Daily P&L: $+0.00

[2026-05-11 09:12] O:7432.75 H:7433.75 L:7432.25 C:7433.25 V:1373.0
  📈 Trend: moderate_bullish
  🗺️  Grid: 0.080% | 🔺 7433.75 🔻 7431.25
  📡 RSI: 51.0 | MACD: 1.56 (prev: 1.64) | ATR: 2.02
  📊 Filled: 0 | Pending: 0 | 5m: sideways
  💰 Daily P&L: $+0.00

[2026-05-11 09:13] O:7433.50 H:7435.50 L:7433.00 C:7435.00 V:2564.0
  📈 Trend: moderate_bullish (raw: strong_bullish)
  🗺️  Grid: 0.080% | 🔺 7433.75 🔻 7432.25
  📡 RSI: 58.2 | MACD: 1.62 (prev: 1.56) | ATR: 1.96
  📊 Filled: 0 | Pending: 0 | 5m: sideways
  💰 Daily P&L: $+0.00

[2026-05-11 09:14] O:7435.00 H:7436.50 L:7434.75 C:7436.50 V:2478.0
  📈 Trend: strong_bullish
  🗺️  Grid: 0.080% | 🔺 7435.50 🔻 7433.00
  📡 RSI: 70.4 | MACD: 1.77 (prev: 1.62) | ATR: 1.88
  📊 Filled: 0 | Pending: 0 | 5m: sideways
  💰 Daily P&L: $+0.00

[2026-05-11 09:15] O:7436.50 H:7437.50 L:7435.75 C:7437.50 V:2973.0
  📈 Trend: strong_bullish
  🗺️  Grid: 0.080% | 🔺 7436.50 🔻 7434.75
  📡 RSI: 68.0 | MACD: 1.95 (prev: 1.77) | ATR: 1.84
  📊 Filled: 0 | Pending: 0 | 5m: sideways
  💰 Daily P&L: $+0.00

[2026-05-11 09:16] O:7437.25 H:7439.75 L:7437.00 C:7439.75 V:3609.0
  📈 Trend: strong_bullish
  🗺️  Grid: 0.080% | 🔺 7437.50 🔻 7435.75
  📡 RSI: 79.6 | MACD: 2.24 (prev: 1.95) | ATR: 1.88
  📊 Filled: 0 | Pending: 0 | 5m: sideways
  💰 Daily P&L: $+0.00

[2026-05-11 09:17] O:7439.50 H:7440.00 L:7437.50 C:7439.00 V:3707.0
  📈 Trend: strong_bullish
  🗺️  Grid: 0.080% | 🔺 7439.75 🔻 7437.00
  📡 RSI: 75.4 | MACD: 2.39 (prev: 2.24) | ATR: 1.96
  📊 Filled: 0 | Pending: 0 | 5m: sideways
  💰 Daily P&L: $+0.00

[2026-05-11 09:18] O:7439.00 H:7441.00 L:7438.50 C:7440.50 V:3374.0
  📈 Trend: strong_bullish
  🗺️  Grid: 0.080% | 🔺 7440.00 🔻 7437.50
  📡 RSI: 79.0 | MACD: 2.60 (prev: 2.39) | ATR: 2.00
  📊 Filled: 0 | Pending: 0 | 5m: sideways
  💰 Daily P&L: $+0.00

[2026-05-11 09:19] O:7440.25 H:7441.00 L:7440.00 C:7441.00 V:3009.0
  📈 Trend: strong_bullish
  🗺️  Grid: 0.080% | 🔺 7441.00 🔻 7438.50
  📡 RSI: 78.3 | MACD: 2.77 (prev: 2.60) | ATR: 1.93
  📊 Filled: 0 | Pending: 0 | 5m: sideways
  💰 Daily P&L: $+0.00

[2026-05-11 09:20] O:7440.75 H:7441.00 L:7439.75 C:7440.00 V:3419.0
  📈 Trend: strong_bullish
  🗺️  Grid: 0.080% | 🔺 7441.00 🔻 7440.00
  📡 RSI: 77.0 | MACD: 2.79 (prev: 2.77) | ATR: 1.93
  📊 Filled: 0 | Pending: 0 | 5m: sideways
  💰 Daily P&L: $+0.00

[2026-05-11 09:21] O:7439.75 H:7441.25 L:7439.75 C:7441.25 V:2237.0
  📈 Trend: strong_bullish
  🗺️  Grid: 0.080% | 🔺 7441.00 🔻 7439.75
  📡 RSI: 75.4 | MACD: 2.88 (prev: 2.79) | ATR: 1.80
  📊 Filled: 0 | Pending: 0 | 5m: sideways
  💰 Daily P&L: $+0.00

[2026-05-11 09:22] O:7441.00 H:7441.50 L:7440.25 C:7441.50 V:1770.0
  📈 Trend: strong_bullish
  🗺️  Grid: 0.080% | 🔺 7441.25 🔻 7439.75
  📡 RSI: 80.0 | MACD: 2.93 (prev: 2.88) | ATR: 1.80
  📊 Filled: 0 | Pending: 0 | 5m: sideways
  💰 Daily P&L: $+0.00

[2026-05-11 09:23] O:7441.50 H:7441.75 L:7440.25 C:7441.00 V:2229.0
  📈 Trend: strong_bullish
  🗺️  Grid: 0.080% | 🔺 7441.50 🔻 7440.25
  📡 RSI: 76.8 | MACD: 2.90 (prev: 2.93) | ATR: 1.84
  📊 Filled: 0 | Pending: 0 | 5m: sideways
  💰 Daily P&L: $+0.00

[2026-05-11 09:24] O:7440.75 H:7441.75 L:7440.25 C:7441.25 V:1683.0
  📈 Trend: strong_bullish
  🗺️  Grid: 0.080% | 🔺 7441.75 🔻 7440.25
  📡 RSI: 76.8 | MACD: 2.87 (prev: 2.90) | ATR: 1.84
  📊 Filled: 0 | Pending: 0 | 5m: sideways
  💰 Daily P&L: $+0.00

[2026-05-11 09:25] O:7441.25 H:7442.00 L:7440.75 C:7440.75 V:1611.0
  📈 Trend: strong_bullish
  🗺️  Grid: 0.080% | 🔺 7441.75 🔻 7440.25
  📡 RSI: 79.6 | MACD: 2.76 (prev: 2.87) | ATR: 1.75
  📊 Filled: 0 | Pending: 0 | 5m: sideways
  💰 Daily P&L: $+0.00

[2026-05-11 09:26] O:7441.00 H:7441.00 L:7438.75 C:7439.00 V:3146.0
  📈 Trend: strong_bullish
  🗺️  Grid: 0.080% | 🔺 7442.00 🔻 7440.75
  📡 RSI: 69.5 | MACD: 2.51 (prev: 2.76) | ATR: 1.80
  📊 Filled: 0 | Pending: 0 | 5m: sideways
  💰 Daily P&L: $+0.00

[2026-05-11 09:27] O:7439.00 H:7439.00 L:7435.00 C:7435.25 V:4543.0
  📈 Trend: strong_bullish
  🗺️  Grid: 0.080% | 🔺 7441.00 🔻 7438.75
  📡 RSI: 50.7 | MACD: 1.99 (prev: 2.51) | ATR: 1.91
  📊 Filled: 0 | Pending: 0 | 5m: sideways
  💰 Daily P&L: $+0.00

[2026-05-11 09:28] O:7435.00 H:7435.75 L:7433.00 C:7433.25 V:3915.0
  📈 Trend: strong_bullish (raw: moderate_bullish)
  🗺️  Grid: 0.080% | 🔺 7439.00 🔻 7435.00
  📡 RSI: 40.6 | MACD: 1.40 (prev: 1.99) | ATR: 1.98
  📊 Filled: 0 | Pending: 0 | 5m: sideways
  💰 Daily P&L: $+0.00

[2026-05-11 09:29] O:7433.25 H:7433.75 L:7430.25 C:7430.25 V:6384.0
  📈 Trend: moderate_bullish
  🗺️  Grid: 0.080% | 🔺 7435.75 🔻 7433.00
  📡 RSI: 31.2 | MACD: 0.68 (prev: 1.40) | ATR: 2.11
  📊 Filled: 0 | Pending: 0 | 5m: sideways
  💰 Daily P&L: $+0.00

[2026-05-11 09:30] O:7430.25 H:7433.00 L:7429.25 C:7431.25 V:4674.0
  📈 Trend: moderate_bullish
  🗺️  Grid: 0.080% | 🔺 7433.75 🔻 7430.25
  📡 RSI: 26.4 | MACD: 0.19 (prev: 0.68) | ATR: 2.18
  📊 Filled: 0 | Pending: 0 | 5m: sideways
  💰 Daily P&L: $+0.00

[2026-05-11 09:31] O:7431.00 H:7431.25 L:7422.50 C:7424.75 V:12494.0
  📈 Trend: moderate_bullish
  🗺️  Grid: 0.080% | 🔺 7433.00 🔻 7429.25
  📡 RSI: 20.0 | MACD: -0.72 (prev: 0.19) | ATR: 2.62
  📊 Filled: 0 | Pending: 0 | 5m: sideways
  💰 Daily P&L: $+0.00

[2026-05-11 09:32] O:7425.00 H:7427.50 L:7421.50 C:7426.75 V:8463.0
  📈 Trend: moderate_bullish
  🗺️  Grid: 0.080% | 🔺 7431.25 🔻 7422.50
  📡 RSI: 21.6 | MACD: -1.26 (prev: -0.72) | ATR: 2.88
  📊 Filled: 0 | Pending: 0 | 5m: sideways
  💰 Daily P&L: $+0.00

[2026-05-11 09:33] O:7427.00 H:7428.75 L:7425.00 C:7427.75 V:4355.0
  📈 Trend: moderate_bullish
  🗺️  Grid: 0.080% | 🔺 7427.50 🔻 7421.50
  📡 RSI: 23.2 | MACD: -1.59 (prev: -1.26) | ATR: 3.07
  📊 Filled: 0 | Pending: 0 | 5m: sideways
  ⏭️ MACD filter blocked LONG | MACD: -1.59 vs prev -1.26
  💰 Daily P&L: $+0.00

[2026-05-11 09:34] O:7428.00 H:7430.50 L:7426.75 C:7430.50 V:3902.0
  📈 Trend: moderate_bullish
  🗺️  Grid: 0.080% | 🔺 7428.75 🔻 7425.00
  📡 RSI: 32.1 | MACD: -1.61 (prev: -1.59) | ATR: 3.25
  📊 Filled: 0 | Pending: 0 | 5m: sideways
  ⏭️ MACD filter blocked LONG | MACD: -1.61 vs prev -1.59
  💰 Daily P&L: $+0.00

[2026-05-11 09:35] O:7430.50 H:7432.75 L:7428.25 C:7432.75 V:3767.0
  📈 Trend: moderate_bullish
  🗺️  Grid: 0.080% | 🔺 7430.50 🔻 7426.75
  📡 RSI: 34.5 | MACD: -1.43 (prev: -1.61) | ATR: 3.46
  📊 Filled: 0 | Pending: 0 | 5m: sideways
  📤 Limit BUY 10 @ 7432.75 submitted (ID: 120)
  📋 Order 120 status: PreSubmitted
  ✅ Fill: BOT 10.0 @ 7432.25
  📋 Order 120 status: Filled
  ⬆️ LONG ORDER @ 7432.75 | Size: 1.00 | SL: 7423.75 | TP: 7446.25 [10cts]
     Reason: Grid Long (moderate_bullish, RSI: 34.5)
     ⏳ Order 120 PENDING - awaiting fill confirmation
  💰 Daily P&L: $+0.00
  📤 Stop-Limit SELL 10 @ stop:7424.25 / lmt:7420.25 submitted (ID: 121)
  📤 Limit SELL 10 @ 7444.25 submitted (ID: 122)
  📋 Order 121 status: PreSubmitted
  ✅ FILL CONFIRMED: LONG @ 7432.25 (order 120)
     📊 Bracket placed: SL #121 @ 7424.25 | TP #122 @ 7444.25
     Trail activates @ +6.0 pts

[2026-05-11 09:36] O:7432.75 H:7434.00 L:7429.00 C:7431.25 V:7903.0
  📈 Trend: moderate_bullish
  🗺️  Grid: 0.080% | 🔺 7432.75 🔻 7428.25
  📡 RSI: 32.2 | MACD: -1.39 (prev: -1.43) | ATR: 3.73
  📊 Filled: 1 | Pending: 0 | 5m: sideways
  📍 LONG @ 7432.25 | SL: 7424.25 | TP: 7444.25 | P&L: $-500.00 | +6.0 to trail
  💰 Daily P&L: $+0.00
  📋 Order 122 status: Submitted

[2026-05-11 09:37] O:7431.00 H:7432.50 L:7430.25 C:7432.25 V:2340.0
  📈 Trend: moderate_bullish
  🗺️  Grid: 0.080% | 🔺 7434.00 🔻 7429.00
  📡 RSI: 35.0 | MACD: -1.27 (prev: -1.39) | ATR: 3.79
  📊 Filled: 1 | Pending: 0 | 5m: sideways
  📍 LONG @ 7432.25 | SL: 7424.25 | TP: 7444.25 | P&L: $+0.00 | +4.2 to trail
  💰 Daily P&L: $+0.00

[2026-05-11 09:38] O:7432.25 H:7432.75 L:7430.75 C:7431.00 V:2275.0
  📈 Trend: moderate_bullish
  🗺️  Grid: 0.080% | 🔺 7432.50 🔻 7430.25
  📡 RSI: 33.1 | MACD: -1.26 (prev: -1.27) | ATR: 3.82
  📊 Filled: 1 | Pending: 0 | 5m: strong_bullish
  📍 LONG @ 7432.25 | SL: 7424.25 | TP: 7444.25 | P&L: $-625.00 | +4.2 to trail
  💰 Daily P&L: $+0.00

[2026-05-11 09:39] O:7431.00 H:7432.25 L:7430.50 C:7432.00 V:1991.0
  📈 Trend: moderate_bullish
  🗺️  Grid: 0.080% | 🔺 7432.75 🔻 7430.75
  📡 RSI: 35.8 | MACD: -1.15 (prev: -1.26) | ATR: 3.86
  📊 Filled: 1 | Pending: 0 | 5m: strong_bullish
  📍 LONG @ 7432.25 | SL: 7424.25 | TP: 7444.25 | P&L: $-125.00 | +4.2 to trail
  💰 Daily P&L: $+0.00

[2026-05-11 09:40] O:7432.00 H:7434.25 L:7431.75 C:7434.00 V:2769.0
  📈 Trend: moderate_bullish (raw: moderate_bearish)
  🗺️  Grid: 0.080% | 🔺 7432.25 🔻 7430.50
  📡 RSI: 41.9 | MACD: -0.90 (prev: -1.15) | ATR: 3.88
  📊 Filled: 1 | Pending: 0 | 5m: strong_bullish
  📍 LONG @ 7432.25 | SL: 7424.25 | TP: 7444.25 | P&L: $+875.00 | +4.2 to trail
  💰 Daily P&L: $+0.00

[2026-05-11 09:41] O:7434.00 H:7436.00 L:7433.50 C:7435.75 V:2607.0
  📈 Trend: moderate_bearish
  🗺️  Grid: 0.080% | 🔺 7434.25 🔻 7431.75
  📡 RSI: 50.9 | MACD: -0.55 (prev: -0.90) | ATR: 3.77
  📊 Filled: 1 | Pending: 0 | 5m: strong_bullish
  📍 LONG @ 7432.25 | SL: 7424.25 | TP: 7444.25 | P&L: $+1,750.00 | +4.0 to trail
  💰 Daily P&L: $+0.00

[2026-05-11 09:42] O:7435.75 H:7436.50 L:7435.00 C:7435.25 V:1940.0
  📈 Trend: moderate_bearish
  🗺️  Grid: 0.080% | 🔺 7436.00 🔻 7433.50
  📡 RSI: 53.6 | MACD: -0.31 (prev: -0.55) | ATR: 3.68
  📊 Filled: 1 | Pending: 0 | 5m: strong_bullish
  📍 LONG @ 7432.25 | SL: 7424.25 | TP: 7444.25 | P&L: $+1,500.00 | +2.2 to trail
  💰 Daily P&L: $+0.00

[2026-05-11 09:43] O:7435.00 H:7437.00 L:7434.50 C:7435.00 V:2190.0
  📈 Trend: moderate_bearish
  🗺️  Grid: 0.080% | 🔺 7436.50 🔻 7435.00
  📡 RSI: 59.6 | MACD: -0.14 (prev: -0.31) | ATR: 3.61
  📊 Filled: 1 | Pending: 0 | 5m: strong_bullish
  📍 LONG @ 7432.25 | SL: 7424.25 | TP: 7444.25 | P&L: $+1,375.00 | +1.8 to trail
  💰 Daily P&L: $+0.00

[2026-05-11 09:44] O:7435.00 H:7436.50 L:7434.50 C:7435.75 V:1618.0
  📈 Trend: moderate_bearish (raw: moderate_bullish)
  🗺️  Grid: 0.080% | 🔺 7437.00 🔻 7434.50
  📡 RSI: 59.2 | MACD: 0.06 (prev: -0.14) | ATR: 3.48
  📊 Filled: 1 | Pending: 0 | 5m: strong_bullish
  📍 LONG @ 7432.25 | SL: 7424.25 | TP: 7444.25 | P&L: $+1,750.00 | +1.2 to trail
  💰 Daily P&L: $+0.00

[2026-05-11 09:45] O:7435.75 H:7437.75 L:7435.25 C:7435.75 V:2518.0
  📈 Trend: moderate_bullish
  🗺️  Grid: 0.080% | 🔺 7436.50 🔻 7434.50
  📡 RSI: 80.6 | MACD: 0.21 (prev: 0.06) | ATR: 3.04
  📊 Filled: 1 | Pending: 0 | 5m: strong_bullish
  📍 LONG @ 7432.25 | SL: 7424.25 | TP: 7444.25 | P&L: $+1,750.00 | +1.2 to trail
  💰 Daily P&L: $+0.00

[2026-05-11 09:46] O:7435.75 H:7436.50 L:7434.00 C:7435.75 V:2000.0
  📈 Trend: moderate_bullish (raw: strong_bullish)
  🗺️  Grid: 0.080% | 🔺 7437.75 🔻 7435.25
  📡 RSI: 78.1 | MACD: 0.33 (prev: 0.21) | ATR: 2.79
  📊 Filled: 1 | Pending: 0 | 5m: strong_bullish
  📍 LONG @ 7432.25 | SL: 7424.25 | TP: 7444.25 | P&L: $+1,750.00 | +0.5 to trail
  💰 Daily P&L: $+0.00

[2026-05-11 09:47] O:7436.00 H:7436.25 L:7434.00 C:7435.75 V:2065.0
  📈 Trend: strong_bullish
  🗺️  Grid: 0.080% | 🔺 7436.50 🔻 7434.00
  📡 RSI: 76.7 | MACD: 0.42 (prev: 0.33) | ATR: 2.68
  📊 Filled: 1 | Pending: 0 | 5m: strong_bullish
  📍 LONG @ 7432.25 | SL: 7424.25 | TP: 7444.25 | P&L: $+1,750.00 | +0.5 to trail
  💰 Daily P&L: $+0.00

[2026-05-11 09:48] O:7435.50 H:7436.50 L:7435.00 C:7436.00 V:1902.0
  📈 Trend: strong_bullish
  🗺️  Grid: 0.080% | 🔺 7436.25 🔻 7434.00
  📡 RSI: 72.0 | MACD: 0.50 (prev: 0.42) | ATR: 2.52
  📊 Filled: 1 | Pending: 0 | 5m: strong_bullish
  📍 LONG @ 7432.25 | SL: 7424.25 | TP: 7444.25 | P&L: $+1,875.00 | +0.5 to trail
  💰 Daily P&L: $+0.00

[2026-05-11 09:49] O:7436.00 H:7437.00 L:7432.50 C:7436.75 V:4021.0
  📈 Trend: strong_bullish
  🗺️  Grid: 0.080% | 🔺 7436.50 🔻 7435.00
  📡 RSI: 68.2 | MACD: 0.62 (prev: 0.50) | ATR: 2.52
  📊 Filled: 1 | Pending: 0 | 5m: strong_bullish
  📍 LONG @ 7432.25 | SL: 7424.25 | TP: 7444.25 | P&L: $+2,250.00 | +0.5 to trail
  💰 Daily P&L: $+0.00

[2026-05-11 09:50] O:7436.75 H:7438.50 L:7436.25 C:7437.75 V:2506.0
  📈 Trend: strong_bullish
  🗺️  Grid: 0.080% | 🔺 7437.00 🔻 7432.50
  📡 RSI: 81.0 | MACD: 0.79 (prev: 0.62) | ATR: 2.32
  📊 Filled: 1 | Pending: 0 | 5m: strong_bullish
  📍 LONG @ 7432.25 | SL: 7424.25 | TP: 7444.25 | P&L: $+2,750.00 | +0.5 to trail
  ✏️ Stop order 121 modified → 7438.25 [confirmed]
  🔄 TRAILING ACTIVATED @ +6.25pts | Stop: 7424.25 → 7438.25
  💰 Daily P&L: $+0.00
  ✅ Fill: SLD 10.0 @ 7438.25
  📋 Order 121 status: Filled

[2026-05-11 09:51] O:7438.00 H:7441.75 L:7437.75 C:7440.50 V:6080.0
  📈 Trend: strong_bullish
  🗺️  Grid: 0.080% | 🔺 7438.50 🔻 7436.25
  📡 RSI: 83.7 | MACD: 1.13 (prev: 0.79) | ATR: 2.45
  📊 Filled: 1 | Pending: 0 | 5m: strong_bullish
  📍 LONG @ 7432.25 | Trail: 7438.25 | TP: 7444.25 | P&L: $+4,125.00 | 🔒 Trailing
  📋 Order 122 status: PendingCancel
  📋 Order 122 status: Cancelled
  ✅ EXIT LONG @ 7438.25 | Trailing Stop
     P&L: +6.00 pts ($+3,000.00) | Daily: $+3,000.00
  ⏸️ Cooldown: 2 bar(s) remaining after exit
  💰 Daily P&L: $+3,000.00

[2026-05-11 09:52] O:7440.50 H:7441.50 L:7440.25 C:7441.00 V:2177.0
  📈 Trend: strong_bullish
  🗺️  Grid: 0.080% | 🔺 7441.75 🔻 7437.75
  📡 RSI: 93.5 | MACD: 1.42 (prev: 1.13) | ATR: 2.39
  📊 Filled: 0 | Pending: 0 | 5m: strong_bullish
  ⏸️ Cooldown: 1 bar(s) remaining after exit
  💰 Daily P&L: $+3,000.00

[2026-05-11 09:53] O:7441.25 H:7444.75 L:7440.75 C:7444.25 V:5964.0
  📈 Trend: strong_bullish
  🗺️  Grid: 0.080% | 🔺 7441.50 🔻 7440.25
  📡 RSI: 94.5 | MACD: 1.90 (prev: 1.42) | ATR: 2.55
  📊 Filled: 0 | Pending: 0 | 5m: strong_bullish
  💰 Daily P&L: $+3,000.00

[2026-05-11 09:54] O:7444.25 H:7444.50 L:7442.50 C:7444.25 V:3760.0
  📈 Trend: strong_bullish
  🗺️  Grid: 0.080% | 🔺 7444.75 🔻 7440.75
  📡 RSI: 93.6 | MACD: 2.25 (prev: 1.90) | ATR: 2.52
  📊 Filled: 0 | Pending: 0 | 5m: strong_bullish
  💰 Daily P&L: $+3,000.00

[2026-05-11 09:55] O:7444.25 H:7445.75 L:7443.25 C:7443.75 V:4558.0
  📈 Trend: strong_bullish
  🗺️  Grid: 0.080% | 🔺 7444.50 🔻 7442.50
  📡 RSI: 88.1 | MACD: 2.46 (prev: 2.25) | ATR: 2.52
  📊 Filled: 0 | Pending: 0 | 5m: strong_bullish
  💰 Daily P&L: $+3,000.00
→ Real-time bars cancelled
✓ Disconnected from IBKR
