Logging to: es_robust_20260526_093553.log

============================================================
🛡️  ES ROBUST BOT — SCALP ROBUST MODE
   • 10 contract(s) max
   • MACD momentum filter
   • 5m trend alignment filter
   • Session low short filter
   • Trailing stop enabled
   • SL: ~8 pts | TP: ~12 pts | Trail activates: +6 pts
   • Session: 8:30–12:00 CT only
   • Client ID: 11
============================================================
✓ Connected to IBKR (paper) - clientId=11
✓ Front-month contract: ESM6 expiry=20260618

============================================================
Loading historical data for indicator warm-up...
============================================================
→ Fetching historical bars (1 D, 1 min)...
✓ Loaded 2076 historical bars

Processing 2076 historical bars...
  📊 5m warmup: 415 bars built | trend: moderate_bullish | buffer: 1 bar(s) carried over

Indicators ready!
  Bars loaded: 2076
  Last price: 7526.00
  Trend: strong_bearish
  RSI: 5.3
  ATR: 2.57
  MACD: -3.79 / Signal: -2.29
  MA: 7538.30 / 7541.10 / 7542.32
  5m Trend: moderate_bullish

------------------------------------------------------------
Account Value: $1,041,368.83
Buying Power: $4,153,976.11
Current Position: 0 contracts
------------------------------------------------------------

============================================================
Starting live 1-minute bar stream...
Strategy is now ACTIVE (client ID: 11)
============================================================

→ Subscribed to 5-second real-time bars (aggregating to 1 min)

[2026-05-26 08:35] O:7526.00 H:7526.50 L:7525.75 C:7525.75 V:533.0
  📈 Trend: sideways (raw: strong_bearish) | 🌍 Regime: ranging
  🗺️  Grid: 0.080% | 🔺 7528.25 🔻 7525.50
  📡 RSI: 3.9 | MACD: -4.13 (prev: -3.79) | ATR: 2.57
  📊 Filled: 0 | Pending: 0 | 5m: moderate_bullish
  🕐 Outside session (08:35 CT) — no entries
  💰 Daily P&L: $+0.00

[2026-05-26 08:36] O:7525.50 H:7529.25 L:7525.00 C:7529.25 V:4581.0
  📈 Trend: strong_bearish | 🌍 Regime: trending_bearish
  🗺️  Grid: 0.080% | 🔺 7526.50 🔻 7525.75
  📡 RSI: 18.0 | MACD: -4.06 (prev: -4.13) | ATR: 2.82
  📊 Filled: 0 | Pending: 0 | 5m: moderate_bullish
  🕐 Outside session (08:36 CT) — no entries
  💰 Daily P&L: $+0.00

[2026-05-26 08:37] O:7529.25 H:7532.00 L:7528.00 C:7531.50 V:4244.0
  📈 Trend: strong_bearish | 🌍 Regime: trending_bearish
  🗺️  Grid: 0.080% | 🔺 7529.25 🔻 7525.00
  📡 RSI: 25.5 | MACD: -3.79 (prev: -4.06) | ATR: 3.09
  📊 Filled: 0 | Pending: 0 | 5m: moderate_bullish
  🕐 Outside session (08:37 CT) — no entries
  💰 Daily P&L: $+0.00

[2026-05-26 08:38] O:7531.75 H:7533.75 L:7531.75 C:7532.50 V:4296.0
  📈 Trend: strong_bearish | 🌍 Regime: trending_bearish
  🗺️  Grid: 0.080% | 🔺 7532.00 🔻 7528.00
  📡 RSI: 28.4 | MACD: -3.45 (prev: -3.79) | ATR: 3.18
  📊 Filled: 0 | Pending: 0 | 5m: moderate_bullish
  🕐 Outside session (08:38 CT) — no entries
  💰 Daily P&L: $+0.00

[2026-05-26 08:39] O:7532.25 H:7533.25 L:7530.25 C:7531.25 V:3722.0
  📈 Trend: strong_bearish | 🌍 Regime: trending_bearish
  🗺️  Grid: 0.080% | 🔺 7533.75 🔻 7531.75
  📡 RSI: 27.9 | MACD: -3.24 (prev: -3.45) | ATR: 3.32
  📊 Filled: 0 | Pending: 0 | 5m: moderate_bullish
  🕐 Outside session (08:39 CT) — no entries
  💰 Daily P&L: $+0.00

[2026-05-26 08:40] O:7531.25 H:7533.25 L:7530.25 C:7532.25 V:4512.0
  📈 Trend: strong_bearish | 🌍 Regime: trending_bearish
  🗺️  Grid: 0.080% | 🔺 7533.25 🔻 7530.25
  📡 RSI: 32.7 | MACD: -2.96 (prev: -3.24) | ATR: 3.38
  📊 Filled: 0 | Pending: 0 | 5m: moderate_bullish
  🕐 Outside session (08:40 CT) — no entries
  💰 Daily P&L: $+0.00

[2026-05-26 08:41] O:7532.25 H:7537.75 L:7532.25 C:7537.00 V:4152.0
  📈 Trend: strong_bearish | 🌍 Regime: trending_bearish
  🗺️  Grid: 0.080% | 🔺 7533.25 🔻 7530.25
  📡 RSI: 48.1 | MACD: -2.33 (prev: -2.96) | ATR: 3.52
  📊 Filled: 0 | Pending: 0 | 5m: moderate_bullish
  🕐 Outside session (08:41 CT) — no entries
  💰 Daily P&L: $+0.00

[2026-05-26 08:42] O:7537.00 H:7538.00 L:7535.50 C:7538.00 V:4715.0
  📈 Trend: strong_bearish | 🌍 Regime: trending_bearish
  🗺️  Grid: 0.080% | 🔺 7537.75 🔻 7532.25
  📡 RSI: 57.7 | MACD: -1.73 (prev: -2.33) | ATR: 3.41
  📊 Filled: 0 | Pending: 0 | 5m: moderate_bullish
  🕐 Outside session (08:42 CT) — no entries
  💰 Daily P&L: $+0.00

[2026-05-26 08:43] O:7537.75 H:7538.00 L:7535.75 C:7536.50 V:3600.0
  📈 Trend: strong_bearish | 🌍 Regime: trending_bearish
  🗺️  Grid: 0.080% | 🔺 7538.00 🔻 7535.50
  📡 RSI: 55.4 | MACD: -1.36 (prev: -1.73) | ATR: 3.16
  📊 Filled: 0 | Pending: 0 | 5m: strong_bearish
  🕐 Outside session (08:43 CT) — no entries
  💰 Daily P&L: $+0.00

[2026-05-26 08:44] O:7536.25 H:7540.75 L:7536.25 C:7540.00 V:4631.0
  📈 Trend: strong_bearish | 🌍 Regime: trending_bearish
  🗺️  Grid: 0.080% | 🔺 7538.00 🔻 7535.75
  📡 RSI: 70.0 | MACD: -0.78 (prev: -1.36) | ATR: 3.07
  📊 Filled: 0 | Pending: 0 | 5m: strong_bearish
  🕐 Outside session (08:44 CT) — no entries
  💰 Daily P&L: $+0.00

[2026-05-26 08:45] O:7540.00 H:7543.25 L:7539.75 C:7542.75 V:5571.0
  📈 Trend: strong_bearish (raw: moderate_bearish) | 🌍 Regime: ranging
  🗺️  Grid: 0.080% | 🔺 7540.75 🔻 7536.25
  📡 RSI: 72.5 | MACD: -0.09 (prev: -0.78) | ATR: 3.16
  📊 Filled: 0 | Pending: 0 | 5m: strong_bearish
  🔲 Regime: RANGING | Range pos: 97% | RSI: 72.5
  💰 Daily P&L: $+0.00

[2026-05-26 08:46] O:7542.75 H:7545.00 L:7542.00 C:7544.50 V:4515.0
  📈 Trend: strong_bearish (raw: moderate_bullish) | 🌍 Regime: ranging
  🗺️  Grid: 0.080% | 🔺 7543.25 🔻 7539.75
  📡 RSI: 74.1 | MACD: 0.59 (prev: -0.09) | ATR: 3.21
  📊 Filled: 0 | Pending: 0 | 5m: strong_bearish
  🔲 Regime: RANGING | Range pos: 98% | RSI: 74.1
  💰 Daily P&L: $+0.00

[2026-05-26 08:47] O:7544.25 H:7544.50 L:7542.25 C:7543.75 V:3291.0
  📈 Trend: moderate_bullish | 🌍 Regime: trending_bullish
  🗺️  Grid: 0.080% | 🔺 7545.00 🔻 7542.00
  📡 RSI: 78.2 | MACD: 1.05 (prev: 0.59) | ATR: 3.11
  📊 Filled: 0 | Pending: 0 | 5m: strong_bearish
  🚫 5m trend mismatch: 1m=moderate_bullish vs 5m=strong_bearish
  💰 Daily P&L: $+0.00

[2026-05-26 08:48] O:7543.50 H:7544.00 L:7542.50 C:7543.50 V:2586.0
  📈 Trend: moderate_bullish | 🌍 Regime: trending_bullish
  🗺️  Grid: 0.080% | 🔺 7544.50 🔻 7542.25
  📡 RSI: 84.3 | MACD: 1.38 (prev: 1.05) | ATR: 3.02
  📊 Filled: 0 | Pending: 0 | 5m: moderate_bullish
  💰 Daily P&L: $+0.00

[2026-05-26 08:49] O:7543.25 H:7544.25 L:7542.50 C:7543.50 V:2895.0
  📈 Trend: moderate_bullish | 🌍 Regime: trending_bullish
  🗺️  Grid: 0.080% | 🔺 7544.00 🔻 7542.50
  📡 RSI: 85.1 | MACD: 1.63 (prev: 1.38) | ATR: 3.09
  📊 Filled: 0 | Pending: 0 | 5m: moderate_bullish
  💰 Daily P&L: $+0.00

[2026-05-26 08:50] O:7543.50 H:7544.00 L:7537.00 C:7537.25 V:6015.0
  📈 Trend: moderate_bullish | 🌍 Regime: trending_bullish
  🗺️  Grid: 0.080% | 🔺 7544.25 🔻 7542.50
  📡 RSI: 64.3 | MACD: 1.30 (prev: 1.63) | ATR: 3.29
  📊 Filled: 0 | Pending: 0 | 5m: moderate_bullish
  💰 Daily P&L: $+0.00

[2026-05-26 08:51] O:7537.25 H:7538.75 L:7535.00 C:7536.25 V:6020.0
  📈 Trend: moderate_bullish | 🌍 Regime: trending_bullish
  🗺️  Grid: 0.080% | 🔺 7544.00 🔻 7537.00
  📡 RSI: 58.9 | MACD: 0.95 (prev: 1.30) | ATR: 3.27
  📊 Filled: 0 | Pending: 0 | 5m: moderate_bullish
  💰 Daily P&L: $+0.00

[2026-05-26 08:52] O:7536.00 H:7539.50 L:7535.75 C:7538.00 V:4743.0
  📈 Trend: moderate_bullish | 🌍 Regime: trending_bullish
  🗺️  Grid: 0.080% | 🔺 7538.75 🔻 7535.00
  📡 RSI: 60.0 | MACD: 0.81 (prev: 0.95) | ATR: 3.38
  📊 Filled: 0 | Pending: 0 | 5m: moderate_bullish
  💰 Daily P&L: $+0.00

[2026-05-26 08:53] O:7538.00 H:7538.50 L:7529.50 C:7532.50 V:9482.0
  📈 Trend: moderate_bullish (raw: moderate_bearish) | 🌍 Regime: trending_bearish
  🗺️  Grid: 0.080% | 🔺 7539.50 🔻 7535.75
  📡 RSI: 52.0 | MACD: 0.25 (prev: 0.81) | ATR: 3.80
  📊 Filled: 0 | Pending: 0 | 5m: strong_bearish
  🚫 5m trend mismatch: 1m=moderate_bullish vs 5m=strong_bearish
  💰 Daily P&L: $+0.00

[2026-05-26 08:54] O:7532.50 H:7535.25 L:7531.50 C:7535.00 V:4833.0
  📈 Trend: moderate_bearish | 🌍 Regime: trending_bearish
  🗺️  Grid: 0.080% | 🔺 7538.50 🔻 7529.50
  📡 RSI: 54.1 | MACD: 0.00 (prev: 0.25) | ATR: 3.86
  📊 Filled: 0 | Pending: 0 | 5m: strong_bearish
  💰 Daily P&L: $+0.00

[2026-05-26 08:55] O:7535.25 H:7538.75 L:7534.50 C:7538.75 V:4377.0
  📈 Trend: moderate_bearish | 🌍 Regime: trending_bearish
  🗺️  Grid: 0.080% | 🔺 7535.25 🔻 7531.50
  📡 RSI: 52.7 | MACD: 0.11 (prev: 0.00) | ATR: 3.77
  📊 Filled: 0 | Pending: 0 | 5m: strong_bearish
  💰 Daily P&L: $+0.00

[2026-05-26 08:56] O:7538.75 H:7539.50 L:7537.50 C:7539.00 V:3625.0
  📈 Trend: moderate_bearish | 🌍 Regime: trending_bearish
  🗺️  Grid: 0.080% | 🔺 7538.75 🔻 7534.50
  📡 RSI: 51.6 | MACD: 0.22 (prev: 0.11) | ATR: 3.73
  📊 Filled: 0 | Pending: 0 | 5m: strong_bearish
  💰 Daily P&L: $+0.00

[2026-05-26 08:57] O:7538.75 H:7540.75 L:7537.50 C:7540.00 V:3215.0
  📈 Trend: moderate_bearish (raw: moderate_bullish) | 🌍 Regime: ranging
  🗺️  Grid: 0.080% | 🔺 7539.50 🔻 7537.50
  📡 RSI: 55.6 | MACD: 0.37 (prev: 0.22) | ATR: 3.80
  📊 Filled: 0 | Pending: 0 | 5m: strong_bearish
  🔲 Regime: RANGING | Range pos: 75% | RSI: 55.6
  💰 Daily P&L: $+0.00

[2026-05-26 08:58] O:7539.75 H:7540.50 L:7538.25 C:7540.50 V:2418.0
  📈 Trend: moderate_bearish (raw: strong_bullish) | 🌍 Regime: ranging
  🗺️  Grid: 0.080% | 🔺 7540.75 🔻 7537.50
  📡 RSI: 50.9 | MACD: 0.53 (prev: 0.37) | ATR: 3.64
  📊 Filled: 0 | Pending: 0 | 5m: strong_bearish
  🔲 Regime: RANGING | Range pos: 78% | RSI: 50.9
  💰 Daily P&L: $+0.00

[2026-05-26 08:59] O:7540.50 H:7541.50 L:7538.50 C:7541.50 V:1870.0
  📈 Trend: strong_bullish | 🌍 Regime: trending_bullish
  🗺️  Grid: 0.080% | 🔺 7540.50 🔻 7538.25
  📡 RSI: 47.6 | MACD: 0.73 (prev: 0.53) | ATR: 3.61
  📊 Filled: 0 | Pending: 0 | 5m: strong_bearish
  🚫 5m trend mismatch: 1m=strong_bullish vs 5m=strong_bearish
  💰 Daily P&L: $+0.00

[2026-05-26 09:00] O:7541.50 H:7542.75 L:7539.00 C:7540.25 V:3672.0
  📈 Trend: strong_bullish | 🌍 Regime: trending_bullish
  🗺️  Grid: 0.080% | 🔺 7541.50 🔻 7538.50
  📡 RSI: 41.7 | MACD: 0.78 (prev: 0.73) | ATR: 3.66
  📊 Filled: 0 | Pending: 0 | 5m: strong_bearish
  🚫 5m trend mismatch: 1m=strong_bullish vs 5m=strong_bearish
  💰 Daily P&L: $+0.00

[2026-05-26 09:01] O:7540.50 H:7542.75 L:7540.00 C:7541.75 V:3127.0
  📈 Trend: strong_bullish | 🌍 Regime: trending_bullish
  🗺️  Grid: 0.080% | 🔺 7542.75 🔻 7539.00
  📡 RSI: 46.2 | MACD: 0.93 (prev: 0.78) | ATR: 3.70
  📊 Filled: 0 | Pending: 0 | 5m: strong_bearish
  🚫 5m trend mismatch: 1m=strong_bullish vs 5m=strong_bearish
  💰 Daily P&L: $+0.00

[2026-05-26 09:02] O:7542.00 H:7543.25 L:7541.50 C:7541.75 V:2764.0
  📈 Trend: strong_bullish | 🌍 Regime: trending_bullish
  🗺️  Grid: 0.080% | 🔺 7542.75 🔻 7540.00
  📡 RSI: 46.7 | MACD: 1.03 (prev: 0.93) | ATR: 3.71
  📊 Filled: 0 | Pending: 0 | 5m: strong_bearish
  🚫 5m trend mismatch: 1m=strong_bullish vs 5m=strong_bearish
  💰 Daily P&L: $+0.00

[2026-05-26 09:03] O:7542.00 H:7544.25 L:7540.50 C:7544.25 V:3221.0
  📈 Trend: strong_bullish | 🌍 Regime: trending_bullish
  🗺️  Grid: 0.080% | 🔺 7543.25 🔻 7541.50
  📡 RSI: 51.3 | MACD: 1.30 (prev: 1.03) | ATR: 3.86
  📊 Filled: 0 | Pending: 0 | 5m: moderate_bearish
  🚫 5m trend mismatch: 1m=strong_bullish vs 5m=moderate_bearish
  💰 Daily P&L: $+0.00

[2026-05-26 09:04] O:7544.00 H:7545.50 L:7543.75 C:7544.75 V:3960.0
  📈 Trend: strong_bullish | 🌍 Regime: ranging
  🗺️  Grid: 0.080% | 🔺 7544.25 🔻 7540.50
  📡 RSI: 66.3 | MACD: 1.54 (prev: 1.30) | ATR: 3.48
  📊 Filled: 0 | Pending: 0 | 5m: moderate_bearish
  🔲 Regime: RANGING | Range pos: 96% | RSI: 66.3
  💰 Daily P&L: $+0.00

[2026-05-26 09:05] O:7545.00 H:7546.00 L:7544.50 C:7545.25 V:2952.0
  📈 Trend: strong_bullish | 🌍 Regime: trending_bullish
  🗺️  Grid: 0.080% | 🔺 7545.50 🔻 7543.75
  📡 RSI: 70.0 | MACD: 1.75 (prev: 1.54) | ATR: 3.32
  📊 Filled: 0 | Pending: 0 | 5m: moderate_bearish
  🚫 5m trend mismatch: 1m=strong_bullish vs 5m=moderate_bearish
  💰 Daily P&L: $+0.00

[2026-05-26 09:06] O:7545.50 H:7546.50 L:7545.00 C:7545.25 V:2784.0
  📈 Trend: strong_bullish | 🌍 Regime: trending_bullish
  🗺️  Grid: 0.080% | 🔺 7546.00 🔻 7544.50
  📡 RSI: 67.5 | MACD: 1.89 (prev: 1.75) | ATR: 3.16
  📊 Filled: 0 | Pending: 0 | 5m: moderate_bearish
  🚫 5m trend mismatch: 1m=strong_bullish vs 5m=moderate_bearish
  💰 Daily P&L: $+0.00

[2026-05-26 09:07] O:7545.00 H:7548.25 L:7545.00 C:7546.50 V:3382.0
  📈 Trend: strong_bullish | 🌍 Regime: trending_bullish
  🗺️  Grid: 0.080% | 🔺 7546.50 🔻 7545.00
  📡 RSI: 92.4 | MACD: 2.08 (prev: 1.89) | ATR: 2.75
  📊 Filled: 0 | Pending: 0 | 5m: moderate_bearish
  🚫 5m trend mismatch: 1m=strong_bullish vs 5m=moderate_bearish
  💰 Daily P&L: $+0.00

[2026-05-26 09:08] O:7546.75 H:7547.75 L:7545.75 C:7546.25 V:2570.0
  📈 Trend: strong_bullish | 🌍 Regime: trending_bullish
  🗺️  Grid: 0.080% | 🔺 7548.25 🔻 7545.00
  📡 RSI: 89.5 | MACD: 2.19 (prev: 2.08) | ATR: 2.62
  📊 Filled: 0 | Pending: 0 | 5m: moderate_bullish
  💰 Daily P&L: $+0.00

[2026-05-26 09:09] O:7546.00 H:7547.50 L:7545.75 C:7547.00 V:2369.0
  📈 Trend: strong_bullish | 🌍 Regime: trending_bullish
  🗺️  Grid: 0.080% | 🔺 7547.75 🔻 7545.75
  📡 RSI: 86.7 | MACD: 2.30 (prev: 2.19) | ATR: 2.45
  📊 Filled: 0 | Pending: 0 | 5m: moderate_bullish
  💰 Daily P&L: $+0.00

[2026-05-26 09:10] O:7547.00 H:7548.50 L:7546.25 C:7547.75 V:2925.0
  📈 Trend: strong_bullish | 🌍 Regime: trending_bullish
  🗺️  Grid: 0.080% | 🔺 7547.50 🔻 7545.75
  📡 RSI: 87.2 | MACD: 2.43 (prev: 2.30) | ATR: 2.46
  📊 Filled: 0 | Pending: 0 | 5m: moderate_bullish
  💰 Daily P&L: $+0.00

[2026-05-26 09:11] O:7547.75 H:7548.25 L:7545.00 C:7546.00 V:2933.0
  📈 Trend: strong_bullish | 🌍 Regime: trending_bullish
  🗺️  Grid: 0.080% | 🔺 7548.50 🔻 7546.25
  📡 RSI: 74.0 | MACD: 2.36 (prev: 2.43) | ATR: 2.46
  📊 Filled: 0 | Pending: 0 | 5m: moderate_bullish
  💰 Daily P&L: $+0.00

[2026-05-26 09:12] O:7546.25 H:7546.75 L:7545.25 C:7545.50 V:1978.0
  📈 Trend: strong_bullish | 🌍 Regime: trending_bullish
  🗺️  Grid: 0.080% | 🔺 7548.25 🔻 7545.00
  📡 RSI: 70.0 | MACD: 2.24 (prev: 2.36) | ATR: 2.41
  📊 Filled: 0 | Pending: 0 | 5m: moderate_bullish
  💰 Daily P&L: $+0.00

[2026-05-26 09:13] O:7545.50 H:7546.50 L:7544.50 C:7546.00 V:2689.0
  📈 Trend: strong_bullish | 🌍 Regime: trending_bullish
  🗺️  Grid: 0.080% | 🔺 7546.75 🔻 7545.25
  📡 RSI: 68.8 | MACD: 2.16 (prev: 2.24) | ATR: 2.34
  📊 Filled: 0 | Pending: 0 | 5m: strong_bullish
  💰 Daily P&L: $+0.00

[2026-05-26 09:14] O:7546.25 H:7548.50 L:7545.75 C:7548.25 V:2883.0
  📈 Trend: strong_bullish | 🌍 Regime: trending_bullish
  🗺️  Grid: 0.080% | 🔺 7546.50 🔻 7544.50
  📡 RSI: 80.8 | MACD: 2.25 (prev: 2.16) | ATR: 2.27
  📊 Filled: 0 | Pending: 0 | 5m: strong_bullish
  💰 Daily P&L: $+0.00

[2026-05-26 09:15] O:7548.25 H:7548.50 L:7546.00 C:7546.50 V:2760.0
  📈 Trend: strong_bullish | 🌍 Regime: trending_bullish
  🗺️  Grid: 0.080% | 🔺 7548.50 🔻 7545.75
  📡 RSI: 67.9 | MACD: 2.16 (prev: 2.25) | ATR: 2.25
  📊 Filled: 0 | Pending: 0 | 5m: strong_bullish
  💰 Daily P&L: $+0.00

[2026-05-26 09:16] O:7546.25 H:7548.00 L:7546.25 C:7547.00 V:2245.0
  📈 Trend: strong_bullish (raw: moderate_bullish) | 🌍 Regime: ranging
  🗺️  Grid: 0.080% | 🔺 7548.50 🔻 7546.00
  📡 RSI: 69.1 | MACD: 2.10 (prev: 2.16) | ATR: 2.25
  📊 Filled: 0 | Pending: 0 | 5m: strong_bullish
  🔲 Regime: RANGING | Range pos: 92% | RSI: 69.1
  💰 Daily P&L: $+0.00

[2026-05-26 09:17] O:7547.00 H:7547.25 L:7545.25 C:7546.75 V:1992.0
  📈 Trend: moderate_bullish | 🌍 Regime: trending_bullish
  🗺️  Grid: 0.080% | 🔺 7548.00 🔻 7546.25
  📡 RSI: 60.9 | MACD: 2.01 (prev: 2.10) | ATR: 2.12
  📊 Filled: 0 | Pending: 0 | 5m: strong_bullish
  💰 Daily P&L: $+0.00

[2026-05-26 09:18] O:7546.75 H:7549.50 L:7546.25 C:7549.50 V:2570.0
  📈 Trend: moderate_bullish (raw: strong_bullish) | 🌍 Regime: ranging
  🗺️  Grid: 0.080% | 🔺 7547.25 🔻 7545.25
  📡 RSI: 67.3 | MACD: 2.14 (prev: 2.01) | ATR: 2.23
  📊 Filled: 0 | Pending: 0 | 5m: strong_bullish
  🔲 Regime: RANGING | Range pos: 100% | RSI: 67.3
  💰 Daily P&L: $+0.00

[2026-05-26 09:19] O:7549.25 H:7550.25 L:7548.50 C:7549.75 V:2337.0
  📈 Trend: strong_bullish | 🌍 Regime: trending_bullish
  🗺️  Grid: 0.080% | 🔺 7549.50 🔻 7546.25
  📡 RSI: 66.7 | MACD: 2.23 (prev: 2.14) | ATR: 2.25
  📊 Filled: 0 | Pending: 0 | 5m: strong_bullish
  💰 Daily P&L: $+0.00

[2026-05-26 09:20] O:7549.75 H:7551.75 L:7548.75 C:7551.00 V:2852.0
  📈 Trend: strong_bullish | 🌍 Regime: trending_bullish
  🗺️  Grid: 0.080% | 🔺 7550.25 🔻 7548.50
  📡 RSI: 69.5 | MACD: 2.38 (prev: 2.23) | ATR: 2.36
  📊 Filled: 0 | Pending: 0 | 5m: strong_bullish
  💰 Daily P&L: $+0.00

[2026-05-26 09:21] O:7551.25 H:7551.75 L:7548.50 C:7549.75 V:2771.0
  📈 Trend: strong_bullish | 🌍 Regime: trending_bullish
  🗺️  Grid: 0.080% | 🔺 7551.75 🔻 7548.75
  📡 RSI: 61.0 | MACD: 2.37 (prev: 2.38) | ATR: 2.36
  📊 Filled: 0 | Pending: 0 | 5m: strong_bullish
  💰 Daily P&L: $+0.00

[2026-05-26 09:22] O:7549.50 H:7552.00 L:7549.00 C:7551.50 V:2489.0
  📈 Trend: strong_bullish | 🌍 Regime: trending_bullish
  🗺️  Grid: 0.080% | 🔺 7551.75 🔻 7548.50
  📡 RSI: 66.2 | MACD: 2.48 (prev: 2.37) | ATR: 2.43
  📊 Filled: 0 | Pending: 0 | 5m: strong_bullish
  💰 Daily P&L: $+0.00

[2026-05-26 09:23] O:7551.75 H:7552.00 L:7549.50 C:7550.25 V:3002.0
  📈 Trend: strong_bullish | 🌍 Regime: trending_bullish
  🗺️  Grid: 0.080% | 🔺 7552.00 🔻 7549.00
  📡 RSI: 59.7 | MACD: 2.43 (prev: 2.48) | ATR: 2.48
  📊 Filled: 0 | Pending: 0 | 5m: strong_bullish
  💰 Daily P&L: $+0.00

[2026-05-26 09:24] O:7550.25 H:7550.75 L:7548.25 C:7549.25 V:2371.0
  📈 Trend: strong_bullish | 🌍 Regime: trending_bullish
  🗺️  Grid: 0.080% | 🔺 7552.00 🔻 7549.50
  📡 RSI: 54.4 | MACD: 2.29 (prev: 2.43) | ATR: 2.50
  📊 Filled: 0 | Pending: 0 | 5m: strong_bullish
  💰 Daily P&L: $+0.00

[2026-05-26 09:25] O:7549.25 H:7551.75 L:7549.25 C:7551.00 V:2265.0
  📈 Trend: strong_bullish | 🌍 Regime: trending_bullish
  🗺️  Grid: 0.080% | 🔺 7550.75 🔻 7548.25
  📡 RSI: 64.7 | MACD: 2.29 (prev: 2.29) | ATR: 2.45
  📊 Filled: 0 | Pending: 0 | 5m: strong_bullish
  💰 Daily P&L: $+0.00

[2026-05-26 09:26] O:7551.00 H:7552.00 L:7550.25 C:7551.75 V:2159.0
  📈 Trend: strong_bullish | 🌍 Regime: trending_bullish
  🗺️  Grid: 0.080% | 🔺 7551.75 🔻 7549.25
  📡 RSI: 68.1 | MACD: 2.32 (prev: 2.29) | ATR: 2.46
  📊 Filled: 0 | Pending: 0 | 5m: strong_bullish
  💰 Daily P&L: $+0.00

[2026-05-26 09:27] O:7551.75 H:7552.75 L:7550.25 C:7550.50 V:2916.0
  📈 Trend: strong_bullish | 🌍 Regime: trending_bullish
  🗺️  Grid: 0.080% | 🔺 7552.00 🔻 7550.25
  📡 RSI: 62.5 | MACD: 2.22 (prev: 2.32) | ATR: 2.50
  📊 Filled: 0 | Pending: 0 | 5m: strong_bullish
  💰 Daily P&L: $+0.00
→ Real-time bars cancelled
✓ Disconnected from IBKR
