Logging to: es_robust_20260515_092028.log

============================================================
🛡️  ES ROBUST BOT — SCALP ROBUST MODE
   • 10 contract(s) max
   • MACD momentum filter
   • 5m trend alignment filter
   • Session low short filter
   • Trailing stop enabled
   • SL: ~8 pts | TP: ~12 pts | Trail activates: +6 pts
   • Session: 8:30–12:00 CT only
   • Client ID: 11
============================================================
✓ Connected to IBKR (paper) - clientId=11
✓ Front-month contract: ESM6 expiry=20260618

============================================================
Loading historical data for indicator warm-up...
============================================================
→ Fetching historical bars (1 D, 1 min)...
✓ Loaded 921 historical bars

Processing 921 historical bars...
  📊 5m warmup: 184 bars built | trend: sideways | buffer: 1 bar(s) carried over

Indicators ready!
  Bars loaded: 921
  Last price: 7444.25
  Trend: strong_bullish
  RSI: 66.2
  ATR: 2.29
  MACD: 1.79 / Signal: 1.07
  MA: 7438.25 / 7436.23 / 7448.87
  5m Trend: sideways

------------------------------------------------------------
Account Value: $1,072,611.39
Buying Power: $4,287,519.52
Current Position: 0 contracts
------------------------------------------------------------

============================================================
Starting live 1-minute bar stream...
Strategy is now ACTIVE (client ID: 11)
============================================================

→ Subscribed to 5-second real-time bars (aggregating to 1 min)

[2026-05-15 08:20] O:7444.25 H:7445.25 L:7444.25 C:7444.75 V:513.0
  📈 Trend: sideways (raw: strong_bullish)
  🗺️  Grid: 0.080% | 🔺 7444.50 🔻 7443.00
  📡 RSI: 73.1 | MACD: 1.99 (prev: 1.79) | ATR: 2.18
  📊 Filled: 0 | Pending: 0 | 5m: sideways
  💰 Daily P&L: $+0.00

[2026-05-15 08:21] O:7445.00 H:7445.50 L:7444.00 C:7445.00 V:844.0
  📈 Trend: strong_bullish
  🗺️  Grid: 0.080% | 🔺 7445.25 🔻 7444.25
  📡 RSI: 76.9 | MACD: 2.14 (prev: 1.99) | ATR: 2.09
  📊 Filled: 0 | Pending: 0 | 5m: sideways
  💰 Daily P&L: $+0.00

[2026-05-15 08:22] O:7445.00 H:7445.25 L:7443.25 C:7443.75 V:492.0
  📈 Trend: strong_bullish
  🗺️  Grid: 0.080% | 🔺 7445.50 🔻 7444.00
  📡 RSI: 70.1 | MACD: 2.14 (prev: 2.14) | ATR: 2.11
  📊 Filled: 0 | Pending: 0 | 5m: sideways
  💰 Daily P&L: $+0.00

[2026-05-15 08:23] O:7444.00 H:7446.25 L:7443.75 C:7445.25 V:948.0
  📈 Trend: strong_bullish
  🗺️  Grid: 0.080% | 🔺 7445.25 🔻 7443.25
  📡 RSI: 69.7 | MACD: 2.23 (prev: 2.14) | ATR: 2.12
  📊 Filled: 0 | Pending: 0 | 5m: sideways
  💰 Daily P&L: $+0.00

[2026-05-15 08:24] O:7445.50 H:7446.50 L:7445.25 C:7446.50 V:843.0
  📈 Trend: strong_bullish
  🗺️  Grid: 0.080% | 🔺 7446.25 🔻 7443.75
  📡 RSI: 79.7 | MACD: 2.38 (prev: 2.23) | ATR: 2.04
  📊 Filled: 0 | Pending: 0 | 5m: sideways
  💰 Daily P&L: $+0.00

[2026-05-15 08:25] O:7446.50 H:7454.00 L:7446.50 C:7452.75 V:4414.0
  📈 Trend: strong_bullish
  🗺️  Grid: 0.080% | 🔺 7446.50 🔻 7445.25
  📡 RSI: 86.4 | MACD: 2.97 (prev: 2.38) | ATR: 2.45
  📊 Filled: 0 | Pending: 0 | 5m: sideways
  💰 Daily P&L: $+0.00

[2026-05-15 08:26] O:7452.75 H:7453.50 L:7450.25 C:7451.75 V:2137.0
  📈 Trend: strong_bullish
  🗺️  Grid: 0.080% | 🔺 7454.00 🔻 7446.50
  📡 RSI: 82.4 | MACD: 3.32 (prev: 2.97) | ATR: 2.61
  📊 Filled: 0 | Pending: 0 | 5m: sideways
  💰 Daily P&L: $+0.00

[2026-05-15 08:27] O:7451.50 H:7451.50 L:7447.00 C:7448.50 V:2878.0
  📈 Trend: strong_bullish
  🗺️  Grid: 0.080% | 🔺 7453.50 🔻 7450.25
  📡 RSI: 69.5 | MACD: 3.29 (prev: 3.32) | ATR: 2.75
  📊 Filled: 0 | Pending: 0 | 5m: sideways
  💰 Daily P&L: $+0.00

[2026-05-15 08:28] O:7448.50 H:7457.00 L:7448.25 C:7456.25 V:6060.0
  📈 Trend: strong_bullish
  🗺️  Grid: 0.080% | 🔺 7451.50 🔻 7447.00
  📡 RSI: 80.2 | MACD: 3.85 (prev: 3.29) | ATR: 3.21
  📊 Filled: 0 | Pending: 0 | 5m: sideways
  💰 Daily P&L: $+0.00

[2026-05-15 08:29] O:7456.25 H:7460.00 L:7456.00 C:7459.75 V:8014.0
  📈 Trend: strong_bullish
  🗺️  Grid: 0.080% | 🔺 7457.00 🔻 7448.25
  📡 RSI: 80.6 | MACD: 4.52 (prev: 3.85) | ATR: 3.23
  📊 Filled: 0 | Pending: 0 | 5m: sideways
  💰 Daily P&L: $+0.00

[2026-05-15 08:30] O:7459.75 H:7462.00 L:7450.50 C:7451.25 V:21556.0
  📈 Trend: strong_bullish
  🗺️  Grid: 0.080% | 🔺 7460.00 🔻 7456.00
  📡 RSI: 61.8 | MACD: 4.32 (prev: 4.52) | ATR: 3.84
  📊 Filled: 0 | Pending: 0 | 5m: sideways
  💰 Daily P&L: $+0.00

[2026-05-15 08:31] O:7451.25 H:7451.25 L:7443.75 C:7448.75 V:12864.0
  📈 Trend: strong_bullish
  🗺️  Grid: 0.080% | 🔺 7462.00 🔻 7450.50
  📡 RSI: 56.7 | MACD: 3.92 (prev: 4.32) | ATR: 4.21
  📊 Filled: 0 | Pending: 0 | 5m: sideways
  💰 Daily P&L: $+0.00

[2026-05-15 08:32] O:7448.75 H:7449.50 L:7442.50 C:7443.00 V:9277.0
  📈 Trend: strong_bullish (raw: moderate_bullish)
  🗺️  Grid: 0.080% | 🔺 7451.25 🔻 7443.75
  📡 RSI: 50.0 | MACD: 3.10 (prev: 3.92) | ATR: 4.57
  📊 Filled: 0 | Pending: 0 | 5m: sideways
  💰 Daily P&L: $+0.00

[2026-05-15 08:33] O:7443.25 H:7443.25 L:7434.50 C:7436.00 V:8340.0
  📈 Trend: strong_bullish (raw: moderate_bearish)
  🗺️  Grid: 0.082% | 🔺 7449.50 🔻 7442.50
  📡 RSI: 41.8 | MACD: 1.86 (prev: 3.10) | ATR: 5.09
  📊 Filled: 0 | Pending: 0 | 5m: sideways
  💰 Daily P&L: $+0.00

[2026-05-15 08:34] O:7435.75 H:7443.50 L:7434.00 C:7442.75 V:8436.0
  📈 Trend: strong_bullish (raw: moderate_bullish)
  🗺️  Grid: 0.092% | 🔺 7443.25 🔻 7434.50
  📡 RSI: 48.2 | MACD: 1.41 (prev: 1.86) | ATR: 5.70
  📊 Filled: 0 | Pending: 0 | 5m: sideways
  💰 Daily P&L: $+0.00

[2026-05-15 08:35] O:7443.00 H:7443.25 L:7437.25 C:7437.25 V:10281.0
  📈 Trend: strong_bullish (raw: moderate_bearish)
  🗺️  Grid: 0.097% | 🔺 7443.50 🔻 7434.00
  📡 RSI: 43.7 | MACD: 0.60 (prev: 1.41) | ATR: 6.02
  📊 Filled: 0 | Pending: 0 | 5m: sideways
  💰 Daily P&L: $+0.00

[2026-05-15 08:36] O:7437.25 H:7442.25 L:7436.00 C:7437.25 V:6569.0
  📈 Trend: strong_bullish (raw: strong_bearish)
  🗺️  Grid: 0.102% | 🔺 7443.25 🔻 7437.25
  📡 RSI: 44.6 | MACD: -0.04 (prev: 0.60) | ATR: 6.32
  📊 Filled: 0 | Pending: 0 | 5m: sideways
  💰 Daily P&L: $+0.00

[2026-05-15 08:37] O:7437.25 H:7438.50 L:7432.25 C:7432.75 V:6548.0
  📈 Trend: strong_bearish
  🗺️  Grid: 0.106% | 🔺 7442.25 🔻 7436.00
  📡 RSI: 40.2 | MACD: -0.90 (prev: -0.04) | ATR: 6.59
  📊 Filled: 0 | Pending: 0 | 5m: sideways
  💰 Daily P&L: $+0.00

[2026-05-15 08:38] O:7432.50 H:7434.75 L:7431.50 C:7432.25 V:6556.0
  📈 Trend: strong_bearish
  🗺️  Grid: 0.109% | 🔺 7438.50 🔻 7432.25
  📡 RSI: 38.6 | MACD: -1.61 (prev: -0.90) | ATR: 6.73
  📊 Filled: 0 | Pending: 0 | 5m: sideways
  💰 Daily P&L: $+0.00

[2026-05-15 08:39] O:7432.25 H:7435.50 L:7432.00 C:7432.25 V:6276.0
  📈 Trend: strong_bearish
  🗺️  Grid: 0.104% | 🔺 7434.75 🔻 7431.50
  📡 RSI: 31.9 | MACD: -2.14 (prev: -1.61) | ATR: 6.45
  📊 Filled: 0 | Pending: 0 | 5m: sideways
  💰 Daily P&L: $+0.00

[2026-05-15 08:40] O:7432.25 H:7442.00 L:7431.00 C:7441.50 V:8829.0
  📈 Trend: strong_bearish
  🗺️  Grid: 0.113% | 🔺 7435.50 🔻 7432.00
  📡 RSI: 42.1 | MACD: -1.80 (prev: -2.14) | ATR: 7.00
  📊 Filled: 0 | Pending: 0 | 5m: sideways
  💰 Daily P&L: $+0.00

[2026-05-15 08:41] O:7441.75 H:7441.75 L:7433.75 C:7437.75 V:6612.0
  📈 Trend: strong_bearish
  🗺️  Grid: 0.117% | 🔺 7442.00 🔻 7431.00
  📡 RSI: 41.8 | MACD: -1.81 (prev: -1.80) | ATR: 7.23
  📊 Filled: 0 | Pending: 0 | 5m: sideways
  💰 Daily P&L: $+0.00

[2026-05-15 08:42] O:7438.00 H:7439.00 L:7431.50 C:7433.00 V:6085.0
  📈 Trend: strong_bearish
  🗺️  Grid: 0.115% | 🔺 7441.75 🔻 7433.75
  📡 RSI: 31.3 | MACD: -2.17 (prev: -1.81) | ATR: 7.14
  📊 Filled: 0 | Pending: 0 | 5m: sideways
  💰 Daily P&L: $+0.00

[2026-05-15 08:43] O:7433.00 H:7434.25 L:7430.25 C:7431.25 V:5868.0
  📈 Trend: strong_bearish
  🗺️  Grid: 0.115% | 🔺 7439.00 🔻 7431.50
  📡 RSI: 26.4 | MACD: -2.57 (prev: -2.17) | ATR: 7.14
  📊 Filled: 0 | Pending: 0 | 5m: sideways
  💰 Daily P&L: $+0.00

[2026-05-15 08:44] O:7431.00 H:7432.50 L:7427.00 C:7427.50 V:6889.0
  📈 Trend: strong_bearish
  🗺️  Grid: 0.108% | 🔺 7434.25 🔻 7430.25
  📡 RSI: 28.7 | MACD: -3.16 (prev: -2.57) | ATR: 6.71
  📊 Filled: 0 | Pending: 0 | 5m: sideways
  💰 Daily P&L: $+0.00

[2026-05-15 08:45] O:7427.50 H:7429.00 L:7422.25 C:7424.25 V:10541.0
  📈 Trend: strong_bearish
  🗺️  Grid: 0.108% | 🔺 7432.50 🔻 7427.00
  📡 RSI: 28.3 | MACD: -3.84 (prev: -3.16) | ATR: 6.66
  📊 Filled: 0 | Pending: 0 | 5m: sideways
  💰 Daily P&L: $+0.00

[2026-05-15 08:46] O:7424.50 H:7427.75 L:7421.00 C:7421.50 V:7724.0
  📈 Trend: strong_bearish
  🗺️  Grid: 0.107% | 🔺 7429.00 🔻 7422.25
  📡 RSI: 29.9 | MACD: -4.54 (prev: -3.84) | ATR: 6.64
  📊 Filled: 0 | Pending: 0 | 5m: sideways
  💰 Daily P&L: $+0.00

[2026-05-15 08:47] O:7421.75 H:7428.00 L:7420.25 C:7427.25 V:7586.0
  📈 Trend: strong_bearish
  🗺️  Grid: 0.106% | 🔺 7427.75 🔻 7421.00
  📡 RSI: 41.6 | MACD: -4.59 (prev: -4.54) | ATR: 6.57
  📊 Filled: 0 | Pending: 0 | 5m: sideways
  💰 Daily P&L: $+0.00

[2026-05-15 08:48] O:7427.25 H:7435.00 L:7426.75 C:7433.50 V:9064.0
  📈 Trend: strong_bearish
  🗺️  Grid: 0.105% | 🔺 7428.00 🔻 7420.25
  📡 RSI: 41.1 | MACD: -4.07 (prev: -4.59) | ATR: 6.48
  📊 Filled: 0 | Pending: 0 | 5m: sideways
  💰 Daily P&L: $+0.00

[2026-05-15 08:49] O:7433.50 H:7437.75 L:7431.50 C:7437.25 V:6495.0
  📈 Trend: strong_bearish
  🗺️  Grid: 0.105% | 🔺 7435.00 🔻 7426.75
  📡 RSI: 50.0 | MACD: -3.32 (prev: -4.07) | ATR: 6.50
  📊 Filled: 0 | Pending: 0 | 5m: sideways
  💰 Daily P&L: $+0.00

[2026-05-15 08:50] O:7437.25 H:7440.00 L:7432.75 C:7435.50 V:7246.0
  📈 Trend: strong_bearish
  🗺️  Grid: 0.106% | 🔺 7437.75 🔻 7431.50
  📡 RSI: 48.3 | MACD: -2.84 (prev: -3.32) | ATR: 6.57
  📊 Filled: 0 | Pending: 0 | 5m: sideways
  💰 Daily P&L: $+0.00

[2026-05-15 08:51] O:7435.75 H:7436.50 L:7429.00 C:7430.50 V:6860.0
  📈 Trend: strong_bearish
  🗺️  Grid: 0.108% | 🔺 7440.00 🔻 7432.75
  📡 RSI: 47.8 | MACD: -2.83 (prev: -2.84) | ATR: 6.66
  📊 Filled: 0 | Pending: 0 | 5m: sideways
  💰 Daily P&L: $+0.00

[2026-05-15 08:52] O:7430.75 H:7438.50 L:7430.25 C:7438.25 V:5912.0
  📈 Trend: strong_bearish (raw: moderate_bearish)
  🗺️  Grid: 0.113% | 🔺 7436.50 🔻 7429.00
  📡 RSI: 55.0 | MACD: -2.16 (prev: -2.83) | ATR: 7.02
  📊 Filled: 0 | Pending: 0 | 5m: sideways
  💰 Daily P&L: $+0.00

[2026-05-15 08:53] O:7438.50 H:7441.25 L:7438.00 C:7439.75 V:6578.0
  📈 Trend: strong_bearish
  🗺️  Grid: 0.113% | 🔺 7438.50 🔻 7430.25
  📡 RSI: 56.1 | MACD: -1.50 (prev: -2.16) | ATR: 7.00
  📊 Filled: 0 | Pending: 0 | 5m: sideways
  💰 Daily P&L: $+0.00

[2026-05-15 08:54] O:7440.00 H:7447.75 L:7439.50 C:7445.25 V:7554.0
  📈 Trend: strong_bearish (raw: moderate_bearish)
  🗺️  Grid: 0.110% | 🔺 7441.25 🔻 7438.00
  📡 RSI: 53.3 | MACD: -0.53 (prev: -1.50) | ATR: 6.80
  📊 Filled: 0 | Pending: 0 | 5m: sideways
  💰 Daily P&L: $+0.00

[2026-05-15 08:55] O:7445.50 H:7448.75 L:7444.75 C:7448.25 V:5642.0
  📈 Trend: strong_bearish (raw: moderate_bullish)
  🗺️  Grid: 0.105% | 🔺 7447.75 🔻 7439.50
  📡 RSI: 59.3 | MACD: 0.48 (prev: -0.53) | ATR: 6.52
  📊 Filled: 0 | Pending: 0 | 5m: sideways
  💰 Daily P&L: $+0.00

[2026-05-15 08:56] O:7448.50 H:7451.00 L:7445.75 C:7447.25 V:6604.0
  📈 Trend: moderate_bullish
  🗺️  Grid: 0.102% | 🔺 7448.75 🔻 7444.75
  📡 RSI: 63.5 | MACD: 1.19 (prev: 0.48) | ATR: 6.36
  📊 Filled: 0 | Pending: 0 | 5m: sideways
  💰 Daily P&L: $+0.00

[2026-05-15 08:57] O:7447.00 H:7447.00 L:7439.25 C:7439.50 V:5796.0
  📈 Trend: moderate_bullish
  🗺️  Grid: 0.107% | 🔺 7451.00 🔻 7445.75
  📡 RSI: 57.0 | MACD: 1.11 (prev: 1.19) | ATR: 6.64
  📊 Filled: 0 | Pending: 0 | 5m: sideways
  💰 Daily P&L: $+0.00

[2026-05-15 08:58] O:7439.50 H:7439.50 L:7431.00 C:7432.75 V:7437.0
  📈 Trend: moderate_bullish
  🗺️  Grid: 0.111% | 🔺 7447.00 🔻 7439.25
  📡 RSI: 54.3 | MACD: 0.50 (prev: 1.11) | ATR: 6.86
  📊 Filled: 0 | Pending: 0 | 5m: sideways
  💰 Daily P&L: $+0.00

[2026-05-15 08:59] O:7432.75 H:7434.50 L:7430.50 C:7432.25 V:4997.0
  📈 Trend: moderate_bullish (raw: strong_bearish)
  🗺️  Grid: 0.108% | 🔺 7439.50 🔻 7431.00
  📡 RSI: 56.8 | MACD: -0.03 (prev: 0.50) | ATR: 6.66
  📊 Filled: 0 | Pending: 0 | 5m: sideways
  💰 Daily P&L: $+0.00

[2026-05-15 09:00] O:7432.50 H:7435.00 L:7430.25 C:7433.75 V:6659.0
  📈 Trend: strong_bearish
  🗺️  Grid: 0.105% | 🔺 7434.50 🔻 7430.50
  📡 RSI: 60.6 | MACD: -0.32 (prev: -0.03) | ATR: 6.52
  📊 Filled: 0 | Pending: 0 | 5m: sideways
  💰 Daily P&L: $+0.00

[2026-05-15 09:01] O:7433.75 H:7437.75 L:7432.75 C:7436.50 V:6018.0
  📈 Trend: strong_bearish (raw: moderate_bearish)
  🗺️  Grid: 0.102% | 🔺 7435.00 🔻 7430.25
  📡 RSI: 58.4 | MACD: -0.33 (prev: -0.32) | ATR: 6.32
  📊 Filled: 0 | Pending: 0 | 5m: sideways
  💰 Daily P&L: $+0.00

[2026-05-15 09:02] O:7436.50 H:7441.50 L:7436.25 C:7440.75 V:5978.0
  📈 Trend: strong_bearish (raw: moderate_bullish)
  🗺️  Grid: 0.098% | 🔺 7437.75 🔻 7432.75
  📡 RSI: 56.9 | MACD: 0.01 (prev: -0.33) | ATR: 6.11
  📊 Filled: 0 | Pending: 0 | 5m: sideways
  💰 Daily P&L: $+0.00

[2026-05-15 09:03] O:7440.50 H:7441.00 L:7433.00 C:7434.50 V:5012.0
  📈 Trend: strong_bearish (raw: moderate_bearish)
  🗺️  Grid: 0.101% | 🔺 7441.50 🔻 7436.25
  📡 RSI: 47.5 | MACD: -0.22 (prev: 0.01) | ATR: 6.23
  📊 Filled: 0 | Pending: 0 | 5m: sideways
  💰 Daily P&L: $+0.00

[2026-05-15 09:04] O:7434.25 H:7437.75 L:7431.25 C:7434.50 V:6125.0
  📈 Trend: strong_bearish
  🗺️  Grid: 0.100% | 🔺 7441.00 🔻 7433.00
  📡 RSI: 49.1 | MACD: -0.40 (prev: -0.22) | ATR: 6.18
  📊 Filled: 0 | Pending: 0 | 5m: sideways
  💰 Daily P&L: $+0.00

[2026-05-15 09:05] O:7434.50 H:7438.00 L:7432.25 C:7436.50 V:5248.0
  📈 Trend: strong_bearish
  🗺️  Grid: 0.098% | 🔺 7437.75 🔻 7431.25
  📡 RSI: 55.9 | MACD: -0.38 (prev: -0.40) | ATR: 6.05
  📊 Filled: 0 | Pending: 0 | 5m: sideways
  💰 Daily P&L: $+0.00

[2026-05-15 09:06] O:7436.25 H:7438.00 L:7433.75 C:7434.75 V:5470.0
  📈 Trend: strong_bearish
  🗺️  Grid: 0.093% | 🔺 7438.00 🔻 7432.25
  📡 RSI: 46.1 | MACD: -0.50 (prev: -0.38) | ATR: 5.77
  📊 Filled: 0 | Pending: 0 | 5m: sideways
  💰 Daily P&L: $+0.00

[2026-05-15 09:07] O:7434.50 H:7437.00 L:7433.75 C:7436.00 V:4343.0
  📈 Trend: strong_bearish
  🗺️  Grid: 0.093% | 🔺 7438.00 🔻 7433.75
  📡 RSI: 45.8 | MACD: -0.49 (prev: -0.50) | ATR: 5.77
  📊 Filled: 0 | Pending: 0 | 5m: sideways
  💰 Daily P&L: $+0.00

[2026-05-15 09:08] O:7436.00 H:7440.75 L:7435.00 C:7439.75 V:5400.0
  📈 Trend: strong_bearish (raw: moderate_bearish)
  🗺️  Grid: 0.090% | 🔺 7437.00 🔻 7433.75
  📡 RSI: 43.5 | MACD: -0.17 (prev: -0.49) | ATR: 5.59
  📊 Filled: 0 | Pending: 0 | 5m: sideways
  💰 Daily P&L: $+0.00

[2026-05-15 09:09] O:7440.00 H:7441.50 L:7437.25 C:7437.75 V:4300.0
  📈 Trend: moderate_bearish
  🗺️  Grid: 0.090% | 🔺 7440.75 🔻 7435.00
  📡 RSI: 37.3 | MACD: -0.08 (prev: -0.17) | ATR: 5.61
  📊 Filled: 0 | Pending: 0 | 5m: sideways
  💰 Daily P&L: $+0.00

[2026-05-15 09:10] O:7437.75 H:7443.50 L:7437.50 C:7443.25 V:4733.0
  📈 Trend: moderate_bearish (raw: moderate_bullish)
  🗺️  Grid: 0.091% | 🔺 7441.50 🔻 7437.25
  📡 RSI: 45.7 | MACD: 0.43 (prev: -0.08) | ATR: 5.66
  📊 Filled: 0 | Pending: 0 | 5m: sideways
  💰 Daily P&L: $+0.00

[2026-05-15 09:11] O:7443.25 H:7443.50 L:7436.75 C:7441.00 V:4644.0
  📈 Trend: moderate_bullish
  🗺️  Grid: 0.090% | 🔺 7443.50 🔻 7437.50
  📡 RSI: 51.9 | MACD: 0.64 (prev: 0.43) | ATR: 5.57
  📊 Filled: 0 | Pending: 0 | 5m: sideways
  💰 Daily P&L: $+0.00

[2026-05-15 09:12] O:7441.00 H:7446.50 L:7440.75 C:7446.00 V:4815.0
  📈 Trend: moderate_bullish
  🗺️  Grid: 0.087% | 🔺 7443.50 🔻 7436.75
  📡 RSI: 67.1 | MACD: 1.20 (prev: 0.64) | ATR: 5.38
  📊 Filled: 0 | Pending: 0 | 5m: sideways
  💰 Daily P&L: $+0.00

[2026-05-15 09:13] O:7446.00 H:7450.75 L:7446.00 C:7447.50 V:6599.0
  📈 Trend: moderate_bullish (raw: strong_bullish)
  🗺️  Grid: 0.087% | 🔺 7446.50 🔻 7440.75
  📡 RSI: 69.2 | MACD: 1.75 (prev: 1.20) | ATR: 5.43
  📊 Filled: 0 | Pending: 0 | 5m: sideways
  💰 Daily P&L: $+0.00

[2026-05-15 09:14] O:7447.50 H:7452.25 L:7446.75 C:7452.00 V:4758.0
  📈 Trend: strong_bullish
  🗺️  Grid: 0.088% | 🔺 7450.75 🔻 7446.00
  📡 RSI: 71.3 | MACD: 2.51 (prev: 1.75) | ATR: 5.48
  📊 Filled: 0 | Pending: 0 | 5m: sideways
  💰 Daily P&L: $+0.00

[2026-05-15 09:15] O:7452.00 H:7455.00 L:7448.50 C:7453.75 V:7508.0
  📈 Trend: strong_bullish
  🗺️  Grid: 0.090% | 🔺 7452.25 🔻 7446.75
  📡 RSI: 70.7 | MACD: 3.22 (prev: 2.51) | ATR: 5.59
  📊 Filled: 0 | Pending: 0 | 5m: sideways
  💰 Daily P&L: $+0.00

[2026-05-15 09:16] O:7453.75 H:7457.00 L:7453.50 C:7456.75 V:5557.0
  📈 Trend: strong_bullish
  🗺️  Grid: 0.088% | 🔺 7455.00 🔻 7448.50
  📡 RSI: 69.8 | MACD: 3.98 (prev: 3.22) | ATR: 5.46
  📊 Filled: 0 | Pending: 0 | 5m: sideways
  💰 Daily P&L: $+0.00

[2026-05-15 09:17] O:7456.50 H:7459.00 L:7456.00 C:7457.75 V:5427.0
  📈 Trend: strong_bullish
  🗺️  Grid: 0.082% | 🔺 7457.00 🔻 7453.50
  📡 RSI: 83.0 | MACD: 4.61 (prev: 3.98) | ATR: 5.11
  📊 Filled: 0 | Pending: 0 | 5m: sideways
  💰 Daily P&L: $+0.00

[2026-05-15 09:18] O:7457.75 H:7462.75 L:7457.75 C:7461.50 V:6392.0
  📈 Trend: strong_bullish
  🗺️  Grid: 0.080% | 🔺 7459.00 🔻 7456.00
  📡 RSI: 84.6 | MACD: 5.35 (prev: 4.61) | ATR: 5.00
  📊 Filled: 0 | Pending: 0 | 5m: sideways
  💰 Daily P&L: $+0.00

[2026-05-15 09:19] O:7461.25 H:7463.00 L:7458.75 C:7460.75 V:6228.0
  📈 Trend: strong_bullish
  🗺️  Grid: 0.080% | 🔺 7462.75 🔻 7457.75
  📡 RSI: 82.1 | MACD: 5.81 (prev: 5.35) | ATR: 4.89
  📊 Filled: 0 | Pending: 0 | 5m: sideways
  💰 Daily P&L: $+0.00

[2026-05-15 09:20] O:7461.00 H:7464.25 L:7459.50 C:7463.75 V:6061.0
  📈 Trend: strong_bullish
  🗺️  Grid: 0.080% | 🔺 7463.00 🔻 7458.75
  📡 RSI: 87.2 | MACD: 6.34 (prev: 5.81) | ATR: 4.93
  📊 Filled: 0 | Pending: 0 | 5m: sideways
  💰 Daily P&L: $+0.00

[2026-05-15 09:21] O:7463.75 H:7467.50 L:7463.75 C:7464.00 V:6512.0
  📈 Trend: strong_bullish
  🗺️  Grid: 0.080% | 🔺 7464.25 🔻 7459.50
  📡 RSI: 86.8 | MACD: 6.71 (prev: 6.34) | ATR: 4.96
  📊 Filled: 0 | Pending: 0 | 5m: sideways
  💰 Daily P&L: $+0.00

[2026-05-15 09:22] O:7464.00 H:7467.00 L:7463.00 C:7463.75 V:5378.0
  📈 Trend: strong_bullish
  🗺️  Grid: 0.080% | 🔺 7467.50 🔻 7463.75
  📡 RSI: 84.8 | MACD: 6.90 (prev: 6.71) | ATR: 4.84
  📊 Filled: 0 | Pending: 0 | 5m: sideways
  💰 Daily P&L: $+0.00

[2026-05-15 09:23] O:7463.75 H:7467.75 L:7463.75 C:7464.25 V:5734.0
  📈 Trend: strong_bullish
  🗺️  Grid: 0.080% | 🔺 7467.00 🔻 7463.00
  📡 RSI: 90.2 | MACD: 7.01 (prev: 6.90) | ATR: 4.82
  📊 Filled: 0 | Pending: 0 | 5m: sideways
  💰 Daily P&L: $+0.00

[2026-05-15 09:24] O:7464.25 H:7465.00 L:7459.00 C:7459.50 V:6706.0
  📈 Trend: strong_bullish
  🗺️  Grid: 0.080% | 🔺 7467.75 🔻 7463.75
  📡 RSI: 75.2 | MACD: 6.64 (prev: 7.01) | ATR: 4.82
  📊 Filled: 0 | Pending: 0 | 5m: sideways
  💰 Daily P&L: $+0.00

[2026-05-15 09:25] O:7459.50 H:7460.25 L:7455.75 C:7457.50 V:6524.0
  📈 Trend: strong_bullish
  🗺️  Grid: 0.080% | 🔺 7465.00 🔻 7459.00
  📡 RSI: 75.8 | MACD: 6.11 (prev: 6.64) | ATR: 4.66
  📊 Filled: 0 | Pending: 0 | 5m: sideways
  💰 Daily P&L: $+0.00

[2026-05-15 09:26] O:7457.50 H:7459.25 L:7453.00 C:7454.75 V:6316.0
  📈 Trend: strong_bullish (raw: moderate_bullish)
  🗺️  Grid: 0.080% | 🔺 7460.25 🔻 7455.75
  📡 RSI: 64.7 | MACD: 5.41 (prev: 6.11) | ATR: 4.70
  📊 Filled: 0 | Pending: 0 | 5m: sideways
  💰 Daily P&L: $+0.00

[2026-05-15 09:27] O:7454.75 H:7454.75 L:7451.00 C:7452.75 V:5157.0
  📈 Trend: moderate_bullish
  🗺️  Grid: 0.080% | 🔺 7459.25 🔻 7453.00
  📡 RSI: 58.7 | MACD: 4.64 (prev: 5.41) | ATR: 4.62
  📊 Filled: 0 | Pending: 0 | 5m: sideways
  💰 Daily P&L: $+0.00

[2026-05-15 09:28] O:7452.75 H:7455.75 L:7451.25 C:7455.00 V:6572.0
  📈 Trend: moderate_bullish
  🗺️  Grid: 0.080% | 🔺 7454.75 🔻 7451.00
  📡 RSI: 55.4 | MACD: 4.16 (prev: 4.64) | ATR: 4.55
  📊 Filled: 0 | Pending: 0 | 5m: sideways
  💰 Daily P&L: $+0.00

[2026-05-15 09:29] O:7454.75 H:7455.00 L:7448.75 C:7452.25 V:5389.0
  📈 Trend: moderate_bullish
  🗺️  Grid: 0.080% | 🔺 7455.75 🔻 7451.25
  📡 RSI: 47.4 | MACD: 3.52 (prev: 4.16) | ATR: 4.54
  📊 Filled: 0 | Pending: 0 | 5m: sideways
  💰 Daily P&L: $+0.00

[2026-05-15 09:30] O:7452.50 H:7457.75 L:7451.75 C:7455.75 V:6645.0
  📈 Trend: moderate_bullish
  🗺️  Grid: 0.080% | 🔺 7455.00 🔻 7448.75
  📡 RSI: 48.3 | MACD: 3.25 (prev: 3.52) | ATR: 4.71
  📊 Filled: 0 | Pending: 0 | 5m: sideways
  💰 Daily P&L: $+0.00

[2026-05-15 09:31] O:7455.75 H:7458.75 L:7454.50 C:7456.50 V:4874.0
  📈 Trend: moderate_bullish
  🗺️  Grid: 0.080% | 🔺 7457.75 🔻 7451.75
  📡 RSI: 47.9 | MACD: 3.07 (prev: 3.25) | ATR: 4.80
  📊 Filled: 0 | Pending: 0 | 5m: sideways
  💰 Daily P&L: $+0.00

[2026-05-15 09:32] O:7456.50 H:7458.00 L:7453.00 C:7453.75 V:4734.0
  📈 Trend: moderate_bullish (raw: strong_bullish)
  🗺️  Grid: 0.080% | 🔺 7458.75 🔻 7454.50
  📡 RSI: 36.3 | MACD: 2.67 (prev: 3.07) | ATR: 4.80
  📊 Filled: 0 | Pending: 0 | 5m: sideways
  💰 Daily P&L: $+0.00

[2026-05-15 09:33] O:7453.75 H:7458.25 L:7453.50 C:7455.50 V:5210.0
  📈 Trend: strong_bullish
  🗺️  Grid: 0.080% | 🔺 7458.00 🔻 7453.00
  📡 RSI: 41.0 | MACD: 2.47 (prev: 2.67) | ATR: 4.84
  📊 Filled: 0 | Pending: 0 | 5m: sideways
  💰 Daily P&L: $+0.00

[2026-05-15 09:34] O:7455.50 H:7462.25 L:7454.75 C:7461.75 V:5490.0
  📈 Trend: strong_bullish
  🗺️  Grid: 0.081% | 🔺 7458.25 🔻 7453.50
  📡 RSI: 46.9 | MACD: 2.78 (prev: 2.47) | ATR: 5.04
  📊 Filled: 0 | Pending: 0 | 5m: sideways
  💰 Daily P&L: $+0.00

[2026-05-15 09:35] O:7461.75 H:7463.00 L:7460.00 C:7460.25 V:3361.0
  📈 Trend: strong_bullish
  🗺️  Grid: 0.080% | 🔺 7462.25 🔻 7454.75
  📡 RSI: 44.4 | MACD: 2.87 (prev: 2.78) | ATR: 4.98
  📊 Filled: 0 | Pending: 0 | 5m: sideways
  💰 Daily P&L: $+0.00

[2026-05-15 09:36] O:7460.25 H:7461.75 L:7456.50 C:7459.25 V:3843.0
  📈 Trend: strong_bullish
  🗺️  Grid: 0.082% | 🔺 7463.00 🔻 7460.00
  📡 RSI: 43.5 | MACD: 2.83 (prev: 2.87) | ATR: 5.07
  📊 Filled: 0 | Pending: 0 | 5m: sideways
  💰 Daily P&L: $+0.00

[2026-05-15 09:37] O:7459.25 H:7463.00 L:7458.50 C:7460.00 V:3494.0
  📈 Trend: strong_bullish (raw: moderate_bullish)
  🗺️  Grid: 0.082% | 🔺 7461.75 🔻 7456.50
  📡 RSI: 43.9 | MACD: 2.83 (prev: 2.83) | ATR: 5.11
  📊 Filled: 0 | Pending: 0 | 5m: sideways
  💰 Daily P&L: $+0.00

[2026-05-15 09:38] O:7460.25 H:7463.25 L:7460.00 C:7463.00 V:2929.0
  📈 Trend: strong_bullish
  🗺️  Grid: 0.080% | 🔺 7463.00 🔻 7458.50
  📡 RSI: 55.3 | MACD: 3.03 (prev: 2.83) | ATR: 4.91
  📊 Filled: 0 | Pending: 0 | 5m: moderate_bullish
  💰 Daily P&L: $+0.00

[2026-05-15 09:39] O:7463.00 H:7463.75 L:7459.50 C:7459.50 V:2922.0
  📈 Trend: strong_bullish (raw: moderate_bullish)
  🗺️  Grid: 0.080% | 🔺 7463.25 🔻 7460.00
  📡 RSI: 52.9 | MACD: 2.88 (prev: 3.03) | ATR: 4.89
  📊 Filled: 0 | Pending: 0 | 5m: moderate_bullish
  💰 Daily P&L: $+0.00

[2026-05-15 09:40] O:7459.50 H:7463.25 L:7459.25 C:7462.50 V:3232.0
  📈 Trend: moderate_bullish
  🗺️  Grid: 0.080% | 🔺 7463.75 🔻 7459.50
  📡 RSI: 61.2 | MACD: 2.97 (prev: 2.88) | ATR: 4.73
  📊 Filled: 0 | Pending: 0 | 5m: moderate_bullish
  💰 Daily P&L: $+0.00

[2026-05-15 09:41] O:7462.50 H:7463.25 L:7458.00 C:7459.00 V:3303.0
  📈 Trend: moderate_bullish
  🗺️  Grid: 0.080% | 🔺 7463.25 🔻 7459.25
  📡 RSI: 58.6 | MACD: 2.72 (prev: 2.97) | ATR: 4.84
  📊 Filled: 0 | Pending: 0 | 5m: moderate_bullish
  💰 Daily P&L: $+0.00

[2026-05-15 09:42] O:7459.00 H:7461.25 L:7457.50 C:7460.50 V:4014.0
  📈 Trend: moderate_bullish
  🗺️  Grid: 0.080% | 🔺 7463.25 🔻 7458.00
  📡 RSI: 57.7 | MACD: 2.62 (prev: 2.72) | ATR: 4.79
  📊 Filled: 0 | Pending: 0 | 5m: moderate_bullish
  💰 Daily P&L: $+0.00

[2026-05-15 09:43] O:7460.50 H:7461.50 L:7459.50 C:7460.25 V:2910.0
  📈 Trend: moderate_bullish (raw: strong_bullish)
  🗺️  Grid: 0.080% | 🔺 7461.25 🔻 7457.50
  📡 RSI: 62.1 | MACD: 2.49 (prev: 2.62) | ATR: 4.48
  📊 Filled: 0 | Pending: 0 | 5m: moderate_bullish
  💰 Daily P&L: $+0.00

[2026-05-15 09:44] O:7460.00 H:7461.75 L:7457.50 C:7461.50 V:3133.0
  📈 Trend: strong_bullish
  🗺️  Grid: 0.080% | 🔺 7461.50 🔻 7459.50
  📡 RSI: 59.3 | MACD: 2.46 (prev: 2.49) | ATR: 4.36
  📊 Filled: 0 | Pending: 0 | 5m: moderate_bullish
  💰 Daily P&L: $+0.00

[2026-05-15 09:45] O:7461.25 H:7462.25 L:7456.25 C:7456.25 V:4208.0
  📈 Trend: strong_bullish
  🗺️  Grid: 0.080% | 🔺 7461.75 🔻 7457.50
  📡 RSI: 49.6 | MACD: 1.98 (prev: 2.46) | ATR: 4.48
  📊 Filled: 0 | Pending: 0 | 5m: moderate_bullish
  💰 Daily P&L: $+0.00

[2026-05-15 09:46] O:7456.25 H:7457.75 L:7451.00 C:7451.25 V:5241.0
  📈 Trend: strong_bullish (raw: moderate_bullish)
  🗺️  Grid: 0.080% | 🔺 7462.25 🔻 7456.25
  📡 RSI: 46.7 | MACD: 1.19 (prev: 1.98) | ATR: 4.61
  📊 Filled: 0 | Pending: 0 | 5m: moderate_bullish
  💰 Daily P&L: $+0.00

[2026-05-15 09:47] O:7451.00 H:7456.00 L:7449.25 C:7453.00 V:4833.0
  📈 Trend: moderate_bullish
  🗺️  Grid: 0.080% | 🔺 7457.75 🔻 7451.00
  📡 RSI: 46.7 | MACD: 0.70 (prev: 1.19) | ATR: 4.75
  📊 Filled: 0 | Pending: 0 | 5m: moderate_bullish
  💰 Daily P&L: $+0.00

[2026-05-15 09:48] O:7452.75 H:7453.75 L:7450.25 C:7452.00 V:3315.0
  📈 Trend: moderate_bullish
  🗺️  Grid: 0.080% | 🔺 7456.00 🔻 7449.25
  📡 RSI: 34.9 | MACD: 0.23 (prev: 0.70) | ATR: 4.46
  📊 Filled: 0 | Pending: 0 | 5m: moderate_bullish
  💰 Daily P&L: $+0.00

[2026-05-15 09:49] O:7452.00 H:7453.25 L:7450.25 C:7452.00 V:2912.0
  📈 Trend: moderate_bullish
  🗺️  Grid: 0.080% | 🔺 7453.75 🔻 7450.25
  📡 RSI: 36.6 | MACD: -0.15 (prev: 0.23) | ATR: 4.46
  📊 Filled: 0 | Pending: 0 | 5m: moderate_bullish
  💰 Daily P&L: $+0.00

[2026-05-15 09:50] O:7452.00 H:7452.50 L:7445.25 C:7450.00 V:6052.0
  📈 Trend: moderate_bullish
  🗺️  Grid: 0.080% | 🔺 7453.25 🔻 7450.25
  📡 RSI: 35.4 | MACD: -0.60 (prev: -0.15) | ATR: 4.61
  📊 Filled: 0 | Pending: 0 | 5m: moderate_bullish
  💰 Daily P&L: $+0.00

[2026-05-15 09:51] O:7450.00 H:7450.75 L:7446.50 C:7447.25 V:4561.0
  📈 Trend: moderate_bullish
  🗺️  Grid: 0.080% | 🔺 7452.50 🔻 7445.25
  📡 RSI: 31.1 | MACD: -1.17 (prev: -0.60) | ATR: 4.59
  📊 Filled: 0 | Pending: 0 | 5m: moderate_bullish
  💰 Daily P&L: $+0.00

[2026-05-15 09:52] O:7447.25 H:7449.50 L:7444.25 C:7448.25 V:5772.0
  📈 Trend: moderate_bullish
  🗺️  Grid: 0.080% | 🔺 7450.75 🔻 7446.50
  📡 RSI: 26.8 | MACD: -1.52 (prev: -1.17) | ATR: 4.73
  📊 Filled: 0 | Pending: 0 | 5m: moderate_bullish
  💰 Daily P&L: $+0.00

[2026-05-15 09:53] O:7448.25 H:7452.00 L:7447.75 C:7448.50 V:5215.0
  📈 Trend: moderate_bullish
  🗺️  Grid: 0.080% | 🔺 7449.50 🔻 7444.25
  📡 RSI: 30.7 | MACD: -1.75 (prev: -1.52) | ATR: 4.73
  📊 Filled: 0 | Pending: 0 | 5m: moderate_bullish
  💰 Daily P&L: $+0.00

[2026-05-15 09:54] O:7448.50 H:7455.75 L:7448.25 C:7455.50 V:4277.0
  📈 Trend: moderate_bullish
  🗺️  Grid: 0.080% | 🔺 7452.00 🔻 7447.75
  📡 RSI: 39.2 | MACD: -1.36 (prev: -1.75) | ATR: 4.98
  📊 Filled: 0 | Pending: 0 | 5m: moderate_bullish
  📤 Limit BUY 5 @ 7455.50 submitted (ID: 150)
  ⬆️ LONG ORDER @ 7455.50 | Size: 1.00 | SL: 7446.50 | TP: 7469.00 [HIGH VOL ATR:4.98→5cts]
     Reason: Grid Long (moderate_bullish, RSI: 39.2)
     ⏳ Order 150 PENDING - awaiting fill confirmation
  💰 Daily P&L: $+0.00
  📋 Order 150 status: Submitted
  ✅ Fill: BOT 5.0 @ 7455.5
  📋 Order 150 status: Filled
  📤 Stop-Limit SELL 5 @ stop:7447.50 / lmt:7443.50 submitted (ID: 151)
  📤 Limit SELL 5 @ 7467.50 submitted (ID: 152)
  📋 Order 151 status: PreSubmitted
  ✅ FILL CONFIRMED: LONG @ 7455.50 (order 150)
     📊 Bracket placed: SL #151 @ 7447.50 | TP #152 @ 7467.50
     Trail activates @ +6.0 pts

[2026-05-15 09:55] O:7455.25 H:7457.75 L:7452.00 C:7454.50 V:3951.0
  📈 Trend: moderate_bullish
  🗺️  Grid: 0.081% | 🔺 7455.75 🔻 7448.25
  📡 RSI: 42.5 | MACD: -1.12 (prev: -1.36) | ATR: 5.02
  📊 Filled: 1 | Pending: 0 | 5m: moderate_bullish
  📍 LONG @ 7455.50 | SL: 7447.50 | TP: 7467.50 | P&L: $-250.00 | +6.0 to trail
  💰 Daily P&L: $+0.00
  📋 Order 152 status: Submitted

[2026-05-15 09:56] O:7454.50 H:7457.50 L:7454.00 C:7457.25 V:2774.0
  📈 Trend: moderate_bullish
  🗺️  Grid: 0.080% | 🔺 7457.75 🔻 7452.00
  📡 RSI: 44.8 | MACD: -0.70 (prev: -1.12) | ATR: 5.00
  📊 Filled: 1 | Pending: 0 | 5m: moderate_bullish
  📍 LONG @ 7455.50 | SL: 7447.50 | TP: 7467.50 | P&L: $+437.50 | +3.8 to trail
  💰 Daily P&L: $+0.00

[2026-05-15 09:57] O:7457.25 H:7457.75 L:7453.75 C:7454.50 V:2865.0
  📈 Trend: moderate_bullish
  🗺️  Grid: 0.083% | 🔺 7457.50 🔻 7454.00
  📡 RSI: 41.5 | MACD: -0.58 (prev: -0.70) | ATR: 5.14
  📊 Filled: 1 | Pending: 0 | 5m: moderate_bullish
  📍 LONG @ 7455.50 | SL: 7447.50 | TP: 7467.50 | P&L: $-250.00 | +3.8 to trail
  💰 Daily P&L: $+0.00

[2026-05-15 09:58] O:7454.75 H:7455.25 L:7451.00 C:7453.25 V:3214.0
  📈 Trend: moderate_bullish (raw: moderate_bearish)
  🗺️  Grid: 0.083% | 🔺 7457.75 🔻 7453.75
  📡 RSI: 37.8 | MACD: -0.57 (prev: -0.58) | ATR: 5.14
  📊 Filled: 1 | Pending: 0 | 5m: strong_bullish
  📍 LONG @ 7455.50 | SL: 7447.50 | TP: 7467.50 | P&L: $-562.50 | +3.8 to trail
  💰 Daily P&L: $+0.00

[2026-05-15 09:59] O:7453.25 H:7453.50 L:7449.25 C:7450.50 V:2685.0
  📈 Trend: moderate_bullish (raw: strong_bearish)
  🗺️  Grid: 0.081% | 🔺 7455.25 🔻 7451.00
  📡 RSI: 40.8 | MACD: -0.79 (prev: -0.57) | ATR: 5.02
  📊 Filled: 1 | Pending: 0 | 5m: strong_bullish
  📍 LONG @ 7455.50 | SL: 7447.50 | TP: 7467.50 | P&L: $-1,250.00 | +3.8 to trail
  💰 Daily P&L: $+0.00

[2026-05-15 10:00] O:7450.50 H:7453.00 L:7449.50 C:7451.50 V:3771.0
  📈 Trend: strong_bearish
  🗺️  Grid: 0.080% | 🔺 7453.50 🔻 7449.25
  📡 RSI: 50.5 | MACD: -0.86 (prev: -0.79) | ATR: 4.79
  📊 Filled: 1 | Pending: 0 | 5m: strong_bullish
  📍 LONG @ 7455.50 | SL: 7447.50 | TP: 7467.50 | P&L: $-1,000.00 | +3.8 to trail
  💰 Daily P&L: $+0.00

[2026-05-15 10:01] O:7451.50 H:7455.25 L:7450.75 C:7451.00 V:2706.0
  📈 Trend: strong_bearish
  🗺️  Grid: 0.080% | 🔺 7453.00 🔻 7449.50
  📡 RSI: 46.2 | MACD: -0.96 (prev: -0.86) | ATR: 4.62
  📊 Filled: 1 | Pending: 0 | 5m: strong_bullish
  📍 LONG @ 7455.50 | SL: 7447.50 | TP: 7467.50 | P&L: $-1,125.00 | +3.8 to trail
  💰 Daily P&L: $+0.00
  ✅ Fill: SLD 5.0 @ 7447.25
  📋 Order 151 status: Filled

[2026-05-15 10:02] O:7451.00 H:7452.75 L:7446.00 C:7447.00 V:3967.0
  📈 Trend: strong_bearish
  🗺️  Grid: 0.080% | 🔺 7455.25 🔻 7450.75
  📡 RSI: 41.4 | MACD: -1.34 (prev: -0.96) | ATR: 4.86
  📊 Filled: 1 | Pending: 0 | 5m: strong_bullish
  📍 LONG @ 7455.50 | SL: 7447.50 | TP: 7467.50 | P&L: $-2,125.00 | +3.8 to trail
  📋 Order 152 status: PendingCancel
  📋 Order 152 status: Cancelled
  ❌ EXIT LONG @ 7447.25 | Stop Loss
     P&L: -8.25 pts ($-2,062.50) | Daily: $-2,062.50
  ⏸️ Cooldown: 2 bar(s) remaining after exit
  💰 Daily P&L: $-2,062.50

[2026-05-15 10:03] O:7447.00 H:7449.25 L:7444.25 C:7448.25 V:4273.0
  📈 Trend: strong_bearish
  🗺️  Grid: 0.081% | 🔺 7452.75 🔻 7446.00
  📡 RSI: 43.8 | MACD: -1.52 (prev: -1.34) | ATR: 5.00
  📊 Filled: 0 | Pending: 0 | 5m: moderate_bullish
  ⏸️ Cooldown: 1 bar(s) remaining after exit
  💰 Daily P&L: $-2,062.50

[2026-05-15 10:04] O:7448.50 H:7451.50 L:7447.75 C:7448.75 V:3031.0
  📈 Trend: strong_bearish
  🗺️  Grid: 0.080% | 🔺 7449.25 🔻 7444.25
  📡 RSI: 47.8 | MACD: -1.60 (prev: -1.52) | ATR: 4.75
  📊 Filled: 0 | Pending: 0 | 5m: moderate_bullish
  🚫 5m trend mismatch: 1m=strong_bearish vs 5m=moderate_bullish
  💰 Daily P&L: $-2,062.50

[2026-05-15 10:05] O:7448.50 H:7449.25 L:7446.50 C:7447.50 V:3517.0
  📈 Trend: strong_bearish
  🗺️  Grid: 0.080% | 🔺 7451.50 🔻 7447.75
  📡 RSI: 50.5 | MACD: -1.75 (prev: -1.60) | ATR: 4.64
  📊 Filled: 0 | Pending: 0 | 5m: moderate_bullish
  🚫 5m trend mismatch: 1m=strong_bearish vs 5m=moderate_bullish
  💰 Daily P&L: $-2,062.50

[2026-05-15 10:06] O:7447.50 H:7449.00 L:7444.50 C:7445.00 V:3172.0
  📈 Trend: strong_bearish
  🗺️  Grid: 0.080% | 🔺 7449.25 🔻 7446.50
  📡 RSI: 44.3 | MACD: -2.05 (prev: -1.75) | ATR: 4.59
  📊 Filled: 0 | Pending: 0 | 5m: moderate_bullish
  🚫 5m trend mismatch: 1m=strong_bearish vs 5m=moderate_bullish
  💰 Daily P&L: $-2,062.50

[2026-05-15 10:07] O:7444.75 H:7445.25 L:7442.50 C:7443.25 V:3422.0
  📈 Trend: strong_bearish
  🗺️  Grid: 0.080% | 🔺 7449.00 🔻 7444.50
  📡 RSI: 41.3 | MACD: -2.40 (prev: -2.05) | ATR: 4.48
  📊 Filled: 0 | Pending: 0 | 5m: moderate_bullish
  🚫 5m trend mismatch: 1m=strong_bearish vs 5m=moderate_bullish
  💰 Daily P&L: $-2,062.50

[2026-05-15 10:08] O:7443.25 H:7448.25 L:7442.00 C:7446.75 V:3153.0
  📈 Trend: strong_bearish
  🗺️  Grid: 0.080% | 🔺 7445.25 🔻 7442.50
  📡 RSI: 33.6 | MACD: -2.36 (prev: -2.40) | ATR: 4.39
  📊 Filled: 0 | Pending: 0 | 5m: moderate_bullish
  🚫 5m trend mismatch: 1m=strong_bearish vs 5m=moderate_bullish
  💰 Daily P&L: $-2,062.50

[2026-05-15 10:09] O:7447.00 H:7454.25 L:7445.75 C:7454.25 V:3317.0
  📈 Trend: strong_bearish (raw: moderate_bullish)
  🗺️  Grid: 0.080% | 🔺 7448.25 🔻 7442.00
  📡 RSI: 49.6 | MACD: -1.71 (prev: -2.36) | ATR: 4.59
  📊 Filled: 0 | Pending: 0 | 5m: moderate_bullish
  🚫 5m trend mismatch: 1m=strong_bearish vs 5m=moderate_bullish
  💰 Daily P&L: $-2,062.50

[2026-05-15 10:10] O:7454.25 H:7455.25 L:7452.50 C:7454.25 V:4062.0
  📈 Trend: moderate_bullish
  🗺️  Grid: 0.080% | 🔺 7454.25 🔻 7445.75
  📡 RSI: 45.1 | MACD: -1.18 (prev: -1.71) | ATR: 4.54
  📊 Filled: 0 | Pending: 0 | 5m: moderate_bullish
  💰 Daily P&L: $-2,062.50

[2026-05-15 10:11] O:7454.25 H:7454.75 L:7448.00 C:7450.25 V:3215.0
  📈 Trend: moderate_bullish
  🗺️  Grid: 0.080% | 🔺 7455.25 🔻 7452.50
  📡 RSI: 43.3 | MACD: -1.07 (prev: -1.18) | ATR: 4.73
  📊 Filled: 0 | Pending: 0 | 5m: moderate_bullish
  💰 Daily P&L: $-2,062.50

[2026-05-15 10:12] O:7450.25 H:7450.75 L:7447.00 C:7449.25 V:2343.0
  📈 Trend: moderate_bullish
  🗺️  Grid: 0.080% | 🔺 7454.75 🔻 7448.00
  📡 RSI: 43.7 | MACD: -1.05 (prev: -1.07) | ATR: 4.70
  📊 Filled: 0 | Pending: 0 | 5m: moderate_bullish
  💰 Daily P&L: $-2,062.50

[2026-05-15 10:13] O:7449.25 H:7452.50 L:7449.00 C:7451.75 V:2385.0
  📈 Trend: moderate_bullish (raw: moderate_bearish)
  🗺️  Grid: 0.080% | 🔺 7450.75 🔻 7447.00
  📡 RSI: 52.0 | MACD: -0.83 (prev: -1.05) | ATR: 4.64
  📊 Filled: 0 | Pending: 0 | 5m: moderate_bullish
  💰 Daily P&L: $-2,062.50

[2026-05-15 10:14] O:7451.75 H:7452.25 L:7446.00 C:7449.75 V:3092.0
  📈 Trend: moderate_bearish
  🗺️  Grid: 0.080% | 🔺 7452.50 🔻 7449.00
  📡 RSI: 47.3 | MACD: -0.80 (prev: -0.83) | ATR: 4.84
  📊 Filled: 0 | Pending: 0 | 5m: moderate_bullish
  🚫 5m trend mismatch: 1m=moderate_bearish vs 5m=moderate_bullish
  💰 Daily P&L: $-2,062.50

[2026-05-15 10:15] O:7449.75 H:7451.00 L:7448.00 C:7449.00 V:2225.0
  📈 Trend: moderate_bearish
  🗺️  Grid: 0.080% | 🔺 7452.25 🔻 7446.00
  📡 RSI: 46.9 | MACD: -0.83 (prev: -0.80) | ATR: 4.73
  📊 Filled: 0 | Pending: 0 | 5m: moderate_bullish
  🚫 5m trend mismatch: 1m=moderate_bearish vs 5m=moderate_bullish
  💰 Daily P&L: $-2,062.50

[2026-05-15 10:16] O:7449.00 H:7453.00 L:7449.00 C:7451.25 V:2379.0
  📈 Trend: moderate_bearish
  🗺️  Grid: 0.080% | 🔺 7451.00 🔻 7448.00
  📡 RSI: 56.9 | MACD: -0.66 (prev: -0.83) | ATR: 4.54
  📊 Filled: 0 | Pending: 0 | 5m: moderate_bullish
  🚫 5m trend mismatch: 1m=moderate_bearish vs 5m=moderate_bullish
  💰 Daily P&L: $-2,062.50

[2026-05-15 10:17] O:7451.50 H:7454.50 L:7449.50 C:7453.50 V:2605.0
  📈 Trend: moderate_bearish (raw: moderate_bullish)
  🗺️  Grid: 0.080% | 🔺 7453.00 🔻 7449.00
  📡 RSI: 58.3 | MACD: -0.35 (prev: -0.66) | ATR: 4.54
  📊 Filled: 0 | Pending: 0 | 5m: moderate_bullish
  🚫 5m trend mismatch: 1m=moderate_bearish vs 5m=moderate_bullish
  💰 Daily P&L: $-2,062.50

[2026-05-15 10:18] O:7453.50 H:7454.25 L:7452.00 C:7453.25 V:1808.0
  📈 Trend: moderate_bullish
  🗺️  Grid: 0.080% | 🔺 7454.50 🔻 7449.50
  📡 RSI: 57.1 | MACD: -0.11 (prev: -0.35) | ATR: 4.43
  📊 Filled: 0 | Pending: 0 | 5m: moderate_bullish
  💰 Daily P&L: $-2,062.50

[2026-05-15 10:19] O:7453.25 H:7454.25 L:7452.25 C:7453.50 V:2132.0
  📈 Trend: moderate_bullish (raw: strong_bullish)
  🗺️  Grid: 0.080% | 🔺 7454.25 🔻 7452.00
  📡 RSI: 59.8 | MACD: 0.09 (prev: -0.11) | ATR: 4.38
  📊 Filled: 0 | Pending: 0 | 5m: moderate_bullish
  💰 Daily P&L: $-2,062.50

[2026-05-15 10:20] O:7453.50 H:7457.50 L:7453.50 C:7457.25 V:3696.0
  📈 Trend: strong_bullish
  🗺️  Grid: 0.080% | 🔺 7454.25 🔻 7452.25
  📡 RSI: 69.3 | MACD: 0.55 (prev: 0.09) | ATR: 4.34
  📊 Filled: 0 | Pending: 0 | 5m: moderate_bullish
  💰 Daily P&L: $-2,062.50

[2026-05-15 10:21] O:7457.50 H:7458.75 L:7456.25 C:7457.25 V:2584.0
  📈 Trend: strong_bullish
  🗺️  Grid: 0.080% | 🔺 7457.50 🔻 7453.50
  📡 RSI: 73.3 | MACD: 0.90 (prev: 0.55) | ATR: 4.32
  📊 Filled: 0 | Pending: 0 | 5m: moderate_bullish
  💰 Daily P&L: $-2,062.50

[2026-05-15 10:22] O:7457.25 H:7458.75 L:7456.75 C:7457.25 V:1685.0
  📈 Trend: strong_bullish
  🗺️  Grid: 0.080% | 🔺 7458.75 🔻 7456.25
  📡 RSI: 69.8 | MACD: 1.16 (prev: 0.90) | ATR: 4.02
  📊 Filled: 0 | Pending: 0 | 5m: moderate_bullish
  💰 Daily P&L: $-2,062.50

[2026-05-15 10:23] O:7457.00 H:7458.25 L:7453.00 C:7454.25 V:2880.0
  📈 Trend: strong_bullish
  🗺️  Grid: 0.080% | 🔺 7458.75 🔻 7456.75
  📡 RSI: 50.0 | MACD: 1.12 (prev: 1.16) | ATR: 3.79
  📊 Filled: 0 | Pending: 0 | 5m: moderate_bullish
  💰 Daily P&L: $-2,062.50

[2026-05-15 10:24] O:7454.25 H:7455.00 L:7452.00 C:7453.75 V:2314.0
  📈 Trend: strong_bullish
  🗺️  Grid: 0.080% | 🔺 7458.25 🔻 7453.00
  📡 RSI: 48.9 | MACD: 1.03 (prev: 1.12) | ATR: 3.80
  📊 Filled: 0 | Pending: 0 | 5m: moderate_bullish
  💰 Daily P&L: $-2,062.50

[2026-05-15 10:25] O:7453.75 H:7454.50 L:7448.50 C:7449.75 V:3394.0
  📈 Trend: strong_bullish
  🗺️  Grid: 0.080% | 🔺 7455.00 🔻 7452.00
  📡 RSI: 48.9 | MACD: 0.63 (prev: 1.03) | ATR: 3.75
  📊 Filled: 0 | Pending: 0 | 5m: moderate_bullish
  💰 Daily P&L: $-2,062.50

[2026-05-15 10:26] O:7449.50 H:7454.25 L:7448.75 C:7453.75 V:2747.0
  📈 Trend: strong_bullish
  🗺️  Grid: 0.080% | 🔺 7454.50 🔻 7448.50
  📡 RSI: 58.8 | MACD: 0.63 (prev: 0.63) | ATR: 3.88
  📊 Filled: 0 | Pending: 0 | 5m: moderate_bullish
  💰 Daily P&L: $-2,062.50

[2026-05-15 10:27] O:7453.75 H:7455.50 L:7452.50 C:7453.25 V:2521.0
  📈 Trend: strong_bullish
  🗺️  Grid: 0.080% | 🔺 7454.25 🔻 7448.75
  📡 RSI: 53.2 | MACD: 0.58 (prev: 0.63) | ATR: 3.84
  📊 Filled: 0 | Pending: 0 | 5m: moderate_bullish
  💰 Daily P&L: $-2,062.50

[2026-05-15 10:28] O:7453.25 H:7453.75 L:7449.00 C:7449.75 V:2785.0
  📈 Trend: strong_bullish (raw: moderate_bullish)
  🗺️  Grid: 0.080% | 🔺 7455.50 🔻 7452.50
  📡 RSI: 50.0 | MACD: 0.26 (prev: 0.58) | ATR: 3.73
  📊 Filled: 0 | Pending: 0 | 5m: moderate_bullish
  💰 Daily P&L: $-2,062.50

[2026-05-15 10:29] O:7450.00 H:7453.50 L:7449.25 C:7453.50 V:2959.0
  📈 Trend: moderate_bullish
  🗺️  Grid: 0.080% | 🔺 7453.75 🔻 7449.00
  📡 RSI: 58.0 | MACD: 0.30 (prev: 0.26) | ATR: 3.82
  📊 Filled: 0 | Pending: 0 | 5m: moderate_bullish
  💰 Daily P&L: $-2,062.50

[2026-05-15 10:30] O:7453.25 H:7457.75 L:7453.00 C:7457.25 V:3978.0
  📈 Trend: moderate_bullish (raw: strong_bullish)
  🗺️  Grid: 0.080% | 🔺 7453.50 🔻 7449.25
  📡 RSI: 60.2 | MACD: 0.63 (prev: 0.30) | ATR: 3.88
  📊 Filled: 0 | Pending: 0 | 5m: moderate_bullish
  💰 Daily P&L: $-2,062.50

[2026-05-15 10:31] O:7457.25 H:7459.25 L:7456.75 C:7459.00 V:2712.0
  📈 Trend: strong_bullish
  🗺️  Grid: 0.080% | 🔺 7457.75 🔻 7453.00
  📡 RSI: 59.5 | MACD: 1.02 (prev: 0.63) | ATR: 3.70
  📊 Filled: 0 | Pending: 0 | 5m: moderate_bullish
  💰 Daily P&L: $-2,062.50

[2026-05-15 10:32] O:7458.75 H:7460.50 L:7458.25 C:7459.25 V:3456.0
  📈 Trend: strong_bullish
  🗺️  Grid: 0.080% | 🔺 7459.25 🔻 7456.75
  📡 RSI: 60.3 | MACD: 1.34 (prev: 1.02) | ATR: 3.70
  📊 Filled: 0 | Pending: 0 | 5m: moderate_bullish
  💰 Daily P&L: $-2,062.50

[2026-05-15 10:33] O:7459.00 H:7460.00 L:7454.25 C:7455.00 V:4500.0
  📈 Trend: strong_bullish
  🗺️  Grid: 0.080% | 🔺 7460.50 🔻 7458.25
  📡 RSI: 52.3 | MACD: 1.23 (prev: 1.34) | ATR: 3.96
  📊 Filled: 0 | Pending: 0 | 5m: moderate_bullish
  💰 Daily P&L: $-2,062.50

[2026-05-15 10:34] O:7455.00 H:7458.00 L:7453.75 C:7454.50 V:3615.0
  📈 Trend: strong_bullish
  🗺️  Grid: 0.080% | 🔺 7460.00 🔻 7454.25
  📡 RSI: 45.4 | MACD: 1.09 (prev: 1.23) | ATR: 3.98
  📊 Filled: 0 | Pending: 0 | 5m: moderate_bullish
  💰 Daily P&L: $-2,062.50

[2026-05-15 10:35] O:7454.25 H:7456.75 L:7453.00 C:7456.25 V:3604.0
  📈 Trend: strong_bullish
  🗺️  Grid: 0.080% | 🔺 7458.00 🔻 7453.75
  📡 RSI: 48.4 | MACD: 1.11 (prev: 1.09) | ATR: 4.07
  📊 Filled: 0 | Pending: 0 | 5m: moderate_bullish
  💰 Daily P&L: $-2,062.50

[2026-05-15 10:36] O:7456.25 H:7459.75 L:7454.25 C:7454.75 V:3483.0
  📈 Trend: strong_bullish
  🗺️  Grid: 0.080% | 🔺 7456.75 🔻 7453.00
  📡 RSI: 46.2 | MACD: 0.99 (prev: 1.11) | ATR: 4.32
  📊 Filled: 0 | Pending: 0 | 5m: moderate_bullish
  💰 Daily P&L: $-2,062.50

[2026-05-15 10:37] O:7454.75 H:7458.50 L:7454.50 C:7457.50 V:2190.0
  📈 Trend: strong_bullish
  🗺️  Grid: 0.080% | 🔺 7459.75 🔻 7454.25
  📡 RSI: 55.0 | MACD: 1.11 (prev: 0.99) | ATR: 4.23
  📊 Filled: 0 | Pending: 0 | 5m: moderate_bullish
  💰 Daily P&L: $-2,062.50

[2026-05-15 10:38] O:7457.25 H:7458.00 L:7455.25 C:7456.00 V:1792.0
  📈 Trend: strong_bullish
  🗺️  Grid: 0.080% | 🔺 7458.50 🔻 7454.50
  📡 RSI: 53.3 | MACD: 1.07 (prev: 1.11) | ATR: 4.21
  📊 Filled: 0 | Pending: 0 | 5m: moderate_bullish
  💰 Daily P&L: $-2,062.50

[2026-05-15 10:39] O:7456.00 H:7457.00 L:7450.75 C:7451.25 V:2923.0
  📈 Trend: strong_bullish (raw: moderate_bullish)
  🗺️  Grid: 0.080% | 🔺 7458.00 🔻 7455.25
  📡 RSI: 52.2 | MACD: 0.64 (prev: 1.07) | ATR: 4.23
  📊 Filled: 0 | Pending: 0 | 5m: moderate_bullish
  💰 Daily P&L: $-2,062.50

[2026-05-15 10:40] O:7451.25 H:7453.75 L:7448.75 C:7453.00 V:3232.0
  📈 Trend: moderate_bullish
  🗺️  Grid: 0.080% | 🔺 7457.00 🔻 7450.75
  📡 RSI: 48.8 | MACD: 0.44 (prev: 0.64) | ATR: 4.20
  📊 Filled: 0 | Pending: 0 | 5m: moderate_bullish
  💰 Daily P&L: $-2,062.50

[2026-05-15 10:41] O:7453.25 H:7453.75 L:7450.25 C:7452.75 V:2509.0
  📈 Trend: moderate_bullish
  🗺️  Grid: 0.080% | 🔺 7453.75 🔻 7448.75
  📡 RSI: 49.2 | MACD: 0.26 (prev: 0.44) | ATR: 4.23
  📊 Filled: 0 | Pending: 0 | 5m: moderate_bullish
  💰 Daily P&L: $-2,062.50

[2026-05-15 10:42] O:7452.75 H:7453.25 L:7449.50 C:7450.25 V:2310.0
  📈 Trend: moderate_bullish
  🗺️  Grid: 0.080% | 🔺 7453.75 🔻 7450.25
  📡 RSI: 50.8 | MACD: -0.08 (prev: 0.26) | ATR: 4.16
  📊 Filled: 0 | Pending: 0 | 5m: moderate_bullish
  💰 Daily P&L: $-2,062.50

[2026-05-15 10:43] O:7450.00 H:7450.25 L:7444.50 C:7446.75 V:3922.0
  📈 Trend: moderate_bullish
  🗺️  Grid: 0.080% | 🔺 7453.25 🔻 7449.50
  📡 RSI: 39.0 | MACD: -0.63 (prev: -0.08) | ATR: 4.27
  📊 Filled: 0 | Pending: 0 | 5m: moderate_bullish
  💰 Daily P&L: $-2,062.50

[2026-05-15 10:44] O:7446.50 H:7447.00 L:7438.75 C:7442.00 V:5655.0
  📈 Trend: moderate_bullish
  🗺️  Grid: 0.080% | 🔺 7450.25 🔻 7444.50
  📡 RSI: 26.0 | MACD: -1.43 (prev: -0.63) | ATR: 4.52
  📊 Filled: 0 | Pending: 0 | 5m: moderate_bullish
  💰 Daily P&L: $-2,062.50

[2026-05-15 10:45] O:7442.00 H:7443.75 L:7438.75 C:7443.25 V:3434.0
  📈 Trend: moderate_bullish
  🗺️  Grid: 0.080% | 🔺 7447.00 🔻 7438.75
  📡 RSI: 24.8 | MACD: -1.94 (prev: -1.43) | ATR: 4.70
  📊 Filled: 0 | Pending: 0 | 5m: moderate_bullish
  💰 Daily P&L: $-2,062.50

[2026-05-15 10:46] O:7443.00 H:7444.75 L:7442.25 C:7444.00 V:2730.0
  📈 Trend: moderate_bullish
  🗺️  Grid: 0.080% | 🔺 7443.75 🔻 7438.75
  📡 RSI: 26.0 | MACD: -2.26 (prev: -1.94) | ATR: 4.71
  📊 Filled: 0 | Pending: 0 | 5m: moderate_bullish
  ⏭️ MACD filter blocked LONG | MACD: -2.26 vs prev -1.94
  💰 Daily P&L: $-2,062.50

[2026-05-15 10:47] O:7444.25 H:7444.25 L:7439.50 C:7439.50 V:2737.0
  📈 Trend: moderate_bullish
  🗺️  Grid: 0.080% | 🔺 7444.75 🔻 7442.25
  📡 RSI: 25.8 | MACD: -2.85 (prev: -2.26) | ATR: 4.64
  📊 Filled: 0 | Pending: 0 | 5m: moderate_bullish
  💰 Daily P&L: $-2,062.50

[2026-05-15 10:48] O:7439.50 H:7444.00 L:7439.25 C:7442.75 V:2901.0
  📈 Trend: moderate_bullish
  🗺️  Grid: 0.080% | 🔺 7444.25 🔻 7439.50
  📡 RSI: 33.1 | MACD: -3.01 (prev: -2.85) | ATR: 4.68
  📊 Filled: 0 | Pending: 0 | 5m: moderate_bearish
  🚫 5m trend mismatch: 1m=moderate_bullish vs 5m=moderate_bearish
  💰 Daily P&L: $-2,062.50

[2026-05-15 10:49] O:7442.75 H:7442.75 L:7438.25 C:7439.50 V:2831.0
  📈 Trend: moderate_bullish (raw: strong_bearish)
  🗺️  Grid: 0.080% | 🔺 7444.00 🔻 7439.25
  📡 RSI: 26.9 | MACD: -3.37 (prev: -3.01) | ATR: 4.73
  📊 Filled: 0 | Pending: 0 | 5m: moderate_bearish
  🚫 5m trend mismatch: 1m=moderate_bullish vs 5m=moderate_bearish
  💰 Daily P&L: $-2,062.50

[2026-05-15 10:50] O:7439.50 H:7439.75 L:7434.75 C:7438.50 V:4634.0
  📈 Trend: strong_bearish
  🗺️  Grid: 0.080% | 🔺 7442.75 🔻 7438.25
  📡 RSI: 27.3 | MACD: -3.69 (prev: -3.37) | ATR: 4.70
  📊 Filled: 0 | Pending: 0 | 5m: moderate_bearish
  💰 Daily P&L: $-2,062.50

[2026-05-15 10:51] O:7438.25 H:7439.75 L:7435.75 C:7436.50 V:4055.0
  📈 Trend: strong_bearish
  🗺️  Grid: 0.080% | 🔺 7439.75 🔻 7434.75
  📡 RSI: 20.0 | MACD: -4.05 (prev: -3.69) | ATR: 4.70
  📊 Filled: 0 | Pending: 0 | 5m: moderate_bearish
  💰 Daily P&L: $-2,062.50

[2026-05-15 10:52] O:7436.50 H:7439.00 L:7436.00 C:7437.50 V:2751.0
  📈 Trend: strong_bearish
  🗺️  Grid: 0.080% | 🔺 7439.75 🔻 7435.75
  📡 RSI: 23.2 | MACD: -4.21 (prev: -4.05) | ATR: 4.71
  📊 Filled: 0 | Pending: 0 | 5m: moderate_bearish
  💰 Daily P&L: $-2,062.50

[2026-05-15 10:53] O:7437.75 H:7438.00 L:7433.50 C:7434.75 V:3216.0
  📈 Trend: strong_bearish
  🗺️  Grid: 0.080% | 🔺 7439.00 🔻 7436.00
  📡 RSI: 24.6 | MACD: -4.51 (prev: -4.21) | ATR: 4.59
  📊 Filled: 0 | Pending: 0 | 5m: strong_bearish
  💰 Daily P&L: $-2,062.50

[2026-05-15 10:54] O:7434.50 H:7436.50 L:7434.00 C:7436.00 V:3258.0
  📈 Trend: strong_bearish
  🗺️  Grid: 0.080% | 🔺 7438.00 🔻 7433.50
  📡 RSI: 23.4 | MACD: -4.60 (prev: -4.51) | ATR: 4.41
  📊 Filled: 0 | Pending: 0 | 5m: strong_bearish
  💰 Daily P&L: $-2,062.50

[2026-05-15 10:55] O:7436.00 H:7437.25 L:7431.75 C:7436.75 V:4097.0
  📈 Trend: strong_bearish
  🗺️  Grid: 0.080% | 🔺 7436.50 🔻 7434.00
  📡 RSI: 25.4 | MACD: -4.55 (prev: -4.60) | ATR: 4.55
  📊 Filled: 0 | Pending: 0 | 5m: strong_bearish
  💰 Daily P&L: $-2,062.50

[2026-05-15 10:56] O:7436.50 H:7439.25 L:7435.00 C:7439.25 V:4109.0
  📈 Trend: strong_bearish
  🗺️  Grid: 0.080% | 🔺 7437.25 🔻 7431.75
  📡 RSI: 33.1 | MACD: -4.26 (prev: -4.55) | ATR: 4.59
  📊 Filled: 0 | Pending: 0 | 5m: strong_bearish
  💰 Daily P&L: $-2,062.50

[2026-05-15 10:57] O:7439.25 H:7441.50 L:7435.75 C:7437.50 V:4457.0
  📈 Trend: strong_bearish
  🗺️  Grid: 0.080% | 🔺 7439.25 🔻 7435.00
  📡 RSI: 35.0 | MACD: -4.12 (prev: -4.26) | ATR: 4.59
  📊 Filled: 0 | Pending: 0 | 5m: strong_bearish
  💰 Daily P&L: $-2,062.50

[2026-05-15 10:58] O:7437.25 H:7442.50 L:7437.25 C:7442.25 V:3454.0
  📈 Trend: strong_bearish (raw: moderate_bearish)
  🗺️  Grid: 0.080% | 🔺 7441.50 🔻 7435.75
  📡 RSI: 50.4 | MACD: -3.59 (prev: -4.12) | ATR: 4.38
  📊 Filled: 0 | Pending: 0 | 5m: strong_bearish
  💰 Daily P&L: $-2,062.50

[2026-05-15 10:59] O:7442.25 H:7444.50 L:7441.50 C:7443.75 V:3483.0
  📈 Trend: moderate_bearish
  🗺️  Grid: 0.080% | 🔺 7442.50 🔻 7437.25
  📡 RSI: 50.8 | MACD: -3.02 (prev: -3.59) | ATR: 4.23
  📊 Filled: 0 | Pending: 0 | 5m: strong_bearish
  💰 Daily P&L: $-2,062.50

[2026-05-15 11:00] O:7443.75 H:7445.75 L:7442.50 C:7444.50 V:4046.0
  📈 Trend: moderate_bearish
  🗺️  Grid: 0.080% | 🔺 7444.50 🔻 7441.50
  📡 RSI: 50.8 | MACD: -2.47 (prev: -3.02) | ATR: 4.29
  📊 Filled: 0 | Pending: 0 | 5m: strong_bearish
  💰 Daily P&L: $-2,062.50

[2026-05-15 11:01] O:7444.25 H:7446.00 L:7443.00 C:7445.25 V:2529.0
  📈 Trend: moderate_bearish
  🗺️  Grid: 0.080% | 🔺 7445.75 🔻 7442.50
  📡 RSI: 60.6 | MACD: -1.95 (prev: -2.47) | ATR: 4.16
  📊 Filled: 0 | Pending: 0 | 5m: strong_bearish
  💰 Daily P&L: $-2,062.50

[2026-05-15 11:02] O:7445.25 H:7446.75 L:7444.75 C:7446.50 V:2547.0
  📈 Trend: moderate_bearish
  🗺️  Grid: 0.080% | 🔺 7446.00 🔻 7443.00
  📡 RSI: 57.4 | MACD: -1.43 (prev: -1.95) | ATR: 3.96
  📊 Filled: 0 | Pending: 0 | 5m: strong_bearish
  💰 Daily P&L: $-2,062.50

[2026-05-15 11:03] O:7446.75 H:7447.25 L:7440.75 C:7441.50 V:3780.0
  📈 Trend: moderate_bearish
  🗺️  Grid: 0.080% | 🔺 7446.75 🔻 7444.75
  📡 RSI: 53.7 | MACD: -1.40 (prev: -1.43) | ATR: 4.11
  📊 Filled: 0 | Pending: 0 | 5m: strong_bearish
  💰 Daily P&L: $-2,062.50

[2026-05-15 11:04] O:7441.50 H:7442.50 L:7438.50 C:7440.25 V:3293.0
  📈 Trend: moderate_bearish
  🗺️  Grid: 0.080% | 🔺 7447.25 🔻 7440.75
  📡 RSI: 53.2 | MACD: -1.46 (prev: -1.40) | ATR: 4.04
  📊 Filled: 0 | Pending: 0 | 5m: strong_bearish
  💰 Daily P&L: $-2,062.50

[2026-05-15 11:05] O:7440.50 H:7442.00 L:7438.50 C:7441.50 V:2478.0
  📈 Trend: moderate_bearish
  🗺️  Grid: 0.080% | 🔺 7442.50 🔻 7438.50
  📡 RSI: 59.4 | MACD: -1.39 (prev: -1.46) | ATR: 4.00
  📊 Filled: 0 | Pending: 0 | 5m: strong_bearish
  💰 Daily P&L: $-2,062.50

[2026-05-15 11:06] O:7441.25 H:7442.00 L:7437.25 C:7438.00 V:2601.0
  📈 Trend: moderate_bearish
  🗺️  Grid: 0.080% | 🔺 7442.00 🔻 7438.50
  📡 RSI: 50.9 | MACD: -1.60 (prev: -1.39) | ATR: 4.12
  📊 Filled: 0 | Pending: 0 | 5m: strong_bearish
  💰 Daily P&L: $-2,062.50

[2026-05-15 11:07] O:7437.75 H:7440.75 L:7437.50 C:7440.75 V:2596.0
  📈 Trend: moderate_bearish
  🗺️  Grid: 0.080% | 🔺 7442.00 🔻 7437.25
  📡 RSI: 60.3 | MACD: -1.52 (prev: -1.60) | ATR: 4.04
  📊 Filled: 0 | Pending: 0 | 5m: strong_bearish
  💰 Daily P&L: $-2,062.50

[2026-05-15 11:08] O:7440.50 H:7444.50 L:7440.25 C:7443.75 V:2271.0
  📈 Trend: moderate_bearish (raw: moderate_bullish)
  🗺️  Grid: 0.080% | 🔺 7440.75 🔻 7437.50
  📡 RSI: 62.6 | MACD: -1.21 (prev: -1.52) | ATR: 4.16
  📊 Filled: 0 | Pending: 0 | 5m: strong_bearish
  💰 Daily P&L: $-2,062.50

[2026-05-15 11:09] O:7443.75 H:7445.25 L:7443.25 C:7444.50 V:1853.0
  📈 Trend: moderate_bullish
  🗺️  Grid: 0.080% | 🔺 7444.50 🔻 7440.25
  📡 RSI: 62.6 | MACD: -0.89 (prev: -1.21) | ATR: 3.91
  📊 Filled: 0 | Pending: 0 | 5m: strong_bearish
  🚫 5m trend mismatch: 1m=moderate_bullish vs 5m=strong_bearish
  💰 Daily P&L: $-2,062.50

[2026-05-15 11:10] O:7444.25 H:7444.50 L:7440.00 C:7440.50 V:2316.0
  📈 Trend: moderate_bullish
  🗺️  Grid: 0.080% | 🔺 7445.25 🔻 7443.25
  📡 RSI: 51.9 | MACD: -0.95 (prev: -0.89) | ATR: 3.93
  📊 Filled: 0 | Pending: 0 | 5m: strong_bearish
  🚫 5m trend mismatch: 1m=moderate_bullish vs 5m=strong_bearish
  💰 Daily P&L: $-2,062.50

[2026-05-15 11:11] O:7440.25 H:7441.75 L:7438.00 C:7439.75 V:1882.0
  📈 Trend: moderate_bullish
  🗺️  Grid: 0.080% | 🔺 7444.50 🔻 7440.00
  📡 RSI: 53.6 | MACD: -1.04 (prev: -0.95) | ATR: 3.79
  📊 Filled: 0 | Pending: 0 | 5m: strong_bearish
  🚫 5m trend mismatch: 1m=moderate_bullish vs 5m=strong_bearish
  💰 Daily P&L: $-2,062.50

[2026-05-15 11:12] O:7439.50 H:7440.50 L:7438.25 C:7439.75 V:1570.0
  📈 Trend: moderate_bullish (raw: moderate_bearish)
  🗺️  Grid: 0.080% | 🔺 7441.75 🔻 7438.00
  📡 RSI: 45.3 | MACD: -1.11 (prev: -1.04) | ATR: 3.57
  📊 Filled: 0 | Pending: 0 | 5m: strong_bearish
  🚫 5m trend mismatch: 1m=moderate_bullish vs 5m=strong_bearish
  💰 Daily P&L: $-2,062.50

[2026-05-15 11:13] O:7439.50 H:7441.50 L:7439.50 C:7441.25 V:1888.0
  📈 Trend: moderate_bearish
  🗺️  Grid: 0.080% | 🔺 7440.50 🔻 7438.25
  📡 RSI: 45.3 | MACD: -1.02 (prev: -1.11) | ATR: 3.50
  📊 Filled: 0 | Pending: 0 | 5m: strong_bearish
  💰 Daily P&L: $-2,062.50

[2026-05-15 11:14] O:7441.00 H:7445.25 L:7441.00 C:7445.00 V:2032.0
  📈 Trend: moderate_bearish
  🗺️  Grid: 0.080% | 🔺 7441.50 🔻 7439.50
  📡 RSI: 50.8 | MACD: -0.65 (prev: -1.02) | ATR: 3.57
  📊 Filled: 0 | Pending: 0 | 5m: strong_bearish
  💰 Daily P&L: $-2,062.50

[2026-05-15 11:15] O:7444.75 H:7444.75 L:7441.25 C:7442.00 V:1805.0
  📈 Trend: moderate_bearish
  🗺️  Grid: 0.080% | 🔺 7445.25 🔻 7441.00
  📡 RSI: 44.9 | MACD: -0.58 (prev: -0.65) | ATR: 3.62
  📊 Filled: 0 | Pending: 0 | 5m: strong_bearish
  💰 Daily P&L: $-2,062.50

[2026-05-15 11:16] O:7442.00 H:7443.25 L:7440.75 C:7441.50 V:1512.0
  📈 Trend: moderate_bearish
  🗺️  Grid: 0.080% | 🔺 7444.75 🔻 7441.25
  📡 RSI: 41.9 | MACD: -0.57 (prev: -0.58) | ATR: 3.66
  📊 Filled: 0 | Pending: 0 | 5m: strong_bearish
  💰 Daily P&L: $-2,062.50

[2026-05-15 11:17] O:7441.50 H:7442.00 L:7439.25 C:7442.00 V:1696.0
  📈 Trend: moderate_bearish (raw: strong_bearish)
  🗺️  Grid: 0.080% | 🔺 7443.25 🔻 7440.75
  📡 RSI: 50.9 | MACD: -0.51 (prev: -0.57) | ATR: 3.39
  📊 Filled: 0 | Pending: 0 | 5m: strong_bearish
  💰 Daily P&L: $-2,062.50

[2026-05-15 11:18] O:7442.00 H:7443.25 L:7441.25 C:7443.00 V:1534.0
  📈 Trend: strong_bearish
  🗺️  Grid: 0.080% | 🔺 7442.00 🔻 7439.25
  📡 RSI: 55.2 | MACD: -0.38 (prev: -0.51) | ATR: 3.25
  📊 Filled: 0 | Pending: 0 | 5m: strong_bearish
  💰 Daily P&L: $-2,062.50

[2026-05-15 11:19] O:7443.00 H:7444.25 L:7441.75 C:7443.50 V:1430.0
  📈 Trend: strong_bearish
  🗺️  Grid: 0.080% | 🔺 7443.25 🔻 7441.25
  📡 RSI: 53.9 | MACD: -0.23 (prev: -0.38) | ATR: 3.18
  📊 Filled: 0 | Pending: 0 | 5m: strong_bearish
  💰 Daily P&L: $-2,062.50

[2026-05-15 11:20] O:7443.50 H:7445.25 L:7442.75 C:7445.00 V:1612.0
  📈 Trend: strong_bearish
  🗺️  Grid: 0.080% | 🔺 7444.25 🔻 7441.75
  📡 RSI: 64.9 | MACD: 0.01 (prev: -0.23) | ATR: 3.02
  📊 Filled: 0 | Pending: 0 | 5m: strong_bearish
  💰 Daily P&L: $-2,062.50

[2026-05-15 11:21] O:7445.25 H:7448.25 L:7445.25 C:7447.25 V:2441.0
  📈 Trend: strong_bearish (raw: moderate_bullish)
  🗺️  Grid: 0.080% | 🔺 7445.25 🔻 7442.75
  📡 RSI: 64.1 | MACD: 0.37 (prev: 0.01) | ATR: 3.02
  📊 Filled: 0 | Pending: 0 | 5m: strong_bearish
  💰 Daily P&L: $-2,062.50

[2026-05-15 11:22] O:7447.00 H:7450.00 L:7446.75 C:7449.75 V:1963.0
  📈 Trend: moderate_bullish
  🗺️  Grid: 0.080% | 🔺 7448.25 🔻 7445.25
  📡 RSI: 63.3 | MACD: 0.86 (prev: 0.37) | ATR: 2.95
  📊 Filled: 0 | Pending: 0 | 5m: strong_bearish
  🚫 5m trend mismatch: 1m=moderate_bullish vs 5m=strong_bearish
  💰 Daily P&L: $-2,062.50

[2026-05-15 11:23] O:7449.50 H:7450.00 L:7447.00 C:7449.75 V:1808.0
  📈 Trend: moderate_bullish
  🗺️  Grid: 0.080% | 🔺 7450.00 🔻 7446.75
  📡 RSI: 62.1 | MACD: 1.22 (prev: 0.86) | ATR: 3.02
  📊 Filled: 0 | Pending: 0 | 5m: strong_bearish
  🚫 5m trend mismatch: 1m=moderate_bullish vs 5m=strong_bearish
  💰 Daily P&L: $-2,062.50

[2026-05-15 11:24] O:7450.00 H:7453.25 L:7449.50 C:7452.50 V:2309.0
  📈 Trend: moderate_bullish
  🗺️  Grid: 0.080% | 🔺 7450.00 🔻 7447.00
  📡 RSI: 79.3 | MACD: 1.72 (prev: 1.22) | ATR: 2.96
  📊 Filled: 0 | Pending: 0 | 5m: strong_bearish
  🚫 5m trend mismatch: 1m=moderate_bullish vs 5m=strong_bearish
  💰 Daily P&L: $-2,062.50

[2026-05-15 11:25] O:7452.50 H:7454.50 L:7449.25 C:7452.00 V:3202.0
  📈 Trend: moderate_bullish (raw: strong_bullish)
  🗺️  Grid: 0.080% | 🔺 7453.25 🔻 7449.50
  📡 RSI: 80.2 | MACD: 2.04 (prev: 1.72) | ATR: 3.07
  📊 Filled: 0 | Pending: 0 | 5m: strong_bearish
  🚫 5m trend mismatch: 1m=moderate_bullish vs 5m=strong_bearish
  💰 Daily P&L: $-2,062.50

[2026-05-15 11:26] O:7452.00 H:7452.25 L:7450.25 C:7451.00 V:1997.0
  📈 Trend: strong_bullish
  🗺️  Grid: 0.080% | 🔺 7454.50 🔻 7449.25
  📡 RSI: 76.5 | MACD: 2.20 (prev: 2.04) | ATR: 3.05
  📊 Filled: 0 | Pending: 0 | 5m: strong_bearish
  🚫 5m trend mismatch: 1m=strong_bullish vs 5m=strong_bearish
  💰 Daily P&L: $-2,062.50

[2026-05-15 11:27] O:7451.00 H:7453.75 L:7450.50 C:7453.75 V:2011.0
  📈 Trend: strong_bullish
  🗺️  Grid: 0.080% | 🔺 7452.25 🔻 7450.25
  📡 RSI: 77.8 | MACD: 2.51 (prev: 2.20) | ATR: 3.14
  📊 Filled: 0 | Pending: 0 | 5m: strong_bearish
  🚫 5m trend mismatch: 1m=strong_bullish vs 5m=strong_bearish
  💰 Daily P&L: $-2,062.50

[2026-05-15 11:28] O:7453.75 H:7454.75 L:7451.50 C:7452.00 V:2456.0
  📈 Trend: strong_bullish
  🗺️  Grid: 0.080% | 🔺 7453.75 🔻 7450.50
  📡 RSI: 67.1 | MACD: 2.59 (prev: 2.51) | ATR: 3.07
  📊 Filled: 0 | Pending: 0 | 5m: moderate_bullish
  💰 Daily P&L: $-2,062.50

[2026-05-15 11:29] O:7452.00 H:7454.00 L:7450.75 C:7454.00 V:1965.0
  📈 Trend: strong_bullish
  🗺️  Grid: 0.080% | 🔺 7454.75 🔻 7451.50
  📡 RSI: 80.8 | MACD: 2.78 (prev: 2.59) | ATR: 3.04
  📊 Filled: 0 | Pending: 0 | 5m: moderate_bullish
  💰 Daily P&L: $-2,062.50

[2026-05-15 11:30] O:7454.00 H:7455.00 L:7450.75 C:7453.00 V:2638.0
  📈 Trend: strong_bullish
  🗺️  Grid: 0.080% | 🔺 7454.00 🔻 7450.75
  📡 RSI: 78.8 | MACD: 2.82 (prev: 2.78) | ATR: 3.16
  📊 Filled: 0 | Pending: 0 | 5m: moderate_bullish
  💰 Daily P&L: $-2,062.50

[2026-05-15 11:31] O:7452.75 H:7455.75 L:7452.75 C:7454.50 V:2482.0
  📈 Trend: strong_bullish
  🗺️  Grid: 0.080% | 🔺 7455.00 🔻 7450.75
  📡 RSI: 79.8 | MACD: 2.94 (prev: 2.82) | ATR: 3.18
  📊 Filled: 0 | Pending: 0 | 5m: moderate_bullish
  💰 Daily P&L: $-2,062.50

[2026-05-15 11:32] O:7454.75 H:7455.50 L:7453.00 C:7454.75 V:2034.0
  📈 Trend: strong_bullish
  🗺️  Grid: 0.080% | 🔺 7455.75 🔻 7452.75
  📡 RSI: 79.0 | MACD: 3.02 (prev: 2.94) | ATR: 3.21
  📊 Filled: 0 | Pending: 0 | 5m: moderate_bullish
  💰 Daily P&L: $-2,062.50

[2026-05-15 11:33] O:7454.75 H:7455.25 L:7453.50 C:7454.00 V:1286.0
  📈 Trend: strong_bullish
  🗺️  Grid: 0.080% | 🔺 7455.50 🔻 7453.00
  📡 RSI: 75.6 | MACD: 2.98 (prev: 3.02) | ATR: 3.16
  📊 Filled: 0 | Pending: 0 | 5m: strong_bullish
  💰 Daily P&L: $-2,062.50

[2026-05-15 11:34] O:7454.00 H:7455.25 L:7453.75 C:7454.75 V:1591.0
  📈 Trend: strong_bullish
  🗺️  Grid: 0.080% | 🔺 7455.25 🔻 7453.50
  📡 RSI: 74.7 | MACD: 2.98 (prev: 2.98) | ATR: 3.09
  📊 Filled: 0 | Pending: 0 | 5m: strong_bullish
  💰 Daily P&L: $-2,062.50

[2026-05-15 11:35] O:7455.00 H:7455.25 L:7451.50 C:7452.00 V:2126.0
  📈 Trend: strong_bullish
  🗺️  Grid: 0.080% | 🔺 7455.25 🔻 7453.75
  📡 RSI: 61.7 | MACD: 2.73 (prev: 2.98) | ATR: 3.12
  📊 Filled: 0 | Pending: 0 | 5m: strong_bullish
  💰 Daily P&L: $-2,062.50

[2026-05-15 11:36] O:7452.00 H:7454.25 L:7452.00 C:7452.75 V:1501.0
  📈 Trend: strong_bullish (raw: moderate_bullish)
  🗺️  Grid: 0.080% | 🔺 7455.25 🔻 7451.50
  📡 RSI: 58.1 | MACD: 2.56 (prev: 2.73) | ATR: 3.05
  📊 Filled: 0 | Pending: 0 | 5m: strong_bullish
  💰 Daily P&L: $-2,062.50

[2026-05-15 11:37] O:7452.75 H:7453.75 L:7451.25 C:7453.50 V:1509.0
  📈 Trend: moderate_bullish
  🗺️  Grid: 0.080% | 🔺 7454.25 🔻 7452.00
  📡 RSI: 59.7 | MACD: 2.46 (prev: 2.56) | ATR: 3.02
  📊 Filled: 0 | Pending: 0 | 5m: strong_bullish
  💰 Daily P&L: $-2,062.50

[2026-05-15 11:38] O:7453.25 H:7453.75 L:7451.50 C:7451.75 V:1133.0
  📈 Trend: moderate_bullish
  🗺️  Grid: 0.080% | 🔺 7453.75 🔻 7451.25
  📡 RSI: 47.9 | MACD: 2.21 (prev: 2.46) | ATR: 2.91
  📊 Filled: 0 | Pending: 0 | 5m: strong_bullish
  💰 Daily P&L: $-2,062.50

[2026-05-15 11:39] O:7451.75 H:7454.25 L:7451.50 C:7454.00 V:1346.0
  📈 Trend: moderate_bullish
  🗺️  Grid: 0.080% | 🔺 7453.75 🔻 7451.50
  📡 RSI: 55.0 | MACD: 2.17 (prev: 2.21) | ATR: 2.73
  📊 Filled: 0 | Pending: 0 | 5m: strong_bullish
  💰 Daily P&L: $-2,062.50

[2026-05-15 11:40] O:7454.00 H:7454.75 L:7452.50 C:7452.75 V:1448.0
  📈 Trend: moderate_bullish
  🗺️  Grid: 0.080% | 🔺 7454.25 🔻 7451.50
  📡 RSI: 54.3 | MACD: 2.01 (prev: 2.17) | ATR: 2.75
  📊 Filled: 0 | Pending: 0 | 5m: strong_bullish
  💰 Daily P&L: $-2,062.50

[2026-05-15 11:41] O:7453.00 H:7453.25 L:7451.75 C:7452.25 V:1045.0
  📈 Trend: moderate_bullish
  🗺️  Grid: 0.080% | 🔺 7454.75 🔻 7452.50
  📡 RSI: 45.8 | MACD: 1.83 (prev: 2.01) | ATR: 2.62
  📊 Filled: 0 | Pending: 0 | 5m: strong_bullish
  💰 Daily P&L: $-2,062.50

[2026-05-15 11:42] O:7452.25 H:7455.00 L:7451.25 C:7453.25 V:1720.0
  📈 Trend: moderate_bullish
  🗺️  Grid: 0.080% | 🔺 7453.25 🔻 7451.75
  📡 RSI: 53.6 | MACD: 1.74 (prev: 1.83) | ATR: 2.66
  📊 Filled: 0 | Pending: 0 | 5m: strong_bullish
  💰 Daily P&L: $-2,062.50

[2026-05-15 11:43] O:7453.25 H:7455.00 L:7453.00 C:7454.50 V:1191.0
  📈 Trend: moderate_bullish
  🗺️  Grid: 0.080% | 🔺 7455.00 🔻 7451.25
  📡 RSI: 51.5 | MACD: 1.76 (prev: 1.74) | ATR: 2.57
  📊 Filled: 0 | Pending: 0 | 5m: strong_bullish
  💰 Daily P&L: $-2,062.50

[2026-05-15 11:44] O:7454.75 H:7457.25 L:7454.00 C:7456.25 V:2168.0
  📈 Trend: moderate_bullish
  🗺️  Grid: 0.080% | 🔺 7455.00 🔻 7453.00
  📡 RSI: 59.4 | MACD: 1.89 (prev: 1.76) | ATR: 2.50
  📊 Filled: 0 | Pending: 0 | 5m: strong_bullish
  💰 Daily P&L: $-2,062.50

[2026-05-15 11:45] O:7456.50 H:7457.25 L:7454.50 C:7457.00 V:1889.0
  📈 Trend: moderate_bullish
  🗺️  Grid: 0.080% | 🔺 7457.25 🔻 7454.00
  📡 RSI: 57.6 | MACD: 2.03 (prev: 1.89) | ATR: 2.48
  📊 Filled: 0 | Pending: 0 | 5m: strong_bullish
  💰 Daily P&L: $-2,062.50

[2026-05-15 11:46] O:7456.75 H:7457.75 L:7454.00 C:7454.25 V:1465.0
  📈 Trend: moderate_bullish
  🗺️  Grid: 0.080% | 🔺 7457.25 🔻 7454.50
  📡 RSI: 48.7 | MACD: 1.89 (prev: 2.03) | ATR: 2.57
  📊 Filled: 0 | Pending: 0 | 5m: strong_bullish
  💰 Daily P&L: $-2,062.50

[2026-05-15 11:47] O:7454.25 H:7457.75 L:7454.25 C:7457.75 V:1139.0
  📈 Trend: moderate_bullish (raw: strong_bullish)
  🗺️  Grid: 0.080% | 🔺 7457.75 🔻 7454.00
  📡 RSI: 58.6 | MACD: 2.05 (prev: 1.89) | ATR: 2.70
  📊 Filled: 0 | Pending: 0 | 5m: strong_bullish
  💰 Daily P&L: $-2,062.50

[2026-05-15 11:48] O:7457.75 H:7458.00 L:7455.75 C:7456.25 V:1317.0
  📈 Trend: strong_bullish
  🗺️  Grid: 0.080% | 🔺 7457.75 🔻 7454.25
  📡 RSI: 53.3 | MACD: 2.02 (prev: 2.05) | ATR: 2.75
  📊 Filled: 0 | Pending: 0 | 5m: strong_bullish
  💰 Daily P&L: $-2,062.50

[2026-05-15 11:49] O:7456.25 H:7456.50 L:7454.50 C:7454.50 V:1710.0
  📈 Trend: strong_bullish
  🗺️  Grid: 0.080% | 🔺 7458.00 🔻 7455.75
  📡 RSI: 55.8 | MACD: 1.84 (prev: 2.02) | ATR: 2.62
  📊 Filled: 0 | Pending: 0 | 5m: strong_bullish
  💰 Daily P&L: $-2,062.50

[2026-05-15 11:50] O:7454.50 H:7457.00 L:7454.25 C:7455.50 V:1325.0
  📈 Trend: strong_bullish
  🗺️  Grid: 0.080% | 🔺 7456.50 🔻 7454.50
  📡 RSI: 56.3 | MACD: 1.76 (prev: 1.84) | ATR: 2.66
  📊 Filled: 0 | Pending: 0 | 5m: strong_bullish
  💰 Daily P&L: $-2,062.50

[2026-05-15 11:51] O:7455.50 H:7456.25 L:7453.25 C:7453.50 V:1483.0
  📈 Trend: strong_bullish (raw: moderate_bullish)
  🗺️  Grid: 0.080% | 🔺 7457.00 🔻 7454.25
  📡 RSI: 50.0 | MACD: 1.52 (prev: 1.76) | ATR: 2.70
  📊 Filled: 0 | Pending: 0 | 5m: strong_bullish
  💰 Daily P&L: $-2,062.50

[2026-05-15 11:52] O:7453.50 H:7454.25 L:7450.00 C:7450.00 V:2454.0
  📈 Trend: moderate_bullish
  🗺️  Grid: 0.080% | 🔺 7456.25 🔻 7453.25
  📡 RSI: 46.5 | MACD: 1.03 (prev: 1.52) | ATR: 2.84
  📊 Filled: 0 | Pending: 0 | 5m: strong_bullish
  💰 Daily P&L: $-2,062.50

[2026-05-15 11:53] O:7450.00 H:7450.00 L:7447.00 C:7447.50 V:2943.0
  📈 Trend: moderate_bullish
  🗺️  Grid: 0.080% | 🔺 7454.25 🔻 7450.00
  📡 RSI: 37.0 | MACD: 0.43 (prev: 1.03) | ATR: 2.86
  📊 Filled: 0 | Pending: 0 | 5m: moderate_bullish
  💰 Daily P&L: $-2,062.50

[2026-05-15 11:54] O:7447.50 H:7448.75 L:7443.00 C:7444.75 V:2749.0
  📈 Trend: moderate_bullish
  🗺️  Grid: 0.080% | 🔺 7450.00 🔻 7447.00
  📡 RSI: 34.9 | MACD: -0.25 (prev: 0.43) | ATR: 3.11
  📊 Filled: 0 | Pending: 0 | 5m: moderate_bullish
  💰 Daily P&L: $-2,062.50

[2026-05-15 11:55] O:7444.50 H:7449.75 L:7444.25 C:7449.25 V:2483.0
  📈 Trend: moderate_bullish
  🗺️  Grid: 0.080% | 🔺 7448.75 🔻 7443.00
  📡 RSI: 45.1 | MACD: -0.43 (prev: -0.25) | ATR: 3.39
  📊 Filled: 0 | Pending: 0 | 5m: moderate_bullish
  💰 Daily P&L: $-2,062.50

[2026-05-15 11:56] O:7449.25 H:7451.00 L:7448.25 C:7450.25 V:1758.0
  📈 Trend: moderate_bullish
  🗺️  Grid: 0.080% | 🔺 7449.75 🔻 7444.25
  📡 RSI: 45.1 | MACD: -0.49 (prev: -0.43) | ATR: 3.32
  📊 Filled: 0 | Pending: 0 | 5m: moderate_bullish
  💰 Daily P&L: $-2,062.50

[2026-05-15 11:57] O:7450.50 H:7452.25 L:7449.75 C:7451.00 V:1882.0
  📈 Trend: moderate_bullish
  🗺️  Grid: 0.080% | 🔺 7451.00 🔻 7448.25
  📡 RSI: 44.2 | MACD: -0.47 (prev: -0.49) | ATR: 3.36
  📊 Filled: 0 | Pending: 0 | 5m: moderate_bullish
  💰 Daily P&L: $-2,062.50

[2026-05-15 11:58] O:7451.25 H:7451.75 L:7447.25 C:7447.50 V:1985.0
  📈 Trend: moderate_bullish
  🗺️  Grid: 0.080% | 🔺 7452.25 🔻 7449.75
  📡 RSI: 36.2 | MACD: -0.72 (prev: -0.47) | ATR: 3.45
  📊 Filled: 0 | Pending: 0 | 5m: moderate_bullish
  💰 Daily P&L: $-2,062.50

[2026-05-15 11:59] O:7447.50 H:7451.00 L:7447.25 C:7450.25 V:1512.0
  📈 Trend: moderate_bullish
  🗺️  Grid: 0.080% | 🔺 7451.75 🔻 7447.25
  📡 RSI: 40.0 | MACD: -0.69 (prev: -0.72) | ATR: 3.52
  📊 Filled: 0 | Pending: 0 | 5m: moderate_bullish
  💰 Daily P&L: $-2,062.50

[2026-05-15 12:00] O:7450.50 H:7450.75 L:7447.50 C:7449.50 V:2468.0
  📈 Trend: moderate_bullish
  🗺️  Grid: 0.080% | 🔺 7451.00 🔻 7447.25
  📡 RSI: 42.5 | MACD: -0.73 (prev: -0.69) | ATR: 3.48
  📊 Filled: 0 | Pending: 0 | 5m: moderate_bullish
  💰 Daily P&L: $-2,062.50

[2026-05-15 12:01] O:7449.50 H:7450.25 L:7448.00 C:7450.00 V:1502.0
  📈 Trend: moderate_bullish
  🗺️  Grid: 0.080% | 🔺 7450.75 🔻 7447.50
  📡 RSI: 36.5 | MACD: -0.70 (prev: -0.73) | ATR: 3.39
  📊 Filled: 0 | Pending: 0 | 5m: moderate_bullish
  💰 Daily P&L: $-2,062.50

[2026-05-15 12:02] O:7450.00 H:7452.50 L:7449.50 C:7451.75 V:1871.0
  📈 Trend: moderate_bullish
  🗺️  Grid: 0.080% | 🔺 7450.25 🔻 7448.00
  📡 RSI: 42.2 | MACD: -0.54 (prev: -0.70) | ATR: 3.45
  📊 Filled: 0 | Pending: 0 | 5m: moderate_bullish
  📤 Limit BUY 10 @ 7451.75 submitted (ID: 153)
  ⬆️ LONG ORDER @ 7451.75 | Size: 1.00 | SL: 7442.75 | TP: 7465.25 [10cts]
     Reason: Grid Long (moderate_bullish, RSI: 42.2)
     ⏳ Order 153 PENDING - awaiting fill confirmation
  💰 Daily P&L: $-2,062.50
  📋 Order 153 status: PreSubmitted
  ✅ Fill: BOT 6.0 @ 7451.5
  📋 Order 153 status: PreSubmitted
  📋 Order 153 status: Submitted
  ✅ Fill: BOT 4.0 @ 7451.75
  📋 Order 153 status: Filled
  📤 Stop-Limit SELL 10 @ stop:7443.75 / lmt:7439.75 submitted (ID: 154)
  📋 Order 154 status: PreSubmitted
  📤 Limit SELL 10 @ 7463.75 submitted (ID: 155)
  ✅ FILL CONFIRMED: LONG @ 7451.75 (order 153)
     📊 Bracket placed: SL #154 @ 7443.75 | TP #155 @ 7463.75
     Trail activates @ +6.0 pts

[2026-05-15 12:03] O:7452.00 H:7452.50 L:7449.00 C:7450.50 V:1416.0
  📈 Trend: moderate_bullish
  🗺️  Grid: 0.080% | 🔺 7452.50 🔻 7449.50
  📡 RSI: 43.0 | MACD: -0.50 (prev: -0.54) | ATR: 3.55
  📊 Filled: 1 | Pending: 0 | 5m: strong_bullish
  📍 LONG @ 7451.75 | SL: 7443.75 | TP: 7463.75 | P&L: $-625.00 | +6.0 to trail
  💰 Daily P&L: $-2,062.50
  📋 Order 155 status: Submitted

[2026-05-15 12:04] O:7450.50 H:7452.25 L:7449.75 C:7451.50 V:1292.0
  📈 Trend: moderate_bullish
  🗺️  Grid: 0.080% | 🔺 7452.50 🔻 7449.00
  📡 RSI: 43.0 | MACD: -0.38 (prev: -0.50) | ATR: 3.54
  📊 Filled: 1 | Pending: 0 | 5m: strong_bullish
  📍 LONG @ 7451.75 | SL: 7443.75 | TP: 7463.75 | P&L: $-125.00 | +5.2 to trail
  💰 Daily P&L: $-2,062.50

[2026-05-15 12:05] O:7451.75 H:7454.00 L:7450.50 C:7453.75 V:2149.0
  📈 Trend: moderate_bullish
  🗺️  Grid: 0.080% | 🔺 7452.25 🔻 7449.75
  📡 RSI: 50.4 | MACD: -0.11 (prev: -0.38) | ATR: 3.57
  📊 Filled: 1 | Pending: 0 | 5m: strong_bullish
  📍 LONG @ 7451.75 | SL: 7443.75 | TP: 7463.75 | P&L: $+1,000.00 | +5.2 to trail
  💰 Daily P&L: $-2,062.50

[2026-05-15 12:06] O:7453.75 H:7458.00 L:7453.75 C:7456.75 V:2836.0
  📈 Trend: moderate_bullish
  🗺️  Grid: 0.080% | 🔺 7454.00 🔻 7450.50
  📡 RSI: 61.9 | MACD: 0.34 (prev: -0.11) | ATR: 3.57
  📊 Filled: 1 | Pending: 0 | 5m: strong_bullish
  📍 LONG @ 7451.75 | SL: 7443.75 | TP: 7463.75 | P&L: $+2,500.00 | +3.8 to trail
  ✏️ Stop order 154 modified → 7457.75 [confirmed]
  🔄 TRAILING ACTIVATED @ +6.25pts | Stop: 7443.75 → 7457.75
  💰 Daily P&L: $-2,062.50
  ✅ Fill: SLD 10.0 @ 7456.5
  📋 Order 154 status: Filled

[2026-05-15 12:07] O:7457.00 H:7457.25 L:7454.50 C:7455.25 V:1414.0
  📈 Trend: moderate_bullish
  🗺️  Grid: 0.080% | 🔺 7458.00 🔻 7453.75
  📡 RSI: 64.2 | MACD: 0.58 (prev: 0.34) | ATR: 3.55
  📊 Filled: 1 | Pending: 0 | 5m: strong_bullish
  📍 LONG @ 7451.75 | Trail: 7457.75 | TP: 7463.75 | P&L: $+1,750.00 | 🔒 Trailing
  📋 Order 155 status: PendingCancel
  ✅ EXIT LONG @ 7456.50 | Trailing Stop
     P&L: +4.75 pts ($+2,375.00) | Daily: $+312.50
  ⏸️ Cooldown: 2 bar(s) remaining after exit
  💰 Daily P&L: $+312.50
  📋 Order 155 status: Cancelled

[2026-05-15 12:08] O:7455.00 H:7456.75 L:7455.00 C:7456.00 V:1117.0
  📈 Trend: moderate_bullish (raw: strong_bullish)
  🗺️  Grid: 0.080% | 🔺 7457.25 🔻 7454.50
  📡 RSI: 72.3 | MACD: 0.81 (prev: 0.58) | ATR: 3.27
  📊 Filled: 0 | Pending: 0 | 5m: strong_bullish
  ⏸️ Cooldown: 1 bar(s) remaining after exit
  💰 Daily P&L: $+312.50

[2026-05-15 12:09] O:7456.25 H:7456.75 L:7455.00 C:7456.25 V:1214.0
  📈 Trend: strong_bullish
  🗺️  Grid: 0.080% | 🔺 7456.75 🔻 7455.00
  📡 RSI: 66.7 | MACD: 1.01 (prev: 0.81) | ATR: 3.00
  📊 Filled: 0 | Pending: 0 | 5m: strong_bullish
  💰 Daily P&L: $+312.50

[2026-05-15 12:10] O:7456.25 H:7458.00 L:7456.00 C:7457.25 V:1018.0
  📈 Trend: strong_bullish
  🗺️  Grid: 0.080% | 🔺 7456.75 🔻 7455.00
  📡 RSI: 66.7 | MACD: 1.23 (prev: 1.01) | ATR: 2.95
  📊 Filled: 0 | Pending: 0 | 5m: strong_bullish
  💰 Daily P&L: $+312.50

[2026-05-15 12:11] O:7457.00 H:7457.75 L:7456.25 C:7457.25 V:1252.0
  📈 Trend: strong_bullish
  🗺️  Grid: 0.080% | 🔺 7458.00 🔻 7456.00
  📡 RSI: 65.4 | MACD: 1.39 (prev: 1.23) | ATR: 2.88
  📊 Filled: 0 | Pending: 0 | 5m: strong_bullish
  💰 Daily P&L: $+312.50

[2026-05-15 12:12] O:7457.50 H:7458.25 L:7456.25 C:7458.25 V:1260.0
  📈 Trend: strong_bullish
  🗺️  Grid: 0.080% | 🔺 7457.75 🔻 7456.25
  📡 RSI: 80.3 | MACD: 1.58 (prev: 1.39) | ATR: 2.70
  📊 Filled: 0 | Pending: 0 | 5m: strong_bullish
  💰 Daily P&L: $+312.50

[2026-05-15 12:13] O:7458.00 H:7458.00 L:7455.00 C:7456.00 V:1265.0
  📈 Trend: strong_bullish
  🗺️  Grid: 0.080% | 🔺 7458.25 🔻 7456.25
  📡 RSI: 66.7 | MACD: 1.53 (prev: 1.58) | ATR: 2.66
  📊 Filled: 0 | Pending: 0 | 5m: moderate_bullish
  💰 Daily P&L: $+312.50

[2026-05-15 12:14] O:7456.00 H:7457.75 L:7455.50 C:7457.25 V:962.0
  📈 Trend: strong_bullish
  🗺️  Grid: 0.080% | 🔺 7458.00 🔻 7455.00
  📡 RSI: 71.8 | MACD: 1.57 (prev: 1.53) | ATR: 2.59
  📊 Filled: 0 | Pending: 0 | 5m: moderate_bullish
  💰 Daily P&L: $+312.50

[2026-05-15 12:15] O:7457.50 H:7457.50 L:7454.00 C:7454.75 V:1503.0
  📈 Trend: strong_bullish
  🗺️  Grid: 0.080% | 🔺 7457.75 🔻 7455.50
  📡 RSI: 62.0 | MACD: 1.39 (prev: 1.57) | ATR: 2.68
  📊 Filled: 0 | Pending: 0 | 5m: moderate_bullish
  💰 Daily P&L: $+312.50

[2026-05-15 12:16] O:7454.75 H:7456.25 L:7454.00 C:7454.00 V:1472.0
  📈 Trend: strong_bullish
  🗺️  Grid: 0.080% | 🔺 7457.50 🔻 7454.00
  📡 RSI: 56.0 | MACD: 1.17 (prev: 1.39) | ATR: 2.62
  📊 Filled: 0 | Pending: 0 | 5m: moderate_bullish
  💰 Daily P&L: $+312.50

[2026-05-15 12:17] O:7454.25 H:7455.00 L:7453.50 C:7454.00 V:1314.0
  📈 Trend: strong_bullish
  🗺️  Grid: 0.080% | 🔺 7456.25 🔻 7454.00
  📡 RSI: 60.0 | MACD: 0.98 (prev: 1.17) | ATR: 2.48
  📊 Filled: 0 | Pending: 0 | 5m: moderate_bullish
  💰 Daily P&L: $+312.50

[2026-05-15 12:18] O:7454.25 H:7456.75 L:7454.25 C:7456.75 V:1192.0
  📈 Trend: strong_bullish
  🗺️  Grid: 0.080% | 🔺 7455.00 🔻 7453.50
  📡 RSI: 63.6 | MACD: 1.05 (prev: 0.98) | ATR: 2.50
  📊 Filled: 0 | Pending: 0 | 5m: strong_bullish
  💰 Daily P&L: $+312.50

[2026-05-15 12:19] O:7456.75 H:7458.75 L:7455.50 C:7458.75 V:1570.0
  📈 Trend: strong_bullish
  🗺️  Grid: 0.080% | 🔺 7456.75 🔻 7454.25
  📡 RSI: 63.2 | MACD: 1.24 (prev: 1.05) | ATR: 2.48
  📊 Filled: 0 | Pending: 0 | 5m: strong_bullish
  💰 Daily P&L: $+312.50

[2026-05-15 12:20] O:7458.50 H:7460.50 L:7457.75 C:7459.75 V:2433.0
  📈 Trend: strong_bullish
  🗺️  Grid: 0.080% | 🔺 7458.75 🔻 7455.50
  📡 RSI: 58.8 | MACD: 1.46 (prev: 1.24) | ATR: 2.38
  📊 Filled: 0 | Pending: 0 | 5m: strong_bullish
  💰 Daily P&L: $+312.50

[2026-05-15 12:21] O:7459.75 H:7461.75 L:7459.75 C:7461.25 V:2035.0
  📈 Trend: strong_bullish
  🗺️  Grid: 0.080% | 🔺 7460.50 🔻 7457.75
  📡 RSI: 67.6 | MACD: 1.74 (prev: 1.46) | ATR: 2.32
  📊 Filled: 0 | Pending: 0 | 5m: strong_bullish
  💰 Daily P&L: $+312.50

[2026-05-15 12:22] O:7461.25 H:7463.00 L:7459.00 C:7462.75 V:2841.0
  📈 Trend: strong_bullish
  🗺️  Grid: 0.080% | 🔺 7461.75 🔻 7459.75
  📡 RSI: 69.0 | MACD: 2.05 (prev: 1.74) | ATR: 2.48
  📊 Filled: 0 | Pending: 0 | 5m: strong_bullish
  💰 Daily P&L: $+312.50

[2026-05-15 12:23] O:7462.75 H:7464.00 L:7462.25 C:7463.25 V:3359.0
  📈 Trend: strong_bullish
  🗺️  Grid: 0.080% | 🔺 7463.00 🔻 7459.00
  📡 RSI: 69.4 | MACD: 2.32 (prev: 2.05) | ATR: 2.48
  📊 Filled: 0 | Pending: 0 | 5m: strong_bullish
  💰 Daily P&L: $+312.50

[2026-05-15 12:24] O:7463.25 H:7466.00 L:7463.00 C:7465.75 V:2304.0
  📈 Trend: strong_bullish
  🗺️  Grid: 0.080% | 🔺 7464.00 🔻 7462.25
  📡 RSI: 71.8 | MACD: 2.70 (prev: 2.32) | ATR: 2.55
  📊 Filled: 0 | Pending: 0 | 5m: strong_bullish
  💰 Daily P&L: $+312.50

[2026-05-15 12:25] O:7465.75 H:7469.00 L:7465.75 C:7467.50 V:3336.0
  📈 Trend: strong_bullish
  🗺️  Grid: 0.080% | 🔺 7466.00 🔻 7463.00
  📡 RSI: 74.1 | MACD: 3.10 (prev: 2.70) | ATR: 2.68
  📊 Filled: 0 | Pending: 0 | 5m: strong_bullish
  💰 Daily P&L: $+312.50

[2026-05-15 12:26] O:7467.50 H:7470.50 L:7467.00 C:7468.25 V:4125.0
  📈 Trend: strong_bullish
  🗺️  Grid: 0.080% | 🔺 7469.00 🔻 7465.75
  📡 RSI: 73.8 | MACD: 3.45 (prev: 3.10) | ATR: 2.79
  📊 Filled: 0 | Pending: 0 | 5m: strong_bullish
  💰 Daily P&L: $+312.50

[2026-05-15 12:27] O:7468.50 H:7469.25 L:7467.00 C:7468.75 V:1501.0
  📈 Trend: strong_bullish
  🗺️  Grid: 0.080% | 🔺 7470.50 🔻 7467.00
  📡 RSI: 83.1 | MACD: 3.72 (prev: 3.45) | ATR: 2.71
  📊 Filled: 0 | Pending: 0 | 5m: strong_bullish
  💰 Daily P&L: $+312.50

[2026-05-15 12:28] O:7468.75 H:7469.50 L:7467.75 C:7468.75 V:1898.0
  📈 Trend: strong_bullish
  🗺️  Grid: 0.080% | 🔺 7469.25 🔻 7467.00
  📡 RSI: 81.9 | MACD: 3.88 (prev: 3.72) | ATR: 2.68
  📊 Filled: 0 | Pending: 0 | 5m: strong_bullish
  💰 Daily P&L: $+312.50

[2026-05-15 12:29] O:7468.75 H:7469.00 L:7466.25 C:7466.50 V:2329.0
  📈 Trend: strong_bullish
  🗺️  Grid: 0.080% | 🔺 7469.50 🔻 7467.75
  📡 RSI: 83.1 | MACD: 3.79 (prev: 3.88) | ATR: 2.62
  📊 Filled: 0 | Pending: 0 | 5m: strong_bullish
  💰 Daily P&L: $+312.50

[2026-05-15 12:30] O:7466.50 H:7468.25 L:7465.50 C:7468.25 V:2716.0
  📈 Trend: strong_bullish
  🗺️  Grid: 0.080% | 🔺 7469.00 🔻 7466.25
  📡 RSI: 88.0 | MACD: 3.82 (prev: 3.79) | ATR: 2.66
  📊 Filled: 0 | Pending: 0 | 5m: strong_bullish
  💰 Daily P&L: $+312.50

[2026-05-15 12:31] O:7468.25 H:7469.25 L:7467.25 C:7468.25 V:1896.0
  📈 Trend: strong_bullish
  🗺️  Grid: 0.080% | 🔺 7468.25 🔻 7465.50
  📡 RSI: 88.0 | MACD: 3.79 (prev: 3.82) | ATR: 2.70
  📊 Filled: 0 | Pending: 0 | 5m: strong_bullish
  💰 Daily P&L: $+312.50

[2026-05-15 12:32] O:7468.25 H:7469.50 L:7467.50 C:7469.00 V:1883.0
  📈 Trend: strong_bullish
  🗺️  Grid: 0.080% | 🔺 7469.25 🔻 7467.25
  📡 RSI: 86.6 | MACD: 3.79 (prev: 3.79) | ATR: 2.64
  📊 Filled: 0 | Pending: 0 | 5m: strong_bullish
  💰 Daily P&L: $+312.50

[2026-05-15 12:33] O:7469.00 H:7469.50 L:7467.75 C:7469.00 V:1881.0
  📈 Trend: strong_bullish
  🗺️  Grid: 0.080% | 🔺 7469.50 🔻 7467.50
  📡 RSI: 84.7 | MACD: 3.75 (prev: 3.79) | ATR: 2.54
  📊 Filled: 0 | Pending: 0 | 5m: strong_bullish
  💰 Daily P&L: $+312.50

[2026-05-15 12:34] O:7469.00 H:7469.50 L:7468.50 C:7469.00 V:1703.0
  📈 Trend: strong_bullish
  🗺️  Grid: 0.080% | 🔺 7469.50 🔻 7467.75
  📡 RSI: 83.6 | MACD: 3.67 (prev: 3.75) | ATR: 2.41
  📊 Filled: 0 | Pending: 0 | 5m: strong_bullish
  💰 Daily P&L: $+312.50

[2026-05-15 12:35] O:7469.25 H:7469.75 L:7467.75 C:7469.00 V:1538.0
  📈 Trend: strong_bullish
  🗺️  Grid: 0.080% | 🔺 7469.50 🔻 7468.50
  📡 RSI: 81.6 | MACD: 3.56 (prev: 3.67) | ATR: 2.41
  📊 Filled: 0 | Pending: 0 | 5m: strong_bullish
  💰 Daily P&L: $+312.50

[2026-05-15 12:36] O:7469.25 H:7469.50 L:7467.25 C:7468.25 V:1696.0
  📈 Trend: strong_bullish
  🗺️  Grid: 0.080% | 🔺 7469.75 🔻 7467.75
  📡 RSI: 73.9 | MACD: 3.38 (prev: 3.56) | ATR: 2.29
  📊 Filled: 0 | Pending: 0 | 5m: strong_bullish
  💰 Daily P&L: $+312.50

[2026-05-15 12:37] O:7468.25 H:7468.75 L:7466.25 C:7466.50 V:1472.0
  📈 Trend: strong_bullish
  🗺️  Grid: 0.080% | 🔺 7469.50 🔻 7467.25
  📡 RSI: 62.7 | MACD: 3.06 (prev: 3.38) | ATR: 2.34
  📊 Filled: 0 | Pending: 0 | 5m: strong_bullish
  💰 Daily P&L: $+312.50
→ Real-time bars cancelled
✓ Disconnected from IBKR
