2026-05-08 09:45:06 | ERROR    | Error 10147, reqId 106: OrderId 106 that needs to be cancelled is not found.
️  ES ROBUST BOT — SCALP ROBUST MODE
   • 10 contract(s) max
   • MACD momentum filter
   • 5m trend alignment filter
   • Session low short filter
   • Trailing stop enabled
   • SL: ~8 pts | TP: ~12 pts | Trail activates: +6 pts
   • Session: 8:30–12:00 CT only
   • Client ID: 11
============================================================
✓ Connected to IBKR (paper) - clientId=11
✓ Front-month contract: ESM6 expiry=20260618

============================================================
Loading historical data for indicator warm-up...
============================================================
→ Fetching historical bars (1 D, 1 min)...
✓ Loaded 896 historical bars

Processing 896 historical bars...
  📊 5m warmup: 179 bars built | trend: sideways | buffer: 1 bar(s) carried over

Indicators ready!
  Bars loaded: 896
  Last price: 7402.00
  Trend: moderate_bullish
  RSI: 29.1
  ATR: 1.93
  MACD: -0.48 / Signal: 0.30
  MA: 7405.66 / 7402.55 / 7398.80
  5m Trend: sideways

------------------------------------------------------------
Account Value: $1,048,861.52
Buying Power: $4,194,094.48
Current Position: 0 contracts
------------------------------------------------------------

============================================================
Starting live 1-minute bar stream...
Strategy is now ACTIVE (client ID: 11)
============================================================

→ Subscribed to 5-second real-time bars (aggregating to 1 min)

[2026-05-08 07:55] O:7402.00 H:7402.00 L:7401.00 C:7401.50 V:269.0
  📈 Trend: sideways (raw: moderate_bullish)
  🗺️  Grid: 0.080% | 🔺 7402.75 🔻 7401.50
  📡 RSI: 18.0 | MACD: -0.59 (prev: -0.48) | ATR: 1.86
  📊 Filled: 0 | Pending: 0 | 5m: sideways
  💰 Daily P&L: $+0.00

[2026-05-08 07:56] O:7401.75 H:7404.25 L:7401.75 C:7402.50 V:666.0
  📈 Trend: moderate_bullish
  🗺️  Grid: 0.080% | 🔺 7402.00 🔻 7401.00
  📡 RSI: 21.2 | MACD: -0.60 (prev: -0.59) | ATR: 1.88
  📊 Filled: 0 | Pending: 0 | 5m: sideways
  ⏭️ MACD filter blocked LONG | MACD: -0.60 vs prev -0.59
  💰 Daily P&L: $+0.00

[2026-05-08 07:57] O:7402.25 H:7403.25 L:7402.25 C:7402.50 V:351.0
  📈 Trend: moderate_bullish
  🗺️  Grid: 0.080% | 🔺 7404.25 🔻 7401.75
  📡 RSI: 24.4 | MACD: -0.60 (prev: -0.60) | ATR: 1.73
  📊 Filled: 0 | Pending: 0 | 5m: sideways
  💰 Daily P&L: $+0.00

[2026-05-08 07:58] O:7402.25 H:7403.00 L:7397.00 C:7399.75 V:1861.0
  📈 Trend: moderate_bullish
  🗺️  Grid: 0.080% | 🔺 7403.25 🔻 7402.25
  📡 RSI: 23.9 | MACD: -0.81 (prev: -0.60) | ATR: 1.96
  📊 Filled: 0 | Pending: 0 | 5m: sideways
  💰 Daily P&L: $+0.00

[2026-05-08 07:59] O:7399.75 H:7399.75 L:7394.50 C:7398.25 V:2650.0
  📈 Trend: moderate_bullish
  🗺️  Grid: 0.080% | 🔺 7403.00 🔻 7397.00
  📡 RSI: 18.0 | MACD: -1.08 (prev: -0.81) | ATR: 2.27
  📊 Filled: 0 | Pending: 0 | 5m: sideways
  💰 Daily P&L: $+0.00

[2026-05-08 08:00] O:7398.00 H:7399.75 L:7396.25 C:7398.25 V:1710.0
  📈 Trend: moderate_bullish
  🗺️  Grid: 0.080% | 🔺 7399.75 🔻 7394.50
  📡 RSI: 20.0 | MACD: -1.29 (prev: -1.08) | ATR: 2.39
  📊 Filled: 0 | Pending: 0 | 5m: sideways
  💰 Daily P&L: $+0.00

[2026-05-08 08:01] O:7398.25 H:7400.25 L:7397.75 C:7400.25 V:872.0
  📈 Trend: moderate_bullish
  🗺️  Grid: 0.080% | 🔺 7399.75 🔻 7396.25
  📡 RSI: 35.4 | MACD: -1.27 (prev: -1.29) | ATR: 2.45
  📊 Filled: 0 | Pending: 0 | 5m: sideways
  📤 Limit BUY 10 @ 7400.25 submitted (ID: 105)
  ⬆️ LONG ORDER @ 7400.25 | Size: 1.00 | SL: 7391.25 | TP: 7413.50 [10cts]
     Reason: Grid Long (moderate_bullish, RSI: 35.4)
     ⏳ Order 105 PENDING - awaiting fill confirmation
  💰 Daily P&L: $+0.00
  📋 Order 105 status: PreSubmitted
  ✅ Fill: BOT 6.0 @ 7400.0
  📋 Order 105 status: PreSubmitted
  📋 Order 105 status: Submitted
  ✅ Fill: BOT 2.0 @ 7400.25
  📋 Order 105 status: Submitted
  ✅ Fill: BOT 2.0 @ 7400.25
  📋 Order 105 status: Filled
  📤 Stop-Limit SELL 10 @ stop:7392.25 / lmt:7388.25 submitted (ID: 106)
  📋 Order 106 status: PreSubmitted
  📤 Limit SELL 10 @ 7412.25 submitted (ID: 107)
  📋 Order 107 status: Submitted
  ✅ FILL CONFIRMED: LONG @ 7400.25 (order 105)
     📊 Bracket placed: SL #106 @ 7392.25 | TP #107 @ 7412.25
     Trail activates @ +6.0 pts

[2026-05-08 08:02] O:7400.00 H:7400.75 L:7399.00 C:7399.50 V:1098.0
  📈 Trend: moderate_bullish (raw: strong_bearish)
  🗺️  Grid: 0.080% | 🔺 7400.25 🔻 7397.75
  📡 RSI: 34.0 | MACD: -1.30 (prev: -1.27) | ATR: 2.43
  📊 Filled: 1 | Pending: 0 | 5m: sideways
  📍 LONG @ 7400.25 | SL: 7392.25 | TP: 7412.25 | P&L: $-375.00 | +6.0 to trail
  💰 Daily P&L: $+0.00

[2026-05-08 08:03] O:7399.50 H:7400.50 L:7399.00 C:7399.75 V:465.0
  📈 Trend: strong_bearish
  🗺️  Grid: 0.080% | 🔺 7400.75 🔻 7399.00
  📡 RSI: 41.9 | MACD: -1.30 (prev: -1.30) | ATR: 2.32
  📊 Filled: 1 | Pending: 0 | 5m: sideways
  📍 LONG @ 7400.25 | SL: 7392.25 | TP: 7412.25 | P&L: $-250.00 | +5.5 to trail
  💰 Daily P&L: $+0.00

[2026-05-08 08:04] O:7399.75 H:7399.75 L:7396.00 C:7397.50 V:1530.0
  📈 Trend: strong_bearish
  🗺️  Grid: 0.080% | 🔺 7400.50 🔻 7399.00
  📡 RSI: 32.0 | MACD: -1.45 (prev: -1.30) | ATR: 2.45
  📊 Filled: 1 | Pending: 0 | 5m: sideways
  📍 LONG @ 7400.25 | SL: 7392.25 | TP: 7412.25 | P&L: $-1,375.00 | +5.5 to trail
  💰 Daily P&L: $+0.00

[2026-05-08 08:05] O:7397.50 H:7398.00 L:7396.25 C:7396.25 V:676.0
  📈 Trend: strong_bearish
  🗺️  Grid: 0.080% | 🔺 7399.75 🔻 7396.00
  📡 RSI: 26.4 | MACD: -1.66 (prev: -1.45) | ATR: 2.46
  📊 Filled: 1 | Pending: 0 | 5m: sideways
  📍 LONG @ 7400.25 | SL: 7392.25 | TP: 7412.25 | P&L: $-2,000.00 | +5.5 to trail
  💰 Daily P&L: $+0.00

[2026-05-08 08:06] O:7396.00 H:7396.00 L:7392.25 C:7393.00 V:1313.0
  📈 Trend: strong_bearish
  🗺️  Grid: 0.080% | 🔺 7398.00 🔻 7396.25
  📡 RSI: 21.9 | MACD: -2.06 (prev: -1.66) | ATR: 2.66
  📊 Filled: 1 | Pending: 0 | 5m: sideways
  📍 LONG @ 7400.25 | SL: 7392.25 | TP: 7412.25 | P&L: $-3,625.00 | +5.5 to trail
  💰 Daily P&L: $+0.00
  📋 Order 106 status: Cancelled

[2026-05-08 08:07] O:7392.75 H:7392.75 L:7391.00 C:7392.25 V:1686.0
  📈 Trend: strong_bearish
  🗺️  Grid: 0.080% | 🔺 7396.00 🔻 7392.25
  📡 RSI: 21.2 | MACD: -2.42 (prev: -2.06) | ATR: 2.71
  📊 Filled: 1 | Pending: 0 | 5m: sideways
  📍 LONG @ 7400.25 | SL: 7392.25 | TP: 7412.25 | P&L: $-4,000.00 | +5.5 to trail
  💰 Daily P&L: $+0.00

[2026-05-08 08:08] O:7392.50 H:7393.75 L:7392.50 C:7393.00 V:928.0
  📈 Trend: strong_bearish
  🗺️  Grid: 0.080% | 🔺 7392.75 🔻 7391.00
  📡 RSI: 23.5 | MACD: -2.60 (prev: -2.42) | ATR: 2.73
  📊 Filled: 1 | Pending: 0 | 5m: sideways
  📍 LONG @ 7400.25 | SL: 7392.25 | TP: 7412.25 | P&L: $-3,625.00 | +5.5 to trail
  💰 Daily P&L: $+0.00

[2026-05-08 08:09] O:7393.00 H:7394.25 L:7392.50 C:7394.25 V:928.0
  📈 Trend: strong_bearish
  🗺️  Grid: 0.080% | 🔺 7393.75 🔻 7392.50
  📡 RSI: 29.6 | MACD: -2.62 (prev: -2.60) | ATR: 2.79
  📊 Filled: 1 | Pending: 0 | 5m: sideways
  📍 LONG @ 7400.25 | SL: 7392.25 | TP: 7412.25 | P&L: $-3,000.00 | +5.5 to trail
  💰 Daily P&L: $+0.00

[2026-05-08 08:10] O:7394.00 H:7394.50 L:7392.25 C:7392.75 V:858.0
  📈 Trend: strong_bearish
  🗺️  Grid: 0.080% | 🔺 7394.25 🔻 7392.50
  📡 RSI: 23.3 | MACD: -2.73 (prev: -2.62) | ATR: 2.75
  📊 Filled: 1 | Pending: 0 | 5m: sideways
  📍 LONG @ 7400.25 | SL: 7392.25 | TP: 7412.25 | P&L: $-3,750.00 | +5.5 to trail
  💰 Daily P&L: $+0.00

[2026-05-08 08:11] O:7392.75 H:7393.50 L:7391.75 C:7392.25 V:579.0
  📈 Trend: strong_bearish
  🗺️  Grid: 0.080% | 🔺 7394.50 🔻 7392.25
  📡 RSI: 22.7 | MACD: -2.82 (prev: -2.73) | ATR: 2.80
  📊 Filled: 1 | Pending: 0 | 5m: sideways
  📍 LONG @ 7400.25 | SL: 7392.25 | TP: 7412.25 | P&L: $-4,000.00 | +5.5 to trail
  💰 Daily P&L: $+0.00

[2026-05-08 08:12] O:7392.50 H:7392.75 L:7389.00 C:7391.50 V:2472.0
  📈 Trend: strong_bearish
  🗺️  Grid: 0.080% | 🔺 7393.50 🔻 7391.75
  📡 RSI: 25.4 | MACD: -2.91 (prev: -2.82) | ATR: 2.64
  📊 Filled: 1 | Pending: 0 | 5m: sideways
  📍 LONG @ 7400.25 | SL: 7392.25 | TP: 7412.25 | P&L: $-4,375.00 | +5.5 to trail
  💰 Daily P&L: $+0.00

[2026-05-08 08:13] O:7391.75 H:7392.50 L:7391.00 C:7392.00 V:886.0
  📈 Trend: strong_bearish
  🗺️  Grid: 0.080% | 🔺 7392.75 🔻 7389.00
  📡 RSI: 30.2 | MACD: -2.92 (prev: -2.91) | ATR: 2.38
  📊 Filled: 1 | Pending: 0 | 5m: sideways
  📍 LONG @ 7400.25 | SL: 7392.25 | TP: 7412.25 | P&L: $-4,125.00 | +5.5 to trail
  💰 Daily P&L: $+0.00

[2026-05-08 08:14] O:7392.25 H:7394.00 L:7391.75 C:7392.75 V:1822.0
  📈 Trend: strong_bearish
  🗺️  Grid: 0.080% | 🔺 7392.50 🔻 7391.00
  📡 RSI: 33.3 | MACD: -2.83 (prev: -2.92) | ATR: 2.29
  📊 Filled: 1 | Pending: 0 | 5m: sideways
  📍 LONG @ 7400.25 | SL: 7392.25 | TP: 7412.25 | P&L: $-3,750.00 | +5.5 to trail
  💰 Daily P&L: $+0.00

[2026-05-08 08:15] O:7392.75 H:7393.25 L:7390.75 C:7392.00 V:1051.0
  📈 Trend: strong_bearish
  🗺️  Grid: 0.080% | 🔺 7394.00 🔻 7391.75
  📡 RSI: 23.0 | MACD: -2.79 (prev: -2.83) | ATR: 2.29
  📊 Filled: 1 | Pending: 0 | 5m: sideways
  📍 LONG @ 7400.25 | SL: 7392.25 | TP: 7412.25 | P&L: $-4,125.00 | +5.5 to trail
  💰 Daily P&L: $+0.00

[2026-05-08 08:16] O:7392.00 H:7393.25 L:7391.50 C:7392.75 V:642.0
  📈 Trend: strong_bearish
  🗺️  Grid: 0.080% | 🔺 7393.25 🔻 7390.75
  📡 RSI: 27.9 | MACD: -2.66 (prev: -2.79) | ATR: 2.29
  📊 Filled: 1 | Pending: 0 | 5m: sideways
  📍 LONG @ 7400.25 | SL: 7392.25 | TP: 7412.25 | P&L: $-3,750.00 | +5.5 to trail
  💰 Daily P&L: $+0.00

[2026-05-08 08:17] O:7392.75 H:7396.25 L:7392.75 C:7396.00 V:1634.0
  📈 Trend: strong_bearish (raw: moderate_bearish)
  🗺️  Grid: 0.080% | 🔺 7393.25 🔻 7391.50
  📡 RSI: 39.7 | MACD: -2.27 (prev: -2.66) | ATR: 2.43
  📊 Filled: 1 | Pending: 0 | 5m: sideways
  📍 LONG @ 7400.25 | SL: 7392.25 | TP: 7412.25 | P&L: $-2,125.00 | +5.5 to trail
  💰 Daily P&L: $+0.00

[2026-05-08 08:18] O:7396.00 H:7396.25 L:7394.75 C:7395.00 V:561.0
  📈 Trend: moderate_bearish
  🗺️  Grid: 0.080% | 🔺 7396.25 🔻 7392.75
  📡 RSI: 42.6 | MACD: -2.02 (prev: -2.27) | ATR: 2.27
  📊 Filled: 1 | Pending: 0 | 5m: sideways
  📍 LONG @ 7400.25 | SL: 7392.25 | TP: 7412.25 | P&L: $-2,625.00 | +5.5 to trail
  💰 Daily P&L: $+0.00

[2026-05-08 08:19] O:7395.00 H:7395.25 L:7393.25 C:7394.00 V:527.0
  📈 Trend: moderate_bearish
  🗺️  Grid: 0.080% | 🔺 7396.25 🔻 7394.75
  📡 RSI: 43.3 | MACD: -1.88 (prev: -2.02) | ATR: 2.29
  📊 Filled: 1 | Pending: 0 | 5m: sideways
  📍 LONG @ 7400.25 | SL: 7392.25 | TP: 7412.25 | P&L: $-3,125.00 | +5.5 to trail
  💰 Daily P&L: $+0.00

[2026-05-08 08:20] O:7394.00 H:7395.75 L:7394.00 C:7395.50 V:649.0
  📈 Trend: moderate_bearish
  🗺️  Grid: 0.080% | 🔺 7395.25 🔻 7393.25
  📡 RSI: 58.3 | MACD: -1.63 (prev: -1.88) | ATR: 2.12
  📊 Filled: 1 | Pending: 0 | 5m: sideways
  📍 LONG @ 7400.25 | SL: 7392.25 | TP: 7412.25 | P&L: $-2,375.00 | +5.5 to trail
  💰 Daily P&L: $+0.00

[2026-05-08 08:21] O:7395.25 H:7395.25 L:7392.75 C:7394.25 V:906.0
  📈 Trend: moderate_bearish
  🗺️  Grid: 0.080% | 🔺 7395.75 🔻 7394.00
  📡 RSI: 56.5 | MACD: -1.52 (prev: -1.63) | ATR: 2.18
  📊 Filled: 1 | Pending: 0 | 5m: sideways
  📍 LONG @ 7400.25 | SL: 7392.25 | TP: 7412.25 | P&L: $-3,000.00 | +5.5 to trail
  💰 Daily P&L: $+0.00

[2026-05-08 08:22] O:7394.25 H:7394.50 L:7393.75 C:7394.25 V:386.0
  📈 Trend: moderate_bearish
  🗺️  Grid: 0.080% | 🔺 7395.25 🔻 7392.75
  📡 RSI: 54.2 | MACD: -1.41 (prev: -1.52) | ATR: 2.12
  📊 Filled: 1 | Pending: 0 | 5m: sideways
  📍 LONG @ 7400.25 | SL: 7392.25 | TP: 7412.25 | P&L: $-3,000.00 | +5.5 to trail
  💰 Daily P&L: $+0.00

[2026-05-08 08:23] O:7394.25 H:7394.75 L:7394.00 C:7394.75 V:437.0
  📈 Trend: moderate_bearish
  🗺️  Grid: 0.080% | 🔺 7394.50 🔻 7393.75
  📡 RSI: 51.8 | MACD: -1.27 (prev: -1.41) | ATR: 2.05
  📊 Filled: 1 | Pending: 0 | 5m: sideways
  📍 LONG @ 7400.25 | SL: 7392.25 | TP: 7412.25 | P&L: $-2,750.00 | +5.5 to trail
  💰 Daily P&L: $+0.00

[2026-05-08 08:24] O:7394.75 H:7395.50 L:7394.25 C:7395.50 V:526.0
  📈 Trend: moderate_bearish
  🗺️  Grid: 0.080% | 🔺 7394.75 🔻 7394.00
  📡 RSI: 60.4 | MACD: -1.09 (prev: -1.27) | ATR: 1.98
  📊 Filled: 1 | Pending: 0 | 5m: sideways
  📍 LONG @ 7400.25 | SL: 7392.25 | TP: 7412.25 | P&L: $-2,375.00 | +5.5 to trail
  💰 Daily P&L: $+0.00

[2026-05-08 08:25] O:7395.50 H:7396.75 L:7395.00 C:7396.50 V:902.0
  📈 Trend: moderate_bearish (raw: moderate_bullish)
  🗺️  Grid: 0.080% | 🔺 7395.50 🔻 7394.25
  📡 RSI: 65.5 | MACD: -0.85 (prev: -1.09) | ATR: 1.98
  📊 Filled: 1 | Pending: 0 | 5m: sideways
  📍 LONG @ 7400.25 | SL: 7392.25 | TP: 7412.25 | P&L: $-1,875.00 | +5.5 to trail
  💰 Daily P&L: $+0.00

[2026-05-08 08:26] O:7396.25 H:7397.00 L:7394.75 C:7395.25 V:1221.0
  📈 Trend: moderate_bullish
  🗺️  Grid: 0.080% | 🔺 7396.75 🔻 7395.00
  📡 RSI: 63.2 | MACD: -0.76 (prev: -0.85) | ATR: 1.88
  📊 Filled: 1 | Pending: 0 | 5m: sideways
  📍 LONG @ 7400.25 | SL: 7392.25 | TP: 7412.25 | P&L: $-2,500.00 | +5.5 to trail
  💰 Daily P&L: $+0.00

[2026-05-08 08:27] O:7395.25 H:7397.25 L:7394.75 C:7396.75 V:919.0
  📈 Trend: moderate_bullish
  🗺️  Grid: 0.080% | 🔺 7397.00 🔻 7394.75
  📡 RSI: 65.6 | MACD: -0.55 (prev: -0.76) | ATR: 1.95
  📊 Filled: 1 | Pending: 0 | 5m: sideways
  📍 LONG @ 7400.25 | SL: 7392.25 | TP: 7412.25 | P&L: $-1,750.00 | +5.5 to trail
  💰 Daily P&L: $+0.00

[2026-05-08 08:28] O:7397.00 H:7397.00 L:7395.25 C:7396.25 V:676.0
  📈 Trend: moderate_bullish (raw: moderate_bearish)
  🗺️  Grid: 0.080% | 🔺 7397.25 🔻 7394.75
  📡 RSI: 61.7 | MACD: -0.43 (prev: -0.55) | ATR: 1.91
  📊 Filled: 1 | Pending: 0 | 5m: sideways
  📍 LONG @ 7400.25 | SL: 7392.25 | TP: 7412.25 | P&L: $-2,000.00 | +5.5 to trail
  💰 Daily P&L: $+0.00

[2026-05-08 08:29] O:7396.50 H:7396.75 L:7393.75 C:7396.00 V:2001.0
  📈 Trend: moderate_bearish
  🗺️  Grid: 0.080% | 🔺 7397.00 🔻 7395.25
  📡 RSI: 63.8 | MACD: -0.34 (prev: -0.43) | ATR: 1.95
  📊 Filled: 1 | Pending: 0 | 5m: sideways
  📍 LONG @ 7400.25 | SL: 7392.25 | TP: 7412.25 | P&L: $-2,125.00 | +5.5 to trail
  💰 Daily P&L: $+0.00

[2026-05-08 08:30] O:7395.75 H:7398.00 L:7393.25 C:7395.50 V:11676.0
  📈 Trend: moderate_bearish
  🗺️  Grid: 0.080% | 🔺 7396.75 🔻 7393.75
  📡 RSI: 59.6 | MACD: -0.32 (prev: -0.34) | ATR: 2.16
  📊 Filled: 1 | Pending: 0 | 5m: sideways
  📍 LONG @ 7400.25 | SL: 7392.25 | TP: 7412.25 | P&L: $-2,375.00 | +5.5 to trail
  💰 Daily P&L: $+0.00

[2026-05-08 08:31] O:7395.50 H:7397.50 L:7393.75 C:7397.00 V:5498.0
  📈 Trend: moderate_bearish
  🗺️  Grid: 0.080% | 🔺 7398.00 🔻 7393.25
  📡 RSI: 54.0 | MACD: -0.17 (prev: -0.32) | ATR: 2.18
  📊 Filled: 1 | Pending: 0 | 5m: sideways
  📍 LONG @ 7400.25 | SL: 7392.25 | TP: 7412.25 | P&L: $-1,625.00 | +5.5 to trail
  💰 Daily P&L: $+0.00

[2026-05-08 08:32] O:7397.25 H:7399.25 L:7397.25 C:7398.50 V:4132.0
  📈 Trend: moderate_bearish (raw: moderate_bullish)
  🗺️  Grid: 0.080% | 🔺 7397.50 🔻 7393.75
  📡 RSI: 63.5 | MACD: 0.07 (prev: -0.17) | ATR: 2.23
  📊 Filled: 1 | Pending: 0 | 5m: sideways
  📍 LONG @ 7400.25 | SL: 7392.25 | TP: 7412.25 | P&L: $-875.00 | +5.5 to trail
  💰 Daily P&L: $+0.00

[2026-05-08 08:33] O:7398.25 H:7399.25 L:7396.50 C:7399.00 V:3573.0
  📈 Trend: moderate_bullish
  🗺️  Grid: 0.080% | 🔺 7399.25 🔻 7397.25
  📡 RSI: 70.0 | MACD: 0.29 (prev: 0.07) | ATR: 2.29
  📊 Filled: 1 | Pending: 0 | 5m: sideways
  📍 LONG @ 7400.25 | SL: 7392.25 | TP: 7412.25 | P&L: $-625.00 | +5.5 to trail
  💰 Daily P&L: $+0.00

[2026-05-08 08:34] O:7399.00 H:7399.75 L:7396.25 C:7399.25 V:3719.0
  📈 Trend: moderate_bullish
  🗺️  Grid: 0.080% | 🔺 7399.25 🔻 7396.50
  📡 RSI: 66.7 | MACD: 0.48 (prev: 0.29) | ATR: 2.41
  📊 Filled: 1 | Pending: 0 | 5m: sideways
  📍 LONG @ 7400.25 | SL: 7392.25 | TP: 7412.25 | P&L: $-500.00 | +5.5 to trail
  💰 Daily P&L: $+0.00

[2026-05-08 08:35] O:7399.50 H:7400.00 L:7397.75 C:7399.75 V:4480.0
  📈 Trend: moderate_bullish
  🗺️  Grid: 0.080% | 🔺 7399.75 🔻 7396.25
  📡 RSI: 76.2 | MACD: 0.67 (prev: 0.48) | ATR: 2.38
  📊 Filled: 1 | Pending: 0 | 5m: sideways
  📍 LONG @ 7400.25 | SL: 7392.25 | TP: 7412.25 | P&L: $-250.00 | +5.5 to trail
  💰 Daily P&L: $+0.00

[2026-05-08 08:36] O:7399.75 H:7400.25 L:7398.50 C:7400.00 V:3230.0
  📈 Trend: moderate_bullish
  🗺️  Grid: 0.080% | 🔺 7400.00 🔻 7397.75
  📡 RSI: 76.7 | MACD: 0.82 (prev: 0.67) | ATR: 2.45
  📊 Filled: 1 | Pending: 0 | 5m: sideways
  📍 LONG @ 7400.25 | SL: 7392.25 | TP: 7412.25 | P&L: $-125.00 | +5.5 to trail
  💰 Daily P&L: $+0.00

[2026-05-08 08:37] O:7400.00 H:7401.25 L:7398.00 C:7398.00 V:3166.0
  📈 Trend: moderate_bullish
  🗺️  Grid: 0.080% | 🔺 7400.25 🔻 7398.50
  📡 RSI: 63.3 | MACD: 0.78 (prev: 0.82) | ATR: 2.62
  📊 Filled: 1 | Pending: 0 | 5m: sideways
  📍 LONG @ 7400.25 | SL: 7392.25 | TP: 7412.25 | P&L: $-1,125.00 | +5.5 to trail
  💰 Daily P&L: $+0.00
  📋 Order 107 status: PreSubmitted
  📋 Order 107 status: Submitted

[2026-05-08 08:38] O:7398.00 H:7398.75 L:7396.25 C:7397.50 V:4017.0
  📈 Trend: moderate_bullish
  🗺️  Grid: 0.080% | 🔺 7401.25 🔻 7398.00
  📡 RSI: 58.3 | MACD: 0.69 (prev: 0.78) | ATR: 2.71
  📊 Filled: 1 | Pending: 0 | 5m: sideways
  📍 LONG @ 7400.25 | SL: 7392.25 | TP: 7412.25 | P&L: $-1,375.00 | +5.0 to trail
  💰 Daily P&L: $+0.00

[2026-05-08 08:39] O:7397.50 H:7398.50 L:7394.75 C:7395.75 V:4083.0
  📈 Trend: moderate_bullish
  🗺️  Grid: 0.080% | 🔺 7398.75 🔻 7396.25
  📡 RSI: 47.1 | MACD: 0.48 (prev: 0.69) | ATR: 2.86
  📊 Filled: 1 | Pending: 0 | 5m: sideways
  📍 LONG @ 7400.25 | SL: 7392.25 | TP: 7412.25 | P&L: $-2,250.00 | +5.0 to trail
  💰 Daily P&L: $+0.00

[2026-05-08 08:40] O:7395.75 H:7397.00 L:7391.75 C:7395.50 V:8025.0
  📈 Trend: moderate_bullish (raw: moderate_bearish)
  🗺️  Grid: 0.080% | 🔺 7398.50 🔻 7394.75
  📡 RSI: 51.1 | MACD: 0.29 (prev: 0.48) | ATR: 3.07
  📊 Filled: 1 | Pending: 0 | 5m: sideways
  📍 LONG @ 7400.25 | SL: 7392.25 | TP: 7412.25 | P&L: $-2,375.00 | +5.0 to trail
  💰 Daily P&L: $+0.00

[2026-05-08 08:41] O:7395.50 H:7397.00 L:7394.50 C:7395.25 V:2930.0
  📈 Trend: moderate_bullish
  🗺️  Grid: 0.080% | 🔺 7397.00 🔻 7391.75
  📡 RSI: 42.9 | MACD: 0.11 (prev: 0.29) | ATR: 3.07
  📊 Filled: 1 | Pending: 0 | 5m: sideways
  📍 LONG @ 7400.25 | SL: 7392.25 | TP: 7412.25 | P&L: $-2,500.00 | +5.0 to trail
  💰 Daily P&L: $+0.00

[2026-05-08 08:42] O:7395.50 H:7399.50 L:7395.25 C:7399.00 V:3344.0
  📈 Trend: moderate_bullish
  🗺️  Grid: 0.080% | 🔺 7397.00 🔻 7394.50
  📡 RSI: 60.0 | MACD: 0.27 (prev: 0.11) | ATR: 3.25
  📊 Filled: 1 | Pending: 0 | 5m: sideways
  📍 LONG @ 7400.25 | SL: 7392.25 | TP: 7412.25 | P&L: $-625.00 | +5.0 to trail
  💰 Daily P&L: $+0.00

[2026-05-08 08:43] O:7399.00 H:7399.50 L:7397.00 C:7397.75 V:2722.0
  📈 Trend: moderate_bullish
  🗺️  Grid: 0.080% | 🔺 7399.50 🔻 7395.25
  📡 RSI: 55.9 | MACD: 0.30 (prev: 0.27) | ATR: 3.21
  📊 Filled: 1 | Pending: 0 | 5m: sideways
  📍 LONG @ 7400.25 | SL: 7392.25 | TP: 7412.25 | P&L: $-1,250.00 | +5.0 to trail
  💰 Daily P&L: $+0.00
  ✅ Fill: SLD 4.0 @ 7400.25
  📋 Order 107 status: Submitted
  ✅ Fill: SLD 6.0 @ 7400.25
  📋 Order 107 status: Filled

[2026-05-08 08:44] O:7398.00 H:7399.50 L:7397.50 C:7399.50 V:2844.0
  📈 Trend: moderate_bullish (raw: strong_bullish)
  🗺️  Grid: 0.080% | 🔺 7399.50 🔻 7397.00
  📡 RSI: 62.5 | MACD: 0.45 (prev: 0.30) | ATR: 3.02
  📊 Filled: 1 | Pending: 0 | 5m: sideways
  📍 LONG @ 7400.25 | SL: 7392.25 | TP: 7412.25 | P&L: $-375.00 | +5.0 to trail
  ✅ EXIT LONG @ 7400.25 | Take Profit
     P&L: +0.00 pts ($+0.00) | Daily: $+0.00
  ⏸️ Cooldown: 2 bar(s) remaining after exit
  💰 Daily P&L: $+0.00

[2026-05-08 08:45] O:7399.50 H:7404.50 L:7399.25 C:7403.25 V:5926.0
  📈 Trend: strong_bullish
  🗺️  Grid: 0.080% | 🔺 7399.50 🔻 7397.50
  📡 RSI: 67.1 | MACD: 0.87 (prev: 0.45) | ATR: 3.12
  📊 Filled: 0 | Pending: 0 | 5m: sideways
  ⏸️ Cooldown: 1 bar(s) remaining after exit
  💰 Daily P&L: $+0.00

[2026-05-08 08:46] O:7403.50 H:7406.50 L:7403.00 C:7406.25 V:4174.0
  📈 Trend: strong_bullish
  🗺️  Grid: 0.080% | 🔺 7404.50 🔻 7399.25
  📡 RSI: 69.6 | MACD: 1.42 (prev: 0.87) | ATR: 3.21
  📊 Filled: 0 | Pending: 0 | 5m: sideways
  💰 Daily P&L: $+0.00

[2026-05-08 08:47] O:7406.25 H:7408.50 L:7405.25 C:7408.25 V:4305.0
  📈 Trend: strong_bullish
  🗺️  Grid: 0.080% | 🔺 7406.50 🔻 7403.00
  📡 RSI: 71.8 | MACD: 2.00 (prev: 1.42) | ATR: 3.25
  📊 Filled: 0 | Pending: 0 | 5m: sideways
  💰 Daily P&L: $+0.00

[2026-05-08 08:48] O:7408.25 H:7409.50 L:7406.25 C:7409.00 V:4185.0
  📈 Trend: strong_bullish
  🗺️  Grid: 0.080% | 🔺 7408.50 🔻 7405.25
  📡 RSI: 72.4 | MACD: 2.49 (prev: 2.00) | ATR: 3.23
  📊 Filled: 0 | Pending: 0 | 5m: sideways
  💰 Daily P&L: $+0.00

[2026-05-08 08:49] O:7409.00 H:7409.50 L:7406.00 C:7407.50 V:3887.0
  📈 Trend: strong_bullish
  🗺️  Grid: 0.080% | 🔺 7409.50 🔻 7406.25
  📡 RSI: 67.0 | MACD: 2.73 (prev: 2.49) | ATR: 3.32
  📊 Filled: 0 | Pending: 0 | 5m: sideways
  💰 Daily P&L: $+0.00

[2026-05-08 08:50] O:7407.25 H:7408.50 L:7405.75 C:7406.75 V:4551.0
  📈 Trend: strong_bullish
  🗺️  Grid: 0.080% | 🔺 7409.50 🔻 7406.00
  📡 RSI: 64.5 | MACD: 2.82 (prev: 2.73) | ATR: 3.39
  📊 Filled: 0 | Pending: 0 | 5m: sideways
  💰 Daily P&L: $+0.00

[2026-05-08 08:51] O:7406.75 H:7408.00 L:7406.25 C:7407.25 V:2849.0
  📈 Trend: strong_bullish
  🗺️  Grid: 0.080% | 🔺 7408.50 🔻 7405.75
  📡 RSI: 71.3 | MACD: 2.90 (prev: 2.82) | ATR: 3.29
  📊 Filled: 0 | Pending: 0 | 5m: sideways
  💰 Daily P&L: $+0.00

[2026-05-08 08:52] O:7407.00 H:7410.00 L:7407.00 C:7409.25 V:3275.0
  📈 Trend: strong_bullish
  🗺️  Grid: 0.080% | 🔺 7408.00 🔻 7406.25
  📡 RSI: 75.3 | MACD: 3.09 (prev: 2.90) | ATR: 3.32
  📊 Filled: 0 | Pending: 0 | 5m: sideways
  💰 Daily P&L: $+0.00

[2026-05-08 08:53] O:7409.25 H:7410.75 L:7406.75 C:7407.00 V:3435.0
  📈 Trend: strong_bullish
  🗺️  Grid: 0.080% | 🔺 7410.00 🔻 7407.00
  📡 RSI: 73.7 | MACD: 3.03 (prev: 3.09) | ATR: 3.34
  📊 Filled: 0 | Pending: 0 | 5m: sideways
  💰 Daily P&L: $+0.00

[2026-05-08 08:54] O:7407.00 H:7407.00 L:7405.25 C:7406.50 V:3175.0
  📈 Trend: strong_bullish
  🗺️  Grid: 0.080% | 🔺 7410.75 🔻 7406.75
  📡 RSI: 72.9 | MACD: 2.90 (prev: 3.03) | ATR: 3.09
  📊 Filled: 0 | Pending: 0 | 5m: sideways
  💰 Daily P&L: $+0.00

[2026-05-08 08:55] O:7406.50 H:7409.00 L:7405.50 C:7407.50 V:2837.0
  📈 Trend: strong_bullish
  🗺️  Grid: 0.080% | 🔺 7407.00 🔻 7405.25
  📡 RSI: 74.7 | MACD: 2.85 (prev: 2.90) | ATR: 3.16
  📊 Filled: 0 | Pending: 0 | 5m: sideways
  💰 Daily P&L: $+0.00

[2026-05-08 08:56] O:7407.50 H:7407.75 L:7406.25 C:7406.50 V:2154.0
  📈 Trend: strong_bullish
  🗺️  Grid: 0.080% | 🔺 7409.00 🔻 7405.50
  📡 RSI: 67.0 | MACD: 2.69 (prev: 2.85) | ATR: 2.96
  📊 Filled: 0 | Pending: 0 | 5m: sideways
  💰 Daily P&L: $+0.00

[2026-05-08 08:57] O:7406.50 H:7408.25 L:7406.50 C:7408.00 V:2137.0
  📈 Trend: strong_bullish
  🗺️  Grid: 0.080% | 🔺 7407.75 🔻 7406.25
  📡 RSI: 73.0 | MACD: 2.66 (prev: 2.69) | ATR: 2.91
  📊 Filled: 0 | Pending: 0 | 5m: sideways
  💰 Daily P&L: $+0.00

[2026-05-08 08:58] O:7408.00 H:7409.00 L:7407.50 C:7409.00 V:1409.0
  📈 Trend: strong_bullish
  🗺️  Grid: 0.080% | 🔺 7408.25 🔻 7406.50
  📡 RSI: 72.1 | MACD: 2.69 (prev: 2.66) | ATR: 2.88
  📊 Filled: 0 | Pending: 0 | 5m: sideways
  💰 Daily P&L: $+0.00

[2026-05-08 08:59] O:7408.75 H:7413.75 L:7408.75 C:7413.50 V:2984.0
  📈 Trend: strong_bullish
  🗺️  Grid: 0.080% | 🔺 7409.00 🔻 7407.50
  📡 RSI: 73.0 | MACD: 3.04 (prev: 2.69) | ATR: 2.86
  📊 Filled: 0 | Pending: 0 | 5m: sideways
  💰 Daily P&L: $+0.00

[2026-05-08 09:00] O:7413.25 H:7416.00 L:7409.25 C:7411.00 V:9028.0
  📈 Trend: strong_bullish
  🗺️  Grid: 0.080% | 🔺 7413.75 🔻 7408.75
  📡 RSI: 60.9 | MACD: 3.08 (prev: 3.04) | ATR: 3.09
  📊 Filled: 0 | Pending: 0 | 5m: sideways
  💰 Daily P&L: $+0.00

[2026-05-08 09:01] O:7411.25 H:7412.25 L:7410.75 C:7411.00 V:3789.0
  📈 Trend: strong_bullish
  🗺️  Grid: 0.080% | 🔺 7416.00 🔻 7409.25
  📡 RSI: 57.0 | MACD: 3.07 (prev: 3.08) | ATR: 2.96
  📊 Filled: 0 | Pending: 0 | 5m: sideways
  💰 Daily P&L: $+0.00

[2026-05-08 09:02] O:7411.00 H:7415.25 L:7411.00 C:7414.50 V:3644.0
  📈 Trend: strong_bullish
  🗺️  Grid: 0.080% | 🔺 7412.25 🔻 7410.75
  📡 RSI: 62.2 | MACD: 3.31 (prev: 3.07) | ATR: 3.04
  📊 Filled: 0 | Pending: 0 | 5m: sideways
  💰 Daily P&L: $+0.00

[2026-05-08 09:03] O:7414.50 H:7415.75 L:7414.00 C:7414.50 V:3052.0
  📈 Trend: strong_bullish
  🗺️  Grid: 0.080% | 🔺 7415.25 🔻 7411.00
  📡 RSI: 66.7 | MACD: 3.46 (prev: 3.31) | ATR: 2.91
  📊 Filled: 0 | Pending: 0 | 5m: sideways
  💰 Daily P&L: $+0.00

[2026-05-08 09:04] O:7414.50 H:7415.00 L:7413.00 C:7414.75 V:3547.0
  📈 Trend: strong_bullish
  🗺️  Grid: 0.080% | 🔺 7415.75 🔻 7414.00
  📡 RSI: 69.5 | MACD: 3.56 (prev: 3.46) | ATR: 2.86
  📊 Filled: 0 | Pending: 0 | 5m: sideways
  💰 Daily P&L: $+0.00

[2026-05-08 09:05] O:7414.75 H:7415.25 L:7412.75 C:7414.75 V:3250.0
  📈 Trend: strong_bullish
  🗺️  Grid: 0.080% | 🔺 7415.00 🔻 7413.00
  📡 RSI: 68.8 | MACD: 3.60 (prev: 3.56) | ATR: 2.91
  📊 Filled: 0 | Pending: 0 | 5m: sideways
  💰 Daily P&L: $+0.00

[2026-05-08 09:06] O:7414.75 H:7415.25 L:7409.75 C:7413.00 V:4822.0
  📈 Trend: strong_bullish
  🗺️  Grid: 0.080% | 🔺 7415.25 🔻 7412.75
  📡 RSI: 59.5 | MACD: 3.45 (prev: 3.60) | ATR: 3.09
  📊 Filled: 0 | Pending: 0 | 5m: sideways
  💰 Daily P&L: $+0.00

[2026-05-08 09:07] O:7413.25 H:7413.75 L:7411.25 C:7412.75 V:2955.0
  📈 Trend: strong_bullish
  🗺️  Grid: 0.080% | 🔺 7415.25 🔻 7409.75
  📡 RSI: 66.2 | MACD: 3.27 (prev: 3.45) | ATR: 2.98
  📊 Filled: 0 | Pending: 0 | 5m: sideways
  💰 Daily P&L: $+0.00

[2026-05-08 09:08] O:7413.00 H:7413.25 L:7411.50 C:7413.00 V:3293.0
  📈 Trend: strong_bullish
  🗺️  Grid: 0.080% | 🔺 7413.75 🔻 7411.25
  📡 RSI: 68.6 | MACD: 3.11 (prev: 3.27) | ATR: 2.98
  📊 Filled: 0 | Pending: 0 | 5m: sideways
  💰 Daily P&L: $+0.00

[2026-05-08 09:09] O:7413.00 H:7413.25 L:7411.75 C:7412.75 V:2323.0
  📈 Trend: strong_bullish
  🗺️  Grid: 0.080% | 🔺 7413.25 🔻 7411.50
  📡 RSI: 65.7 | MACD: 2.93 (prev: 3.11) | ATR: 2.84
  📊 Filled: 0 | Pending: 0 | 5m: sideways
  💰 Daily P&L: $+0.00

[2026-05-08 09:10] O:7412.75 H:7413.00 L:7409.50 C:7410.00 V:4724.0
  📈 Trend: strong_bullish
  🗺️  Grid: 0.080% | 🔺 7413.25 🔻 7411.75
  📡 RSI: 59.5 | MACD: 2.54 (prev: 2.93) | ATR: 2.98
  📊 Filled: 0 | Pending: 0 | 5m: sideways
  💰 Daily P&L: $+0.00

[2026-05-08 09:11] O:7410.25 H:7412.50 L:7409.75 C:7412.00 V:3601.0
  📈 Trend: strong_bullish
  🗺️  Grid: 0.080% | 🔺 7413.00 🔻 7409.50
  📡 RSI: 60.5 | MACD: 2.36 (prev: 2.54) | ATR: 3.05
  📊 Filled: 0 | Pending: 0 | 5m: sideways
  💰 Daily P&L: $+0.00

[2026-05-08 09:12] O:7412.25 H:7413.50 L:7411.25 C:7413.25 V:3438.0
  📈 Trend: strong_bullish
  🗺️  Grid: 0.080% | 🔺 7412.50 🔻 7409.75
  📡 RSI: 61.0 | MACD: 2.30 (prev: 2.36) | ATR: 3.11
  📊 Filled: 0 | Pending: 0 | 5m: sideways
  💰 Daily P&L: $+0.00

[2026-05-08 09:13] O:7413.00 H:7416.00 L:7412.75 C:7415.75 V:3442.0
  📈 Trend: strong_bullish
  🗺️  Grid: 0.080% | 🔺 7413.50 🔻 7411.25
  📡 RSI: 56.5 | MACD: 2.42 (prev: 2.30) | ATR: 2.98
  📊 Filled: 0 | Pending: 0 | 5m: sideways
  💰 Daily P&L: $+0.00

[2026-05-08 09:14] O:7415.75 H:7416.00 L:7413.75 C:7415.25 V:3488.0
  📈 Trend: strong_bullish
  🗺️  Grid: 0.080% | 🔺 7416.00 🔻 7412.75
  📡 RSI: 63.9 | MACD: 2.45 (prev: 2.42) | ATR: 2.66
  📊 Filled: 0 | Pending: 0 | 5m: sideways
  💰 Daily P&L: $+0.00

[2026-05-08 09:15] O:7415.25 H:7416.00 L:7414.00 C:7415.75 V:2387.0
  📈 Trend: strong_bullish
  🗺️  Grid: 0.080% | 🔺 7416.00 🔻 7413.75
  📡 RSI: 65.1 | MACD: 2.48 (prev: 2.45) | ATR: 2.70
  📊 Filled: 0 | Pending: 0 | 5m: sideways
  💰 Daily P&L: $+0.00

[2026-05-08 09:16] O:7415.75 H:7417.25 L:7414.25 C:7414.50 V:3332.0
  📈 Trend: strong_bullish
  🗺️  Grid: 0.080% | 🔺 7416.00 🔻 7414.00
  📡 RSI: 50.0 | MACD: 2.38 (prev: 2.48) | ATR: 2.61
  📊 Filled: 0 | Pending: 0 | 5m: sideways
  💰 Daily P&L: $+0.00

[2026-05-08 09:17] O:7414.50 H:7414.50 L:7412.50 C:7413.75 V:3486.0
  📈 Trend: strong_bullish
  🗺️  Grid: 0.080% | 🔺 7417.25 🔻 7414.25
  📡 RSI: 47.4 | MACD: 2.21 (prev: 2.38) | ATR: 2.62
  📊 Filled: 0 | Pending: 0 | 5m: sideways
  💰 Daily P&L: $+0.00

[2026-05-08 09:18] O:7413.75 H:7416.75 L:7413.50 C:7416.25 V:2519.0
  📈 Trend: strong_bullish
  🗺️  Grid: 0.080% | 🔺 7414.50 🔻 7412.50
  📡 RSI: 54.5 | MACD: 2.26 (prev: 2.21) | ATR: 2.71
  📊 Filled: 0 | Pending: 0 | 5m: sideways
  💰 Daily P&L: $+0.00

[2026-05-08 09:19] O:7416.25 H:7416.50 L:7414.50 C:7416.00 V:2804.0
  📈 Trend: strong_bullish
  🗺️  Grid: 0.080% | 🔺 7416.75 🔻 7413.50
  📡 RSI: 53.7 | MACD: 2.24 (prev: 2.26) | ATR: 2.68
  📊 Filled: 0 | Pending: 0 | 5m: sideways
  💰 Daily P&L: $+0.00

[2026-05-08 09:20] O:7416.25 H:7417.50 L:7415.25 C:7416.00 V:3452.0
  📈 Trend: strong_bullish
  🗺️  Grid: 0.080% | 🔺 7416.50 🔻 7414.50
  📡 RSI: 60.0 | MACD: 2.21 (prev: 2.24) | ATR: 2.45
  📊 Filled: 0 | Pending: 0 | 5m: sideways
  💰 Daily P&L: $+0.00

[2026-05-08 09:21] O:7416.25 H:7418.50 L:7416.00 C:7418.50 V:2777.0
  📈 Trend: strong_bullish
  🗺️  Grid: 0.080% | 🔺 7417.50 🔻 7415.25
  📡 RSI: 66.7 | MACD: 2.36 (prev: 2.21) | ATR: 2.45
  📊 Filled: 0 | Pending: 0 | 5m: sideways
  💰 Daily P&L: $+0.00

[2026-05-08 09:22] O:7418.50 H:7420.25 L:7418.25 C:7418.75 V:4803.0
  📈 Trend: strong_bullish
  🗺️  Grid: 0.080% | 🔺 7418.50 🔻 7416.00
  📡 RSI: 66.7 | MACD: 2.47 (prev: 2.36) | ATR: 2.46
  📊 Filled: 0 | Pending: 0 | 5m: sideways
  💰 Daily P&L: $+0.00

[2026-05-08 09:23] O:7418.50 H:7418.75 L:7416.75 C:7417.00 V:3599.0
  📈 Trend: strong_bullish
  🗺️  Grid: 0.080% | 🔺 7420.25 🔻 7418.25
  📡 RSI: 61.3 | MACD: 2.38 (prev: 2.47) | ATR: 2.50
  📊 Filled: 0 | Pending: 0 | 5m: sideways
  💰 Daily P&L: $+0.00

[2026-05-08 09:24] O:7417.25 H:7419.75 L:7417.00 C:7419.75 V:2435.0
  📈 Trend: strong_bullish
  🗺️  Grid: 0.080% | 🔺 7418.75 🔻 7416.75
  📡 RSI: 76.0 | MACD: 2.51 (prev: 2.38) | ATR: 2.45
  📊 Filled: 0 | Pending: 0 | 5m: sideways
  💰 Daily P&L: $+0.00

[2026-05-08 09:25] O:7419.75 H:7422.50 L:7419.50 C:7422.50 V:4679.0
  📈 Trend: strong_bullish
  🗺️  Grid: 0.080% | 🔺 7419.75 🔻 7417.00
  📡 RSI: 76.9 | MACD: 2.80 (prev: 2.51) | ATR: 2.46
  📊 Filled: 0 | Pending: 0 | 5m: sideways
  💰 Daily P&L: $+0.00

[2026-05-08 09:26] O:7422.50 H:7422.75 L:7420.50 C:7421.50 V:3754.0
  📈 Trend: strong_bullish
  🗺️  Grid: 0.080% | 🔺 7422.50 🔻 7419.50
  📡 RSI: 71.4 | MACD: 2.92 (prev: 2.80) | ATR: 2.46
  📊 Filled: 0 | Pending: 0 | 5m: sideways
  💰 Daily P&L: $+0.00

[2026-05-08 09:27] O:7421.50 H:7421.50 L:7417.50 C:7417.75 V:3750.0
  📈 Trend: strong_bullish
  🗺️  Grid: 0.080% | 🔺 7422.75 🔻 7420.50
  📡 RSI: 54.9 | MACD: 2.68 (prev: 2.92) | ATR: 2.52
  📊 Filled: 0 | Pending: 0 | 5m: sideways
  💰 Daily P&L: $+0.00

[2026-05-08 09:28] O:7417.75 H:7418.75 L:7416.50 C:7417.25 V:4142.0
  📈 Trend: strong_bullish
  🗺️  Grid: 0.080% | 🔺 7421.50 🔻 7417.50
  📡 RSI: 54.9 | MACD: 2.42 (prev: 2.68) | ATR: 2.52
  📊 Filled: 0 | Pending: 0 | 5m: sideways
  💰 Daily P&L: $+0.00

[2026-05-08 09:29] O:7417.25 H:7417.75 L:7414.25 C:7415.25 V:3645.0
  📈 Trend: strong_bullish
  🗺️  Grid: 0.080% | 🔺 7418.75 🔻 7416.50
  📡 RSI: 48.9 | MACD: 2.03 (prev: 2.42) | ATR: 2.62
  📊 Filled: 0 | Pending: 0 | 5m: sideways
  💰 Daily P&L: $+0.00

[2026-05-08 09:30] O:7415.25 H:7415.50 L:7411.00 C:7411.75 V:5571.0
  📈 Trend: strong_bullish (raw: moderate_bullish)
  🗺️  Grid: 0.080% | 🔺 7417.75 🔻 7414.25
  📡 RSI: 44.3 | MACD: 1.42 (prev: 2.03) | ATR: 2.73
  📊 Filled: 0 | Pending: 0 | 5m: sideways
  💰 Daily P&L: $+0.00

[2026-05-08 09:31] O:7411.50 H:7414.75 L:7410.50 C:7414.25 V:3378.0
  📈 Trend: strong_bullish
  🗺️  Grid: 0.080% | 🔺 7415.50 🔻 7411.00
  📡 RSI: 51.0 | MACD: 1.12 (prev: 1.42) | ATR: 2.89
  📊 Filled: 0 | Pending: 0 | 5m: sideways
  💰 Daily P&L: $+0.00

[2026-05-08 09:32] O:7414.25 H:7415.50 L:7413.75 C:7414.00 V:2444.0
  📈 Trend: strong_bullish (raw: moderate_bullish)
  🗺️  Grid: 0.080% | 🔺 7414.75 🔻 7410.50
  📡 RSI: 45.3 | MACD: 0.86 (prev: 1.12) | ATR: 2.79
  📊 Filled: 0 | Pending: 0 | 5m: sideways
  💰 Daily P&L: $+0.00

[2026-05-08 09:33] O:7413.75 H:7414.25 L:7411.75 C:7412.25 V:2153.0
  📈 Trend: moderate_bullish
  🗺️  Grid: 0.080% | 🔺 7415.50 🔻 7413.75
  📡 RSI: 42.6 | MACD: 0.51 (prev: 0.86) | ATR: 2.82
  📊 Filled: 0 | Pending: 0 | 5m: sideways
  💰 Daily P&L: $+0.00

[2026-05-08 09:34] O:7412.00 H:7413.50 L:7411.50 C:7412.25 V:2151.0
  📈 Trend: moderate_bullish
  🗺️  Grid: 0.080% | 🔺 7414.25 🔻 7411.75
  📡 RSI: 42.6 | MACD: 0.22 (prev: 0.51) | ATR: 2.80
  📊 Filled: 0 | Pending: 0 | 5m: sideways
  💰 Daily P&L: $+0.00

[2026-05-08 09:35] O:7412.25 H:7412.75 L:7408.75 C:7409.25 V:3339.0
  📈 Trend: moderate_bullish
  🗺️  Grid: 0.080% | 🔺 7413.50 🔻 7411.50
  📡 RSI: 32.0 | MACD: -0.24 (prev: 0.22) | ATR: 2.91
  📊 Filled: 0 | Pending: 0 | 5m: sideways
  💰 Daily P&L: $+0.00

[2026-05-08 09:36] O:7409.50 H:7411.00 L:7408.25 C:7409.75 V:3575.0
  📈 Trend: moderate_bullish
  🗺️  Grid: 0.080% | 🔺 7412.75 🔻 7408.75
  📡 RSI: 32.7 | MACD: -0.56 (prev: -0.24) | ATR: 2.96
  📊 Filled: 0 | Pending: 0 | 5m: sideways
  💰 Daily P&L: $+0.00

[2026-05-08 09:37] O:7409.75 H:7412.50 L:7409.25 C:7412.25 V:2302.0
  📈 Trend: moderate_bullish
  🗺️  Grid: 0.080% | 🔺 7411.00 🔻 7408.25
  📡 RSI: 41.1 | MACD: -0.61 (prev: -0.56) | ATR: 3.05
  📊 Filled: 0 | Pending: 0 | 5m: sideways
  ⏭️ MACD filter blocked LONG | MACD: -0.61 vs prev -0.56
  💰 Daily P&L: $+0.00

[2026-05-08 09:38] O:7412.00 H:7415.50 L:7412.00 C:7415.50 V:3242.0
  📈 Trend: moderate_bullish
  🗺️  Grid: 0.080% | 🔺 7412.50 🔻 7409.25
  📡 RSI: 42.2 | MACD: -0.38 (prev: -0.61) | ATR: 3.11
  📊 Filled: 0 | Pending: 0 | 5m: strong_bullish
  📤 Limit BUY 10 @ 7415.50 submitted (ID: 108)
  📋 Order 108 status: PreSubmitted
  ✅ Fill: BOT 10.0 @ 7415.25
  📋 Order 108 status: Filled
  ⬆️ LONG ORDER @ 7415.50 | Size: 1.00 | SL: 7406.50 | TP: 7428.75 [10cts]
     Reason: Grid Long (moderate_bullish, RSI: 42.2)
     ⏳ Order 108 PENDING - awaiting fill confirmation
  💰 Daily P&L: $+0.00
  📤 Stop-Limit SELL 10 @ stop:7407.25 / lmt:7403.25 submitted (ID: 109)
  📋 Order 109 status: PreSubmitted
  📤 Limit SELL 10 @ 7427.25 submitted (ID: 110)
  📋 Order 110 status: Submitted
  ✅ FILL CONFIRMED: LONG @ 7415.25 (order 108)
     📊 Bracket placed: SL #109 @ 7407.25 | TP #110 @ 7427.25
     Trail activates @ +6.0 pts

[2026-05-08 09:39] O:7415.50 H:7416.75 L:7414.25 C:7416.75 V:2647.0
  📈 Trend: moderate_bullish (raw: strong_bullish)
  🗺️  Grid: 0.080% | 🔺 7415.50 🔻 7412.00
  📡 RSI: 38.8 | MACD: -0.09 (prev: -0.38) | ATR: 3.07
  📊 Filled: 1 | Pending: 0 | 5m: strong_bullish
  📍 LONG @ 7415.25 | SL: 7407.25 | TP: 7427.25 | P&L: $+750.00 | +6.0 to trail
  💰 Daily P&L: $+0.00

[2026-05-08 09:40] O:7416.50 H:7417.50 L:7415.75 C:7417.25 V:3060.0
  📈 Trend: moderate_bullish
  🗺️  Grid: 0.080% | 🔺 7416.75 🔻 7414.25
  📡 RSI: 41.6 | MACD: 0.17 (prev: -0.09) | ATR: 3.04
  📊 Filled: 1 | Pending: 0 | 5m: strong_bullish
  📍 LONG @ 7415.25 | SL: 7407.25 | TP: 7427.25 | P&L: $+1,000.00 | +4.5 to trail
  💰 Daily P&L: $+0.00

[2026-05-08 09:41] O:7417.25 H:7417.25 L:7414.75 C:7414.75 V:2219.0
  📈 Trend: moderate_bullish
  🗺️  Grid: 0.080% | 🔺 7417.50 🔻 7415.75
  📡 RSI: 43.8 | MACD: 0.18 (prev: 0.17) | ATR: 2.93
  📊 Filled: 1 | Pending: 0 | 5m: strong_bullish
  📍 LONG @ 7415.25 | SL: 7407.25 | TP: 7427.25 | P&L: $-250.00 | +3.8 to trail
  💰 Daily P&L: $+0.00

[2026-05-08 09:42] O:7415.00 H:7417.50 L:7414.75 C:7416.75 V:2136.0
  📈 Trend: moderate_bullish (raw: strong_bullish)
  🗺️  Grid: 0.080% | 🔺 7417.25 🔻 7414.75
  📡 RSI: 49.0 | MACD: 0.34 (prev: 0.18) | ATR: 2.96
  📊 Filled: 1 | Pending: 0 | 5m: strong_bullish
  📍 LONG @ 7415.25 | SL: 7407.25 | TP: 7427.25 | P&L: $+750.00 | +3.8 to trail
  💰 Daily P&L: $+0.00

[2026-05-08 09:43] O:7416.75 H:7418.00 L:7416.00 C:7417.75 V:1891.0
  📈 Trend: strong_bullish
  🗺️  Grid: 0.080% | 🔺 7417.50 🔻 7414.75
  📡 RSI: 55.1 | MACD: 0.54 (prev: 0.34) | ATR: 2.86
  📊 Filled: 1 | Pending: 0 | 5m: strong_bullish
  📍 LONG @ 7415.25 | SL: 7407.25 | TP: 7427.25 | P&L: $+1,250.00 | +3.8 to trail
  💰 Daily P&L: $+0.00

[2026-05-08 09:44] O:7418.00 H:7418.75 L:7417.75 C:7418.50 V:2021.0
  📈 Trend: strong_bullish
  🗺️  Grid: 0.080% | 🔺 7418.00 🔻 7416.00
  📡 RSI: 65.5 | MACD: 0.75 (prev: 0.54) | ATR: 2.61
  📊 Filled: 1 | Pending: 0 | 5m: strong_bullish
  📍 LONG @ 7415.25 | SL: 7407.25 | TP: 7427.25 | P&L: $+1,625.00 | +3.2 to trail
  💰 Daily P&L: $+0.00

[2026-05-08 09:45] O:7418.75 H:7419.00 L:7416.75 C:7418.50 V:2342.0
  📈 Trend: strong_bullish
  🗺️  Grid: 0.080% | 🔺 7418.75 🔻 7417.75
  📡 RSI: 61.0 | MACD: 0.91 (prev: 0.75) | ATR: 2.46
  📊 Filled: 1 | Pending: 0 | 5m: strong_bullish
  📍 LONG @ 7415.25 | SL: 7407.25 | TP: 7427.25 | P&L: $+1,625.00 | +2.5 to trail
  💰 Daily P&L: $+0.00

[2026-05-08 09:46] O:7418.50 H:7420.00 L:7418.25 C:7419.75 V:2556.0
  📈 Trend: strong_bullish
  🗺️  Grid: 0.080% | 🔺 7419.00 🔻 7416.75
  📡 RSI: 64.2 | MACD: 1.12 (prev: 0.91) | ATR: 2.46
  📊 Filled: 1 | Pending: 0 | 5m: strong_bullish
  📍 LONG @ 7415.25 | SL: 7407.25 | TP: 7427.25 | P&L: $+2,250.00 | +2.2 to trail
  💰 Daily P&L: $+0.00

[2026-05-08 09:47] O:7419.75 H:7422.00 L:7419.50 C:7420.00 V:3146.0
  📈 Trend: strong_bullish
  🗺️  Grid: 0.080% | 🔺 7420.00 🔻 7418.25
  📡 RSI: 70.7 | MACD: 1.30 (prev: 1.12) | ATR: 2.46
  📊 Filled: 1 | Pending: 0 | 5m: strong_bullish
  📍 LONG @ 7415.25 | SL: 7407.25 | TP: 7427.25 | P&L: $+2,375.00 | +1.2 to trail
  ✏️ Stop order 109 modified → 7421.25 [confirmed]
  🔄 TRAILING ACTIVATED @ +6.75pts | Stop: 7407.25 → 7421.25
  💰 Daily P&L: $+0.00
  ✅ Fill: SLD 10.0 @ 7419.25
  📋 Order 109 status: Filled

[2026-05-08 09:48] O:7420.00 H:7420.25 L:7419.00 C:7419.00 V:2027.0
  📈 Trend: strong_bullish
  🗺️  Grid: 0.080% | 🔺 7422.00 🔻 7419.50
  📡 RSI: 67.1 | MACD: 1.34 (prev: 1.30) | ATR: 2.41
  📊 Filled: 1 | Pending: 0 | 5m: strong_bullish
  📍 LONG @ 7415.25 | Trail: 7421.25 | TP: 7427.25 | P&L: $+1,875.00 | 🔒 Trailing
  📋 Order 110 status: PendingCancel
  📋 Order 110 status: Cancelled
  ✅ EXIT LONG @ 7419.25 | Trailing Stop
     P&L: +4.00 pts ($+2,000.00) | Daily: $+2,000.00
  ⏸️ Cooldown: 2 bar(s) remaining after exit
  💰 Daily P&L: $+2,000.00

[2026-05-08 09:49] O:7419.25 H:7419.75 L:7417.75 C:7419.00 V:2457.0
  📈 Trend: strong_bullish
  🗺️  Grid: 0.080% | 🔺 7420.25 🔻 7419.00
  📡 RSI: 79.1 | MACD: 1.36 (prev: 1.34) | ATR: 2.27
  📊 Filled: 0 | Pending: 0 | 5m: strong_bullish
  ⏸️ Cooldown: 1 bar(s) remaining after exit
  💰 Daily P&L: $+2,000.00

[2026-05-08 09:50] O:7419.00 H:7419.75 L:7417.50 C:7418.50 V:1917.0
  📈 Trend: strong_bullish
  🗺️  Grid: 0.080% | 🔺 7419.75 🔻 7417.75
  📡 RSI: 76.1 | MACD: 1.31 (prev: 1.36) | ATR: 2.23
  📊 Filled: 0 | Pending: 0 | 5m: strong_bullish
  💰 Daily P&L: $+2,000.00

[2026-05-08 09:51] O:7418.75 H:7419.75 L:7418.25 C:7418.50 V:1321.0
  📈 Trend: strong_bullish
  🗺️  Grid: 0.080% | 🔺 7419.75 🔻 7417.50
  📡 RSI: 71.9 | MACD: 1.27 (prev: 1.31) | ATR: 2.11
  📊 Filled: 0 | Pending: 0 | 5m: strong_bullish
  💰 Daily P&L: $+2,000.00

[2026-05-08 09:52] O:7418.50 H:7419.50 L:7417.25 C:7418.75 V:2088.0
  📈 Trend: strong_bullish
  🗺️  Grid: 0.080% | 🔺 7419.75 🔻 7418.25
  📡 RSI: 64.4 | MACD: 1.24 (prev: 1.27) | ATR: 2.02
  📊 Filled: 0 | Pending: 0 | 5m: strong_bullish
  💰 Daily P&L: $+2,000.00

[2026-05-08 09:53] O:7418.75 H:7420.25 L:7418.50 C:7419.25 V:1884.0
  📈 Trend: strong_bullish
  🗺️  Grid: 0.080% | 🔺 7419.50 🔻 7417.25
  📡 RSI: 61.9 | MACD: 1.24 (prev: 1.24) | ATR: 1.96
  📊 Filled: 0 | Pending: 0 | 5m: strong_bullish
  💰 Daily P&L: $+2,000.00

[2026-05-08 09:54] O:7419.50 H:7420.00 L:7418.75 C:7420.00 V:1402.0
  📈 Trend: strong_bullish
  🗺️  Grid: 0.080% | 🔺 7420.25 🔻 7418.50
  📡 RSI: 62.8 | MACD: 1.28 (prev: 1.24) | ATR: 1.93
  📊 Filled: 0 | Pending: 0 | 5m: strong_bullish
  💰 Daily P&L: $+2,000.00

[2026-05-08 09:55] O:7420.00 H:7421.50 L:7419.75 C:7420.75 V:2088.0
  📈 Trend: strong_bullish
  🗺️  Grid: 0.080% | 🔺 7420.00 🔻 7418.75
  📡 RSI: 83.3 | MACD: 1.36 (prev: 1.28) | ATR: 1.88
  📊 Filled: 0 | Pending: 0 | 5m: strong_bullish
  💰 Daily P&L: $+2,000.00

[2026-05-08 09:56] O:7420.50 H:7421.25 L:7418.50 C:7419.50 V:2064.0
  📈 Trend: strong_bullish
  🗺️  Grid: 0.080% | 🔺 7421.50 🔻 7419.75
  📡 RSI: 66.7 | MACD: 1.31 (prev: 1.36) | ATR: 1.88
  📊 Filled: 0 | Pending: 0 | 5m: strong_bullish
  💰 Daily P&L: $+2,000.00

[2026-05-08 09:57] O:7419.50 H:7419.75 L:7418.25 C:7418.25 V:2089.0
  📈 Trend: strong_bullish
  🗺️  Grid: 0.080% | 🔺 7421.25 🔻 7418.50
  📡 RSI: 52.9 | MACD: 1.16 (prev: 1.31) | ATR: 1.84
  📊 Filled: 0 | Pending: 0 | 5m: strong_bullish
  💰 Daily P&L: $+2,000.00

[2026-05-08 09:58] O:7418.25 H:7420.00 L:7418.25 C:7419.50 V:1825.0
  📈 Trend: strong_bullish
  🗺️  Grid: 0.080% | 🔺 7419.75 🔻 7418.25
  📡 RSI: 55.6 | MACD: 1.12 (prev: 1.16) | ATR: 1.89
  📊 Filled: 0 | Pending: 0 | 5m: strong_bullish
  💰 Daily P&L: $+2,000.00

[2026-05-08 09:59] O:7419.50 H:7419.50 L:7417.50 C:7417.75 V:2056.0
  📈 Trend: strong_bullish
  🗺️  Grid: 0.080% | 🔺 7420.00 🔻 7418.25
  📡 RSI: 46.5 | MACD: 0.94 (prev: 1.12) | ATR: 1.88
  📊 Filled: 0 | Pending: 0 | 5m: strong_bullish
  💰 Daily P&L: $+2,000.00

[2026-05-08 10:00] O:7417.75 H:7419.00 L:7417.00 C:7418.25 V:3284.0
  📈 Trend: strong_bullish
  🗺️  Grid: 0.080% | 🔺 7419.50 🔻 7417.50
  📡 RSI: 42.5 | MACD: 0.83 (prev: 0.94) | ATR: 1.89
  📊 Filled: 0 | Pending: 0 | 5m: strong_bullish
  💰 Daily P&L: $+2,000.00

[2026-05-08 10:01] O:7418.25 H:7420.00 L:7418.00 C:7419.75 V:2039.0
  📈 Trend: strong_bullish
  🗺️  Grid: 0.080% | 🔺 7419.00 🔻 7417.00
  📡 RSI: 48.9 | MACD: 0.85 (prev: 0.83) | ATR: 1.86
  📊 Filled: 0 | Pending: 0 | 5m: strong_bullish
  💰 Daily P&L: $+2,000.00

[2026-05-08 10:02] O:7419.75 H:7420.50 L:7417.75 C:7418.50 V:2307.0
  📈 Trend: strong_bullish
  🗺️  Grid: 0.080% | 🔺 7420.00 🔻 7418.00
  📡 RSI: 47.8 | MACD: 0.76 (prev: 0.85) | ATR: 1.96
  📊 Filled: 0 | Pending: 0 | 5m: strong_bullish
  💰 Daily P&L: $+2,000.00

[2026-05-08 10:03] O:7418.25 H:7420.00 L:7418.25 C:7420.00 V:1338.0
  📈 Trend: strong_bullish
  🗺️  Grid: 0.080% | 🔺 7420.50 🔻 7417.75
  📡 RSI: 53.8 | MACD: 0.80 (prev: 0.76) | ATR: 1.95
  📊 Filled: 0 | Pending: 0 | 5m: strong_bullish
  💰 Daily P&L: $+2,000.00

[2026-05-08 10:04] O:7420.00 H:7420.50 L:7417.75 C:7417.75 V:1905.0
  📈 Trend: strong_bullish (raw: moderate_bullish)
  🗺️  Grid: 0.080% | 🔺 7420.00 🔻 7418.25
  📡 RSI: 47.5 | MACD: 0.64 (prev: 0.80) | ATR: 1.98
  📊 Filled: 0 | Pending: 0 | 5m: strong_bullish
  💰 Daily P&L: $+2,000.00

[2026-05-08 10:05] O:7417.75 H:7419.25 L:7417.75 C:7418.25 V:2084.0
  📈 Trend: moderate_bullish
  🗺️  Grid: 0.080% | 🔺 7420.50 🔻 7417.75
  📡 RSI: 49.2 | MACD: 0.55 (prev: 0.64) | ATR: 1.98
  📊 Filled: 0 | Pending: 0 | 5m: strong_bullish
  💰 Daily P&L: $+2,000.00

[2026-05-08 10:06] O:7418.25 H:7420.75 L:7417.25 C:7418.25 V:3063.0
  📈 Trend: moderate_bullish
  🗺️  Grid: 0.080% | 🔺 7419.25 🔻 7417.75
  📡 RSI: 48.3 | MACD: 0.48 (prev: 0.55) | ATR: 2.07
  📊 Filled: 0 | Pending: 0 | 5m: strong_bullish
  💰 Daily P&L: $+2,000.00

[2026-05-08 10:07] O:7418.50 H:7419.25 L:7417.25 C:7417.75 V:1743.0
  📈 Trend: moderate_bullish
  🗺️  Grid: 0.080% | 🔺 7420.75 🔻 7417.25
  📡 RSI: 45.0 | MACD: 0.37 (prev: 0.48) | ATR: 2.09
  📊 Filled: 0 | Pending: 0 | 5m: strong_bullish
  💰 Daily P&L: $+2,000.00

[2026-05-08 10:08] O:7417.75 H:7418.25 L:7415.50 C:7416.50 V:2066.0
  📈 Trend: moderate_bullish
  🗺️  Grid: 0.080% | 🔺 7419.25 🔻 7417.25
  📡 RSI: 38.7 | MACD: 0.18 (prev: 0.37) | ATR: 2.20
  📊 Filled: 0 | Pending: 0 | 5m: strong_bullish
  💰 Daily P&L: $+2,000.00

[2026-05-08 10:09] O:7416.50 H:7417.00 L:7414.00 C:7414.25 V:3903.0
  📈 Trend: moderate_bullish
  🗺️  Grid: 0.080% | 🔺 7418.25 🔻 7415.50
  📡 RSI: 30.9 | MACD: -0.15 (prev: 0.18) | ATR: 2.29
  📊 Filled: 0 | Pending: 0 | 5m: strong_bullish
  💰 Daily P&L: $+2,000.00

[2026-05-08 10:10] O:7414.25 H:7415.50 L:7413.50 C:7415.00 V:2378.0
  📈 Trend: moderate_bullish
  🗺️  Grid: 0.080% | 🔺 7417.00 🔻 7414.00
  📡 RSI: 36.4 | MACD: -0.34 (prev: -0.15) | ATR: 2.23
  📊 Filled: 0 | Pending: 0 | 5m: strong_bullish
  💰 Daily P&L: $+2,000.00

[2026-05-08 10:11] O:7415.00 H:7416.50 L:7415.00 C:7415.25 V:1576.0
  📈 Trend: moderate_bullish
  🗺️  Grid: 0.080% | 🔺 7415.50 🔻 7413.50
  📡 RSI: 40.3 | MACD: -0.47 (prev: -0.34) | ATR: 2.23
  📊 Filled: 0 | Pending: 0 | 5m: strong_bullish
  💰 Daily P&L: $+2,000.00

[2026-05-08 10:12] O:7415.00 H:7415.25 L:7413.25 C:7414.50 V:1983.0
  📈 Trend: moderate_bullish
  🗺️  Grid: 0.080% | 🔺 7416.50 🔻 7415.00
  📡 RSI: 33.3 | MACD: -0.63 (prev: -0.47) | ATR: 2.25
  📊 Filled: 0 | Pending: 0 | 5m: strong_bullish
  💰 Daily P&L: $+2,000.00

[2026-05-08 10:13] O:7414.25 H:7414.50 L:7412.75 C:7413.50 V:1905.0
  📈 Trend: moderate_bullish
  🗺️  Grid: 0.080% | 🔺 7415.25 🔻 7413.25
  📡 RSI: 35.1 | MACD: -0.82 (prev: -0.63) | ATR: 2.23
  📊 Filled: 0 | Pending: 0 | 5m: strong_bullish
  💰 Daily P&L: $+2,000.00

[2026-05-08 10:14] O:7413.25 H:7413.25 L:7411.50 C:7412.75 V:2296.0
  📈 Trend: moderate_bullish
  🗺️  Grid: 0.080% | 🔺 7414.50 🔻 7412.75
  📡 RSI: 31.0 | MACD: -1.03 (prev: -0.82) | ATR: 2.23
  📊 Filled: 0 | Pending: 0 | 5m: strong_bullish
  💰 Daily P&L: $+2,000.00

[2026-05-08 10:15] O:7412.75 H:7413.00 L:7411.00 C:7411.50 V:1837.0
  📈 Trend: moderate_bullish
  🗺️  Grid: 0.080% | 🔺 7413.25 🔻 7411.50
  📡 RSI: 21.1 | MACD: -1.27 (prev: -1.03) | ATR: 2.23
  📊 Filled: 0 | Pending: 0 | 5m: strong_bullish
  💰 Daily P&L: $+2,000.00

[2026-05-08 10:16] O:7411.75 H:7412.25 L:7409.50 C:7411.25 V:3030.0
  📈 Trend: moderate_bullish (raw: strong_bearish)
  🗺️  Grid: 0.080% | 🔺 7413.00 🔻 7411.00
  📡 RSI: 22.6 | MACD: -1.47 (prev: -1.27) | ATR: 2.23
  📊 Filled: 0 | Pending: 0 | 5m: strong_bullish
  💰 Daily P&L: $+2,000.00

[2026-05-08 10:17] O:7411.25 H:7411.25 L:7409.25 C:7409.75 V:2264.0
  📈 Trend: strong_bearish
  🗺️  Grid: 0.080% | 🔺 7412.25 🔻 7409.50
  📡 RSI: 11.3 | MACD: -1.73 (prev: -1.47) | ATR: 2.25
  📊 Filled: 0 | Pending: 0 | 5m: strong_bullish
  🚫 5m trend mismatch: 1m=strong_bearish vs 5m=strong_bullish
  💰 Daily P&L: $+2,000.00

[2026-05-08 10:18] O:7409.50 H:7410.50 L:7407.25 C:7408.75 V:3438.0
  📈 Trend: strong_bearish
  🗺️  Grid: 0.080% | 🔺 7411.25 🔻 7409.25
  📡 RSI: 12.5 | MACD: -1.99 (prev: -1.73) | ATR: 2.29
  📊 Filled: 0 | Pending: 0 | 5m: strong_bullish
  🚫 5m trend mismatch: 1m=strong_bearish vs 5m=strong_bullish
  💰 Daily P&L: $+2,000.00

[2026-05-08 10:19] O:7408.50 H:7411.50 L:7408.50 C:7411.00 V:3529.0
  📈 Trend: strong_bearish
  🗺️  Grid: 0.080% | 🔺 7410.50 🔻 7407.25
  📡 RSI: 23.6 | MACD: -2.00 (prev: -1.99) | ATR: 2.39
  📊 Filled: 0 | Pending: 0 | 5m: strong_bullish
  🚫 5m trend mismatch: 1m=strong_bearish vs 5m=strong_bullish
  💰 Daily P&L: $+2,000.00

[2026-05-08 10:20] O:7410.75 H:7413.00 L:7409.75 C:7412.50 V:2771.0
  📈 Trend: strong_bearish
  🗺️  Grid: 0.080% | 🔺 7411.50 🔻 7408.50
  📡 RSI: 31.1 | MACD: -1.86 (prev: -2.00) | ATR: 2.38
  📊 Filled: 0 | Pending: 0 | 5m: strong_bullish
  🚫 5m trend mismatch: 1m=strong_bearish vs 5m=strong_bullish
  💰 Daily P&L: $+2,000.00

[2026-05-08 10:21] O:7412.25 H:7416.50 L:7412.25 C:7416.50 V:3997.0
  📈 Trend: strong_bearish (raw: moderate_bearish)
  🗺️  Grid: 0.080% | 🔺 7413.00 🔻 7409.75
  📡 RSI: 46.7 | MACD: -1.41 (prev: -1.86) | ATR: 2.54
  📊 Filled: 0 | Pending: 0 | 5m: strong_bullish
  🚫 5m trend mismatch: 1m=strong_bearish vs 5m=strong_bullish
  💰 Daily P&L: $+2,000.00

[2026-05-08 10:22] O:7416.50 H:7416.75 L:7414.75 C:7415.00 V:2305.0
  📈 Trend: moderate_bearish
  🗺️  Grid: 0.080% | 🔺 7416.50 🔻 7412.25
  📡 RSI: 46.1 | MACD: -1.16 (prev: -1.41) | ATR: 2.48
  📊 Filled: 0 | Pending: 0 | 5m: strong_bullish
  🚫 5m trend mismatch: 1m=moderate_bearish vs 5m=strong_bullish
  💰 Daily P&L: $+2,000.00

[2026-05-08 10:23] O:7414.75 H:7415.75 L:7414.00 C:7414.25 V:1687.0
  📈 Trend: moderate_bearish
  🗺️  Grid: 0.080% | 🔺 7416.75 🔻 7414.75
  📡 RSI: 50.0 | MACD: -1.01 (prev: -1.16) | ATR: 2.39
  📊 Filled: 0 | Pending: 0 | 5m: strong_bullish
  🚫 5m trend mismatch: 1m=moderate_bearish vs 5m=strong_bullish
  💰 Daily P&L: $+2,000.00

[2026-05-08 10:24] O:7414.25 H:7415.25 L:7412.25 C:7412.50 V:1817.0
  📈 Trend: moderate_bearish
  🗺️  Grid: 0.080% | 🔺 7415.75 🔻 7414.00
  📡 RSI: 43.2 | MACD: -1.02 (prev: -1.01) | ATR: 2.46
  📊 Filled: 0 | Pending: 0 | 5m: strong_bullish
  🚫 5m trend mismatch: 1m=moderate_bearish vs 5m=strong_bullish
  💰 Daily P&L: $+2,000.00

[2026-05-08 10:25] O:7412.75 H:7413.75 L:7412.00 C:7413.00 V:1829.0
  📈 Trend: moderate_bearish
  🗺️  Grid: 0.080% | 🔺 7415.25 🔻 7412.25
  📡 RSI: 44.0 | MACD: -0.98 (prev: -1.02) | ATR: 2.48
  📊 Filled: 0 | Pending: 0 | 5m: strong_bullish
  🚫 5m trend mismatch: 1m=moderate_bearish vs 5m=strong_bullish
  💰 Daily P&L: $+2,000.00

[2026-05-08 10:26] O:7412.75 H:7414.50 L:7411.50 C:7411.75 V:1661.0
  📈 Trend: moderate_bearish
  🗺️  Grid: 0.080% | 🔺 7413.75 🔻 7412.00
  📡 RSI: 42.9 | MACD: -1.04 (prev: -0.98) | ATR: 2.55
  📊 Filled: 0 | Pending: 0 | 5m: strong_bullish
  🚫 5m trend mismatch: 1m=moderate_bearish vs 5m=strong_bullish
  💰 Daily P&L: $+2,000.00

[2026-05-08 10:27] O:7411.75 H:7414.25 L:7411.75 C:7414.00 V:1323.0
  📈 Trend: moderate_bearish
  🗺️  Grid: 0.080% | 🔺 7414.50 🔻 7411.50
  📡 RSI: 51.2 | MACD: -0.89 (prev: -1.04) | ATR: 2.61
  📊 Filled: 0 | Pending: 0 | 5m: strong_bullish
  🚫 5m trend mismatch: 1m=moderate_bearish vs 5m=strong_bullish
  💰 Daily P&L: $+2,000.00

[2026-05-08 10:28] O:7414.00 H:7414.25 L:7412.75 C:7413.25 V:1127.0
  📈 Trend: moderate_bearish
  🗺️  Grid: 0.080% | 🔺 7414.25 🔻 7411.75
  📡 RSI: 51.2 | MACD: -0.82 (prev: -0.89) | ATR: 2.57
  📊 Filled: 0 | Pending: 0 | 5m: strong_bullish
  🚫 5m trend mismatch: 1m=moderate_bearish vs 5m=strong_bullish
  💰 Daily P&L: $+2,000.00

[2026-05-08 10:29] O:7413.00 H:7416.25 L:7412.50 C:7416.00 V:2305.0
  📈 Trend: moderate_bearish (raw: moderate_bullish)
  🗺️  Grid: 0.080% | 🔺 7414.25 🔻 7412.75
  📡 RSI: 60.2 | MACD: -0.54 (prev: -0.82) | ATR: 2.70
  📊 Filled: 0 | Pending: 0 | 5m: strong_bullish
  🚫 5m trend mismatch: 1m=moderate_bearish vs 5m=strong_bullish
  💰 Daily P&L: $+2,000.00

[2026-05-08 10:30] O:7416.00 H:7417.00 L:7410.50 C:7412.00 V:6422.0
  📈 Trend: moderate_bearish
  🗺️  Grid: 0.080% | 🔺 7416.25 🔻 7412.50
  📡 RSI: 51.5 | MACD: -0.64 (prev: -0.54) | ATR: 2.96
  📊 Filled: 0 | Pending: 0 | 5m: strong_bullish
  🚫 5m trend mismatch: 1m=moderate_bearish vs 5m=strong_bullish
  💰 Daily P&L: $+2,000.00

[2026-05-08 10:31] O:7411.75 H:7415.25 L:7410.00 C:7415.25 V:3446.0
  📈 Trend: moderate_bearish (raw: moderate_bullish)
  🗺️  Grid: 0.080% | 🔺 7417.00 🔻 7410.50
  📡 RSI: 60.0 | MACD: -0.44 (prev: -0.64) | ATR: 3.20
  📊 Filled: 0 | Pending: 0 | 5m: strong_bullish
  🚫 5m trend mismatch: 1m=moderate_bearish vs 5m=strong_bullish
  💰 Daily P&L: $+2,000.00

[2026-05-08 10:32] O:7415.00 H:7416.25 L:7414.50 C:7415.50 V:2085.0
  📈 Trend: moderate_bullish
  🗺️  Grid: 0.080% | 🔺 7415.25 🔻 7410.00
  📡 RSI: 62.6 | MACD: -0.26 (prev: -0.44) | ATR: 3.09
  📊 Filled: 0 | Pending: 0 | 5m: strong_bullish
  💰 Daily P&L: $+2,000.00

[2026-05-08 10:33] O:7415.25 H:7415.50 L:7414.25 C:7414.75 V:1785.0
  📈 Trend: moderate_bullish
  🗺️  Grid: 0.080% | 🔺 7416.25 🔻 7414.50
  📡 RSI: 57.4 | MACD: -0.18 (prev: -0.26) | ATR: 2.96
  📊 Filled: 0 | Pending: 0 | 5m: strong_bullish
  💰 Daily P&L: $+2,000.00

[2026-05-08 10:34] O:7414.50 H:7416.50 L:7414.00 C:7416.50 V:1695.0
  📈 Trend: moderate_bullish (raw: strong_bullish)
  🗺️  Grid: 0.080% | 🔺 7415.50 🔻 7414.25
  📡 RSI: 57.8 | MACD: 0.02 (prev: -0.18) | ATR: 2.91
  📊 Filled: 0 | Pending: 0 | 5m: strong_bullish
  💰 Daily P&L: $+2,000.00

[2026-05-08 10:35] O:7416.50 H:7417.50 L:7415.75 C:7417.25 V:3031.0
  📈 Trend: strong_bullish
  🗺️  Grid: 0.080% | 🔺 7416.50 🔻 7414.00
  📡 RSI: 51.7 | MACD: 0.24 (prev: 0.02) | ATR: 2.73
  📊 Filled: 0 | Pending: 0 | 5m: strong_bullish
  💰 Daily P&L: $+2,000.00

[2026-05-08 10:36] O:7417.00 H:7420.50 L:7416.75 C:7420.25 V:3968.0
  📈 Trend: strong_bullish
  🗺️  Grid: 0.080% | 🔺 7417.50 🔻 7415.75
  📡 RSI: 61.1 | MACD: 0.65 (prev: 0.24) | ATR: 2.86
  📊 Filled: 0 | Pending: 0 | 5m: strong_bullish
  💰 Daily P&L: $+2,000.00

[2026-05-08 10:37] O:7420.00 H:7420.50 L:7418.25 C:7418.50 V:2140.0
  📈 Trend: strong_bullish
  🗺️  Grid: 0.080% | 🔺 7420.50 🔻 7416.75
  📡 RSI: 58.6 | MACD: 0.83 (prev: 0.65) | ATR: 2.89
  📊 Filled: 0 | Pending: 0 | 5m: strong_bullish
  💰 Daily P&L: $+2,000.00

[2026-05-08 10:38] O:7418.50 H:7419.50 L:7418.25 C:7419.25 V:1486.0
  📈 Trend: strong_bullish
  🗺️  Grid: 0.080% | 🔺 7420.50 🔻 7418.25
  📡 RSI: 64.2 | MACD: 1.01 (prev: 0.83) | ATR: 2.77
  📊 Filled: 0 | Pending: 0 | 5m: strong_bullish
  💰 Daily P&L: $+2,000.00

[2026-05-08 10:39] O:7419.25 H:7420.25 L:7419.25 C:7419.75 V:1359.0
  📈 Trend: strong_bullish
  🗺️  Grid: 0.080% | 🔺 7419.50 🔻 7418.25
  📡 RSI: 64.2 | MACD: 1.19 (prev: 1.01) | ATR: 2.71
  📊 Filled: 0 | Pending: 0 | 5m: strong_bullish
  💰 Daily P&L: $+2,000.00

[2026-05-08 10:40] O:7419.75 H:7420.50 L:7419.25 C:7420.00 V:1773.0
  📈 Trend: strong_bullish
  🗺️  Grid: 0.080% | 🔺 7420.25 🔻 7419.25
  📡 RSI: 68.1 | MACD: 1.33 (prev: 1.19) | ATR: 2.59
  📊 Filled: 0 | Pending: 0 | 5m: strong_bullish
  💰 Daily P&L: $+2,000.00

[2026-05-08 10:41] O:7420.00 H:7420.25 L:7417.75 C:7417.75 V:1821.0
  📈 Trend: strong_bullish
  🗺️  Grid: 0.080% | 🔺 7420.50 🔻 7419.25
  📡 RSI: 58.2 | MACD: 1.25 (prev: 1.33) | ATR: 2.59
  📊 Filled: 0 | Pending: 0 | 5m: strong_bullish
  💰 Daily P&L: $+2,000.00

[2026-05-08 10:42] O:7417.75 H:7418.25 L:7416.00 C:7416.75 V:1980.0
  📈 Trend: strong_bullish
  🗺️  Grid: 0.080% | 🔺 7420.25 🔻 7417.75
  📡 RSI: 57.6 | MACD: 1.09 (prev: 1.25) | ATR: 2.64
  📊 Filled: 0 | Pending: 0 | 5m: strong_bullish
  💰 Daily P&L: $+2,000.00

[2026-05-08 10:43] O:7416.75 H:7417.00 L:7412.50 C:7414.25 V:5196.0
  📈 Trend: strong_bullish
  🗺️  Grid: 0.080% | 🔺 7418.25 🔻 7416.00
  📡 RSI: 46.2 | MACD: 0.75 (prev: 1.09) | ATR: 2.70
  📊 Filled: 0 | Pending: 0 | 5m: strong_bullish
  💰 Daily P&L: $+2,000.00

[2026-05-08 10:44] O:7414.25 H:7416.50 L:7414.00 C:7414.50 V:2423.0
  📈 Trend: strong_bullish
  🗺️  Grid: 0.080% | 🔺 7417.00 🔻 7412.50
  📡 RSI: 56.6 | MACD: 0.50 (prev: 0.75) | ATR: 2.41
  📊 Filled: 0 | Pending: 0 | 5m: strong_bullish
  💰 Daily P&L: $+2,000.00

[2026-05-08 10:45] O:7414.50 H:7416.00 L:7413.25 C:7415.50 V:3184.0
  📈 Trend: strong_bullish
  🗺️  Grid: 0.080% | 🔺 7416.50 🔻 7414.00
  📡 RSI: 50.7 | MACD: 0.38 (prev: 0.50) | ATR: 2.23
  📊 Filled: 0 | Pending: 0 | 5m: strong_bullish
  💰 Daily P&L: $+2,000.00

[2026-05-08 10:46] O:7415.75 H:7418.25 L:7415.75 C:7417.50 V:1682.0
  📈 Trend: strong_bullish
  🗺️  Grid: 0.080% | 🔺 7416.00 🔻 7413.25
  📡 RSI: 55.4 | MACD: 0.44 (prev: 0.38) | ATR: 2.30
  📊 Filled: 0 | Pending: 0 | 5m: strong_bullish
  💰 Daily P&L: $+2,000.00

[2026-05-08 10:47] O:7417.75 H:7420.50 L:7416.75 C:7420.50 V:4355.0
  📈 Trend: strong_bullish
  🗺️  Grid: 0.080% | 🔺 7418.25 🔻 7415.75
  📡 RSI: 63.9 | MACD: 0.72 (prev: 0.44) | ATR: 2.48
  📊 Filled: 0 | Pending: 0 | 5m: strong_bullish
  💰 Daily P&L: $+2,000.00

[2026-05-08 10:48] O:7420.25 H:7420.50 L:7419.00 C:7419.25 V:1772.0
  📈 Trend: strong_bullish
  🗺️  Grid: 0.080% | 🔺 7420.50 🔻 7416.75
  📡 RSI: 56.8 | MACD: 0.83 (prev: 0.72) | ATR: 2.41
  📊 Filled: 0 | Pending: 0 | 5m: strong_bullish
  💰 Daily P&L: $+2,000.00

[2026-05-08 10:49] O:7419.25 H:7419.25 L:7417.50 C:7417.75 V:1625.0
  📈 Trend: strong_bullish
  🗺️  Grid: 0.080% | 🔺 7420.50 🔻 7419.00
  📡 RSI: 51.2 | MACD: 0.79 (prev: 0.83) | ATR: 2.41
  📊 Filled: 0 | Pending: 0 | 5m: strong_bullish
  💰 Daily P&L: $+2,000.00

[2026-05-08 10:50] O:7417.75 H:7418.75 L:7417.25 C:7417.25 V:1473.0
  📈 Trend: strong_bullish
  🗺️  Grid: 0.080% | 🔺 7419.25 🔻 7417.50
  📡 RSI: 41.9 | MACD: 0.71 (prev: 0.79) | ATR: 2.25
  📊 Filled: 0 | Pending: 0 | 5m: strong_bullish
  💰 Daily P&L: $+2,000.00

[2026-05-08 10:51] O:7417.25 H:7417.50 L:7415.75 C:7416.50 V:1505.0
  📈 Trend: strong_bullish
  🗺️  Grid: 0.080% | 🔺 7418.75 🔻 7417.25
  📡 RSI: 44.3 | MACD: 0.57 (prev: 0.71) | ATR: 2.21
  📊 Filled: 0 | Pending: 0 | 5m: strong_bullish
  💰 Daily P&L: $+2,000.00

[2026-05-08 10:52] O:7416.50 H:7417.75 L:7414.50 C:7415.00 V:2374.0
  📈 Trend: strong_bullish
  🗺️  Grid: 0.080% | 🔺 7417.50 🔻 7415.75
  📡 RSI: 38.4 | MACD: 0.34 (prev: 0.57) | ATR: 2.36
  📊 Filled: 0 | Pending: 0 | 5m: strong_bullish
  💰 Daily P&L: $+2,000.00

[2026-05-08 10:53] O:7415.25 H:7417.00 L:7415.00 C:7416.50 V:1004.0
  📈 Trend: strong_bullish (raw: moderate_bullish)
  🗺️  Grid: 0.080% | 🔺 7417.75 🔻 7414.50
  📡 RSI: 41.6 | MACD: 0.28 (prev: 0.34) | ATR: 2.43
  📊 Filled: 0 | Pending: 0 | 5m: strong_bullish
  💰 Daily P&L: $+2,000.00

[2026-05-08 10:54] O:7416.50 H:7418.25 L:7416.50 C:7417.00 V:1102.0
  📈 Trend: moderate_bullish
  🗺️  Grid: 0.080% | 🔺 7417.00 🔻 7415.00
  📡 RSI: 42.3 | MACD: 0.27 (prev: 0.28) | ATR: 2.46
  📊 Filled: 0 | Pending: 0 | 5m: strong_bullish
  💰 Daily P&L: $+2,000.00

[2026-05-08 10:55] O:7417.25 H:7417.25 L:7414.25 C:7415.25 V:1722.0
  📈 Trend: moderate_bullish
  🗺️  Grid: 0.080% | 🔺 7418.25 🔻 7416.50
  📡 RSI: 43.4 | MACD: 0.11 (prev: 0.27) | ATR: 2.50
  📊 Filled: 0 | Pending: 0 | 5m: strong_bullish
  💰 Daily P&L: $+2,000.00

[2026-05-08 10:56] O:7415.50 H:7418.00 L:7415.25 C:7418.00 V:1364.0
  📈 Trend: moderate_bullish
  🗺️  Grid: 0.080% | 🔺 7417.25 🔻 7414.25
  📡 RSI: 53.0 | MACD: 0.21 (prev: 0.11) | ATR: 2.54
  📊 Filled: 0 | Pending: 0 | 5m: strong_bullish
  💰 Daily P&L: $+2,000.00

[2026-05-08 10:57] O:7418.00 H:7418.25 L:7416.25 C:7416.25 V:914.0
  📈 Trend: moderate_bullish
  🗺️  Grid: 0.080% | 🔺 7418.00 🔻 7415.25
  📡 RSI: 55.0 | MACD: 0.15 (prev: 0.21) | ATR: 2.36
  📊 Filled: 0 | Pending: 0 | 5m: strong_bullish
  💰 Daily P&L: $+2,000.00

[2026-05-08 10:58] O:7416.50 H:7417.00 L:7414.00 C:7414.00 V:1635.0
  📈 Trend: moderate_bullish
  🗺️  Grid: 0.080% | 🔺 7418.25 🔻 7416.25
  📡 RSI: 48.9 | MACD: -0.09 (prev: 0.15) | ATR: 2.39
  📊 Filled: 0 | Pending: 0 | 5m: moderate_bullish
  💰 Daily P&L: $+2,000.00

[2026-05-08 10:59] O:7414.00 H:7416.00 L:7413.75 C:7416.00 V:1306.0
  📈 Trend: moderate_bullish
  🗺️  Grid: 0.080% | 🔺 7417.00 🔻 7414.00
  📡 RSI: 51.1 | MACD: -0.11 (prev: -0.09) | ATR: 2.36
  📊 Filled: 0 | Pending: 0 | 5m: moderate_bullish
  💰 Daily P&L: $+2,000.00

[2026-05-08 11:00] O:7415.75 H:7418.50 L:7415.50 C:7418.25 V:3541.0
  📈 Trend: moderate_bullish (raw: strong_bullish)
  🗺️  Grid: 0.080% | 🔺 7416.00 🔻 7413.75
  📡 RSI: 51.6 | MACD: 0.06 (prev: -0.11) | ATR: 2.38
  📊 Filled: 0 | Pending: 0 | 5m: moderate_bullish
  💰 Daily P&L: $+2,000.00

[2026-05-08 11:01] O:7418.25 H:7419.75 L:7417.75 C:7419.50 V:1490.0
  📈 Trend: strong_bullish
  🗺️  Grid: 0.080% | 🔺 7418.50 🔻 7415.50
  📡 RSI: 47.7 | MACD: 0.28 (prev: 0.06) | ATR: 2.25
  📊 Filled: 0 | Pending: 0 | 5m: moderate_bullish
  💰 Daily P&L: $+2,000.00

[2026-05-08 11:02] O:7419.75 H:7419.75 L:7417.75 C:7418.00 V:1147.0
  📈 Trend: strong_bullish
  🗺️  Grid: 0.080% | 🔺 7419.75 🔻 7417.75
  📡 RSI: 47.1 | MACD: 0.34 (prev: 0.28) | ATR: 2.29
  📊 Filled: 0 | Pending: 0 | 5m: moderate_bullish
  💰 Daily P&L: $+2,000.00

[2026-05-08 11:03] O:7417.75 H:7418.50 L:7417.50 C:7418.00 V:1672.0
  📈 Trend: strong_bullish
  🗺️  Grid: 0.080% | 🔺 7419.75 🔻 7417.75
  📡 RSI: 50.6 | MACD: 0.38 (prev: 0.34) | ATR: 2.23
  📊 Filled: 0 | Pending: 0 | 5m: strong_bullish
  💰 Daily P&L: $+2,000.00

[2026-05-08 11:04] O:7418.25 H:7419.50 L:7417.25 C:7418.25 V:2498.0
  📈 Trend: strong_bullish
  🗺️  Grid: 0.080% | 🔺 7418.50 🔻 7417.50
  📡 RSI: 52.5 | MACD: 0.43 (prev: 0.38) | ATR: 2.29
  📊 Filled: 0 | Pending: 0 | 5m: strong_bullish
  💰 Daily P&L: $+2,000.00

[2026-05-08 11:05] O:7418.25 H:7422.25 L:7418.00 C:7420.00 V:4715.0
  📈 Trend: strong_bullish
  🗺️  Grid: 0.080% | 🔺 7419.50 🔻 7417.25
  📡 RSI: 58.3 | MACD: 0.60 (prev: 0.43) | ATR: 2.46
  📊 Filled: 0 | Pending: 0 | 5m: strong_bullish
  💰 Daily P&L: $+2,000.00

[2026-05-08 11:06] O:7420.25 H:7420.50 L:7419.00 C:7420.25 V:1933.0
  📈 Trend: strong_bullish
  🗺️  Grid: 0.080% | 🔺 7422.25 🔻 7418.00
  📡 RSI: 63.3 | MACD: 0.74 (prev: 0.60) | ATR: 2.34
  📊 Filled: 0 | Pending: 0 | 5m: strong_bullish
  💰 Daily P&L: $+2,000.00

[2026-05-08 11:07] O:7420.50 H:7420.75 L:7419.50 C:7419.75 V:1001.0
  📈 Trend: strong_bullish
  🗺️  Grid: 0.080% | 🔺 7420.50 🔻 7419.00
  📡 RSI: 58.7 | MACD: 0.81 (prev: 0.74) | ATR: 2.29
  📊 Filled: 0 | Pending: 0 | 5m: strong_bullish
  💰 Daily P&L: $+2,000.00

[2026-05-08 11:08] O:7420.00 H:7420.25 L:7418.25 C:7418.75 V:1219.0
  📈 Trend: strong_bullish
  🗺️  Grid: 0.080% | 🔺 7420.75 🔻 7419.50
  📡 RSI: 54.5 | MACD: 0.77 (prev: 0.81) | ATR: 2.30
  📊 Filled: 0 | Pending: 0 | 5m: strong_bullish
  💰 Daily P&L: $+2,000.00

[2026-05-08 11:09] O:7419.00 H:7419.75 L:7418.25 C:7419.50 V:582.0
  📈 Trend: strong_bullish
  🗺️  Grid: 0.080% | 🔺 7420.25 🔻 7418.25
  📡 RSI: 61.6 | MACD: 0.80 (prev: 0.77) | ATR: 2.20
  📊 Filled: 0 | Pending: 0 | 5m: strong_bullish
  💰 Daily P&L: $+2,000.00

[2026-05-08 11:10] O:7419.50 H:7421.00 L:7418.50 C:7418.50 V:1438.0
  📈 Trend: strong_bullish
  🗺️  Grid: 0.080% | 🔺 7419.75 🔻 7418.25
  📡 RSI: 51.5 | MACD: 0.73 (prev: 0.80) | ATR: 2.18
  📊 Filled: 0 | Pending: 0 | 5m: strong_bullish
  💰 Daily P&L: $+2,000.00

[2026-05-08 11:11] O:7418.50 H:7419.75 L:7417.75 C:7419.00 V:1125.0
  📈 Trend: strong_bullish
  🗺️  Grid: 0.080% | 🔺 7421.00 🔻 7418.50
  📡 RSI: 59.0 | MACD: 0.70 (prev: 0.73) | ATR: 2.18
  📊 Filled: 0 | Pending: 0 | 5m: strong_bullish
  💰 Daily P&L: $+2,000.00

[2026-05-08 11:12] O:7419.25 H:7420.00 L:7419.00 C:7419.00 V:847.0
  📈 Trend: strong_bullish
  🗺️  Grid: 0.080% | 🔺 7419.75 🔻 7417.75
  📡 RSI: 69.2 | MACD: 0.67 (prev: 0.70) | ATR: 2.04
  📊 Filled: 0 | Pending: 0 | 5m: strong_bullish
  💰 Daily P&L: $+2,000.00

[2026-05-08 11:13] O:7419.25 H:7420.25 L:7419.00 C:7420.25 V:669.0
  📈 Trend: strong_bullish
  🗺️  Grid: 0.080% | 🔺 7420.00 🔻 7419.00
  📡 RSI: 67.3 | MACD: 0.75 (prev: 0.67) | ATR: 1.96
  📊 Filled: 0 | Pending: 0 | 5m: strong_bullish
  💰 Daily P&L: $+2,000.00

[2026-05-08 11:14] O:7420.25 H:7421.50 L:7419.50 C:7420.75 V:1551.0
  📈 Trend: strong_bullish
  🗺️  Grid: 0.080% | 🔺 7420.25 🔻 7419.00
  📡 RSI: 61.9 | MACD: 0.83 (prev: 0.75) | ATR: 1.89
  📊 Filled: 0 | Pending: 0 | 5m: strong_bullish
  💰 Daily P&L: $+2,000.00

[2026-05-08 11:15] O:7420.75 H:7422.25 L:7420.50 C:7421.25 V:1861.0
  📈 Trend: strong_bullish
  🗺️  Grid: 0.080% | 🔺 7421.50 🔻 7419.50
  📡 RSI: 59.0 | MACD: 0.93 (prev: 0.83) | ATR: 1.88
  📊 Filled: 0 | Pending: 0 | 5m: strong_bullish
  💰 Daily P&L: $+2,000.00

[2026-05-08 11:16] O:7421.25 H:7422.00 L:7420.00 C:7420.25 V:1250.0
  📈 Trend: strong_bullish
  🗺️  Grid: 0.080% | 🔺 7422.25 🔻 7420.50
  📡 RSI: 62.2 | MACD: 0.92 (prev: 0.93) | ATR: 1.88
  📊 Filled: 0 | Pending: 0 | 5m: strong_bullish
  💰 Daily P&L: $+2,000.00

[2026-05-08 11:17] O:7420.25 H:7421.75 L:7420.25 C:7420.50 V:897.0
  📈 Trend: strong_bullish
  🗺️  Grid: 0.080% | 🔺 7422.00 🔻 7420.00
  📡 RSI: 63.2 | MACD: 0.92 (prev: 0.92) | ATR: 1.91
  📊 Filled: 0 | Pending: 0 | 5m: strong_bullish
  💰 Daily P&L: $+2,000.00

[2026-05-08 11:18] O:7420.50 H:7421.25 L:7420.00 C:7421.25 V:845.0
  📈 Trend: strong_bullish
  🗺️  Grid: 0.080% | 🔺 7421.75 🔻 7420.25
  📡 RSI: 65.0 | MACD: 0.97 (prev: 0.92) | ATR: 1.84
  📊 Filled: 0 | Pending: 0 | 5m: strong_bullish
  💰 Daily P&L: $+2,000.00

[2026-05-08 11:19] O:7421.25 H:7421.50 L:7419.50 C:7419.50 V:1208.0
  📈 Trend: strong_bullish
  🗺️  Grid: 0.080% | 🔺 7421.25 🔻 7420.00
  📡 RSI: 47.5 | MACD: 0.85 (prev: 0.97) | ATR: 1.68
  📊 Filled: 0 | Pending: 0 | 5m: strong_bullish
  💰 Daily P&L: $+2,000.00

[2026-05-08 11:20] O:7419.50 H:7421.25 L:7419.25 C:7419.75 V:965.0
  📈 Trend: strong_bullish
  🗺️  Grid: 0.080% | 🔺 7421.50 🔻 7419.50
  📡 RSI: 47.5 | MACD: 0.78 (prev: 0.85) | ATR: 1.71
  📊 Filled: 0 | Pending: 0 | 5m: strong_bullish
  💰 Daily P&L: $+2,000.00

[2026-05-08 11:21] O:7419.50 H:7420.75 L:7419.00 C:7420.00 V:862.0
  📈 Trend: strong_bullish
  🗺️  Grid: 0.080% | 🔺 7421.25 🔻 7419.25
  📡 RSI: 51.3 | MACD: 0.73 (prev: 0.78) | ATR: 1.75
  📊 Filled: 0 | Pending: 0 | 5m: strong_bullish
  💰 Daily P&L: $+2,000.00

[2026-05-08 11:22] O:7420.00 H:7420.25 L:7419.50 C:7419.50 V:708.0
  📈 Trend: strong_bullish
  🗺️  Grid: 0.080% | 🔺 7420.75 🔻 7419.00
  📡 RSI: 54.1 | MACD: 0.64 (prev: 0.73) | ATR: 1.66
  📊 Filled: 0 | Pending: 0 | 5m: strong_bullish
  💰 Daily P&L: $+2,000.00

[2026-05-08 11:23] O:7419.75 H:7421.00 L:7419.50 C:7420.75 V:888.0
  📈 Trend: strong_bullish
  🗺️  Grid: 0.080% | 🔺 7420.25 🔻 7419.50
  📡 RSI: 56.4 | MACD: 0.66 (prev: 0.64) | ATR: 1.66
  📊 Filled: 0 | Pending: 0 | 5m: strong_bullish
  💰 Daily P&L: $+2,000.00

[2026-05-08 11:24] O:7421.00 H:7421.25 L:7420.75 C:7420.75 V:678.0
  📈 Trend: strong_bullish
  🗺️  Grid: 0.080% | 🔺 7421.00 🔻 7419.50
  📡 RSI: 62.9 | MACD: 0.67 (prev: 0.66) | ATR: 1.52
  📊 Filled: 0 | Pending: 0 | 5m: strong_bullish
  💰 Daily P&L: $+2,000.00

[2026-05-08 11:25] O:7420.75 H:7422.25 L:7419.75 C:7420.25 V:2322.0
  📈 Trend: strong_bullish (raw: moderate_bullish)
  🗺️  Grid: 0.080% | 🔺 7421.25 🔻 7420.75
  📡 RSI: 57.1 | MACD: 0.63 (prev: 0.67) | ATR: 1.55
  📊 Filled: 0 | Pending: 0 | 5m: strong_bullish
  💰 Daily P&L: $+2,000.00

[2026-05-08 11:26] O:7420.25 H:7423.50 L:7420.25 C:7423.00 V:2198.0
  📈 Trend: strong_bullish
  🗺️  Grid: 0.080% | 🔺 7422.25 🔻 7419.75
  📡 RSI: 67.4 | MACD: 0.82 (prev: 0.63) | ATR: 1.71
  📊 Filled: 0 | Pending: 0 | 5m: strong_bullish
  💰 Daily P&L: $+2,000.00

[2026-05-08 11:27] O:7423.00 H:7424.00 L:7423.00 C:7423.75 V:1383.0
  📈 Trend: strong_bullish
  🗺️  Grid: 0.080% | 🔺 7423.50 🔻 7420.25
  📡 RSI: 65.9 | MACD: 1.01 (prev: 0.82) | ATR: 1.70
  📊 Filled: 0 | Pending: 0 | 5m: strong_bullish
  💰 Daily P&L: $+2,000.00

[2026-05-08 11:28] O:7424.00 H:7424.25 L:7422.25 C:7422.75 V:1148.0
  📈 Trend: strong_bullish
  🗺️  Grid: 0.080% | 🔺 7424.00 🔻 7423.00
  📡 RSI: 58.7 | MACD: 1.07 (prev: 1.01) | ATR: 1.70
  📊 Filled: 0 | Pending: 0 | 5m: strong_bullish
  💰 Daily P&L: $+2,000.00

[2026-05-08 11:29] O:7422.75 H:7423.50 L:7422.00 C:7422.25 V:849.0
  📈 Trend: strong_bullish
  🗺️  Grid: 0.080% | 🔺 7424.25 🔻 7422.25
  📡 RSI: 54.3 | MACD: 1.06 (prev: 1.07) | ATR: 1.68
  📊 Filled: 0 | Pending: 0 | 5m: strong_bullish
  💰 Daily P&L: $+2,000.00

[2026-05-08 11:30] O:7422.50 H:7423.25 L:7420.50 C:7420.50 V:1253.0
  📈 Trend: strong_bullish
  🗺️  Grid: 0.080% | 🔺 7423.50 🔻 7422.00
  📡 RSI: 51.0 | MACD: 0.91 (prev: 1.06) | ATR: 1.73
  📊 Filled: 0 | Pending: 0 | 5m: strong_bullish
  💰 Daily P&L: $+2,000.00

[2026-05-08 11:31] O:7420.75 H:7421.50 L:7419.75 C:7420.75 V:1473.0
  📈 Trend: strong_bullish
  🗺️  Grid: 0.080% | 🔺 7423.25 🔻 7420.50
  📡 RSI: 51.0 | MACD: 0.80 (prev: 0.91) | ATR: 1.75
  📊 Filled: 0 | Pending: 0 | 5m: strong_bullish
  💰 Daily P&L: $+2,000.00

[2026-05-08 11:32] O:7421.00 H:7421.50 L:7420.00 C:7421.00 V:1035.0
  📈 Trend: strong_bullish
  🗺️  Grid: 0.080% | 🔺 7421.50 🔻 7419.75
  📡 RSI: 48.9 | MACD: 0.72 (prev: 0.80) | ATR: 1.77
  📊 Filled: 0 | Pending: 0 | 5m: strong_bullish
  💰 Daily P&L: $+2,000.00

[2026-05-08 11:33] O:7421.00 H:7421.75 L:7420.25 C:7421.50 V:793.0
  📈 Trend: strong_bullish
  🗺️  Grid: 0.080% | 🔺 7421.50 🔻 7420.00
  📡 RSI: 59.5 | MACD: 0.69 (prev: 0.72) | ATR: 1.73
  📊 Filled: 0 | Pending: 0 | 5m: strong_bullish
  💰 Daily P&L: $+2,000.00

[2026-05-08 11:34] O:7421.50 H:7422.00 L:7421.25 C:7421.50 V:781.0
  📈 Trend: strong_bullish
  🗺️  Grid: 0.080% | 🔺 7421.75 🔻 7420.25
  📡 RSI: 58.5 | MACD: 0.66 (prev: 0.69) | ATR: 1.64
  📊 Filled: 0 | Pending: 0 | 5m: strong_bullish
  💰 Daily P&L: $+2,000.00

[2026-05-08 11:35] O:7421.50 H:7421.50 L:7418.75 C:7418.75 V:2728.0
  📈 Trend: strong_bullish (raw: moderate_bullish)
  🗺️  Grid: 0.080% | 🔺 7422.00 🔻 7421.25
  📡 RSI: 45.1 | MACD: 0.41 (prev: 0.66) | ATR: 1.71
  📊 Filled: 0 | Pending: 0 | 5m: strong_bullish
  💰 Daily P&L: $+2,000.00

[2026-05-08 11:36] O:7418.75 H:7422.75 L:7418.75 C:7422.25 V:1650.0
  📈 Trend: strong_bullish
  🗺️  Grid: 0.080% | 🔺 7421.50 🔻 7418.75
  📡 RSI: 58.7 | MACD: 0.49 (prev: 0.41) | ATR: 1.95
  📊 Filled: 0 | Pending: 0 | 5m: strong_bullish
  💰 Daily P&L: $+2,000.00

[2026-05-08 11:37] O:7422.50 H:7422.75 L:7421.50 C:7421.75 V:954.0
  📈 Trend: strong_bullish
  🗺️  Grid: 0.080% | 🔺 7422.75 🔻 7418.75
  📡 RSI: 53.3 | MACD: 0.50 (prev: 0.49) | ATR: 1.93
  📊 Filled: 0 | Pending: 0 | 5m: strong_bullish
  💰 Daily P&L: $+2,000.00

[2026-05-08 11:38] O:7422.00 H:7422.00 L:7420.50 C:7420.75 V:706.0
  📈 Trend: strong_bullish
  🗺️  Grid: 0.080% | 🔺 7422.75 🔻 7421.50
  📡 RSI: 50.0 | MACD: 0.43 (prev: 0.50) | ATR: 2.00
  📊 Filled: 0 | Pending: 0 | 5m: strong_bullish
  💰 Daily P&L: $+2,000.00

[2026-05-08 11:39] O:7421.00 H:7421.25 L:7420.25 C:7420.50 V:886.0
  📈 Trend: strong_bullish
  🗺️  Grid: 0.080% | 🔺 7422.00 🔻 7420.50
  📡 RSI: 50.8 | MACD: 0.35 (prev: 0.43) | ATR: 1.89
  📊 Filled: 0 | Pending: 0 | 5m: strong_bullish
  💰 Daily P&L: $+2,000.00

[2026-05-08 11:40] O:7420.75 H:7421.25 L:7419.00 C:7419.00 V:1351.0
  📈 Trend: strong_bullish (raw: moderate_bullish)
  🗺️  Grid: 0.080% | 🔺 7421.25 🔻 7420.25
  📡 RSI: 36.2 | MACD: 0.16 (prev: 0.35) | ATR: 1.82
  📊 Filled: 0 | Pending: 0 | 5m: strong_bullish
  💰 Daily P&L: $+2,000.00

[2026-05-08 11:41] O:7419.00 H:7419.00 L:7415.75 C:7416.25 V:3300.0
  📈 Trend: moderate_bullish
  🗺️  Grid: 0.080% | 🔺 7421.25 🔻 7419.00
  📡 RSI: 27.3 | MACD: -0.21 (prev: 0.16) | ATR: 1.98
  📊 Filled: 0 | Pending: 0 | 5m: strong_bullish
  💰 Daily P&L: $+2,000.00

[2026-05-08 11:42] O:7416.25 H:7417.00 L:7416.00 C:7416.50 V:1664.0
  📈 Trend: moderate_bullish
  🗺️  Grid: 0.080% | 🔺 7419.00 🔻 7415.75
  📡 RSI: 30.2 | MACD: -0.48 (prev: -0.21) | ATR: 1.91
  📊 Filled: 0 | Pending: 0 | 5m: strong_bullish
  💰 Daily P&L: $+2,000.00

[2026-05-08 11:43] O:7416.75 H:7417.00 L:7415.50 C:7415.50 V:1444.0
  📈 Trend: moderate_bullish
  🗺️  Grid: 0.080% | 🔺 7417.00 🔻 7416.00
  📡 RSI: 29.2 | MACD: -0.76 (prev: -0.48) | ATR: 1.91
  📊 Filled: 0 | Pending: 0 | 5m: moderate_bullish
  💰 Daily P&L: $+2,000.00

[2026-05-08 11:44] O:7415.75 H:7416.50 L:7415.00 C:7415.25 V:1578.0
  📈 Trend: moderate_bullish
  🗺️  Grid: 0.080% | 🔺 7417.00 🔻 7415.50
  📡 RSI: 32.2 | MACD: -0.99 (prev: -0.76) | ATR: 1.82
  📊 Filled: 0 | Pending: 0 | 5m: moderate_bullish
  💰 Daily P&L: $+2,000.00

[2026-05-08 11:45] O:7415.25 H:7417.50 L:7415.00 C:7417.50 V:1553.0
  📈 Trend: moderate_bullish
  🗺️  Grid: 0.080% | 🔺 7416.50 🔻 7415.00
  📡 RSI: 40.3 | MACD: -0.98 (prev: -0.99) | ATR: 1.88
  📊 Filled: 0 | Pending: 0 | 5m: moderate_bullish
  📤 Limit BUY 10 @ 7417.50 submitted (ID: 111)
  ⬆️ LONG ORDER @ 7417.50 | Size: 1.00 | SL: 7408.50 | TP: 7430.75 [10cts]
     Reason: Grid Long (moderate_bullish, RSI: 40.3)
     ⏳ Order 111 PENDING - awaiting fill confirmation
  💰 Daily P&L: $+2,000.00
  📋 Order 111 status: PreSubmitted
  ✅ Fill: BOT 10.0 @ 7417.25
  📋 Order 111 status: Filled
  📤 Stop-Limit SELL 10 @ stop:7409.25 / lmt:7405.25 submitted (ID: 112)
  📋 Order 112 status: PreSubmitted
  📤 Limit SELL 10 @ 7429.25 submitted (ID: 113)
  ✅ FILL CONFIRMED: LONG @ 7417.25 (order 111)
     📊 Bracket placed: SL #112 @ 7409.25 | TP #113 @ 7429.25
     Trail activates @ +6.0 pts

[2026-05-08 11:46] O:7417.50 H:7418.25 L:7416.75 C:7417.25 V:1527.0
  📈 Trend: moderate_bullish
  🗺️  Grid: 0.080% | 🔺 7417.50 🔻 7415.00
  📡 RSI: 38.8 | MACD: -0.99 (prev: -0.98) | ATR: 1.88
  📊 Filled: 1 | Pending: 0 | 5m: moderate_bullish
  📍 LONG @ 7417.25 | SL: 7409.25 | TP: 7429.25 | P&L: $+0.00 | +6.0 to trail
  💰 Daily P&L: $+2,000.00
  📋 Order 113 status: Submitted

[2026-05-08 11:47] O:7417.25 H:7418.25 L:7417.00 C:7417.25 V:1270.0
  📈 Trend: moderate_bullish (raw: strong_bearish)
  🗺️  Grid: 0.080% | 🔺 7418.25 🔻 7416.75
  📡 RSI: 36.9 | MACD: -0.98 (prev: -0.99) | ATR: 1.86
  📊 Filled: 1 | Pending: 0 | 5m: moderate_bullish
  📍 LONG @ 7417.25 | SL: 7409.25 | TP: 7429.25 | P&L: $+0.00 | +5.0 to trail
  💰 Daily P&L: $+2,000.00

[2026-05-08 11:48] O:7417.50 H:7419.75 L:7417.00 C:7418.50 V:2076.0
  📈 Trend: strong_bearish
  🗺️  Grid: 0.080% | 🔺 7418.25 🔻 7417.00
  📡 RSI: 41.4 | MACD: -0.86 (prev: -0.98) | ATR: 2.00
  📊 Filled: 1 | Pending: 0 | 5m: strong_bullish
  📍 LONG @ 7417.25 | SL: 7409.25 | TP: 7429.25 | P&L: $+625.00 | +5.0 to trail
  💰 Daily P&L: $+2,000.00

[2026-05-08 11:49] O:7418.50 H:7420.25 L:7417.75 C:7420.00 V:1268.0
  📈 Trend: strong_bearish (raw: moderate_bearish)
  🗺️  Grid: 0.080% | 🔺 7419.75 🔻 7417.00
  📡 RSI: 53.8 | MACD: -0.64 (prev: -0.86) | ATR: 1.98
  📊 Filled: 1 | Pending: 0 | 5m: strong_bullish
  📍 LONG @ 7417.25 | SL: 7409.25 | TP: 7429.25 | P&L: $+1,375.00 | +3.5 to trail
  💰 Daily P&L: $+2,000.00

[2026-05-08 11:50] O:7420.25 H:7420.25 L:7417.75 C:7418.00 V:1189.0
  📈 Trend: moderate_bearish
  🗺️  Grid: 0.080% | 🔺 7420.25 🔻 7417.75
  📡 RSI: 35.6 | MACD: -0.61 (prev: -0.64) | ATR: 1.88
  📊 Filled: 1 | Pending: 0 | 5m: strong_bullish
  📍 LONG @ 7417.25 | SL: 7409.25 | TP: 7429.25 | P&L: $+375.00 | +3.0 to trail
  💰 Daily P&L: $+2,000.00

[2026-05-08 11:51] O:7418.25 H:7419.50 L:7417.50 C:7419.00 V:1153.0
  📈 Trend: moderate_bearish
  🗺️  Grid: 0.080% | 🔺 7420.25 🔻 7417.75
  📡 RSI: 41.0 | MACD: -0.51 (prev: -0.61) | ATR: 1.93
  📊 Filled: 1 | Pending: 0 | 5m: strong_bullish
  📍 LONG @ 7417.25 | SL: 7409.25 | TP: 7429.25 | P&L: $+875.00 | +3.0 to trail
  💰 Daily P&L: $+2,000.00

[2026-05-08 11:52] O:7418.75 H:7419.00 L:7417.75 C:7417.75 V:945.0
  📈 Trend: moderate_bearish
  🗺️  Grid: 0.080% | 🔺 7419.50 🔻 7417.50
  📡 RSI: 40.3 | MACD: -0.52 (prev: -0.51) | ATR: 1.91
  📊 Filled: 1 | Pending: 0 | 5m: strong_bullish
  📍 LONG @ 7417.25 | SL: 7409.25 | TP: 7429.25 | P&L: $+250.00 | +3.0 to trail
  💰 Daily P&L: $+2,000.00

[2026-05-08 11:53] O:7417.75 H:7419.25 L:7417.50 C:7418.75 V:1334.0
  📈 Trend: moderate_bearish
  🗺️  Grid: 0.080% | 🔺 7419.00 🔻 7417.75
  📡 RSI: 44.6 | MACD: -0.45 (prev: -0.52) | ATR: 1.96
  📊 Filled: 1 | Pending: 0 | 5m: strong_bullish
  📍 LONG @ 7417.25 | SL: 7409.25 | TP: 7429.25 | P&L: $+750.00 | +3.0 to trail
  💰 Daily P&L: $+2,000.00

[2026-05-08 11:54] O:7418.75 H:7419.00 L:7416.75 C:7417.25 V:1803.0
  📈 Trend: moderate_bearish
  🗺️  Grid: 0.080% | 🔺 7419.25 🔻 7417.50
  📡 RSI: 44.6 | MACD: -0.50 (prev: -0.45) | ATR: 1.96
  📊 Filled: 1 | Pending: 0 | 5m: strong_bullish
  📍 LONG @ 7417.25 | SL: 7409.25 | TP: 7429.25 | P&L: $+0.00 | +3.0 to trail
  💰 Daily P&L: $+2,000.00

[2026-05-08 11:55] O:7417.50 H:7417.75 L:7416.25 C:7416.75 V:1646.0
  📈 Trend: moderate_bearish (raw: strong_bearish)
  🗺️  Grid: 0.080% | 🔺 7419.00 🔻 7416.75
  📡 RSI: 51.8 | MACD: -0.58 (prev: -0.50) | ATR: 1.84
  📊 Filled: 1 | Pending: 0 | 5m: strong_bullish
  📍 LONG @ 7417.25 | SL: 7409.25 | TP: 7429.25 | P&L: $-250.00 | +3.0 to trail
  💰 Daily P&L: $+2,000.00

[2026-05-08 11:56] O:7416.75 H:7416.75 L:7415.50 C:7416.50 V:1953.0
  📈 Trend: strong_bearish
  🗺️  Grid: 0.080% | 🔺 7417.75 🔻 7416.25
  📡 RSI: 50.0 | MACD: -0.65 (prev: -0.58) | ATR: 1.86
  📊 Filled: 1 | Pending: 0 | 5m: strong_bullish
  📍 LONG @ 7417.25 | SL: 7409.25 | TP: 7429.25 | P&L: $-375.00 | +3.0 to trail
  💰 Daily P&L: $+2,000.00

[2026-05-08 11:57] O:7416.50 H:7417.25 L:7416.00 C:7416.50 V:1414.0
  📈 Trend: strong_bearish
  🗺️  Grid: 0.080% | 🔺 7416.75 🔻 7415.50
  📡 RSI: 53.8 | MACD: -0.70 (prev: -0.65) | ATR: 1.84
  📊 Filled: 1 | Pending: 0 | 5m: strong_bullish
  📍 LONG @ 7417.25 | SL: 7409.25 | TP: 7429.25 | P&L: $-375.00 | +3.0 to trail
  💰 Daily P&L: $+2,000.00

[2026-05-08 11:58] O:7416.50 H:7417.50 L:7416.25 C:7416.75 V:890.0
  📈 Trend: strong_bearish
  🗺️  Grid: 0.080% | 🔺 7417.25 🔻 7416.00
  📡 RSI: 55.8 | MACD: -0.72 (prev: -0.70) | ATR: 1.82
  📊 Filled: 1 | Pending: 0 | 5m: strong_bullish
  📍 LONG @ 7417.25 | SL: 7409.25 | TP: 7429.25 | P&L: $-250.00 | +3.0 to trail
  💰 Daily P&L: $+2,000.00

[2026-05-08 11:59] O:7416.75 H:7417.25 L:7415.50 C:7415.75 V:1232.0
  📈 Trend: strong_bearish
  🗺️  Grid: 0.080% | 🔺 7417.50 🔻 7416.25
  📡 RSI: 42.6 | MACD: -0.80 (prev: -0.72) | ATR: 1.77
  📊 Filled: 1 | Pending: 0 | 5m: strong_bullish
  📍 LONG @ 7417.25 | SL: 7409.25 | TP: 7429.25 | P&L: $-750.00 | +3.0 to trail
  💰 Daily P&L: $+2,000.00

[2026-05-08 12:00] O:7415.75 H:7417.50 L:7414.75 C:7417.00 V:1942.0
  📈 Trend: strong_bearish (raw: moderate_bullish)
  🗺️  Grid: 0.080% | 🔺 7417.25 🔻 7415.50
  📡 RSI: 49.0 | MACD: -0.75 (prev: -0.80) | ATR: 1.86
  📊 Filled: 1 | Pending: 0 | 5m: strong_bullish
  📍 LONG @ 7417.25 | SL: 7409.25 | TP: 7429.25 | P&L: $-125.00 | +3.0 to trail
  💰 Daily P&L: $+2,000.00

[2026-05-08 12:01] O:7416.75 H:7420.00 L:7416.50 C:7419.75 V:2632.0
  📈 Trend: moderate_bullish
  🗺️  Grid: 0.080% | 🔺 7417.50 🔻 7414.75
  📡 RSI: 58.1 | MACD: -0.49 (prev: -0.75) | ATR: 2.02
  📊 Filled: 1 | Pending: 0 | 5m: strong_bullish
  📍 LONG @ 7417.25 | SL: 7409.25 | TP: 7429.25 | P&L: $+1,250.00 | +3.0 to trail
  💰 Daily P&L: $+2,000.00

[2026-05-08 12:02] O:7419.75 H:7421.75 L:7419.50 C:7421.00 V:3008.0
  📈 Trend: moderate_bullish
  🗺️  Grid: 0.080% | 🔺 7420.00 🔻 7416.50
  📡 RSI: 58.1 | MACD: -0.18 (prev: -0.49) | ATR: 1.98
  📊 Filled: 1 | Pending: 0 | 5m: strong_bullish
  📍 LONG @ 7417.25 | SL: 7409.25 | TP: 7429.25 | P&L: $+1,875.00 | +3.0 to trail
  💰 Daily P&L: $+2,000.00

[2026-05-08 12:03] O:7421.00 H:7421.75 L:7420.00 C:7420.75 V:1834.0
  📈 Trend: moderate_bullish (raw: strong_bullish)
  🗺️  Grid: 0.080% | 🔺 7421.75 🔻 7419.50
  📡 RSI: 52.6 | MACD: 0.05 (prev: -0.18) | ATR: 1.93
  📊 Filled: 1 | Pending: 0 | 5m: strong_bullish
  📍 LONG @ 7417.25 | SL: 7409.25 | TP: 7429.25 | P&L: $+1,750.00 | +1.5 to trail
  💰 Daily P&L: $+2,000.00

[2026-05-08 12:04] O:7421.00 H:7422.00 L:7420.50 C:7421.50 V:1169.0
  📈 Trend: strong_bullish
  🗺️  Grid: 0.080% | 🔺 7421.75 🔻 7420.00
  📡 RSI: 63.5 | MACD: 0.29 (prev: 0.05) | ATR: 1.86
  📊 Filled: 1 | Pending: 0 | 5m: strong_bullish
  📍 LONG @ 7417.25 | SL: 7409.25 | TP: 7429.25 | P&L: $+2,125.00 | +1.5 to trail
  💰 Daily P&L: $+2,000.00

[2026-05-08 12:05] O:7421.50 H:7423.00 L:7421.25 C:7421.75 V:2083.0
  📈 Trend: strong_bullish
  🗺️  Grid: 0.080% | 🔺 7422.00 🔻 7420.50
  📡 RSI: 61.2 | MACD: 0.49 (prev: 0.29) | ATR: 1.84
  📊 Filled: 1 | Pending: 0 | 5m: strong_bullish
  📍 LONG @ 7417.25 | SL: 7409.25 | TP: 7429.25 | P&L: $+2,250.00 | +1.2 to trail
  💰 Daily P&L: $+2,000.00

[2026-05-08 12:06] O:7421.75 H:7421.75 L:7419.75 C:7419.75 V:1399.0
  📈 Trend: strong_bullish
  🗺️  Grid: 0.080% | 🔺 7423.00 🔻 7421.25
  📡 RSI: 57.7 | MACD: 0.48 (prev: 0.49) | ATR: 1.89
  📊 Filled: 1 | Pending: 0 | 5m: strong_bullish
  📍 LONG @ 7417.25 | SL: 7409.25 | TP: 7429.25 | P&L: $+1,250.00 | +0.2 to trail
  💰 Daily P&L: $+2,000.00

[2026-05-08 12:07] O:7419.75 H:7419.75 L:7419.00 C:7419.50 V:1168.0
  📈 Trend: strong_bullish
  🗺️  Grid: 0.080% | 🔺 7421.75 🔻 7419.75
  📡 RSI: 53.1 | MACD: 0.45 (prev: 0.48) | ATR: 1.82
  📊 Filled: 1 | Pending: 0 | 5m: strong_bullish
  📍 LONG @ 7417.25 | SL: 7409.25 | TP: 7429.25 | P&L: $+1,125.00 | +0.2 to trail
  💰 Daily P&L: $+2,000.00

[2026-05-08 12:08] O:7419.25 H:7419.75 L:7418.25 C:7418.50 V:1495.0
  📈 Trend: strong_bullish (raw: moderate_bullish)
  🗺️  Grid: 0.080% | 🔺 7419.75 🔻 7419.00
  📡 RSI: 55.3 | MACD: 0.34 (prev: 0.45) | ATR: 1.77
  📊 Filled: 1 | Pending: 0 | 5m: strong_bullish
  📍 LONG @ 7417.25 | SL: 7409.25 | TP: 7429.25 | P&L: $+625.00 | +0.2 to trail
  💰 Daily P&L: $+2,000.00

[2026-05-08 12:09] O:7418.50 H:7420.75 L:7418.50 C:7420.00 V:2682.0
  📈 Trend: strong_bullish
  🗺️  Grid: 0.080% | 🔺 7419.75 🔻 7418.25
  📡 RSI: 62.7 | MACD: 0.37 (prev: 0.34) | ATR: 1.82
  📊 Filled: 1 | Pending: 0 | 5m: strong_bullish
  📍 LONG @ 7417.25 | SL: 7409.25 | TP: 7429.25 | P&L: $+1,375.00 | +0.2 to trail
  💰 Daily P&L: $+2,000.00

[2026-05-08 12:10] O:7420.25 H:7420.25 L:7419.50 C:7419.75 V:984.0
  📈 Trend: strong_bullish
  🗺️  Grid: 0.080% | 🔺 7420.75 🔻 7418.50
  📡 RSI: 62.7 | MACD: 0.37 (prev: 0.37) | ATR: 1.79
  📊 Filled: 1 | Pending: 0 | 5m: strong_bullish
  📍 LONG @ 7417.25 | SL: 7409.25 | TP: 7429.25 | P&L: $+1,250.00 | +0.2 to trail
  💰 Daily P&L: $+2,000.00

[2026-05-08 12:11] O:7419.75 H:7420.00 L:7418.50 C:7418.50 V:786.0
  📈 Trend: strong_bullish
  🗺️  Grid: 0.080% | 🔺 7420.25 🔻 7419.50
  📡 RSI: 57.1 | MACD: 0.27 (prev: 0.37) | ATR: 1.80
  📊 Filled: 1 | Pending: 0 | 5m: strong_bullish
  📍 LONG @ 7417.25 | SL: 7409.25 | TP: 7429.25 | P&L: $+625.00 | +0.2 to trail
  💰 Daily P&L: $+2,000.00

[2026-05-08 12:12] O:7418.75 H:7419.25 L:7418.00 C:7418.25 V:1075.0
  📈 Trend: strong_bullish (raw: moderate_bearish)
  🗺️  Grid: 0.080% | 🔺 7420.00 🔻 7418.50
  📡 RSI: 55.4 | MACD: 0.16 (prev: 0.27) | ATR: 1.80
  📊 Filled: 1 | Pending: 0 | 5m: strong_bullish
  📍 LONG @ 7417.25 | SL: 7409.25 | TP: 7429.25 | P&L: $+500.00 | +0.2 to trail
  💰 Daily P&L: $+2,000.00

[2026-05-08 12:13] O:7418.25 H:7419.25 L:7418.00 C:7418.50 V:934.0
  📈 Trend: strong_bullish (raw: moderate_bullish)
  🗺️  Grid: 0.080% | 🔺 7419.25 🔻 7418.00
  📡 RSI: 60.4 | MACD: 0.10 (prev: 0.16) | ATR: 1.77
  📊 Filled: 1 | Pending: 0 | 5m: moderate_bullish
  📍 LONG @ 7417.25 | SL: 7409.25 | TP: 7429.25 | P&L: $+625.00 | +0.2 to trail
  💰 Daily P&L: $+2,000.00

[2026-05-08 12:14] O:7418.25 H:7419.00 L:7418.00 C:7418.50 V:805.0
  📈 Trend: moderate_bullish
  🗺️  Grid: 0.080% | 🔺 7419.25 🔻 7418.00
  📡 RSI: 56.2 | MACD: 0.05 (prev: 0.10) | ATR: 1.64
  📊 Filled: 1 | Pending: 0 | 5m: moderate_bullish
  📍 LONG @ 7417.25 | SL: 7409.25 | TP: 7429.25 | P&L: $+625.00 | +0.2 to trail
  💰 Daily P&L: $+2,000.00

[2026-05-08 12:15] O:7418.50 H:7420.25 L:7418.50 C:7419.75 V:1150.0
  📈 Trend: moderate_bullish
  🗺️  Grid: 0.080% | 🔺 7419.00 🔻 7418.00
  📡 RSI: 50.0 | MACD: 0.11 (prev: 0.05) | ATR: 1.52
  📊 Filled: 1 | Pending: 0 | 5m: moderate_bullish
  📍 LONG @ 7417.25 | SL: 7409.25 | TP: 7429.25 | P&L: $+1,250.00 | +0.2 to trail
  💰 Daily P&L: $+2,000.00

[2026-05-08 12:16] O:7419.75 H:7420.25 L:7419.25 C:7419.25 V:945.0
  📈 Trend: moderate_bullish
  🗺️  Grid: 0.080% | 🔺 7420.25 🔻 7418.50
  📡 RSI: 41.0 | MACD: 0.11 (prev: 0.11) | ATR: 1.43
  📊 Filled: 1 | Pending: 0 | 5m: moderate_bullish
  📍 LONG @ 7417.25 | SL: 7409.25 | TP: 7429.25 | P&L: $+1,000.00 | +0.2 to trail
  💰 Daily P&L: $+2,000.00

[2026-05-08 12:17] O:7419.50 H:7420.00 L:7419.25 C:7419.50 V:697.0
  📈 Trend: moderate_bullish (raw: strong_bullish)
  🗺️  Grid: 0.080% | 🔺 7420.25 🔻 7419.25
  📡 RSI: 43.6 | MACD: 0.14 (prev: 0.11) | ATR: 1.36
  📊 Filled: 1 | Pending: 0 | 5m: moderate_bullish
  📍 LONG @ 7417.25 | SL: 7409.25 | TP: 7429.25 | P&L: $+1,125.00 | +0.2 to trail
  💰 Daily P&L: $+2,000.00

[2026-05-08 12:18] O:7419.25 H:7421.25 L:7419.25 C:7421.25 V:1045.0
  📈 Trend: strong_bullish
  🗺️  Grid: 0.080% | 🔺 7420.00 🔻 7419.25
  📡 RSI: 48.8 | MACD: 0.29 (prev: 0.14) | ATR: 1.39
  📊 Filled: 1 | Pending: 0 | 5m: strong_bullish
  📍 LONG @ 7417.25 | SL: 7409.25 | TP: 7429.25 | P&L: $+2,000.00 | +0.2 to trail
  💰 Daily P&L: $+2,000.00

[2026-05-08 12:19] O:7421.25 H:7422.00 L:7420.75 C:7422.00 V:877.0
  📈 Trend: strong_bullish
  🗺️  Grid: 0.080% | 🔺 7421.25 🔻 7419.25
  📡 RSI: 51.1 | MACD: 0.47 (prev: 0.29) | ATR: 1.36
  📊 Filled: 1 | Pending: 0 | 5m: strong_bullish
  📍 LONG @ 7417.25 | SL: 7409.25 | TP: 7429.25 | P&L: $+2,375.00 | +0.2 to trail
  💰 Daily P&L: $+2,000.00

[2026-05-08 12:20] O:7422.00 H:7422.00 L:7420.75 C:7421.25 V:1271.0
  📈 Trend: strong_bullish
  🗺️  Grid: 0.080% | 🔺 7422.00 🔻 7420.75
  📡 RSI: 57.5 | MACD: 0.54 (prev: 0.47) | ATR: 1.30
  📊 Filled: 1 | Pending: 0 | 5m: strong_bullish
  📍 LONG @ 7417.25 | SL: 7409.25 | TP: 7429.25 | P&L: $+2,000.00 | +0.2 to trail
  💰 Daily P&L: $+2,000.00

[2026-05-08 12:21] O:7421.00 H:7423.00 L:7420.75 C:7422.75 V:1416.0
  📈 Trend: strong_bullish
  🗺️  Grid: 0.080% | 🔺 7422.00 🔻 7420.75
  📡 RSI: 64.4 | MACD: 0.72 (prev: 0.54) | ATR: 1.41
  📊 Filled: 1 | Pending: 0 | 5m: strong_bullish
  📍 LONG @ 7417.25 | SL: 7409.25 | TP: 7429.25 | P&L: $+2,750.00 | +0.2 to trail
  💰 Daily P&L: $+2,000.00

[2026-05-08 12:22] O:7422.75 H:7424.00 L:7422.50 C:7423.25 V:1904.0
  📈 Trend: strong_bullish
  🗺️  Grid: 0.080% | 🔺 7423.00 🔻 7420.75
  📡 RSI: 72.1 | MACD: 0.88 (prev: 0.72) | ATR: 1.41
  📊 Filled: 1 | Pending: 0 | 5m: strong_bullish
  📍 LONG @ 7417.25 | SL: 7409.25 | TP: 7429.25 | P&L: $+3,000.00 | +0.2 to trail
  ✏️ Stop order 112 modified → 7423.25 [confirmed]
  🔄 TRAILING ACTIVATED @ +6.75pts | Stop: 7409.25 → 7423.25
  💰 Daily P&L: $+2,000.00
  ✅ Fill: SLD 10.0 @ 7422.75
  📋 Order 112 status: Filled

[2026-05-08 12:23] O:7423.00 H:7423.75 L:7422.75 C:7423.25 V:953.0
  📈 Trend: strong_bullish
  🗺️  Grid: 0.080% | 🔺 7424.00 🔻 7422.50
  📡 RSI: 67.6 | MACD: 1.00 (prev: 0.88) | ATR: 1.32
  📊 Filled: 1 | Pending: 0 | 5m: strong_bullish
  📍 LONG @ 7417.25 | Trail: 7423.25 | TP: 7429.25 | P&L: $+3,000.00 | 🔒 Trailing
  📋 Order 113 status: PendingCancel
  ✅ EXIT LONG @ 7422.75 | Trailing Stop
     P&L: +5.50 pts ($+2,750.00) | Daily: $+4,750.00
  ⏸️ Cooldown: 2 bar(s) remaining after exit
  💰 Daily P&L: $+4,750.00
  📋 Order 113 status: Cancelled
→ Real-time bars cancelled
✓ Disconnected from IBKR
